==============================================================
File generated by Vivado(TM) HLS - High-Level Synthesis from C, C++ and SystemC
Version: 2017.4.1
Copyright (C) 1986-2018 Xilinx, Inc. All Rights Reserved.

==============================================================

INFO: [SYN 201-201] Setting up clock 'default' with a period of 10ns.
INFO: [HLS 200-10] Setting target device to 'xc7z020clg400-1'
INFO: [HLS 200-10] Analyzing design file 'ColorComparator/ColorComparator.cpp' ...
INFO: [HLS 200-10] Analyzing design file 'ColorComparator/powerFunction.cpp' ...
INFO: [HLS 200-10] Validating synthesis directives ...
WARNING: [HLS 200-40] Directive 'UNROLL' cannot be applied: Label 'COL_LOOP' does not exist in function 'parseColorsToCenterPixel'.
INFO: [HLS 200-111] Finished Checking Pragmas Time (s): cpu = 00:00:01 ; elapsed = 00:00:10 . Memory (MB): peak = 100.242 ; gain = 44.660
INFO: [HLS 200-111] Finished Linking Time (s): cpu = 00:00:01 ; elapsed = 00:00:11 . Memory (MB): peak = 100.242 ; gain = 44.660
INFO: [HLS 200-10] Starting code transformations ...
WARNING: [XFORM 203-621] Ignored instantiation directive on function 'getPixelClassification' at argument 'distance.0' as the variable does not exist or is optimized away.
INFO: [HLS 200-111] Finished Standard Transforms Time (s): cpu = 00:00:02 ; elapsed = 00:00:12 . Memory (MB): peak = 112.684 ; gain = 57.102
INFO: [HLS 200-10] Checking synthesizability ...
INFO: [XFORM 203-602] Inlining function 'power' into 'getColorDistance' (ColorComparator/ColorComparator.cpp:19) automatically.
INFO: [XFORM 203-602] Inlining function 'getColorDistance' into 'getPixelClassification' (ColorComparator/ColorComparator.cpp:34) automatically.
INFO: [XFORM 203-602] Inlining function 'getColorDistance' into 'parseColorsToCenterPixel' (ColorComparator/ColorComparator.cpp:54) automatically.
INFO: [HLS 200-111] Finished Checking Synthesizability Time (s): cpu = 00:00:02 ; elapsed = 00:00:12 . Memory (MB): peak = 120.398 ; gain = 64.816
INFO: [XFORM 203-502] Unrolling all loops for pipelining in function 'fxp_sqrt<32, 24, 32, 24>' (ColorComparator/fxp_sqrt.h:145).
INFO: [XFORM 203-501] Unrolling loop 'Loop-1' (ColorComparator/fxp_sqrt.h:161) in function 'fxp_sqrt<32, 24, 32, 24>' completely.
INFO: [XFORM 203-501] Unrolling loop 'REASSIGNMENT_LOOP' (ColorComparator/ColorComparator.cpp:49) in function 'parseColorsToCenterPixel' completely.
INFO: [XFORM 203-131] Reshaping array 'pixelArray' (ColorComparator/ColorComparator.cpp:46) in dimension 1 completely.
INFO: [XFORM 203-602] Inlining function 'power' into 'getColorDistance' (ColorComparator/ColorComparator.cpp:19) automatically.
INFO: [XFORM 203-602] Inlining function 'getColorDistance' into 'getPixelClassification' (ColorComparator/ColorComparator.cpp:34) automatically.
INFO: [XFORM 203-602] Inlining function 'getColorDistance' into 'parseColorsToCenterPixel' (ColorComparator/ColorComparator.cpp:54) automatically.
WARNING: [XFORM 203-621] Ignored instantiation directive on function 'getPixelClassification' at argument 'ret.V.i' as the variable does not exist or is optimized away.
INFO: [XFORM 203-401] Performing if-conversion on hyperblock to (ColorComparator/fxp_sqrt.h:177:1) in function 'fxp_sqrt<32, 24, 32, 24>'... converting 61 basic blocks.
INFO: [XFORM 203-602] Inlining function 'getPixelClassification' into 'parseColorsToCenterPixel' (ColorComparator/ColorComparator.cpp:47) automatically.
INFO: [HLS 200-111] Finished Pre-synthesis Time (s): cpu = 00:00:02 ; elapsed = 00:00:13 . Memory (MB): peak = 147.602 ; gain = 92.020
WARNING: [XFORM 203-631] Renaming function 'fxp_sqrt<32, 24, 32, 24>' to 'fxp_sqrt' (ColorComparator/fxp_sqrt.h:162:1)
INFO: [HLS 200-111] Finished Architecture Synthesis Time (s): cpu = 00:00:02 ; elapsed = 00:00:13 . Memory (MB): peak = 155.098 ; gain = 99.516
INFO: [HLS 200-10] Starting hardware synthesis ...
INFO: [HLS 200-10] Synthesizing 'parseColorsToCenterPixel' ...
INFO: [HLS 200-10] ----------------------------------------------------------------
INFO: [HLS 200-42] -- Implementing module 'fxp_sqrt'
INFO: [HLS 200-10] ----------------------------------------------------------------
INFO: [SCHED 204-11] Starting scheduling ...
INFO: [SCHED 204-61] Pipelining function 'fxp_sqrt'.
INFO: [SCHED 204-61] Pipelining result : Target II = 1, Final II = 1, Depth = 12.
INFO: [SCHED 204-11] Finished scheduling.
INFO: [HLS 200-111]  Elapsed time: 13.43 seconds; current allocated memory: 112.861 MB.
INFO: [BIND 205-100] Starting micro-architecture generation ...
INFO: [BIND 205-101] Performing variable lifetime analysis.
INFO: [BIND 205-101] Exploring resource sharing.
INFO: [BIND 205-101] Binding ...
INFO: [BIND 205-100] Finished micro-architecture generation.
INFO: [HLS 200-111]  Elapsed time: 0.182 seconds; current allocated memory: 113.771 MB.
INFO: [HLS 200-10] ----------------------------------------------------------------
INFO: [HLS 200-42] -- Implementing module 'parseColorsToCenterPixel'
INFO: [HLS 200-10] ----------------------------------------------------------------
INFO: [SCHED 204-11] Starting scheduling ...
INFO: [SCHED 204-61] Pipelining loop 'PIXEL_COLOR_LOOP'.
INFO: [SCHED 204-61] Pipelining result : Target II = 1, Final II = 1, Depth = 18.
INFO: [SCHED 204-61] Pipelining loop 'ROW_LOOP'.
INFO: [SCHED 204-61] Pipelining result : Target II = 1, Final II = 1, Depth = 17.
INFO: [SCHED 204-11] Finished scheduling.
INFO: [HLS 200-111]  Elapsed time: 0.309 seconds; current allocated memory: 114.707 MB.
INFO: [BIND 205-100] Starting micro-architecture generation ...
INFO: [BIND 205-101] Performing variable lifetime analysis.
INFO: [BIND 205-101] Exploring resource sharing.
INFO: [BIND 205-101] Binding ...
INFO: [BIND 205-100] Finished micro-architecture generation.
INFO: [HLS 200-111]  Elapsed time: 0.178 seconds; current allocated memory: 115.396 MB.
INFO: [HLS 200-10] ----------------------------------------------------------------
INFO: [HLS 200-10] -- Generating RTL for module 'fxp_sqrt'
INFO: [HLS 200-10] ----------------------------------------------------------------
INFO: [RTGEN 206-100] Finished creating RTL model for 'fxp_sqrt'.
INFO: [HLS 200-111]  Elapsed time: 0.389 seconds; current allocated memory: 117.149 MB.
INFO: [HLS 200-10] ----------------------------------------------------------------
INFO: [HLS 200-10] -- Generating RTL for module 'parseColorsToCenterPixel'
INFO: [HLS 200-10] ----------------------------------------------------------------
INFO: [RTGEN 206-500] Setting interface mode on port 'parseColorsToCenterPixel/pixelArray' to 'ap_memory'.
INFO: [RTGEN 206-500] Setting interface mode on port 'parseColorsToCenterPixel/selectedColorArray' to 'ap_memory'.
INFO: [RTGEN 206-500] Setting interface mode on function 'parseColorsToCenterPixel' to 'ap_ctrl_hs'.
INFO: [SYN 201-210] Renamed object name 'parseColorsToCenterPixel_p_color_array' to 'parseColorsToCentbkb' due to the length limit 20
INFO: [SYN 201-210] Renamed object name 'parseColorsToCenterPixel_tempArray' to 'parseColorsToCentcud' due to the length limit 20
INFO: [RTGEN 206-100] Finished creating RTL model for 'parseColorsToCenterPixel'.
INFO: [HLS 200-111]  Elapsed time: 0.795 seconds; current allocated memory: 119.268 MB.
INFO: [RTMG 210-279] Implementing memory 'parseColorsToCentbkb_rom' using distributed ROMs.
INFO: [RTMG 210-278] Implementing memory 'parseColorsToCentcud_ram (RAM)' using block RAMs.
INFO: [HLS 200-111] Finished generating all RTL models Time (s): cpu = 00:00:04 ; elapsed = 00:00:17 . Memory (MB): peak = 176.828 ; gain = 121.246
INFO: [SYSC 207-301] Generating SystemC RTL for parseColorsToCenterPixel.
INFO: [VHDL 208-304] Generating VHDL RTL for parseColorsToCenterPixel.
INFO: [VLOG 209-307] Generating Verilog RTL for parseColorsToCenterPixel.
INFO: [HLS 200-112] Total elapsed time: 16.993 seconds; peak allocated memory: 119.268 MB.
