

================================================================
== Vivado HLS Report for 'getConvolutionResult'
================================================================
* Date:           Sat Apr 14 13:27:47 2018

* Version:        2017.4.1 (Build 2117188 on Tue Jan 30 15:53:01 MST 2018)
* Project:        SobelMatrixMultiplier
* Solution:       solution1
* Product family: zynq
* Target device:  xc7z020clg400-1


================================================================
== Performance Estimates
================================================================
+ Timing (ns): 
    * Summary: 
    +--------+-------+----------+------------+
    |  Clock | Target| Estimated| Uncertainty|
    +--------+-------+----------+------------+
    |ap_clk  |  10.00|      8.51|        1.25|
    +--------+-------+----------+------------+

+ Latency (clock cycles): 
    * Summary: 
    +-----+-----+-----+-----+---------+
    |  Latency  |  Interval | Pipeline|
    | min | max | min | max |   Type  |
    +-----+-----+-----+-----+---------+
    |   34|   34|   34|   34|   none  |
    +-----+-----+-----+-----+---------+

    + Detail: 
        * Instance: 
        N/A

        * Loop: 
        +------------+-----+-----+----------+-----------+-----------+------+----------+
        |            |  Latency  | Iteration|  Initiation Interval  | Trip |          |
        |  Loop Name | min | max |  Latency |  achieved |   target  | Count| Pipelined|
        +------------+-----+-----+----------+-----------+-----------+------+----------+
        |- Row_Conv  |    8|    8|         5|          2|          1|     3|    yes   |
        |- Loop 2    |   22|   22|         1|          -|          -|    22|    no    |
        +------------+-----+-----+----------+-----------+-----------+------+----------+



================================================================
== Utilization Estimates
================================================================
* Summary: 
+-----------------+---------+-------+--------+-------+
|       Name      | BRAM_18K| DSP48E|   FF   |  LUT  |
+-----------------+---------+-------+--------+-------+
|DSP              |        -|      -|       -|      -|
|Expression       |        -|     18|       0|    890|
|FIFO             |        -|      -|       -|      -|
|Instance         |        -|      -|       0|     90|
|Memory           |        -|      -|       -|      -|
|Multiplexer      |        -|      -|       -|    173|
|Register         |        -|      -|     564|      -|
+-----------------+---------+-------+--------+-------+
|Total            |        0|     18|     564|   1153|
+-----------------+---------+-------+--------+-------+
|Available        |      280|    220|  106400|  53200|
+-----------------+---------+-------+--------+-------+
|Utilization (%)  |        0|      8|   ~0   |      2|
+-----------------+---------+-------+--------+-------+

+ Detail: 
    * Instance: 
    +-------------------------+----------------------+---------+-------+---+----+
    |         Instance        |        Module        | BRAM_18K| DSP48E| FF| LUT|
    +-------------------------+----------------------+---------+-------+---+----+
    |getConvolutionResbkb_U1  |getConvolutionResbkb  |        0|      0|  0|  15|
    |getConvolutionResbkb_U2  |getConvolutionResbkb  |        0|      0|  0|  15|
    |getConvolutionResbkb_U3  |getConvolutionResbkb  |        0|      0|  0|  15|
    |getConvolutionResbkb_U4  |getConvolutionResbkb  |        0|      0|  0|  15|
    |getConvolutionResbkb_U5  |getConvolutionResbkb  |        0|      0|  0|  15|
    |getConvolutionResbkb_U6  |getConvolutionResbkb  |        0|      0|  0|  15|
    +-------------------------+----------------------+---------+-------+---+----+
    |Total                    |                      |        0|      0|  0|  90|
    +-------------------------+----------------------+---------+-------+---+----+

    * DSP48: 
    N/A

    * Memory: 
    N/A

    * FIFO: 
    N/A

    * Expression: 
    +--------------------------------+----------+-------+---+-----+------------+------------+
    |          Variable Name         | Operation| DSP48E| FF| LUT | Bitwidth P0| Bitwidth P1|
    +--------------------------------+----------+-------+---+-----+------------+------------+
    |grp_fu_289_p2                   |     *    |      3|  0|   20|          32|          32|
    |result_1_fu_411_p2              |     *    |      3|  0|   20|          32|          32|
    |result_fu_405_p2                |     *    |      3|  0|   20|          32|          32|
    |tmp_4_2_fu_375_p2               |     *    |      3|  0|   20|          32|          32|
    |tmp_4_fu_354_p2                 |     *    |      3|  0|   20|          32|          32|
    |tmp_6_1_fu_359_p2               |     *    |      3|  0|   20|          32|          32|
    |horizontalResult_2_2_fu_399_p2  |     +    |      0|  0|   32|          32|          32|
    |i_1_fu_300_p2                   |     +    |      0|  0|   10|           2|           1|
    |i_2_fu_473_p2                   |     +    |      0|  0|   15|           5|           1|
    |input_V_fu_427_p2               |     +    |      0|  0|   39|          32|          32|
    |q_V_fu_615_p2                   |     +    |      0|  0|   28|          21|           1|
    |s_V_2_fu_565_p2                 |     +    |      0|  0|   30|          23|          23|
    |tmp_10_fu_380_p2                |     +    |      0|  0|   32|          32|          32|
    |tmp_11_fu_394_p2                |     +    |      0|  0|   32|          32|          32|
    |tmp_fu_390_p2                   |     +    |      0|  0|   39|          32|          32|
    |tmp_i_i_fu_447_p2               |     +    |      0|  0|   29|           1|          22|
    |verticalResult_2_2_fu_384_p2    |     +    |      0|  0|   32|          32|          32|
    |op2_assign_fu_511_p2            |     -    |      0|  0|   15|           5|           5|
    |s_V_1_fu_531_p2                 |     -    |      0|  0|   30|          23|          23|
    |exitcond1_fu_294_p2             |   icmp   |      0|  0|    8|           2|           2|
    |exitcond_i_i_fu_467_p2          |   icmp   |      0|  0|   11|           5|           5|
    |tmp_1_i_i_fu_609_p2             |   icmp   |      0|  0|   18|          23|           1|
    |q_V_1_fu_603_p2                 |    or    |      0|  0|   28|          21|           1|
    |r_V_1_fu_505_p2                 |    or    |      0|  0|   39|          32|           1|
    |r_V_3_fu_545_p2                 |    or    |      0|  0|   30|          23|           2|
    |p_0353_1_i_i_fu_571_p3          |  select  |      0|  0|   23|           1|          23|
    |p_v_i_fu_641_p3                 |  select  |      0|  0|   12|           1|          12|
    |tmp_22_fu_587_p3                |  select  |      0|  0|   20|           1|          20|
    |tmp_5_i_i_fu_521_p2             |    shl   |      0|  0|  101|          32|          32|
    |tmp_6_i_i_fu_555_p2             |    shl   |      0|  0|  101|          32|          32|
    |ap_enable_pp0                   |    xor   |      0|  0|    8|           1|           2|
    |ap_enable_reg_pp0_iter1         |    xor   |      0|  0|    8|           2|           1|
    +--------------------------------+----------+-------+---+-----+------------+------------+
    |Total                           |          |     18|  0|  890|         640|         594|
    +--------------------------------+----------+-------+---+-----+------------+------------+

    * Multiplexer: 
    +------------------------------+----+-----------+-----+-----------+
    |             Name             | LUT| Input Size| Bits| Total Bits|
    +------------------------------+----+-----------+-----+-----------+
    |ap_NS_fsm                     |  38|          7|    1|          7|
    |ap_enable_reg_pp0_iter1       |   9|          2|    1|          2|
    |ap_enable_reg_pp0_iter2       |   9|          2|    1|          2|
    |ap_phi_mux_i_phi_fu_199_p4    |   9|          2|    2|          4|
    |array_0_address0              |  15|          3|    2|          6|
    |array_1_address0              |  15|          3|    2|          6|
    |array_2_address0              |  15|          3|    2|          6|
    |horizontalResult_ass_reg_207  |   9|          2|   32|         64|
    |i_i_i_reg_262                 |   9|          2|    5|         10|
    |i_reg_195                     |   9|          2|    2|          4|
    |p_1_i_i_reg_242               |   9|          2|   20|         40|
    |p_2_i_i_reg_253               |   9|          2|   23|         46|
    |p_i_i_reg_231                 |   9|          2|   21|         42|
    |verticalResult_assig_reg_219  |   9|          2|   32|         64|
    +------------------------------+----+-----------+-----+-----------+
    |Total                         | 173|         36|  146|        303|
    +------------------------------+----+-----------+-----+-----------+

    * Register: 
    +------------------------------------+----+----+-----+-----------+
    |                Name                | FF | LUT| Bits| Const Bits|
    +------------------------------------+----+----+-----+-----------+
    |ap_CS_fsm                           |   6|   0|    6|          0|
    |ap_enable_reg_pp0_iter0             |   1|   0|    1|          0|
    |ap_enable_reg_pp0_iter1             |   1|   0|    1|          0|
    |ap_enable_reg_pp0_iter2             |   1|   0|    1|          0|
    |ap_reg_pp0_iter1_exitcond1_reg_698  |   1|   0|    1|          0|
    |exitcond1_reg_698                   |   1|   0|    1|          0|
    |horizontalResult_ass_reg_207        |  32|   0|   32|          0|
    |i_1_reg_702                         |   2|   0|    2|          0|
    |i_i_i_reg_262                       |   5|   0|    5|          0|
    |i_reg_195                           |   2|   0|    2|          0|
    |p_1_i_i_reg_242                     |  20|   0|   21|          1|
    |p_2_i_i_reg_253                     |  23|   0|   23|          0|
    |p_i_i_reg_231                       |  21|   0|   21|          0|
    |reg_285                             |  32|   0|   32|          0|
    |result_1_reg_772                    |  32|   0|   32|          0|
    |result_reg_767                      |  32|   0|   32|          0|
    |tmp_3_reg_707                       |  32|   0|   32|          0|
    |tmp_4_2_reg_747                     |  32|   0|   32|          0|
    |tmp_4_reg_727                       |  32|   0|   32|          0|
    |tmp_5_reg_712                       |  32|   0|   32|          0|
    |tmp_6_1_reg_737                     |  32|   0|   32|          0|
    |tmp_6_2_reg_752                     |  32|   0|   32|          0|
    |tmp_6_reg_732                       |  32|   0|   32|          0|
    |tmp_7_reg_717                       |  32|   0|   32|          0|
    |tmp_8_reg_722                       |  32|   0|   32|          0|
    |tmp_s_reg_742                       |  32|   0|   32|          0|
    |verticalResult_assig_reg_219        |  32|   0|   32|          0|
    +------------------------------------+----+----+-----+-----------+
    |Total                               | 564|   0|  565|          1|
    +------------------------------------+----+----+-----+-----------+



================================================================
== Interface
================================================================
* Summary: 
+------------------+-----+-----+------------+----------------------+--------------+
|     RTL Ports    | Dir | Bits|  Protocol  |     Source Object    |    C Type    |
+------------------+-----+-----+------------+----------------------+--------------+
|ap_clk            |  in |    1| ap_ctrl_hs | getConvolutionResult | return value |
|ap_rst            |  in |    1| ap_ctrl_hs | getConvolutionResult | return value |
|ap_start          |  in |    1| ap_ctrl_hs | getConvolutionResult | return value |
|ap_done           | out |    1| ap_ctrl_hs | getConvolutionResult | return value |
|ap_idle           | out |    1| ap_ctrl_hs | getConvolutionResult | return value |
|ap_ready          | out |    1| ap_ctrl_hs | getConvolutionResult | return value |
|ap_return         | out |   32| ap_ctrl_hs | getConvolutionResult | return value |
|array_0_address0  | out |    2|  ap_memory |        array_0       |     array    |
|array_0_ce0       | out |    1|  ap_memory |        array_0       |     array    |
|array_0_q0        |  in |   32|  ap_memory |        array_0       |     array    |
|array_0_address1  | out |    2|  ap_memory |        array_0       |     array    |
|array_0_ce1       | out |    1|  ap_memory |        array_0       |     array    |
|array_0_q1        |  in |   32|  ap_memory |        array_0       |     array    |
|array_1_address0  | out |    2|  ap_memory |        array_1       |     array    |
|array_1_ce0       | out |    1|  ap_memory |        array_1       |     array    |
|array_1_q0        |  in |   32|  ap_memory |        array_1       |     array    |
|array_1_address1  | out |    2|  ap_memory |        array_1       |     array    |
|array_1_ce1       | out |    1|  ap_memory |        array_1       |     array    |
|array_1_q1        |  in |   32|  ap_memory |        array_1       |     array    |
|array_2_address0  | out |    2|  ap_memory |        array_2       |     array    |
|array_2_ce0       | out |    1|  ap_memory |        array_2       |     array    |
|array_2_q0        |  in |   32|  ap_memory |        array_2       |     array    |
|array_2_address1  | out |    2|  ap_memory |        array_2       |     array    |
|array_2_ce1       | out |    1|  ap_memory |        array_2       |     array    |
|array_2_q1        |  in |   32|  ap_memory |        array_2       |     array    |
+------------------+-----+-----+------------+----------------------+--------------+

