

================================================================
== Vivado HLS Report for 'getConvolutionResult'
================================================================
* Date:           Thu Apr  5 18:58:15 2018

* Version:        2017.4 (Build 2086221 on Fri Dec 15 21:13:33 MST 2017)
* Project:        SobelMatrixMultiplier
* Solution:       solution5
* Product family: zynq
* Target device:  xc7z020iclg400-1l


================================================================
== Performance Estimates
================================================================
+ Timing (ns): 
    * Summary: 
    +--------+-------+----------+------------+
    |  Clock | Target| Estimated| Uncertainty|
    +--------+-------+----------+------------+
    |ap_clk  |  10.00|      8.51|        1.25|
    +--------+-------+----------+------------+

+ Latency (clock cycles): 
    * Summary: 
    +-----+-----+-----+-----+---------+
    |  Latency  |  Interval | Pipeline|
    | min | max | min | max |   Type  |
    +-----+-----+-----+-----+---------+
    |  104|  104|  104|  104|   none  |
    +-----+-----+-----+-----+---------+

    + Detail: 
        * Instance: 
        N/A

        * Loop: 
        +--------------+-----+-----+----------+-----------+-----------+------+----------+
        |              |  Latency  | Iteration|  Initiation Interval  | Trip |          |
        |   Loop Name  | min | max |  Latency |  achieved |   target  | Count| Pipelined|
        +--------------+-----+-----+----------+-----------+-----------+------+----------+
        |- Row_Vert    |   51|   51|        17|          -|          -|     3|    no    |
        | + Col_Vert   |   15|   15|         5|          -|          -|     3|    no    |
        |- Row_Horiz   |   51|   51|        17|          -|          -|     3|    no    |
        | + Col_Horiz  |   15|   15|         5|          -|          -|     3|    no    |
        +--------------+-----+-----+----------+-----------+-----------+------+----------+

============================================================
+ Verbose Summary: Synthesis Manager
============================================================
InlineROM: 1
ExposeGlobal: 0
============================================================
+ Verbose Summary: CDFG Model
============================================================
IsTopModel: 1
ResetActiveHigh: 1
IsCombinational: 0
IsDatapathOnly: 0
HasWiredReturn: 1
HasMFsm: 0
HasVarLatency: 1
IsPipeline: 0
IsRtlPipelined: 0
IsInstanceOverlapped: 0
IsDontTouch: 0
HasImplIP: 0
IsGatedGlobalClock: 0


============================================================
+ Verbose Summary: Schedule
============================================================
* Number of FSM states : 13
* Pipeline : 0
* Dataflow Pipeline: 0

* FSM state transitions: 
1 --> 
	2  / true
2 --> 
	3  / (!exitcond1_i)
	8  / (exitcond1_i)
3 --> 
	4  / (!exitcond_i)
	2  / (exitcond_i)
4 --> 
	5  / true
5 --> 
	6  / true
6 --> 
	7  / true
7 --> 
	3  / true
8 --> 
	9  / (!exitcond1_i4)
9 --> 
	10  / (!exitcond_i8)
	8  / (exitcond_i8)
10 --> 
	11  / true
11 --> 
	12  / true
12 --> 
	13  / true
13 --> 
	9  / true

* FSM state operations: 

 <State 1> : 1.77ns
ST_1 : Operation 14 [1/1] (0.00ns)   --->   "%verticalResult_assig = alloca i32"
ST_1 : Operation 15 [1/1] (0.00ns)   --->   "call void (...)* @_ssdm_op_SpecBitsMap([3 x i96]* %array_r), !map !26"
ST_1 : Operation 16 [1/1] (0.00ns)   --->   "call void (...)* @_ssdm_op_SpecBitsMap(i32 0) nounwind, !map !43"
ST_1 : Operation 17 [1/1] (0.00ns)   --->   "call void (...)* @_ssdm_op_SpecTopModule([21 x i8]* @getConvolutionResult_1) nounwind"
ST_1 : Operation 18 [1/1] (1.76ns)   --->   "store i32 0, i32* %verticalResult_assig"
ST_1 : Operation 19 [1/1] (1.76ns)   --->   "br label %1" [SobelMatrixMultiplier/SobelMatrixMultiplier.cpp:22]

 <State 2> : 1.77ns
ST_2 : Operation 20 [1/1] (0.00ns)   --->   "%row_i = phi i2 [ 0, %0 ], [ %row, %5 ]"
ST_2 : Operation 21 [1/1] (0.95ns)   --->   "%exitcond1_i = icmp eq i2 %row_i, -1" [SobelMatrixMultiplier/SobelMatrixMultiplier.cpp:22]   --->   Core 25 'Cmp' <Latency = 0> <II = 1> <Delay = 1.48> <FuncUnit> <Opcode : 'icmp'> <InPorts = 2> <OutPorts = 1>
ST_2 : Operation 22 [1/1] (0.00ns)   --->   "%empty = call i32 (...)* @_ssdm_op_SpecLoopTripCount(i64 3, i64 3, i64 3)"
ST_2 : Operation 23 [1/1] (1.56ns)   --->   "%row = add i2 %row_i, 1" [SobelMatrixMultiplier/SobelMatrixMultiplier.cpp:22]   --->   Core 14 'AddSub' <Latency = 0> <II = 1> <Delay = 2.55> <FuncUnit> <Opcode : 'add' 'sub'> <InPorts = 2> <OutPorts = 1>
ST_2 : Operation 24 [1/1] (0.00ns)   --->   "br i1 %exitcond1_i, label %getVerticalResult.exit.preheader, label %2" [SobelMatrixMultiplier/SobelMatrixMultiplier.cpp:22]
ST_2 : Operation 25 [1/1] (0.00ns)   --->   "call void (...)* @_ssdm_op_SpecLoopName([9 x i8]* @p_str2) nounwind" [SobelMatrixMultiplier/SobelMatrixMultiplier.cpp:22]
ST_2 : Operation 26 [1/1] (0.00ns)   --->   "%tmp_i = call i32 (...)* @_ssdm_op_SpecRegionBegin([9 x i8]* @p_str2)" [SobelMatrixMultiplier/SobelMatrixMultiplier.cpp:22]
ST_2 : Operation 27 [1/1] (0.00ns)   --->   "%tmp_5_i = call i7 @_ssdm_op_BitConcatenate.i7.i2.i5(i2 %row_i, i5 0)" [SobelMatrixMultiplier/SobelMatrixMultiplier.cpp:22]
ST_2 : Operation 28 [1/1] (0.00ns)   --->   "%tmp_6_i = or i7 %tmp_5_i, 31" [SobelMatrixMultiplier/SobelMatrixMultiplier.cpp:22]
ST_2 : Operation 29 [1/1] (1.76ns)   --->   "br label %3" [SobelMatrixMultiplier/SobelMatrixMultiplier.cpp:23]
ST_2 : Operation 30 [1/1] (0.00ns)   --->   "%horizontalResult_ass = alloca i32"
ST_2 : Operation 31 [1/1] (1.76ns)   --->   "store i32 0, i32* %horizontalResult_ass"
ST_2 : Operation 32 [1/1] (1.76ns)   --->   "br label %getVerticalResult.exit" [SobelMatrixMultiplier/SobelMatrixMultiplier.cpp:34]

 <State 3> : 2.32ns
ST_3 : Operation 33 [1/1] (0.00ns)   --->   "%col_i = phi i2 [ 0, %2 ], [ %col, %4 ]"
ST_3 : Operation 34 [1/1] (0.95ns)   --->   "%exitcond_i = icmp eq i2 %col_i, -1" [SobelMatrixMultiplier/SobelMatrixMultiplier.cpp:23]   --->   Core 25 'Cmp' <Latency = 0> <II = 1> <Delay = 1.48> <FuncUnit> <Opcode : 'icmp'> <InPorts = 2> <OutPorts = 1>
ST_3 : Operation 35 [1/1] (0.00ns)   --->   "%empty_5 = call i32 (...)* @_ssdm_op_SpecLoopTripCount(i64 3, i64 3, i64 3)"
ST_3 : Operation 36 [1/1] (1.56ns)   --->   "%col = add i2 %col_i, 1" [SobelMatrixMultiplier/SobelMatrixMultiplier.cpp:23]   --->   Core 14 'AddSub' <Latency = 0> <II = 1> <Delay = 2.55> <FuncUnit> <Opcode : 'add' 'sub'> <InPorts = 2> <OutPorts = 1>
ST_3 : Operation 37 [1/1] (0.00ns)   --->   "br i1 %exitcond_i, label %5, label %4" [SobelMatrixMultiplier/SobelMatrixMultiplier.cpp:23]
ST_3 : Operation 38 [1/1] (0.00ns)   --->   "%tmp_2_i = zext i2 %col_i to i64" [SobelMatrixMultiplier/SobelMatrixMultiplier.cpp:24]
ST_3 : Operation 39 [1/1] (0.00ns)   --->   "%array_addr = getelementptr [3 x i96]* %array_r, i64 0, i64 %tmp_2_i" [SobelMatrixMultiplier/SobelMatrixMultiplier.cpp:24]
ST_3 : Operation 40 [2/2] (2.32ns)   --->   "%array_load = load i96* %array_addr, align 8" [SobelMatrixMultiplier/SobelMatrixMultiplier.cpp:24]   --->   Core 37 'RAM' <Latency = 1> <II = 1> <Delay = 2.32> <Storage> <Opcode : 'load' 'store'> <Ports = 2> <Width = 96> <Depth = 3> <RAM>
ST_3 : Operation 41 [1/1] (0.00ns)   --->   "%empty_6 = call i32 (...)* @_ssdm_op_SpecRegionEnd([9 x i8]* @p_str2, i32 %tmp_i)" [SobelMatrixMultiplier/SobelMatrixMultiplier.cpp:26]
ST_3 : Operation 42 [1/1] (0.00ns)   --->   "br label %1" [SobelMatrixMultiplier/SobelMatrixMultiplier.cpp:22]

 <State 4> : 7.04ns
ST_4 : Operation 43 [1/2] (2.32ns)   --->   "%array_load = load i96* %array_addr, align 8" [SobelMatrixMultiplier/SobelMatrixMultiplier.cpp:24]   --->   Core 37 'RAM' <Latency = 1> <II = 1> <Delay = 2.32> <Storage> <Opcode : 'load' 'store'> <Ports = 2> <Width = 96> <Depth = 3> <RAM>
ST_4 : Operation 44 [1/1] (1.48ns)   --->   "%tmp_2 = icmp ugt i7 %tmp_5_i, %tmp_6_i" [SobelMatrixMultiplier/SobelMatrixMultiplier.cpp:22]   --->   Core 25 'Cmp' <Latency = 0> <II = 1> <Delay = 1.48> <FuncUnit> <Opcode : 'icmp'> <InPorts = 2> <OutPorts = 1>
ST_4 : Operation 45 [1/1] (0.00ns) (grouped into LUT with out node tmp_13)   --->   "%tmp_3 = call i96 @llvm.part.select.i96(i96 %array_load, i32 95, i32 0)" [SobelMatrixMultiplier/SobelMatrixMultiplier.cpp:24]
ST_4 : Operation 46 [1/1] (1.87ns)   --->   "%tmp_4 = sub i7 %tmp_5_i, %tmp_6_i" [SobelMatrixMultiplier/SobelMatrixMultiplier.cpp:24]   --->   Core 14 'AddSub' <Latency = 0> <II = 1> <Delay = 2.55> <FuncUnit> <Opcode : 'add' 'sub'> <InPorts = 2> <OutPorts = 1>
ST_4 : Operation 47 [1/1] (1.87ns)   --->   "%tmp_5 = sub i7 -33, %tmp_5_i" [SobelMatrixMultiplier/SobelMatrixMultiplier.cpp:24]   --->   Core 14 'AddSub' <Latency = 0> <II = 1> <Delay = 2.55> <FuncUnit> <Opcode : 'add' 'sub'> <InPorts = 2> <OutPorts = 1>
ST_4 : Operation 48 [1/1] (1.87ns)   --->   "%tmp_6 = sub i7 %tmp_6_i, %tmp_5_i" [SobelMatrixMultiplier/SobelMatrixMultiplier.cpp:24]   --->   Core 14 'AddSub' <Latency = 0> <II = 1> <Delay = 2.55> <FuncUnit> <Opcode : 'add' 'sub'> <InPorts = 2> <OutPorts = 1>
ST_4 : Operation 49 [1/1] (0.00ns) (grouped into LUT with out node tmp_10)   --->   "%tmp_7 = select i1 %tmp_2, i7 %tmp_4, i7 %tmp_6" [SobelMatrixMultiplier/SobelMatrixMultiplier.cpp:24]   --->   Core 26 'Sel' <Latency = 0> <II = 1> <Delay = 1.37> <FuncUnit> <Opcode : 'select'> <InPorts = 3> <OutPorts = 1>
ST_4 : Operation 50 [1/1] (0.00ns) (grouped into LUT with out node tmp_13)   --->   "%tmp_8 = select i1 %tmp_2, i96 %tmp_3, i96 %array_load" [SobelMatrixMultiplier/SobelMatrixMultiplier.cpp:22]   --->   Core 26 'Sel' <Latency = 0> <II = 1> <Delay = 1.37> <FuncUnit> <Opcode : 'select'> <InPorts = 3> <OutPorts = 1>
ST_4 : Operation 51 [1/1] (0.00ns) (grouped into LUT with out node tmp_13)   --->   "%tmp_9 = select i1 %tmp_2, i7 %tmp_5, i7 %tmp_5_i" [SobelMatrixMultiplier/SobelMatrixMultiplier.cpp:22]   --->   Core 26 'Sel' <Latency = 0> <II = 1> <Delay = 1.37> <FuncUnit> <Opcode : 'select'> <InPorts = 3> <OutPorts = 1>
ST_4 : Operation 52 [1/1] (1.87ns) (out node of the LUT)   --->   "%tmp_10 = sub i7 -33, %tmp_7" [SobelMatrixMultiplier/SobelMatrixMultiplier.cpp:24]   --->   Core 14 'AddSub' <Latency = 0> <II = 1> <Delay = 2.55> <FuncUnit> <Opcode : 'add' 'sub'> <InPorts = 2> <OutPorts = 1>
ST_4 : Operation 53 [1/1] (0.00ns) (grouped into LUT with out node tmp_13)   --->   "%tmp_11 = zext i7 %tmp_9 to i96" [SobelMatrixMultiplier/SobelMatrixMultiplier.cpp:24]
ST_4 : Operation 54 [1/1] (4.71ns) (out node of the LUT)   --->   "%tmp_13 = lshr i96 %tmp_8, %tmp_11" [SobelMatrixMultiplier/SobelMatrixMultiplier.cpp:24]   --->   Core 28 'Shift' <Latency = 0> <II = 1> <Delay = 3.04> <FuncUnit> <Opcode : 'shl' 'lshr' 'ashr'> <InPorts = 2> <OutPorts = 1>
ST_4 : Operation 55 [1/1] (1.77ns)   --->   "%tmp = call i96 @_ssdm_op_Mux.ap_auto.3i96.i2(i96 18446744082299486209, i96 0, i96 -4294967297, i2 %col_i)" [SobelMatrixMultiplier/SobelMatrixMultiplier.cpp:23]   --->   Core 31 'MuxnS' <Latency = 0> <II = 1> <Delay = 1.77> <FuncUnit> <Opcode : 'mux'> <InPorts = 2> <OutPorts = 1>
ST_4 : Operation 56 [1/1] (1.48ns)   --->   "%tmp_17 = icmp ugt i7 %tmp_5_i, %tmp_6_i" [SobelMatrixMultiplier/SobelMatrixMultiplier.cpp:22]   --->   Core 25 'Cmp' <Latency = 0> <II = 1> <Delay = 1.48> <FuncUnit> <Opcode : 'icmp'> <InPorts = 2> <OutPorts = 1>
ST_4 : Operation 57 [1/1] (0.00ns) (grouped into LUT with out node tmp_28)   --->   "%tmp_18 = call i96 @llvm.part.select.i96(i96 %tmp, i32 95, i32 0)" [SobelMatrixMultiplier/SobelMatrixMultiplier.cpp:24]
ST_4 : Operation 58 [1/1] (1.87ns)   --->   "%tmp_19 = sub i7 %tmp_5_i, %tmp_6_i" [SobelMatrixMultiplier/SobelMatrixMultiplier.cpp:24]   --->   Core 14 'AddSub' <Latency = 0> <II = 1> <Delay = 2.55> <FuncUnit> <Opcode : 'add' 'sub'> <InPorts = 2> <OutPorts = 1>
ST_4 : Operation 59 [1/1] (1.87ns)   --->   "%tmp_20 = sub i7 -33, %tmp_5_i" [SobelMatrixMultiplier/SobelMatrixMultiplier.cpp:24]   --->   Core 14 'AddSub' <Latency = 0> <II = 1> <Delay = 2.55> <FuncUnit> <Opcode : 'add' 'sub'> <InPorts = 2> <OutPorts = 1>
ST_4 : Operation 60 [1/1] (1.87ns)   --->   "%tmp_21 = sub i7 %tmp_6_i, %tmp_5_i" [SobelMatrixMultiplier/SobelMatrixMultiplier.cpp:24]   --->   Core 14 'AddSub' <Latency = 0> <II = 1> <Delay = 2.55> <FuncUnit> <Opcode : 'add' 'sub'> <InPorts = 2> <OutPorts = 1>
ST_4 : Operation 61 [1/1] (0.00ns) (grouped into LUT with out node tmp_25)   --->   "%tmp_22 = select i1 %tmp_17, i7 %tmp_19, i7 %tmp_21" [SobelMatrixMultiplier/SobelMatrixMultiplier.cpp:24]   --->   Core 26 'Sel' <Latency = 0> <II = 1> <Delay = 1.37> <FuncUnit> <Opcode : 'select'> <InPorts = 3> <OutPorts = 1>
ST_4 : Operation 62 [1/1] (0.00ns) (grouped into LUT with out node tmp_28)   --->   "%tmp_23 = select i1 %tmp_17, i96 %tmp_18, i96 %tmp" [SobelMatrixMultiplier/SobelMatrixMultiplier.cpp:22]   --->   Core 26 'Sel' <Latency = 0> <II = 1> <Delay = 1.37> <FuncUnit> <Opcode : 'select'> <InPorts = 3> <OutPorts = 1>
ST_4 : Operation 63 [1/1] (0.00ns) (grouped into LUT with out node tmp_28)   --->   "%tmp_24 = select i1 %tmp_17, i7 %tmp_20, i7 %tmp_5_i" [SobelMatrixMultiplier/SobelMatrixMultiplier.cpp:22]   --->   Core 26 'Sel' <Latency = 0> <II = 1> <Delay = 1.37> <FuncUnit> <Opcode : 'select'> <InPorts = 3> <OutPorts = 1>
ST_4 : Operation 64 [1/1] (1.87ns) (out node of the LUT)   --->   "%tmp_25 = sub i7 -33, %tmp_22" [SobelMatrixMultiplier/SobelMatrixMultiplier.cpp:24]   --->   Core 14 'AddSub' <Latency = 0> <II = 1> <Delay = 2.55> <FuncUnit> <Opcode : 'add' 'sub'> <InPorts = 2> <OutPorts = 1>
ST_4 : Operation 65 [1/1] (0.00ns) (grouped into LUT with out node tmp_28)   --->   "%tmp_26 = zext i7 %tmp_24 to i96" [SobelMatrixMultiplier/SobelMatrixMultiplier.cpp:24]
ST_4 : Operation 66 [1/1] (4.71ns) (out node of the LUT)   --->   "%tmp_28 = lshr i96 %tmp_23, %tmp_26" [SobelMatrixMultiplier/SobelMatrixMultiplier.cpp:24]   --->   Core 28 'Shift' <Latency = 0> <II = 1> <Delay = 3.04> <FuncUnit> <Opcode : 'shl' 'lshr' 'ashr'> <InPorts = 2> <OutPorts = 1>

 <State 5> : 3.04ns
ST_5 : Operation 67 [1/1] (0.00ns) (grouped into LUT with out node tmp_15)   --->   "%tmp_12 = zext i7 %tmp_10 to i96" [SobelMatrixMultiplier/SobelMatrixMultiplier.cpp:24]
ST_5 : Operation 68 [1/1] (0.00ns) (grouped into LUT with out node tmp_15)   --->   "%tmp_14 = lshr i96 -1, %tmp_12" [SobelMatrixMultiplier/SobelMatrixMultiplier.cpp:24]   --->   Core 28 'Shift' <Latency = 0> <II = 1> <Delay = 3.04> <FuncUnit> <Opcode : 'shl' 'lshr' 'ashr'> <InPorts = 2> <OutPorts = 1>
ST_5 : Operation 69 [1/1] (3.04ns) (out node of the LUT)   --->   "%tmp_15 = and i96 %tmp_13, %tmp_14" [SobelMatrixMultiplier/SobelMatrixMultiplier.cpp:24]   --->   Core 27 'LogicGate' <Latency = 0> <II = 1> <Delay = 0.96> <FuncUnit> <Opcode : 'and' 'or' 'xor'> <InPorts = 2> <OutPorts = 1>
ST_5 : Operation 70 [1/1] (0.00ns)   --->   "%tmp_16 = trunc i96 %tmp_15 to i32" [SobelMatrixMultiplier/SobelMatrixMultiplier.cpp:24]
ST_5 : Operation 71 [1/1] (0.00ns) (grouped into LUT with out node tmp_30)   --->   "%tmp_27 = zext i7 %tmp_25 to i96" [SobelMatrixMultiplier/SobelMatrixMultiplier.cpp:24]
ST_5 : Operation 72 [1/1] (0.00ns) (grouped into LUT with out node tmp_30)   --->   "%tmp_29 = lshr i96 -1, %tmp_27" [SobelMatrixMultiplier/SobelMatrixMultiplier.cpp:24]   --->   Core 28 'Shift' <Latency = 0> <II = 1> <Delay = 3.04> <FuncUnit> <Opcode : 'shl' 'lshr' 'ashr'> <InPorts = 2> <OutPorts = 1>
ST_5 : Operation 73 [1/1] (3.04ns) (out node of the LUT)   --->   "%tmp_30 = and i96 %tmp_28, %tmp_29" [SobelMatrixMultiplier/SobelMatrixMultiplier.cpp:24]   --->   Core 27 'LogicGate' <Latency = 0> <II = 1> <Delay = 0.96> <FuncUnit> <Opcode : 'and' 'or' 'xor'> <InPorts = 2> <OutPorts = 1>
ST_5 : Operation 74 [1/1] (0.00ns)   --->   "%tmp_31 = trunc i96 %tmp_30 to i32" [SobelMatrixMultiplier/SobelMatrixMultiplier.cpp:24]

 <State 6> : 8.51ns
ST_6 : Operation 75 [1/1] (8.51ns)   --->   "%tmp_3_i = mul nsw i32 %tmp_31, %tmp_16" [SobelMatrixMultiplier/SobelMatrixMultiplier.cpp:24]   --->   Core 16 'Mul' <Latency = 0> <II = 1> <Delay = 8.51> <FuncUnit> <Opcode : 'mul'> <InPorts = 2> <OutPorts = 1>

 <State 7> : 4.32ns
ST_7 : Operation 76 [1/1] (0.00ns)   --->   "%verticalResult_assig_1 = load i32* %verticalResult_assig" [SobelMatrixMultiplier/SobelMatrixMultiplier.cpp:24]
ST_7 : Operation 77 [1/1] (0.00ns)   --->   "call void (...)* @_ssdm_op_SpecLoopName([9 x i8]* @p_str3) nounwind" [SobelMatrixMultiplier/SobelMatrixMultiplier.cpp:23]
ST_7 : Operation 78 [1/1] (2.55ns)   --->   "%summation = add nsw i32 %verticalResult_assig_1, %tmp_3_i" [SobelMatrixMultiplier/SobelMatrixMultiplier.cpp:24]   --->   Core 14 'AddSub' <Latency = 0> <II = 1> <Delay = 2.55> <FuncUnit> <Opcode : 'add' 'sub'> <InPorts = 2> <OutPorts = 1>
ST_7 : Operation 79 [1/1] (1.76ns)   --->   "store i32 %summation, i32* %verticalResult_assig" [SobelMatrixMultiplier/SobelMatrixMultiplier.cpp:24]
ST_7 : Operation 80 [1/1] (0.00ns)   --->   "br label %3" [SobelMatrixMultiplier/SobelMatrixMultiplier.cpp:23]

 <State 8> : 2.55ns
ST_8 : Operation 81 [1/1] (0.00ns)   --->   "%row_i2 = phi i2 [ %row_1, %9 ], [ 0, %getVerticalResult.exit.preheader ]"
ST_8 : Operation 82 [1/1] (0.95ns)   --->   "%exitcond1_i4 = icmp eq i2 %row_i2, -1" [SobelMatrixMultiplier/SobelMatrixMultiplier.cpp:34]   --->   Core 25 'Cmp' <Latency = 0> <II = 1> <Delay = 1.48> <FuncUnit> <Opcode : 'icmp'> <InPorts = 2> <OutPorts = 1>
ST_8 : Operation 83 [1/1] (0.00ns)   --->   "%empty_7 = call i32 (...)* @_ssdm_op_SpecLoopTripCount(i64 3, i64 3, i64 3)"
ST_8 : Operation 84 [1/1] (1.56ns)   --->   "%row_1 = add i2 %row_i2, 1" [SobelMatrixMultiplier/SobelMatrixMultiplier.cpp:34]   --->   Core 14 'AddSub' <Latency = 0> <II = 1> <Delay = 2.55> <FuncUnit> <Opcode : 'add' 'sub'> <InPorts = 2> <OutPorts = 1>
ST_8 : Operation 85 [1/1] (0.00ns)   --->   "br i1 %exitcond1_i4, label %getHorizontalResult.exit, label %6" [SobelMatrixMultiplier/SobelMatrixMultiplier.cpp:34]
ST_8 : Operation 86 [1/1] (0.00ns)   --->   "call void (...)* @_ssdm_op_SpecLoopName([10 x i8]* @p_str4) nounwind" [SobelMatrixMultiplier/SobelMatrixMultiplier.cpp:34]
ST_8 : Operation 87 [1/1] (0.00ns)   --->   "%tmp_i5 = call i32 (...)* @_ssdm_op_SpecRegionBegin([10 x i8]* @p_str4)" [SobelMatrixMultiplier/SobelMatrixMultiplier.cpp:34]
ST_8 : Operation 88 [1/1] (0.00ns)   --->   "%tmp_12_i = call i7 @_ssdm_op_BitConcatenate.i7.i2.i5(i2 %row_i2, i5 0)" [SobelMatrixMultiplier/SobelMatrixMultiplier.cpp:34]
ST_8 : Operation 89 [1/1] (0.00ns)   --->   "%tmp_13_i = or i7 %tmp_12_i, 31" [SobelMatrixMultiplier/SobelMatrixMultiplier.cpp:34]
ST_8 : Operation 90 [1/1] (1.76ns)   --->   "br label %7" [SobelMatrixMultiplier/SobelMatrixMultiplier.cpp:35]
ST_8 : Operation 91 [1/1] (0.00ns)   --->   "%horizontalResult_ass_2 = load i32* %horizontalResult_ass" [SobelMatrixMultiplier/SobelMatrixMultiplier.cpp:46->SobelMatrixMultiplier/SobelMatrixMultiplier.cpp:52]
ST_8 : Operation 92 [1/1] (0.00ns)   --->   "%verticalResult_assig_2 = load i32* %verticalResult_assig" [SobelMatrixMultiplier/SobelMatrixMultiplier.cpp:46->SobelMatrixMultiplier/SobelMatrixMultiplier.cpp:52]
ST_8 : Operation 93 [1/1] (2.55ns)   --->   "%tmp_i1 = add nsw i32 %horizontalResult_ass_2, %verticalResult_assig_2" [SobelMatrixMultiplier/SobelMatrixMultiplier.cpp:46->SobelMatrixMultiplier/SobelMatrixMultiplier.cpp:52]   --->   Core 14 'AddSub' <Latency = 0> <II = 1> <Delay = 2.55> <FuncUnit> <Opcode : 'add' 'sub'> <InPorts = 2> <OutPorts = 1>
ST_8 : Operation 94 [1/1] (0.00ns)   --->   "ret i32 %tmp_i1" [SobelMatrixMultiplier/SobelMatrixMultiplier.cpp:52]

 <State 9> : 2.32ns
ST_9 : Operation 95 [1/1] (0.00ns)   --->   "%col_i7 = phi i2 [ 0, %6 ], [ %col_1, %8 ]"
ST_9 : Operation 96 [1/1] (0.95ns)   --->   "%exitcond_i8 = icmp eq i2 %col_i7, -1" [SobelMatrixMultiplier/SobelMatrixMultiplier.cpp:35]   --->   Core 25 'Cmp' <Latency = 0> <II = 1> <Delay = 1.48> <FuncUnit> <Opcode : 'icmp'> <InPorts = 2> <OutPorts = 1>
ST_9 : Operation 97 [1/1] (0.00ns)   --->   "%empty_8 = call i32 (...)* @_ssdm_op_SpecLoopTripCount(i64 3, i64 3, i64 3)"
ST_9 : Operation 98 [1/1] (1.56ns)   --->   "%col_1 = add i2 %col_i7, 1" [SobelMatrixMultiplier/SobelMatrixMultiplier.cpp:35]   --->   Core 14 'AddSub' <Latency = 0> <II = 1> <Delay = 2.55> <FuncUnit> <Opcode : 'add' 'sub'> <InPorts = 2> <OutPorts = 1>
ST_9 : Operation 99 [1/1] (0.00ns)   --->   "br i1 %exitcond_i8, label %9, label %8" [SobelMatrixMultiplier/SobelMatrixMultiplier.cpp:35]
ST_9 : Operation 100 [1/1] (0.00ns)   --->   "%tmp_7_i9 = zext i2 %col_i7 to i64" [SobelMatrixMultiplier/SobelMatrixMultiplier.cpp:36]
ST_9 : Operation 101 [1/1] (0.00ns)   --->   "%array_addr_1 = getelementptr [3 x i96]* %array_r, i64 0, i64 %tmp_7_i9" [SobelMatrixMultiplier/SobelMatrixMultiplier.cpp:36]
ST_9 : Operation 102 [2/2] (2.32ns)   --->   "%array_load_1 = load i96* %array_addr_1, align 8" [SobelMatrixMultiplier/SobelMatrixMultiplier.cpp:36]   --->   Core 37 'RAM' <Latency = 1> <II = 1> <Delay = 2.32> <Storage> <Opcode : 'load' 'store'> <Ports = 2> <Width = 96> <Depth = 3> <RAM>
ST_9 : Operation 103 [1/1] (0.00ns)   --->   "%empty_9 = call i32 (...)* @_ssdm_op_SpecRegionEnd([10 x i8]* @p_str4, i32 %tmp_i5)" [SobelMatrixMultiplier/SobelMatrixMultiplier.cpp:38]
ST_9 : Operation 104 [1/1] (0.00ns)   --->   "br label %getVerticalResult.exit" [SobelMatrixMultiplier/SobelMatrixMultiplier.cpp:34]

 <State 10> : 7.04ns
ST_10 : Operation 105 [1/2] (2.32ns)   --->   "%array_load_1 = load i96* %array_addr_1, align 8" [SobelMatrixMultiplier/SobelMatrixMultiplier.cpp:36]   --->   Core 37 'RAM' <Latency = 1> <II = 1> <Delay = 2.32> <Storage> <Opcode : 'load' 'store'> <Ports = 2> <Width = 96> <Depth = 3> <RAM>
ST_10 : Operation 106 [1/1] (1.48ns)   --->   "%tmp_32 = icmp ugt i7 %tmp_12_i, %tmp_13_i" [SobelMatrixMultiplier/SobelMatrixMultiplier.cpp:34]   --->   Core 25 'Cmp' <Latency = 0> <II = 1> <Delay = 1.48> <FuncUnit> <Opcode : 'icmp'> <InPorts = 2> <OutPorts = 1>
ST_10 : Operation 107 [1/1] (0.00ns) (grouped into LUT with out node tmp_43)   --->   "%tmp_33 = call i96 @llvm.part.select.i96(i96 %array_load_1, i32 95, i32 0)" [SobelMatrixMultiplier/SobelMatrixMultiplier.cpp:36]
ST_10 : Operation 108 [1/1] (1.87ns)   --->   "%tmp_34 = sub i7 %tmp_12_i, %tmp_13_i" [SobelMatrixMultiplier/SobelMatrixMultiplier.cpp:36]   --->   Core 14 'AddSub' <Latency = 0> <II = 1> <Delay = 2.55> <FuncUnit> <Opcode : 'add' 'sub'> <InPorts = 2> <OutPorts = 1>
ST_10 : Operation 109 [1/1] (1.87ns)   --->   "%tmp_35 = sub i7 -33, %tmp_12_i" [SobelMatrixMultiplier/SobelMatrixMultiplier.cpp:36]   --->   Core 14 'AddSub' <Latency = 0> <II = 1> <Delay = 2.55> <FuncUnit> <Opcode : 'add' 'sub'> <InPorts = 2> <OutPorts = 1>
ST_10 : Operation 110 [1/1] (1.87ns)   --->   "%tmp_36 = sub i7 %tmp_13_i, %tmp_12_i" [SobelMatrixMultiplier/SobelMatrixMultiplier.cpp:36]   --->   Core 14 'AddSub' <Latency = 0> <II = 1> <Delay = 2.55> <FuncUnit> <Opcode : 'add' 'sub'> <InPorts = 2> <OutPorts = 1>
ST_10 : Operation 111 [1/1] (0.00ns) (grouped into LUT with out node tmp_40)   --->   "%tmp_37 = select i1 %tmp_32, i7 %tmp_34, i7 %tmp_36" [SobelMatrixMultiplier/SobelMatrixMultiplier.cpp:36]   --->   Core 26 'Sel' <Latency = 0> <II = 1> <Delay = 1.37> <FuncUnit> <Opcode : 'select'> <InPorts = 3> <OutPorts = 1>
ST_10 : Operation 112 [1/1] (0.00ns) (grouped into LUT with out node tmp_43)   --->   "%tmp_38 = select i1 %tmp_32, i96 %tmp_33, i96 %array_load_1" [SobelMatrixMultiplier/SobelMatrixMultiplier.cpp:34]   --->   Core 26 'Sel' <Latency = 0> <II = 1> <Delay = 1.37> <FuncUnit> <Opcode : 'select'> <InPorts = 3> <OutPorts = 1>
ST_10 : Operation 113 [1/1] (0.00ns) (grouped into LUT with out node tmp_43)   --->   "%tmp_39 = select i1 %tmp_32, i7 %tmp_35, i7 %tmp_12_i" [SobelMatrixMultiplier/SobelMatrixMultiplier.cpp:34]   --->   Core 26 'Sel' <Latency = 0> <II = 1> <Delay = 1.37> <FuncUnit> <Opcode : 'select'> <InPorts = 3> <OutPorts = 1>
ST_10 : Operation 114 [1/1] (1.87ns) (out node of the LUT)   --->   "%tmp_40 = sub i7 -33, %tmp_37" [SobelMatrixMultiplier/SobelMatrixMultiplier.cpp:36]   --->   Core 14 'AddSub' <Latency = 0> <II = 1> <Delay = 2.55> <FuncUnit> <Opcode : 'add' 'sub'> <InPorts = 2> <OutPorts = 1>
ST_10 : Operation 115 [1/1] (0.00ns) (grouped into LUT with out node tmp_43)   --->   "%tmp_41 = zext i7 %tmp_39 to i96" [SobelMatrixMultiplier/SobelMatrixMultiplier.cpp:36]
ST_10 : Operation 116 [1/1] (4.71ns) (out node of the LUT)   --->   "%tmp_43 = lshr i96 %tmp_38, %tmp_41" [SobelMatrixMultiplier/SobelMatrixMultiplier.cpp:36]   --->   Core 28 'Shift' <Latency = 0> <II = 1> <Delay = 3.04> <FuncUnit> <Opcode : 'shl' 'lshr' 'ashr'> <InPorts = 2> <OutPorts = 1>
ST_10 : Operation 117 [1/1] (1.77ns)   --->   "%tmp_1 = call i96 @_ssdm_op_Mux.ap_auto.3i96.i2(i96 -18446744073709551615, i96 -36893488147419103230, i96 -18446744073709551615, i2 %col_i7)" [SobelMatrixMultiplier/SobelMatrixMultiplier.cpp:35]   --->   Core 31 'MuxnS' <Latency = 0> <II = 1> <Delay = 1.77> <FuncUnit> <Opcode : 'mux'> <InPorts = 2> <OutPorts = 1>
ST_10 : Operation 118 [1/1] (1.48ns)   --->   "%tmp_47 = icmp ugt i7 %tmp_12_i, %tmp_13_i" [SobelMatrixMultiplier/SobelMatrixMultiplier.cpp:34]   --->   Core 25 'Cmp' <Latency = 0> <II = 1> <Delay = 1.48> <FuncUnit> <Opcode : 'icmp'> <InPorts = 2> <OutPorts = 1>
ST_10 : Operation 119 [1/1] (0.00ns) (grouped into LUT with out node tmp_58)   --->   "%tmp_48 = call i96 @llvm.part.select.i96(i96 %tmp_1, i32 95, i32 0)" [SobelMatrixMultiplier/SobelMatrixMultiplier.cpp:36]
ST_10 : Operation 120 [1/1] (1.87ns)   --->   "%tmp_49 = sub i7 %tmp_12_i, %tmp_13_i" [SobelMatrixMultiplier/SobelMatrixMultiplier.cpp:36]   --->   Core 14 'AddSub' <Latency = 0> <II = 1> <Delay = 2.55> <FuncUnit> <Opcode : 'add' 'sub'> <InPorts = 2> <OutPorts = 1>
ST_10 : Operation 121 [1/1] (1.87ns)   --->   "%tmp_50 = sub i7 -33, %tmp_12_i" [SobelMatrixMultiplier/SobelMatrixMultiplier.cpp:36]   --->   Core 14 'AddSub' <Latency = 0> <II = 1> <Delay = 2.55> <FuncUnit> <Opcode : 'add' 'sub'> <InPorts = 2> <OutPorts = 1>
ST_10 : Operation 122 [1/1] (1.87ns)   --->   "%tmp_51 = sub i7 %tmp_13_i, %tmp_12_i" [SobelMatrixMultiplier/SobelMatrixMultiplier.cpp:36]   --->   Core 14 'AddSub' <Latency = 0> <II = 1> <Delay = 2.55> <FuncUnit> <Opcode : 'add' 'sub'> <InPorts = 2> <OutPorts = 1>
ST_10 : Operation 123 [1/1] (0.00ns) (grouped into LUT with out node tmp_55)   --->   "%tmp_52 = select i1 %tmp_47, i7 %tmp_49, i7 %tmp_51" [SobelMatrixMultiplier/SobelMatrixMultiplier.cpp:36]   --->   Core 26 'Sel' <Latency = 0> <II = 1> <Delay = 1.37> <FuncUnit> <Opcode : 'select'> <InPorts = 3> <OutPorts = 1>
ST_10 : Operation 124 [1/1] (0.00ns) (grouped into LUT with out node tmp_58)   --->   "%tmp_53 = select i1 %tmp_47, i96 %tmp_48, i96 %tmp_1" [SobelMatrixMultiplier/SobelMatrixMultiplier.cpp:34]   --->   Core 26 'Sel' <Latency = 0> <II = 1> <Delay = 1.37> <FuncUnit> <Opcode : 'select'> <InPorts = 3> <OutPorts = 1>
ST_10 : Operation 125 [1/1] (0.00ns) (grouped into LUT with out node tmp_58)   --->   "%tmp_54 = select i1 %tmp_47, i7 %tmp_50, i7 %tmp_12_i" [SobelMatrixMultiplier/SobelMatrixMultiplier.cpp:34]   --->   Core 26 'Sel' <Latency = 0> <II = 1> <Delay = 1.37> <FuncUnit> <Opcode : 'select'> <InPorts = 3> <OutPorts = 1>
ST_10 : Operation 126 [1/1] (1.87ns) (out node of the LUT)   --->   "%tmp_55 = sub i7 -33, %tmp_52" [SobelMatrixMultiplier/SobelMatrixMultiplier.cpp:36]   --->   Core 14 'AddSub' <Latency = 0> <II = 1> <Delay = 2.55> <FuncUnit> <Opcode : 'add' 'sub'> <InPorts = 2> <OutPorts = 1>
ST_10 : Operation 127 [1/1] (0.00ns) (grouped into LUT with out node tmp_58)   --->   "%tmp_56 = zext i7 %tmp_54 to i96" [SobelMatrixMultiplier/SobelMatrixMultiplier.cpp:36]
ST_10 : Operation 128 [1/1] (4.71ns) (out node of the LUT)   --->   "%tmp_58 = lshr i96 %tmp_53, %tmp_56" [SobelMatrixMultiplier/SobelMatrixMultiplier.cpp:36]   --->   Core 28 'Shift' <Latency = 0> <II = 1> <Delay = 3.04> <FuncUnit> <Opcode : 'shl' 'lshr' 'ashr'> <InPorts = 2> <OutPorts = 1>

 <State 11> : 3.04ns
ST_11 : Operation 129 [1/1] (0.00ns) (grouped into LUT with out node tmp_45)   --->   "%tmp_42 = zext i7 %tmp_40 to i96" [SobelMatrixMultiplier/SobelMatrixMultiplier.cpp:36]
ST_11 : Operation 130 [1/1] (0.00ns) (grouped into LUT with out node tmp_45)   --->   "%tmp_44 = lshr i96 -1, %tmp_42" [SobelMatrixMultiplier/SobelMatrixMultiplier.cpp:36]   --->   Core 28 'Shift' <Latency = 0> <II = 1> <Delay = 3.04> <FuncUnit> <Opcode : 'shl' 'lshr' 'ashr'> <InPorts = 2> <OutPorts = 1>
ST_11 : Operation 131 [1/1] (3.04ns) (out node of the LUT)   --->   "%tmp_45 = and i96 %tmp_43, %tmp_44" [SobelMatrixMultiplier/SobelMatrixMultiplier.cpp:36]   --->   Core 27 'LogicGate' <Latency = 0> <II = 1> <Delay = 0.96> <FuncUnit> <Opcode : 'and' 'or' 'xor'> <InPorts = 2> <OutPorts = 1>
ST_11 : Operation 132 [1/1] (0.00ns)   --->   "%tmp_46 = trunc i96 %tmp_45 to i32" [SobelMatrixMultiplier/SobelMatrixMultiplier.cpp:36]
ST_11 : Operation 133 [1/1] (0.00ns) (grouped into LUT with out node tmp_60)   --->   "%tmp_57 = zext i7 %tmp_55 to i96" [SobelMatrixMultiplier/SobelMatrixMultiplier.cpp:36]
ST_11 : Operation 134 [1/1] (0.00ns) (grouped into LUT with out node tmp_60)   --->   "%tmp_59 = lshr i96 -1, %tmp_57" [SobelMatrixMultiplier/SobelMatrixMultiplier.cpp:36]   --->   Core 28 'Shift' <Latency = 0> <II = 1> <Delay = 3.04> <FuncUnit> <Opcode : 'shl' 'lshr' 'ashr'> <InPorts = 2> <OutPorts = 1>
ST_11 : Operation 135 [1/1] (3.04ns) (out node of the LUT)   --->   "%tmp_60 = and i96 %tmp_58, %tmp_59" [SobelMatrixMultiplier/SobelMatrixMultiplier.cpp:36]   --->   Core 27 'LogicGate' <Latency = 0> <II = 1> <Delay = 0.96> <FuncUnit> <Opcode : 'and' 'or' 'xor'> <InPorts = 2> <OutPorts = 1>
ST_11 : Operation 136 [1/1] (0.00ns)   --->   "%tmp_61 = trunc i96 %tmp_60 to i32" [SobelMatrixMultiplier/SobelMatrixMultiplier.cpp:36]

 <State 12> : 8.51ns
ST_12 : Operation 137 [1/1] (8.51ns)   --->   "%tmp_8_i1 = mul nsw i32 %tmp_61, %tmp_46" [SobelMatrixMultiplier/SobelMatrixMultiplier.cpp:36]   --->   Core 16 'Mul' <Latency = 0> <II = 1> <Delay = 8.51> <FuncUnit> <Opcode : 'mul'> <InPorts = 2> <OutPorts = 1>

 <State 13> : 4.32ns
ST_13 : Operation 138 [1/1] (0.00ns)   --->   "%horizontalResult_ass_1 = load i32* %horizontalResult_ass" [SobelMatrixMultiplier/SobelMatrixMultiplier.cpp:36]
ST_13 : Operation 139 [1/1] (0.00ns)   --->   "call void (...)* @_ssdm_op_SpecLoopName([10 x i8]* @p_str5) nounwind" [SobelMatrixMultiplier/SobelMatrixMultiplier.cpp:35]
ST_13 : Operation 140 [1/1] (2.55ns)   --->   "%summation_1 = add nsw i32 %horizontalResult_ass_1, %tmp_8_i1" [SobelMatrixMultiplier/SobelMatrixMultiplier.cpp:36]   --->   Core 14 'AddSub' <Latency = 0> <II = 1> <Delay = 2.55> <FuncUnit> <Opcode : 'add' 'sub'> <InPorts = 2> <OutPorts = 1>
ST_13 : Operation 141 [1/1] (1.76ns)   --->   "store i32 %summation_1, i32* %horizontalResult_ass" [SobelMatrixMultiplier/SobelMatrixMultiplier.cpp:36]
ST_13 : Operation 142 [1/1] (0.00ns)   --->   "br label %7" [SobelMatrixMultiplier/SobelMatrixMultiplier.cpp:35]


============================================================
+ Verbose Summary: Timing violations
============================================================
Target clock period: 10ns, clock uncertainty: 1.25ns.

 <State 1>: 1.77ns
The critical path consists of the following:
	'alloca' operation ('verticalResult') [2]  (0 ns)
	'store' operation of constant 0 on local variable 'verticalResult' [6]  (1.77 ns)

 <State 2>: 1.77ns
The critical path consists of the following:
	multiplexor before 'phi' operation ('col') with incoming values : ('col', SobelMatrixMultiplier/SobelMatrixMultiplier.cpp:23) [21]  (1.77 ns)

 <State 3>: 2.32ns
The critical path consists of the following:
	'phi' operation ('col') with incoming values : ('col', SobelMatrixMultiplier/SobelMatrixMultiplier.cpp:23) [21]  (0 ns)
	'getelementptr' operation ('array_addr', SobelMatrixMultiplier/SobelMatrixMultiplier.cpp:24) [30]  (0 ns)
	'load' operation ('array_load', SobelMatrixMultiplier/SobelMatrixMultiplier.cpp:24) on array 'array_r' [31]  (2.32 ns)

 <State 4>: 7.04ns
The critical path consists of the following:
	'load' operation ('array_load', SobelMatrixMultiplier/SobelMatrixMultiplier.cpp:24) on array 'array_r' [31]  (2.32 ns)
	'select' operation ('tmp_8', SobelMatrixMultiplier/SobelMatrixMultiplier.cpp:22) [38]  (0 ns)
	'lshr' operation ('tmp_13', SobelMatrixMultiplier/SobelMatrixMultiplier.cpp:24) [43]  (4.72 ns)

 <State 5>: 3.04ns
The critical path consists of the following:
	'lshr' operation ('tmp_14', SobelMatrixMultiplier/SobelMatrixMultiplier.cpp:24) [44]  (0 ns)
	'and' operation ('tmp_15', SobelMatrixMultiplier/SobelMatrixMultiplier.cpp:24) [45]  (3.04 ns)

 <State 6>: 8.51ns
The critical path consists of the following:
	'mul' operation ('tmp_3_i', SobelMatrixMultiplier/SobelMatrixMultiplier.cpp:24) [63]  (8.51 ns)

 <State 7>: 4.32ns
The critical path consists of the following:
	'load' operation ('verticalResult_assig_1', SobelMatrixMultiplier/SobelMatrixMultiplier.cpp:24) on local variable 'verticalResult' [27]  (0 ns)
	'add' operation ('summation', SobelMatrixMultiplier/SobelMatrixMultiplier.cpp:24) [64]  (2.55 ns)
	'store' operation (SobelMatrixMultiplier/SobelMatrixMultiplier.cpp:24) of variable 'summation', SobelMatrixMultiplier/SobelMatrixMultiplier.cpp:24 on local variable 'verticalResult' [65]  (1.77 ns)

 <State 8>: 2.55ns
The critical path consists of the following:
	'load' operation ('horizontalResult_ass_2', SobelMatrixMultiplier/SobelMatrixMultiplier.cpp:46->SobelMatrixMultiplier/SobelMatrixMultiplier.cpp:52) on local variable 'horizontalResult' [137]  (0 ns)
	'add' operation ('tmp_i1', SobelMatrixMultiplier/SobelMatrixMultiplier.cpp:46->SobelMatrixMultiplier/SobelMatrixMultiplier.cpp:52) [139]  (2.55 ns)

 <State 9>: 2.32ns
The critical path consists of the following:
	'phi' operation ('col') with incoming values : ('col', SobelMatrixMultiplier/SobelMatrixMultiplier.cpp:35) [87]  (0 ns)
	'getelementptr' operation ('array_addr_1', SobelMatrixMultiplier/SobelMatrixMultiplier.cpp:36) [96]  (0 ns)
	'load' operation ('array_load_1', SobelMatrixMultiplier/SobelMatrixMultiplier.cpp:36) on array 'array_r' [97]  (2.32 ns)

 <State 10>: 7.04ns
The critical path consists of the following:
	'load' operation ('array_load_1', SobelMatrixMultiplier/SobelMatrixMultiplier.cpp:36) on array 'array_r' [97]  (2.32 ns)
	'select' operation ('tmp_38', SobelMatrixMultiplier/SobelMatrixMultiplier.cpp:34) [104]  (0 ns)
	'lshr' operation ('tmp_43', SobelMatrixMultiplier/SobelMatrixMultiplier.cpp:36) [109]  (4.72 ns)

 <State 11>: 3.04ns
The critical path consists of the following:
	'lshr' operation ('tmp_44', SobelMatrixMultiplier/SobelMatrixMultiplier.cpp:36) [110]  (0 ns)
	'and' operation ('tmp_45', SobelMatrixMultiplier/SobelMatrixMultiplier.cpp:36) [111]  (3.04 ns)

 <State 12>: 8.51ns
The critical path consists of the following:
	'mul' operation ('tmp_8_i1', SobelMatrixMultiplier/SobelMatrixMultiplier.cpp:36) [129]  (8.51 ns)

 <State 13>: 4.32ns
The critical path consists of the following:
	'load' operation ('horizontalResult_ass_1', SobelMatrixMultiplier/SobelMatrixMultiplier.cpp:36) on local variable 'horizontalResult' [93]  (0 ns)
	'add' operation ('summation', SobelMatrixMultiplier/SobelMatrixMultiplier.cpp:36) [130]  (2.55 ns)
	'store' operation (SobelMatrixMultiplier/SobelMatrixMultiplier.cpp:36) of variable 'summation', SobelMatrixMultiplier/SobelMatrixMultiplier.cpp:36 on local variable 'horizontalResult' [131]  (1.77 ns)


============================================================
+ Verbose Summary: Binding
============================================================
N/A
* FSMD analyzer results:
  - Output states:
 - Input state : 
  - Chain level:
	State 1
	State 2
	State 3
	State 4
	State 5
	State 6
	State 7
	State 8
	State 9
	State 10
	State 11
	State 12
	State 13


============================================================
+ Verbose Summary: Datapath Resource usage 
============================================================
N/A
