

================================================================
== Vivado HLS Report for 'getConvolutionResult'
================================================================
* Date:           Thu Apr  5 18:39:50 2018

* Version:        2017.4 (Build 2086221 on Fri Dec 15 21:13:33 MST 2017)
* Project:        SobelMatrixMultiplier
* Solution:       solution2
* Product family: zynq
* Target device:  xc7z020iclg400-1l


================================================================
== Performance Estimates
================================================================
+ Timing (ns): 
    * Summary: 
    +--------+-------+----------+------------+
    |  Clock | Target| Estimated| Uncertainty|
    +--------+-------+----------+------------+
    |ap_clk  |  10.00|      8.51|        1.25|
    +--------+-------+----------+------------+

+ Latency (clock cycles): 
    * Summary: 
    +-----+-----+-----+-----+---------+
    |  Latency  |  Interval | Pipeline|
    | min | max | min | max |   Type  |
    +-----+-----+-----+-----+---------+
    |   28|   28|   28|   28|   none  |
    +-----+-----+-----+-----+---------+

    + Detail: 
        * Instance: 
        N/A

        * Loop: 
        +-----------+-----+-----+----------+-----------+-----------+------+----------+
        |           |  Latency  | Iteration|  Initiation Interval  | Trip |          |
        | Loop Name | min | max |  Latency |  achieved |   target  | Count| Pipelined|
        +-----------+-----+-----+----------+-----------+-----------+------+----------+
        |- Row_Col  |   12|   12|         5|          1|          1|     9|    yes   |
        |- Row_Col  |   12|   12|         5|          1|          1|     9|    yes   |
        +-----------+-----+-----+----------+-----------+-----------+------+----------+

============================================================
+ Verbose Summary: Synthesis Manager
============================================================
InlineROM: 1
ExposeGlobal: 0
============================================================
+ Verbose Summary: CDFG Model
============================================================
IsTopModel: 1
ResetActiveHigh: 1
IsCombinational: 0
IsDatapathOnly: 0
HasWiredReturn: 1
HasMFsm: 0
HasVarLatency: 1
IsPipeline: 0
IsRtlPipelined: 0
IsInstanceOverlapped: 0
IsDontTouch: 0
HasImplIP: 0
IsGatedGlobalClock: 0

+ Individual pipeline summary: 
  * Pipeline-0: initiation interval (II) = 1, depth = 5
  * Pipeline-1: initiation interval (II) = 1, depth = 5


============================================================
+ Verbose Summary: Schedule
============================================================
* Number of FSM states : 13
* Pipeline : 2
  Pipeline-0 : II = 1, D = 5, States = { 2 3 4 5 6 }
  Pipeline-1 : II = 1, D = 5, States = { 8 9 10 11 12 }
* Dataflow Pipeline: 0

* FSM state transitions: 
1 --> 
	2  / true
2 --> 
	7  / (exitcond_flatten)
	3  / (!exitcond_flatten)
3 --> 
	4  / true
4 --> 
	5  / true
5 --> 
	6  / true
6 --> 
	2  / true
7 --> 
	8  / true
8 --> 
	13  / (exitcond_flatten1)
	9  / (!exitcond_flatten1)
9 --> 
	10  / true
10 --> 
	11  / true
11 --> 
	12  / true
12 --> 
	8  / true
13 --> 

* FSM state operations: 

 <State 1> : 1.77ns
ST_1 : Operation 14 [1/1] (0.00ns)   --->   "call void (...)* @_ssdm_op_SpecBitsMap([9 x i32]* %array_r) nounwind, !map !26"
ST_1 : Operation 15 [1/1] (0.00ns)   --->   "call void (...)* @_ssdm_op_SpecBitsMap(i32 0) nounwind, !map !32"
ST_1 : Operation 16 [1/1] (0.00ns)   --->   "call void (...)* @_ssdm_op_SpecTopModule([21 x i8]* @getConvolutionResult_1) nounwind"
ST_1 : Operation 17 [1/1] (1.76ns)   --->   "br label %1" [SobelMatrixMultiplier/SobelMatrixMultiplier.cpp:7->SobelMatrixMultiplier/SobelMatrixMultiplier.cpp:37]

 <State 2> : 3.89ns
ST_2 : Operation 18 [1/1] (0.00ns)   --->   "%indvar_flatten = phi i4 [ 0, %0 ], [ %indvar_flatten_next, %.reset ]"
ST_2 : Operation 19 [1/1] (0.00ns)   --->   "%row_i = phi i2 [ 0, %0 ], [ %tmp_i_mid2_v, %.reset ]" [SobelMatrixMultiplier/SobelMatrixMultiplier.cpp:9->SobelMatrixMultiplier/SobelMatrixMultiplier.cpp:37]
ST_2 : Operation 20 [1/1] (0.00ns)   --->   "%summation_1_i = phi i32 [ 0, %0 ], [ %summation, %.reset ]"
ST_2 : Operation 21 [1/1] (0.00ns)   --->   "%col_i = phi i2 [ 0, %0 ], [ %col, %.reset ]"
ST_2 : Operation 22 [1/1] (1.30ns)   --->   "%exitcond_flatten = icmp eq i4 %indvar_flatten, -7"   --->   Core 25 'Cmp' <Latency = 0> <II = 1> <Delay = 0.95> <FuncUnit> <Opcode : 'icmp'> <InPorts = 2> <OutPorts = 1>
ST_2 : Operation 23 [1/1] (1.73ns)   --->   "%indvar_flatten_next = add i4 %indvar_flatten, 1"   --->   Core 14 'AddSub' <Latency = 0> <II = 1> <Delay = 2.55> <FuncUnit> <Opcode : 'add' 'sub'> <InPorts = 2> <OutPorts = 1>
ST_2 : Operation 24 [1/1] (0.00ns)   --->   "br i1 %exitcond_flatten, label %getVerticalResult.exit.preheader.preheader, label %.reset"
ST_2 : Operation 25 [1/1] (1.56ns)   --->   "%row = add i2 %row_i, 1" [SobelMatrixMultiplier/SobelMatrixMultiplier.cpp:7->SobelMatrixMultiplier/SobelMatrixMultiplier.cpp:37]   --->   Core 14 'AddSub' <Latency = 0> <II = 1> <Delay = 2.55> <FuncUnit> <Opcode : 'add' 'sub'> <InPorts = 2> <OutPorts = 1>
ST_2 : Operation 26 [1/1] (0.95ns)   --->   "%exitcond_i3 = icmp eq i2 %col_i, -1" [SobelMatrixMultiplier/SobelMatrixMultiplier.cpp:8->SobelMatrixMultiplier/SobelMatrixMultiplier.cpp:37]   --->   Core 25 'Cmp' <Latency = 0> <II = 1> <Delay = 0.95> <FuncUnit> <Opcode : 'icmp'> <InPorts = 2> <OutPorts = 1>
ST_2 : Operation 27 [1/1] (1.37ns)   --->   "%col_i_mid2 = select i1 %exitcond_i3, i2 0, i2 %col_i" [SobelMatrixMultiplier/SobelMatrixMultiplier.cpp:8->SobelMatrixMultiplier/SobelMatrixMultiplier.cpp:37]   --->   Core 26 'Sel' <Latency = 0> <II = 1> <Delay = 1.37> <FuncUnit> <Opcode : 'select'> <InPorts = 3> <OutPorts = 1>
ST_2 : Operation 28 [1/1] (1.37ns)   --->   "%tmp_i_mid2_v = select i1 %exitcond_i3, i2 %row, i2 %row_i" [SobelMatrixMultiplier/SobelMatrixMultiplier.cpp:9->SobelMatrixMultiplier/SobelMatrixMultiplier.cpp:37]   --->   Core 26 'Sel' <Latency = 0> <II = 1> <Delay = 1.37> <FuncUnit> <Opcode : 'select'> <InPorts = 3> <OutPorts = 1>
ST_2 : Operation 29 [1/1] (1.56ns)   --->   "%col = add i2 %col_i_mid2, 1" [SobelMatrixMultiplier/SobelMatrixMultiplier.cpp:8->SobelMatrixMultiplier/SobelMatrixMultiplier.cpp:37]   --->   Core 14 'AddSub' <Latency = 0> <II = 1> <Delay = 2.55> <FuncUnit> <Opcode : 'add' 'sub'> <InPorts = 2> <OutPorts = 1>

 <State 3> : 6.66ns
ST_3 : Operation 30 [1/1] (0.00ns)   --->   "%tmp_i_mid2_cast = zext i2 %tmp_i_mid2_v to i5" [SobelMatrixMultiplier/SobelMatrixMultiplier.cpp:9->SobelMatrixMultiplier/SobelMatrixMultiplier.cpp:37]
ST_3 : Operation 31 [1/1] (0.00ns)   --->   "%tmp = call i4 @_ssdm_op_BitConcatenate.i4.i2.i2(i2 %tmp_i_mid2_v, i2 0)" [SobelMatrixMultiplier/SobelMatrixMultiplier.cpp:9->SobelMatrixMultiplier/SobelMatrixMultiplier.cpp:37]
ST_3 : Operation 32 [1/1] (0.00ns)   --->   "%p_shl_cast = zext i4 %tmp to i5" [SobelMatrixMultiplier/SobelMatrixMultiplier.cpp:9->SobelMatrixMultiplier/SobelMatrixMultiplier.cpp:37]
ST_3 : Operation 33 [1/1] (0.00ns) (grouped into TernaryAdder)   --->   "%tmp_1 = sub i5 %p_shl_cast, %tmp_i_mid2_cast" [SobelMatrixMultiplier/SobelMatrixMultiplier.cpp:9->SobelMatrixMultiplier/SobelMatrixMultiplier.cpp:37]   --->   Core 80 'TAddSub' <Latency = 0> <II = 1> <Delay = 1.70> <IPBlock> <Opcode : 'add' 'sub'> <InPorts = 3> <OutPorts = 1> <Sync> <CReg>
ST_3 : Operation 34 [1/1] (0.00ns)   --->   "%tmp_2_i_cast = zext i2 %col_i_mid2 to i5" [SobelMatrixMultiplier/SobelMatrixMultiplier.cpp:9->SobelMatrixMultiplier/SobelMatrixMultiplier.cpp:37]
ST_3 : Operation 35 [1/1] (3.40ns) (root node of TernaryAdder)   --->   "%tmp_2 = add i5 %tmp_1, %tmp_2_i_cast" [SobelMatrixMultiplier/SobelMatrixMultiplier.cpp:9->SobelMatrixMultiplier/SobelMatrixMultiplier.cpp:37]   --->   Core 80 'TAddSub' <Latency = 0> <II = 1> <Delay = 1.70> <IPBlock> <Opcode : 'add' 'sub'> <InPorts = 3> <OutPorts = 1> <Sync> <CReg>
ST_3 : Operation 36 [1/1] (0.00ns)   --->   "%tmp_2_cast = sext i5 %tmp_2 to i64" [SobelMatrixMultiplier/SobelMatrixMultiplier.cpp:9->SobelMatrixMultiplier/SobelMatrixMultiplier.cpp:37]
ST_3 : Operation 37 [1/1] (0.00ns)   --->   "%array_addr = getelementptr [9 x i32]* %array_r, i64 0, i64 %tmp_2_cast" [SobelMatrixMultiplier/SobelMatrixMultiplier.cpp:9->SobelMatrixMultiplier/SobelMatrixMultiplier.cpp:37]
ST_3 : Operation 38 [1/1] (0.00ns)   --->   "%p_vertical_sobel_oper = getelementptr [9 x i3]* @p_vertical_sobel_oper, i64 0, i64 %tmp_2_cast" [SobelMatrixMultiplier/SobelMatrixMultiplier.cpp:9->SobelMatrixMultiplier/SobelMatrixMultiplier.cpp:37]
ST_3 : Operation 39 [2/2] (2.32ns)   --->   "%array_load = load i32* %array_addr, align 4" [SobelMatrixMultiplier/SobelMatrixMultiplier.cpp:9->SobelMatrixMultiplier/SobelMatrixMultiplier.cpp:37]   --->   Core 37 'RAM' <Latency = 1> <II = 1> <Delay = 2.32> <Storage> <Opcode : 'load' 'store'> <Ports = 2> <Width = 32> <Depth = 9> <RAM>
ST_3 : Operation 40 [2/2] (3.25ns)   --->   "%p_vertical_sobel_oper_1 = load i3* %p_vertical_sobel_oper, align 1" [SobelMatrixMultiplier/SobelMatrixMultiplier.cpp:9->SobelMatrixMultiplier/SobelMatrixMultiplier.cpp:37]   --->   Core 48 'ROM_nP' <Latency = 1> <II = 1> <Delay = 3.25> <Storage> <Opcode : 'load'> <Ports = 0> <Width = 3> <Depth = 9> <ROM>

 <State 4> : 3.25ns
ST_4 : Operation 41 [1/2] (2.32ns)   --->   "%array_load = load i32* %array_addr, align 4" [SobelMatrixMultiplier/SobelMatrixMultiplier.cpp:9->SobelMatrixMultiplier/SobelMatrixMultiplier.cpp:37]   --->   Core 37 'RAM' <Latency = 1> <II = 1> <Delay = 2.32> <Storage> <Opcode : 'load' 'store'> <Ports = 2> <Width = 32> <Depth = 9> <RAM>
ST_4 : Operation 42 [1/2] (3.25ns)   --->   "%p_vertical_sobel_oper_1 = load i3* %p_vertical_sobel_oper, align 1" [SobelMatrixMultiplier/SobelMatrixMultiplier.cpp:9->SobelMatrixMultiplier/SobelMatrixMultiplier.cpp:37]   --->   Core 48 'ROM_nP' <Latency = 1> <II = 1> <Delay = 3.25> <Storage> <Opcode : 'load'> <Ports = 0> <Width = 3> <Depth = 9> <ROM>

 <State 5> : 8.51ns
ST_5 : Operation 43 [1/1] (0.00ns)   --->   "%p_vertical_sobel_oper_2 = sext i3 %p_vertical_sobel_oper_1 to i32" [SobelMatrixMultiplier/SobelMatrixMultiplier.cpp:9->SobelMatrixMultiplier/SobelMatrixMultiplier.cpp:37]
ST_5 : Operation 44 [1/1] (8.51ns)   --->   "%tmp_3_i = mul nsw i32 %p_vertical_sobel_oper_2, %array_load" [SobelMatrixMultiplier/SobelMatrixMultiplier.cpp:9->SobelMatrixMultiplier/SobelMatrixMultiplier.cpp:37]   --->   Core 16 'Mul' <Latency = 0> <II = 1> <Delay = 8.51> <FuncUnit> <Opcode : 'mul'> <InPorts = 2> <OutPorts = 1>

 <State 6> : 2.55ns
ST_6 : Operation 45 [1/1] (0.00ns)   --->   "call void (...)* @_ssdm_op_SpecLoopName([8 x i8]* @Row_Col_str)"
ST_6 : Operation 46 [1/1] (0.00ns)   --->   "%empty = call i32 (...)* @_ssdm_op_SpecLoopTripCount(i64 9, i64 9, i64 9) nounwind"
ST_6 : Operation 47 [1/1] (0.00ns)   --->   "call void (...)* @_ssdm_op_SpecLoopName([4 x i8]* @p_str1) nounwind" [SobelMatrixMultiplier/SobelMatrixMultiplier.cpp:8->SobelMatrixMultiplier/SobelMatrixMultiplier.cpp:37]
ST_6 : Operation 48 [1/1] (0.00ns)   --->   "%tmp_4_i = call i32 (...)* @_ssdm_op_SpecRegionBegin([4 x i8]* @p_str1) nounwind" [SobelMatrixMultiplier/SobelMatrixMultiplier.cpp:8->SobelMatrixMultiplier/SobelMatrixMultiplier.cpp:37]
ST_6 : Operation 49 [1/1] (0.00ns)   --->   "call void (...)* @_ssdm_op_SpecPipeline(i32 1, i32 1, i32 1, i32 0, [1 x i8]* @p_str2) nounwind" [SobelMatrixMultiplier/SobelMatrixMultiplier.cpp:9->SobelMatrixMultiplier/SobelMatrixMultiplier.cpp:37]
ST_6 : Operation 50 [1/1] (2.55ns)   --->   "%summation = add nsw i32 %summation_1_i, %tmp_3_i" [SobelMatrixMultiplier/SobelMatrixMultiplier.cpp:9->SobelMatrixMultiplier/SobelMatrixMultiplier.cpp:37]   --->   Core 14 'AddSub' <Latency = 0> <II = 1> <Delay = 2.55> <FuncUnit> <Opcode : 'add' 'sub'> <InPorts = 2> <OutPorts = 1>
ST_6 : Operation 51 [1/1] (0.00ns)   --->   "%empty_2 = call i32 (...)* @_ssdm_op_SpecRegionEnd([4 x i8]* @p_str1, i32 %tmp_4_i) nounwind" [SobelMatrixMultiplier/SobelMatrixMultiplier.cpp:10->SobelMatrixMultiplier/SobelMatrixMultiplier.cpp:37]
ST_6 : Operation 52 [1/1] (0.00ns)   --->   "br label %1"

 <State 7> : 1.77ns
ST_7 : Operation 53 [1/1] (1.76ns)   --->   "br label %getVerticalResult.exit.preheader"

 <State 8> : 3.89ns
ST_8 : Operation 54 [1/1] (0.00ns)   --->   "%indvar_flatten1 = phi i4 [ %indvar_flatten_next1, %getVerticalResult.exit ], [ 0, %getVerticalResult.exit.preheader.preheader ]"
ST_8 : Operation 55 [1/1] (0.00ns)   --->   "%row_i1 = phi i2 [ %tmp_i4_mid2_v, %getVerticalResult.exit ], [ 0, %getVerticalResult.exit.preheader.preheader ]" [SobelMatrixMultiplier/SobelMatrixMultiplier.cpp:21->SobelMatrixMultiplier/SobelMatrixMultiplier.cpp:37]
ST_8 : Operation 56 [1/1] (0.00ns)   --->   "%summation_1_i5 = phi i32 [ %summation_1, %getVerticalResult.exit ], [ 0, %getVerticalResult.exit.preheader.preheader ]"
ST_8 : Operation 57 [1/1] (0.00ns)   --->   "%col_i6 = phi i2 [ %col_1, %getVerticalResult.exit ], [ 0, %getVerticalResult.exit.preheader.preheader ]"
ST_8 : Operation 58 [1/1] (1.30ns)   --->   "%exitcond_flatten1 = icmp eq i4 %indvar_flatten1, -7"   --->   Core 25 'Cmp' <Latency = 0> <II = 1> <Delay = 0.95> <FuncUnit> <Opcode : 'icmp'> <InPorts = 2> <OutPorts = 1>
ST_8 : Operation 59 [1/1] (1.73ns)   --->   "%indvar_flatten_next1 = add i4 %indvar_flatten1, 1"   --->   Core 14 'AddSub' <Latency = 0> <II = 1> <Delay = 2.55> <FuncUnit> <Opcode : 'add' 'sub'> <InPorts = 2> <OutPorts = 1>
ST_8 : Operation 60 [1/1] (0.00ns)   --->   "br i1 %exitcond_flatten1, label %getHorizontalResult.exit, label %getVerticalResult.exit"
ST_8 : Operation 61 [1/1] (1.56ns)   --->   "%row_1 = add i2 %row_i1, 1" [SobelMatrixMultiplier/SobelMatrixMultiplier.cpp:19->SobelMatrixMultiplier/SobelMatrixMultiplier.cpp:37]   --->   Core 14 'AddSub' <Latency = 0> <II = 1> <Delay = 2.55> <FuncUnit> <Opcode : 'add' 'sub'> <InPorts = 2> <OutPorts = 1>
ST_8 : Operation 62 [1/1] (0.95ns)   --->   "%exitcond_i = icmp eq i2 %col_i6, -1" [SobelMatrixMultiplier/SobelMatrixMultiplier.cpp:20->SobelMatrixMultiplier/SobelMatrixMultiplier.cpp:37]   --->   Core 25 'Cmp' <Latency = 0> <II = 1> <Delay = 0.95> <FuncUnit> <Opcode : 'icmp'> <InPorts = 2> <OutPorts = 1>
ST_8 : Operation 63 [1/1] (1.37ns)   --->   "%col_i6_mid2 = select i1 %exitcond_i, i2 0, i2 %col_i6" [SobelMatrixMultiplier/SobelMatrixMultiplier.cpp:20->SobelMatrixMultiplier/SobelMatrixMultiplier.cpp:37]   --->   Core 26 'Sel' <Latency = 0> <II = 1> <Delay = 1.37> <FuncUnit> <Opcode : 'select'> <InPorts = 3> <OutPorts = 1>
ST_8 : Operation 64 [1/1] (1.37ns)   --->   "%tmp_i4_mid2_v = select i1 %exitcond_i, i2 %row_1, i2 %row_i1" [SobelMatrixMultiplier/SobelMatrixMultiplier.cpp:21->SobelMatrixMultiplier/SobelMatrixMultiplier.cpp:37]   --->   Core 26 'Sel' <Latency = 0> <II = 1> <Delay = 1.37> <FuncUnit> <Opcode : 'select'> <InPorts = 3> <OutPorts = 1>
ST_8 : Operation 65 [1/1] (1.56ns)   --->   "%col_1 = add i2 %col_i6_mid2, 1" [SobelMatrixMultiplier/SobelMatrixMultiplier.cpp:20->SobelMatrixMultiplier/SobelMatrixMultiplier.cpp:37]   --->   Core 14 'AddSub' <Latency = 0> <II = 1> <Delay = 2.55> <FuncUnit> <Opcode : 'add' 'sub'> <InPorts = 2> <OutPorts = 1>

 <State 9> : 6.66ns
ST_9 : Operation 66 [1/1] (0.00ns)   --->   "%tmp_i4_mid2_cast = zext i2 %tmp_i4_mid2_v to i5" [SobelMatrixMultiplier/SobelMatrixMultiplier.cpp:21->SobelMatrixMultiplier/SobelMatrixMultiplier.cpp:37]
ST_9 : Operation 67 [1/1] (0.00ns)   --->   "%tmp_3 = call i4 @_ssdm_op_BitConcatenate.i4.i2.i2(i2 %tmp_i4_mid2_v, i2 0)" [SobelMatrixMultiplier/SobelMatrixMultiplier.cpp:21->SobelMatrixMultiplier/SobelMatrixMultiplier.cpp:37]
ST_9 : Operation 68 [1/1] (0.00ns)   --->   "%p_shl1_cast = zext i4 %tmp_3 to i5" [SobelMatrixMultiplier/SobelMatrixMultiplier.cpp:21->SobelMatrixMultiplier/SobelMatrixMultiplier.cpp:37]
ST_9 : Operation 69 [1/1] (0.00ns) (grouped into TernaryAdder)   --->   "%tmp_4 = sub i5 %p_shl1_cast, %tmp_i4_mid2_cast" [SobelMatrixMultiplier/SobelMatrixMultiplier.cpp:21->SobelMatrixMultiplier/SobelMatrixMultiplier.cpp:37]   --->   Core 80 'TAddSub' <Latency = 0> <II = 1> <Delay = 1.70> <IPBlock> <Opcode : 'add' 'sub'> <InPorts = 3> <OutPorts = 1> <Sync> <CReg>
ST_9 : Operation 70 [1/1] (0.00ns)   --->   "%tmp_7_i_cast = zext i2 %col_i6_mid2 to i5" [SobelMatrixMultiplier/SobelMatrixMultiplier.cpp:21->SobelMatrixMultiplier/SobelMatrixMultiplier.cpp:37]
ST_9 : Operation 71 [1/1] (3.40ns) (root node of TernaryAdder)   --->   "%tmp_5 = add i5 %tmp_4, %tmp_7_i_cast" [SobelMatrixMultiplier/SobelMatrixMultiplier.cpp:21->SobelMatrixMultiplier/SobelMatrixMultiplier.cpp:37]   --->   Core 80 'TAddSub' <Latency = 0> <II = 1> <Delay = 1.70> <IPBlock> <Opcode : 'add' 'sub'> <InPorts = 3> <OutPorts = 1> <Sync> <CReg>
ST_9 : Operation 72 [1/1] (0.00ns)   --->   "%tmp_5_cast = sext i5 %tmp_5 to i64" [SobelMatrixMultiplier/SobelMatrixMultiplier.cpp:21->SobelMatrixMultiplier/SobelMatrixMultiplier.cpp:37]
ST_9 : Operation 73 [1/1] (0.00ns)   --->   "%array_addr_1 = getelementptr [9 x i32]* %array_r, i64 0, i64 %tmp_5_cast" [SobelMatrixMultiplier/SobelMatrixMultiplier.cpp:21->SobelMatrixMultiplier/SobelMatrixMultiplier.cpp:37]
ST_9 : Operation 74 [1/1] (0.00ns)   --->   "%p_horizontal_sobel_op = getelementptr [9 x i3]* @p_horizontal_sobel_op, i64 0, i64 %tmp_5_cast" [SobelMatrixMultiplier/SobelMatrixMultiplier.cpp:21->SobelMatrixMultiplier/SobelMatrixMultiplier.cpp:37]
ST_9 : Operation 75 [2/2] (2.32ns)   --->   "%array_load_1 = load i32* %array_addr_1, align 4" [SobelMatrixMultiplier/SobelMatrixMultiplier.cpp:21->SobelMatrixMultiplier/SobelMatrixMultiplier.cpp:37]   --->   Core 37 'RAM' <Latency = 1> <II = 1> <Delay = 2.32> <Storage> <Opcode : 'load' 'store'> <Ports = 2> <Width = 32> <Depth = 9> <RAM>
ST_9 : Operation 76 [2/2] (3.25ns)   --->   "%p_horizontal_sobel_op_1 = load i3* %p_horizontal_sobel_op, align 1" [SobelMatrixMultiplier/SobelMatrixMultiplier.cpp:21->SobelMatrixMultiplier/SobelMatrixMultiplier.cpp:37]   --->   Core 48 'ROM_nP' <Latency = 1> <II = 1> <Delay = 3.25> <Storage> <Opcode : 'load'> <Ports = 0> <Width = 3> <Depth = 9> <ROM>

 <State 10> : 3.25ns
ST_10 : Operation 77 [1/2] (2.32ns)   --->   "%array_load_1 = load i32* %array_addr_1, align 4" [SobelMatrixMultiplier/SobelMatrixMultiplier.cpp:21->SobelMatrixMultiplier/SobelMatrixMultiplier.cpp:37]   --->   Core 37 'RAM' <Latency = 1> <II = 1> <Delay = 2.32> <Storage> <Opcode : 'load' 'store'> <Ports = 2> <Width = 32> <Depth = 9> <RAM>
ST_10 : Operation 78 [1/2] (3.25ns)   --->   "%p_horizontal_sobel_op_1 = load i3* %p_horizontal_sobel_op, align 1" [SobelMatrixMultiplier/SobelMatrixMultiplier.cpp:21->SobelMatrixMultiplier/SobelMatrixMultiplier.cpp:37]   --->   Core 48 'ROM_nP' <Latency = 1> <II = 1> <Delay = 3.25> <Storage> <Opcode : 'load'> <Ports = 0> <Width = 3> <Depth = 9> <ROM>

 <State 11> : 8.51ns
ST_11 : Operation 79 [1/1] (0.00ns)   --->   "%p_horizontal_sobel_op_2 = sext i3 %p_horizontal_sobel_op_1 to i32" [SobelMatrixMultiplier/SobelMatrixMultiplier.cpp:21->SobelMatrixMultiplier/SobelMatrixMultiplier.cpp:37]
ST_11 : Operation 80 [1/1] (8.51ns)   --->   "%tmp_8_i = mul nsw i32 %p_horizontal_sobel_op_2, %array_load_1" [SobelMatrixMultiplier/SobelMatrixMultiplier.cpp:21->SobelMatrixMultiplier/SobelMatrixMultiplier.cpp:37]   --->   Core 16 'Mul' <Latency = 0> <II = 1> <Delay = 8.51> <FuncUnit> <Opcode : 'mul'> <InPorts = 2> <OutPorts = 1>

 <State 12> : 2.55ns
ST_12 : Operation 81 [1/1] (0.00ns)   --->   "call void (...)* @_ssdm_op_SpecLoopName([8 x i8]* @Row_Col_str)"
ST_12 : Operation 82 [1/1] (0.00ns)   --->   "%empty_3 = call i32 (...)* @_ssdm_op_SpecLoopTripCount(i64 9, i64 9, i64 9) nounwind"
ST_12 : Operation 83 [1/1] (0.00ns)   --->   "call void (...)* @_ssdm_op_SpecLoopName([4 x i8]* @p_str1) nounwind" [SobelMatrixMultiplier/SobelMatrixMultiplier.cpp:20->SobelMatrixMultiplier/SobelMatrixMultiplier.cpp:37]
ST_12 : Operation 84 [1/1] (0.00ns)   --->   "%tmp_6_i = call i32 (...)* @_ssdm_op_SpecRegionBegin([4 x i8]* @p_str1) nounwind" [SobelMatrixMultiplier/SobelMatrixMultiplier.cpp:20->SobelMatrixMultiplier/SobelMatrixMultiplier.cpp:37]
ST_12 : Operation 85 [1/1] (0.00ns)   --->   "call void (...)* @_ssdm_op_SpecPipeline(i32 1, i32 1, i32 1, i32 0, [1 x i8]* @p_str2) nounwind" [SobelMatrixMultiplier/SobelMatrixMultiplier.cpp:21->SobelMatrixMultiplier/SobelMatrixMultiplier.cpp:37]
ST_12 : Operation 86 [1/1] (2.55ns)   --->   "%summation_1 = add nsw i32 %summation_1_i5, %tmp_8_i" [SobelMatrixMultiplier/SobelMatrixMultiplier.cpp:21->SobelMatrixMultiplier/SobelMatrixMultiplier.cpp:37]   --->   Core 14 'AddSub' <Latency = 0> <II = 1> <Delay = 2.55> <FuncUnit> <Opcode : 'add' 'sub'> <InPorts = 2> <OutPorts = 1>
ST_12 : Operation 87 [1/1] (0.00ns)   --->   "%empty_4 = call i32 (...)* @_ssdm_op_SpecRegionEnd([4 x i8]* @p_str1, i32 %tmp_6_i) nounwind" [SobelMatrixMultiplier/SobelMatrixMultiplier.cpp:22->SobelMatrixMultiplier/SobelMatrixMultiplier.cpp:37]
ST_12 : Operation 88 [1/1] (0.00ns)   --->   "br label %getVerticalResult.exit.preheader"

 <State 13> : 2.55ns
ST_13 : Operation 89 [1/1] (2.55ns)   --->   "%tmp_i1 = add nsw i32 %summation_1_i5, %summation_1_i" [SobelMatrixMultiplier/SobelMatrixMultiplier.cpp:31->SobelMatrixMultiplier/SobelMatrixMultiplier.cpp:37]   --->   Core 14 'AddSub' <Latency = 0> <II = 1> <Delay = 2.55> <FuncUnit> <Opcode : 'add' 'sub'> <InPorts = 2> <OutPorts = 1>
ST_13 : Operation 90 [1/1] (0.00ns)   --->   "ret i32 %tmp_i1" [SobelMatrixMultiplier/SobelMatrixMultiplier.cpp:37]


============================================================
+ Verbose Summary: Timing violations
============================================================
Target clock period: 10ns, clock uncertainty: 1.25ns.

 <State 1>: 1.77ns
The critical path consists of the following:
	multiplexor before 'phi' operation ('indvar_flatten') with incoming values : ('indvar_flatten_next') [9]  (1.77 ns)

 <State 2>: 3.89ns
The critical path consists of the following:
	'phi' operation ('col') with incoming values : ('col', SobelMatrixMultiplier/SobelMatrixMultiplier.cpp:8->SobelMatrixMultiplier/SobelMatrixMultiplier.cpp:37) [12]  (0 ns)
	'icmp' operation ('exitcond_i3', SobelMatrixMultiplier/SobelMatrixMultiplier.cpp:8->SobelMatrixMultiplier/SobelMatrixMultiplier.cpp:37) [20]  (0.959 ns)
	'select' operation ('col_i_mid2', SobelMatrixMultiplier/SobelMatrixMultiplier.cpp:8->SobelMatrixMultiplier/SobelMatrixMultiplier.cpp:37) [21]  (1.37 ns)
	'add' operation ('col', SobelMatrixMultiplier/SobelMatrixMultiplier.cpp:8->SobelMatrixMultiplier/SobelMatrixMultiplier.cpp:37) [41]  (1.56 ns)

 <State 3>: 6.66ns
The critical path consists of the following:
	'sub' operation ('tmp_1', SobelMatrixMultiplier/SobelMatrixMultiplier.cpp:9->SobelMatrixMultiplier/SobelMatrixMultiplier.cpp:37) [26]  (0 ns)
	'add' operation ('tmp_2', SobelMatrixMultiplier/SobelMatrixMultiplier.cpp:9->SobelMatrixMultiplier/SobelMatrixMultiplier.cpp:37) [31]  (3.4 ns)
	'getelementptr' operation ('p_vertical_sobel_oper', SobelMatrixMultiplier/SobelMatrixMultiplier.cpp:9->SobelMatrixMultiplier/SobelMatrixMultiplier.cpp:37) [34]  (0 ns)
	'load' operation ('p_vertical_sobel_oper_1', SobelMatrixMultiplier/SobelMatrixMultiplier.cpp:9->SobelMatrixMultiplier/SobelMatrixMultiplier.cpp:37) on array 'p_vertical_sobel_oper' [36]  (3.25 ns)

 <State 4>: 3.25ns
The critical path consists of the following:
	'load' operation ('p_vertical_sobel_oper_1', SobelMatrixMultiplier/SobelMatrixMultiplier.cpp:9->SobelMatrixMultiplier/SobelMatrixMultiplier.cpp:37) on array 'p_vertical_sobel_oper' [36]  (3.25 ns)

 <State 5>: 8.51ns
The critical path consists of the following:
	'mul' operation ('tmp_3_i', SobelMatrixMultiplier/SobelMatrixMultiplier.cpp:9->SobelMatrixMultiplier/SobelMatrixMultiplier.cpp:37) [38]  (8.51 ns)

 <State 6>: 2.55ns
The critical path consists of the following:
	'add' operation ('summation', SobelMatrixMultiplier/SobelMatrixMultiplier.cpp:9->SobelMatrixMultiplier/SobelMatrixMultiplier.cpp:37) [39]  (2.55 ns)

 <State 7>: 1.77ns
The critical path consists of the following:
	multiplexor before 'phi' operation ('indvar_flatten1') with incoming values : ('indvar_flatten_next1') [46]  (1.77 ns)

 <State 8>: 3.89ns
The critical path consists of the following:
	'phi' operation ('col') with incoming values : ('col', SobelMatrixMultiplier/SobelMatrixMultiplier.cpp:20->SobelMatrixMultiplier/SobelMatrixMultiplier.cpp:37) [49]  (0 ns)
	'icmp' operation ('exitcond_i', SobelMatrixMultiplier/SobelMatrixMultiplier.cpp:20->SobelMatrixMultiplier/SobelMatrixMultiplier.cpp:37) [57]  (0.959 ns)
	'select' operation ('col_i6_mid2', SobelMatrixMultiplier/SobelMatrixMultiplier.cpp:20->SobelMatrixMultiplier/SobelMatrixMultiplier.cpp:37) [58]  (1.37 ns)
	'add' operation ('col', SobelMatrixMultiplier/SobelMatrixMultiplier.cpp:20->SobelMatrixMultiplier/SobelMatrixMultiplier.cpp:37) [78]  (1.56 ns)

 <State 9>: 6.66ns
The critical path consists of the following:
	'sub' operation ('tmp_4', SobelMatrixMultiplier/SobelMatrixMultiplier.cpp:21->SobelMatrixMultiplier/SobelMatrixMultiplier.cpp:37) [63]  (0 ns)
	'add' operation ('tmp_5', SobelMatrixMultiplier/SobelMatrixMultiplier.cpp:21->SobelMatrixMultiplier/SobelMatrixMultiplier.cpp:37) [68]  (3.4 ns)
	'getelementptr' operation ('p_horizontal_sobel_op', SobelMatrixMultiplier/SobelMatrixMultiplier.cpp:21->SobelMatrixMultiplier/SobelMatrixMultiplier.cpp:37) [71]  (0 ns)
	'load' operation ('p_horizontal_sobel_op_1', SobelMatrixMultiplier/SobelMatrixMultiplier.cpp:21->SobelMatrixMultiplier/SobelMatrixMultiplier.cpp:37) on array 'p_horizontal_sobel_op' [73]  (3.25 ns)

 <State 10>: 3.25ns
The critical path consists of the following:
	'load' operation ('p_horizontal_sobel_op_1', SobelMatrixMultiplier/SobelMatrixMultiplier.cpp:21->SobelMatrixMultiplier/SobelMatrixMultiplier.cpp:37) on array 'p_horizontal_sobel_op' [73]  (3.25 ns)

 <State 11>: 8.51ns
The critical path consists of the following:
	'mul' operation ('tmp_8_i', SobelMatrixMultiplier/SobelMatrixMultiplier.cpp:21->SobelMatrixMultiplier/SobelMatrixMultiplier.cpp:37) [75]  (8.51 ns)

 <State 12>: 2.55ns
The critical path consists of the following:
	'add' operation ('summation', SobelMatrixMultiplier/SobelMatrixMultiplier.cpp:21->SobelMatrixMultiplier/SobelMatrixMultiplier.cpp:37) [76]  (2.55 ns)

 <State 13>: 2.55ns
The critical path consists of the following:
	'add' operation ('tmp_i1', SobelMatrixMultiplier/SobelMatrixMultiplier.cpp:31->SobelMatrixMultiplier/SobelMatrixMultiplier.cpp:37) [81]  (2.55 ns)


============================================================
+ Verbose Summary: Binding
============================================================
N/A
* FSMD analyzer results:
  - Output states:
 - Input state : 
  - Chain level:
	State 1
	State 2
	State 3
	State 4
	State 5
	State 6
	State 7
	State 8
	State 9
	State 10
	State 11
	State 12
	State 13


============================================================
+ Verbose Summary: Datapath Resource usage 
============================================================
N/A
