

================================================================
== Vivado HLS Report for 'fxp_sqrt'
================================================================
* Date:           Fri Apr 20 16:09:15 2018

* Version:        2017.4 (Build 2086221 on Fri Dec 15 21:13:33 MST 2017)
* Project:        ColorComparator
* Solution:       solution1
* Product family: zynq
* Target device:  xc7z020clg400-1


================================================================
== Performance Estimates
================================================================
+ Timing (ns): 
    * Summary: 
    +--------+-------+----------+------------+
    |  Clock | Target| Estimated| Uncertainty|
    +--------+-------+----------+------------+
    |ap_clk  |  10.00|      8.68|        1.25|
    +--------+-------+----------+------------+

+ Latency (clock cycles): 
    * Summary: 
    +-----+-----+-----+-----+----------+
    |  Latency  |  Interval | Pipeline |
    | min | max | min | max |   Type   |
    +-----+-----+-----+-----+----------+
    |   11|   11|    1|    1| function |
    +-----+-----+-----+-----+----------+

    + Detail: 
        * Instance: 
        N/A

        * Loop: 
        N/A

============================================================
+ Verbose Summary: Synthesis Manager
============================================================
InlineROM: 1
ExposeGlobal: 0
============================================================
+ Verbose Summary: CDFG Model
============================================================
IsTopModel: 0
ResetActiveHigh: 1
IsCombinational: 0
IsDatapathOnly: 0
HasWiredReturn: 1
HasMFsm: 2
HasVarLatency: 0
IsPipeline: 1
IsRtlPipelined: 1
IsInstanceOverlapped: 0
IsDontTouch: 0
HasImplIP: 0
IsGatedGlobalClock: 0

+ Individual pipeline summary: 
  * Pipeline-0: initiation interval (II) = 1, depth = 12


============================================================
+ Verbose Summary: Schedule
============================================================
* Number of FSM states : 12
* Pipeline : 1
  Pipeline-0 : II = 1, D = 12, States = { 1 2 3 4 5 6 7 8 9 10 11 12 }
* Dataflow Pipeline: 0

* FSM state transitions: 
1 --> 
	2  / true
2 --> 
	3  / true
3 --> 
	4  / true
4 --> 
	5  / true
5 --> 
	6  / true
6 --> 
	7  / true
7 --> 
	8  / true
8 --> 
	9  / true
9 --> 
	10  / true
10 --> 
	11  / true
11 --> 
	12  / true
12 --> 

* FSM state operations: 

 <State 1> : 3.23ns
ST_1 : Operation 13 [1/1] (0.00ns)   --->   "%in_val_V_read_1 = call i30 @_ssdm_op_Read.ap_auto.i30(i30 %in_val_V_read)"
ST_1 : Operation 14 [1/1] (0.00ns)   --->   "%tmp_11 = call i19 @_ssdm_op_PartSelect.i19.i30.i32.i32(i30 %in_val_V_read_1, i32 11, i32 29)" [ColorComparator/fxp_sqrt.h:163]
ST_1 : Operation 15 [1/1] (0.00ns)   --->   "%tmp = sext i19 %tmp_11 to i21" [ColorComparator/fxp_sqrt.h:163]
ST_1 : Operation 16 [1/1] (0.00ns)   --->   "%tmp_cast = zext i21 %tmp to i22" [ColorComparator/fxp_sqrt.h:163]
ST_1 : Operation 17 [1/1] (2.22ns)   --->   "%tmp_2 = add i22 %tmp_cast, 1" [ColorComparator/fxp_sqrt.h:163]   --->   Core 14 'AddSub' <Latency = 0> <II = 1> <Delay = 2.22> <FuncUnit> <Opcode : 'add' 'sub'> <InPorts = 2> <OutPorts = 1>
ST_1 : Operation 18 [1/1] (0.00ns)   --->   "%tmp_5 = call i21 @_ssdm_op_PartSelect.i21.i22.i32.i32(i22 %tmp_2, i32 1, i32 21)" [ColorComparator/fxp_sqrt.h:163]
ST_1 : Operation 19 [1/1] (0.00ns)   --->   "%tmp_1 = call i22 @_ssdm_op_BitConcatenate.i22.i21.i1(i21 %tmp_5, i1 false)" [ColorComparator/fxp_sqrt.h:163]
ST_1 : Operation 20 [1/1] (1.00ns)   --->   "%p_0353_1 = xor i22 %tmp_1, -2097152" [ColorComparator/fxp_sqrt.h:167]   --->   Core 27 'LogicGate' <Latency = 0> <II = 1> <Delay = 1.00> <FuncUnit> <Opcode : 'and' 'or' 'xor'> <InPorts = 2> <OutPorts = 1>
ST_1 : Operation 21 [1/1] (0.00ns)   --->   "%tmp_13 = call i1 @_ssdm_op_BitSelect.i1.i22.i32(i22 %tmp_2, i32 21)" [ColorComparator/fxp_sqrt.h:162]
ST_1 : Operation 22 [1/1] (0.00ns)   --->   "%tmp_19 = call i1 @_ssdm_op_BitSelect.i1.i22.i32(i22 %p_0353_1, i32 21)" [ColorComparator/fxp_sqrt.h:167]

 <State 2> : 7.76ns
ST_2 : Operation 23 [1/1] (0.00ns)   --->   "%tmp_18_1 = call i23 @_ssdm_op_BitConcatenate.i23.i22.i1(i22 %p_0353_1, i1 false)" [ColorComparator/fxp_sqrt.h:163]
ST_2 : Operation 24 [1/1] (2.28ns)   --->   "%p_0353_1_1 = add i23 %tmp_18_1, 3145728" [ColorComparator/fxp_sqrt.h:167]   --->   Core 14 'AddSub' <Latency = 0> <II = 1> <Delay = 2.22> <FuncUnit> <Opcode : 'add' 'sub'> <InPorts = 2> <OutPorts = 1>
ST_2 : Operation 25 [1/1] (0.00ns)   --->   "%tmp_15 = call i1 @_ssdm_op_BitSelect.i1.i23.i32(i23 %p_0353_1_1, i32 22)" [ColorComparator/fxp_sqrt.h:162]
ST_2 : Operation 26 [1/1] (0.00ns)   --->   "%tmp_17 = shl i23 %p_0353_1_1, 1" [ColorComparator/fxp_sqrt.h:163]
ST_2 : Operation 27 [1/1] (0.00ns)   --->   "%tmp_3 = call i23 @_ssdm_op_BitConcatenate.i23.i1.i22(i1 %tmp_19, i22 0)" [ColorComparator/fxp_sqrt.h:167]
ST_2 : Operation 28 [1/1] (0.00ns) (grouped into TernaryAdder)   --->   "%tmp_4 = add i23 %tmp_3, -1572864" [ColorComparator/fxp_sqrt.h:167]   --->   Core 80 'TAddSub' <Latency = 0> <II = 1> <Delay = 2.05> <IPBlock> <Opcode : 'add' 'sub'> <InPorts = 3> <OutPorts = 1> <Sync> <CReg>
ST_2 : Operation 29 [1/1] (4.10ns) (root node of TernaryAdder)   --->   "%s_V_1_2 = sub i23 %tmp_17, %tmp_4" [ColorComparator/fxp_sqrt.h:163]   --->   Core 80 'TAddSub' <Latency = 0> <II = 1> <Delay = 2.05> <IPBlock> <Opcode : 'add' 'sub'> <InPorts = 3> <OutPorts = 1> <Sync> <CReg>
ST_2 : Operation 30 [1/1] (0.00ns) (grouped into TernaryAdder)   --->   "%tmp1 = add i23 %tmp_17, -2621440" [ColorComparator/fxp_sqrt.h:167]   --->   Core 80 'TAddSub' <Latency = 0> <II = 1> <Delay = 2.05> <IPBlock> <Opcode : 'add' 'sub'> <InPorts = 3> <OutPorts = 1> <Sync> <CReg>
ST_2 : Operation 31 [1/1] (4.10ns) (root node of TernaryAdder)   --->   "%s_V_2_2 = add i23 %tmp1, %tmp_3" [ColorComparator/fxp_sqrt.h:167]   --->   Core 80 'TAddSub' <Latency = 0> <II = 1> <Delay = 2.05> <IPBlock> <Opcode : 'add' 'sub'> <InPorts = 3> <OutPorts = 1> <Sync> <CReg>
ST_2 : Operation 32 [1/1] (1.37ns)   --->   "%p_0353_1_2 = select i1 %tmp_15, i23 %s_V_2_2, i23 %s_V_1_2" [ColorComparator/fxp_sqrt.h:162]   --->   Core 26 'Sel' <Latency = 0> <II = 1> <Delay = 1.37> <FuncUnit> <Opcode : 'select'> <InPorts = 3> <OutPorts = 1>
ST_2 : Operation 33 [1/1] (0.00ns)   --->   "%tmp_21 = call i1 @_ssdm_op_BitSelect.i1.i23.i32(i23 %p_0353_1_2, i32 22)" [ColorComparator/fxp_sqrt.h:162]

 <State 3> : 8.68ns
ST_3 : Operation 34 [1/1] (0.00ns) (grouped into LUT with out node p_0305_1_in_in_2)   --->   "%p_s = select i1 %tmp_13, i3 -4, i3 0" [ColorComparator/fxp_sqrt.h:162]   --->   Core 26 'Sel' <Latency = 0> <II = 1> <Delay = 1.37> <FuncUnit> <Opcode : 'select'> <InPorts = 3> <OutPorts = 1>
ST_3 : Operation 35 [1/1] (0.00ns) (grouped into LUT with out node p_0305_1_in_in_2)   --->   "%q_V_1_1 = select i1 %tmp_13, i3 -2, i3 2" [ColorComparator/fxp_sqrt.h:162]   --->   Core 26 'Sel' <Latency = 0> <II = 1> <Delay = 1.37> <FuncUnit> <Opcode : 'select'> <InPorts = 3> <OutPorts = 1>
ST_3 : Operation 36 [1/1] (1.37ns) (out node of the LUT)   --->   "%p_0305_1_in_in_2 = select i1 %tmp_15, i3 %p_s, i3 %q_V_1_1" [ColorComparator/fxp_sqrt.h:162]   --->   Core 26 'Sel' <Latency = 0> <II = 1> <Delay = 1.37> <FuncUnit> <Opcode : 'select'> <InPorts = 3> <OutPorts = 1>
ST_3 : Operation 37 [1/1] (0.00ns)   --->   "%q_V_1_2 = or i3 %p_0305_1_in_in_2, 1" [ColorComparator/fxp_sqrt.h:165]
ST_3 : Operation 38 [1/1] (0.00ns)   --->   "%tmp_23 = shl i23 %p_0353_1_2, 1" [ColorComparator/fxp_sqrt.h:163]
ST_3 : Operation 39 [1/1] (0.00ns) (grouped into LUT with out node s_V_1_3)   --->   "%r_V_2_3 = call i23 @_ssdm_op_BitConcatenate.i23.i3.i20(i3 %q_V_1_2, i20 0)" [ColorComparator/fxp_sqrt.h:163]
ST_3 : Operation 40 [1/1] (0.00ns) (grouped into LUT with out node s_V_1_3)   --->   "%tmp_24_3 = or i23 %r_V_2_3, 262144" [ColorComparator/fxp_sqrt.h:163]
ST_3 : Operation 41 [1/1] (2.28ns) (out node of the LUT)   --->   "%s_V_1_3 = sub i23 %tmp_23, %tmp_24_3" [ColorComparator/fxp_sqrt.h:163]   --->   Core 14 'AddSub' <Latency = 0> <II = 1> <Delay = 2.22> <FuncUnit> <Opcode : 'add' 'sub'> <InPorts = 2> <OutPorts = 1>
ST_3 : Operation 42 [1/1] (0.00ns) (grouped into LUT with out node s_V_2_3)   --->   "%r_V_4_3 = call i23 @_ssdm_op_BitConcatenate.i23.i3.i20(i3 %p_0305_1_in_in_2, i20 0)" [ColorComparator/fxp_sqrt.h:167]
ST_3 : Operation 43 [1/1] (0.00ns) (grouped into LUT with out node s_V_2_3)   --->   "%tmp_27_3 = or i23 %r_V_4_3, 786432" [ColorComparator/fxp_sqrt.h:167]
ST_3 : Operation 44 [1/1] (2.28ns) (out node of the LUT)   --->   "%s_V_2_3 = add i23 %tmp_27_3, %tmp_23" [ColorComparator/fxp_sqrt.h:167]   --->   Core 14 'AddSub' <Latency = 0> <II = 1> <Delay = 2.22> <FuncUnit> <Opcode : 'add' 'sub'> <InPorts = 2> <OutPorts = 1>
ST_3 : Operation 45 [1/1] (1.37ns)   --->   "%p_0353_1_3 = select i1 %tmp_21, i23 %s_V_2_3, i23 %s_V_1_3" [ColorComparator/fxp_sqrt.h:162]   --->   Core 26 'Sel' <Latency = 0> <II = 1> <Delay = 1.37> <FuncUnit> <Opcode : 'select'> <InPorts = 3> <OutPorts = 1>
ST_3 : Operation 46 [1/1] (1.37ns)   --->   "%tmp_s = select i1 %tmp_21, i3 %p_0305_1_in_in_2, i3 %q_V_1_2" [ColorComparator/fxp_sqrt.h:162]   --->   Core 26 'Sel' <Latency = 0> <II = 1> <Delay = 1.37> <FuncUnit> <Opcode : 'select'> <InPorts = 3> <OutPorts = 1>
ST_3 : Operation 47 [1/1] (0.00ns)   --->   "%q_star_V_3 = call i4 @_ssdm_op_BitConcatenate.i4.i3.i1(i3 %tmp_s, i1 false)" [ColorComparator/fxp_sqrt.h:164]
ST_3 : Operation 48 [1/1] (0.00ns)   --->   "%q_V_1_3 = or i4 %q_star_V_3, 1" [ColorComparator/fxp_sqrt.h:165]
ST_3 : Operation 49 [1/1] (0.00ns)   --->   "%tmp_25 = call i1 @_ssdm_op_BitSelect.i1.i23.i32(i23 %p_0353_1_3, i32 22)" [ColorComparator/fxp_sqrt.h:162]
ST_3 : Operation 50 [1/1] (0.00ns)   --->   "%tmp_27 = shl i23 %p_0353_1_3, 1" [ColorComparator/fxp_sqrt.h:163]
ST_3 : Operation 51 [1/1] (0.00ns) (grouped into LUT with out node s_V_1_4)   --->   "%r_V_2_4 = call i23 @_ssdm_op_BitConcatenate.i23.i4.i19(i4 %q_V_1_3, i19 0)" [ColorComparator/fxp_sqrt.h:163]
ST_3 : Operation 52 [1/1] (0.00ns) (grouped into LUT with out node s_V_1_4)   --->   "%tmp_24_4 = or i23 %r_V_2_4, 131072" [ColorComparator/fxp_sqrt.h:163]
ST_3 : Operation 53 [1/1] (2.28ns) (out node of the LUT)   --->   "%s_V_1_4 = sub i23 %tmp_27, %tmp_24_4" [ColorComparator/fxp_sqrt.h:163]   --->   Core 14 'AddSub' <Latency = 0> <II = 1> <Delay = 2.22> <FuncUnit> <Opcode : 'add' 'sub'> <InPorts = 2> <OutPorts = 1>
ST_3 : Operation 54 [1/1] (0.00ns) (grouped into LUT with out node s_V_2_4)   --->   "%r_V_4_4 = call i23 @_ssdm_op_BitConcatenate.i23.i3.i20(i3 %tmp_s, i20 0)" [ColorComparator/fxp_sqrt.h:167]
ST_3 : Operation 55 [1/1] (0.00ns) (grouped into LUT with out node s_V_2_4)   --->   "%tmp_27_4 = or i23 %r_V_4_4, 393216" [ColorComparator/fxp_sqrt.h:167]
ST_3 : Operation 56 [1/1] (2.28ns) (out node of the LUT)   --->   "%s_V_2_4 = add i23 %tmp_27_4, %tmp_27" [ColorComparator/fxp_sqrt.h:167]   --->   Core 14 'AddSub' <Latency = 0> <II = 1> <Delay = 2.22> <FuncUnit> <Opcode : 'add' 'sub'> <InPorts = 2> <OutPorts = 1>
ST_3 : Operation 57 [1/1] (1.37ns)   --->   "%p_0353_1_4 = select i1 %tmp_25, i23 %s_V_2_4, i23 %s_V_1_4" [ColorComparator/fxp_sqrt.h:162]   --->   Core 26 'Sel' <Latency = 0> <II = 1> <Delay = 1.37> <FuncUnit> <Opcode : 'select'> <InPorts = 3> <OutPorts = 1>
ST_3 : Operation 58 [1/1] (1.37ns)   --->   "%tmp_6 = select i1 %tmp_25, i4 %q_star_V_3, i4 %q_V_1_3" [ColorComparator/fxp_sqrt.h:162]   --->   Core 26 'Sel' <Latency = 0> <II = 1> <Delay = 1.37> <FuncUnit> <Opcode : 'select'> <InPorts = 3> <OutPorts = 1>
ST_3 : Operation 59 [1/1] (0.00ns)   --->   "%tmp_29 = call i1 @_ssdm_op_BitSelect.i1.i23.i32(i23 %p_0353_1_4, i32 22)" [ColorComparator/fxp_sqrt.h:162]

 <State 4> : 7.31ns
ST_4 : Operation 60 [1/1] (0.00ns)   --->   "%q_star_V_4 = call i5 @_ssdm_op_BitConcatenate.i5.i4.i1(i4 %tmp_6, i1 false)" [ColorComparator/fxp_sqrt.h:164]
ST_4 : Operation 61 [1/1] (0.00ns)   --->   "%q_V_1_4 = or i5 %q_star_V_4, 1" [ColorComparator/fxp_sqrt.h:165]
ST_4 : Operation 62 [1/1] (0.00ns)   --->   "%tmp_31 = shl i23 %p_0353_1_4, 1" [ColorComparator/fxp_sqrt.h:163]
ST_4 : Operation 63 [1/1] (0.00ns) (grouped into LUT with out node s_V_1_5)   --->   "%r_V_2_5 = call i23 @_ssdm_op_BitConcatenate.i23.i5.i18(i5 %q_V_1_4, i18 0)" [ColorComparator/fxp_sqrt.h:163]
ST_4 : Operation 64 [1/1] (0.00ns) (grouped into LUT with out node s_V_1_5)   --->   "%tmp_24_5 = or i23 %r_V_2_5, 65536" [ColorComparator/fxp_sqrt.h:163]
ST_4 : Operation 65 [1/1] (2.28ns) (out node of the LUT)   --->   "%s_V_1_5 = sub i23 %tmp_31, %tmp_24_5" [ColorComparator/fxp_sqrt.h:163]   --->   Core 14 'AddSub' <Latency = 0> <II = 1> <Delay = 2.22> <FuncUnit> <Opcode : 'add' 'sub'> <InPorts = 2> <OutPorts = 1>
ST_4 : Operation 66 [1/1] (0.00ns) (grouped into LUT with out node s_V_2_5)   --->   "%r_V_4_5 = call i23 @_ssdm_op_BitConcatenate.i23.i4.i19(i4 %tmp_6, i19 0)" [ColorComparator/fxp_sqrt.h:167]
ST_4 : Operation 67 [1/1] (0.00ns) (grouped into LUT with out node s_V_2_5)   --->   "%tmp_27_5 = or i23 %r_V_4_5, 196608" [ColorComparator/fxp_sqrt.h:167]
ST_4 : Operation 68 [1/1] (2.28ns) (out node of the LUT)   --->   "%s_V_2_5 = add i23 %tmp_27_5, %tmp_31" [ColorComparator/fxp_sqrt.h:167]   --->   Core 14 'AddSub' <Latency = 0> <II = 1> <Delay = 2.22> <FuncUnit> <Opcode : 'add' 'sub'> <InPorts = 2> <OutPorts = 1>
ST_4 : Operation 69 [1/1] (1.37ns)   --->   "%p_0353_1_5 = select i1 %tmp_29, i23 %s_V_2_5, i23 %s_V_1_5" [ColorComparator/fxp_sqrt.h:162]   --->   Core 26 'Sel' <Latency = 0> <II = 1> <Delay = 1.37> <FuncUnit> <Opcode : 'select'> <InPorts = 3> <OutPorts = 1>
ST_4 : Operation 70 [1/1] (1.37ns)   --->   "%tmp_8 = select i1 %tmp_29, i5 %q_star_V_4, i5 %q_V_1_4" [ColorComparator/fxp_sqrt.h:162]   --->   Core 26 'Sel' <Latency = 0> <II = 1> <Delay = 1.37> <FuncUnit> <Opcode : 'select'> <InPorts = 3> <OutPorts = 1>
ST_4 : Operation 71 [1/1] (0.00ns)   --->   "%q_star_V_5 = call i6 @_ssdm_op_BitConcatenate.i6.i5.i1(i5 %tmp_8, i1 false)" [ColorComparator/fxp_sqrt.h:164]
ST_4 : Operation 72 [1/1] (0.00ns)   --->   "%q_V_1_5 = or i6 %q_star_V_5, 1" [ColorComparator/fxp_sqrt.h:165]
ST_4 : Operation 73 [1/1] (0.00ns)   --->   "%tmp_33 = call i1 @_ssdm_op_BitSelect.i1.i23.i32(i23 %p_0353_1_5, i32 22)" [ColorComparator/fxp_sqrt.h:162]
ST_4 : Operation 74 [1/1] (0.00ns)   --->   "%tmp_35 = shl i23 %p_0353_1_5, 1" [ColorComparator/fxp_sqrt.h:163]
ST_4 : Operation 75 [1/1] (0.00ns) (grouped into LUT with out node s_V_1_6)   --->   "%r_V_2_6 = call i23 @_ssdm_op_BitConcatenate.i23.i6.i17(i6 %q_V_1_5, i17 0)" [ColorComparator/fxp_sqrt.h:163]
ST_4 : Operation 76 [1/1] (0.00ns) (grouped into LUT with out node s_V_1_6)   --->   "%tmp_24_6 = or i23 %r_V_2_6, 32768" [ColorComparator/fxp_sqrt.h:163]
ST_4 : Operation 77 [1/1] (2.28ns) (out node of the LUT)   --->   "%s_V_1_6 = sub i23 %tmp_35, %tmp_24_6" [ColorComparator/fxp_sqrt.h:163]   --->   Core 14 'AddSub' <Latency = 0> <II = 1> <Delay = 2.22> <FuncUnit> <Opcode : 'add' 'sub'> <InPorts = 2> <OutPorts = 1>
ST_4 : Operation 78 [1/1] (0.00ns) (grouped into LUT with out node s_V_2_6)   --->   "%r_V_4_6 = call i23 @_ssdm_op_BitConcatenate.i23.i5.i18(i5 %tmp_8, i18 0)" [ColorComparator/fxp_sqrt.h:167]
ST_4 : Operation 79 [1/1] (0.00ns) (grouped into LUT with out node s_V_2_6)   --->   "%tmp_27_6 = or i23 %r_V_4_6, 98304" [ColorComparator/fxp_sqrt.h:167]
ST_4 : Operation 80 [1/1] (2.28ns) (out node of the LUT)   --->   "%s_V_2_6 = add i23 %tmp_27_6, %tmp_35" [ColorComparator/fxp_sqrt.h:167]   --->   Core 14 'AddSub' <Latency = 0> <II = 1> <Delay = 2.22> <FuncUnit> <Opcode : 'add' 'sub'> <InPorts = 2> <OutPorts = 1>
ST_4 : Operation 81 [1/1] (1.37ns)   --->   "%p_0353_1_6 = select i1 %tmp_33, i23 %s_V_2_6, i23 %s_V_1_6" [ColorComparator/fxp_sqrt.h:162]   --->   Core 26 'Sel' <Latency = 0> <II = 1> <Delay = 1.37> <FuncUnit> <Opcode : 'select'> <InPorts = 3> <OutPorts = 1>
ST_4 : Operation 82 [1/1] (1.37ns)   --->   "%tmp_9 = select i1 %tmp_33, i6 %q_star_V_5, i6 %q_V_1_5" [ColorComparator/fxp_sqrt.h:162]   --->   Core 26 'Sel' <Latency = 0> <II = 1> <Delay = 1.37> <FuncUnit> <Opcode : 'select'> <InPorts = 3> <OutPorts = 1>
ST_4 : Operation 83 [1/1] (0.00ns)   --->   "%tmp_37 = call i1 @_ssdm_op_BitSelect.i1.i23.i32(i23 %p_0353_1_6, i32 22)" [ColorComparator/fxp_sqrt.h:162]

 <State 5> : 7.31ns
ST_5 : Operation 84 [1/1] (0.00ns)   --->   "%q_star_V_6 = call i7 @_ssdm_op_BitConcatenate.i7.i6.i1(i6 %tmp_9, i1 false)" [ColorComparator/fxp_sqrt.h:164]
ST_5 : Operation 85 [1/1] (0.00ns)   --->   "%q_V_1_6 = or i7 %q_star_V_6, 1" [ColorComparator/fxp_sqrt.h:165]
ST_5 : Operation 86 [1/1] (0.00ns)   --->   "%tmp_39 = shl i23 %p_0353_1_6, 1" [ColorComparator/fxp_sqrt.h:163]
ST_5 : Operation 87 [1/1] (0.00ns) (grouped into LUT with out node s_V_1_7)   --->   "%r_V_2_7 = call i23 @_ssdm_op_BitConcatenate.i23.i7.i16(i7 %q_V_1_6, i16 0)" [ColorComparator/fxp_sqrt.h:163]
ST_5 : Operation 88 [1/1] (0.00ns) (grouped into LUT with out node s_V_1_7)   --->   "%tmp_24_7 = or i23 %r_V_2_7, 16384" [ColorComparator/fxp_sqrt.h:163]
ST_5 : Operation 89 [1/1] (2.28ns) (out node of the LUT)   --->   "%s_V_1_7 = sub i23 %tmp_39, %tmp_24_7" [ColorComparator/fxp_sqrt.h:163]   --->   Core 14 'AddSub' <Latency = 0> <II = 1> <Delay = 2.22> <FuncUnit> <Opcode : 'add' 'sub'> <InPorts = 2> <OutPorts = 1>
ST_5 : Operation 90 [1/1] (0.00ns) (grouped into LUT with out node s_V_2_7)   --->   "%r_V_4_7 = call i23 @_ssdm_op_BitConcatenate.i23.i6.i17(i6 %tmp_9, i17 0)" [ColorComparator/fxp_sqrt.h:167]
ST_5 : Operation 91 [1/1] (0.00ns) (grouped into LUT with out node s_V_2_7)   --->   "%tmp_27_7 = or i23 %r_V_4_7, 49152" [ColorComparator/fxp_sqrt.h:167]
ST_5 : Operation 92 [1/1] (2.28ns) (out node of the LUT)   --->   "%s_V_2_7 = add i23 %tmp_27_7, %tmp_39" [ColorComparator/fxp_sqrt.h:167]   --->   Core 14 'AddSub' <Latency = 0> <II = 1> <Delay = 2.22> <FuncUnit> <Opcode : 'add' 'sub'> <InPorts = 2> <OutPorts = 1>
ST_5 : Operation 93 [1/1] (1.37ns)   --->   "%p_0353_1_7 = select i1 %tmp_37, i23 %s_V_2_7, i23 %s_V_1_7" [ColorComparator/fxp_sqrt.h:162]   --->   Core 26 'Sel' <Latency = 0> <II = 1> <Delay = 1.37> <FuncUnit> <Opcode : 'select'> <InPorts = 3> <OutPorts = 1>
ST_5 : Operation 94 [1/1] (1.37ns)   --->   "%tmp_10 = select i1 %tmp_37, i7 %q_star_V_6, i7 %q_V_1_6" [ColorComparator/fxp_sqrt.h:162]   --->   Core 26 'Sel' <Latency = 0> <II = 1> <Delay = 1.37> <FuncUnit> <Opcode : 'select'> <InPorts = 3> <OutPorts = 1>
ST_5 : Operation 95 [1/1] (0.00ns)   --->   "%q_star_V_7 = call i8 @_ssdm_op_BitConcatenate.i8.i7.i1(i7 %tmp_10, i1 false)" [ColorComparator/fxp_sqrt.h:164]
ST_5 : Operation 96 [1/1] (0.00ns)   --->   "%q_V_1_7 = or i8 %q_star_V_7, 1" [ColorComparator/fxp_sqrt.h:165]
ST_5 : Operation 97 [1/1] (0.00ns)   --->   "%tmp_41 = call i1 @_ssdm_op_BitSelect.i1.i23.i32(i23 %p_0353_1_7, i32 22)" [ColorComparator/fxp_sqrt.h:162]
ST_5 : Operation 98 [1/1] (0.00ns)   --->   "%tmp_43 = shl i23 %p_0353_1_7, 1" [ColorComparator/fxp_sqrt.h:163]
ST_5 : Operation 99 [1/1] (0.00ns) (grouped into LUT with out node s_V_1_8)   --->   "%r_V_2_8 = call i23 @_ssdm_op_BitConcatenate.i23.i8.i15(i8 %q_V_1_7, i15 0)" [ColorComparator/fxp_sqrt.h:163]
ST_5 : Operation 100 [1/1] (0.00ns) (grouped into LUT with out node s_V_1_8)   --->   "%tmp_24_8 = or i23 %r_V_2_8, 8192" [ColorComparator/fxp_sqrt.h:163]
ST_5 : Operation 101 [1/1] (2.28ns) (out node of the LUT)   --->   "%s_V_1_8 = sub i23 %tmp_43, %tmp_24_8" [ColorComparator/fxp_sqrt.h:163]   --->   Core 14 'AddSub' <Latency = 0> <II = 1> <Delay = 2.22> <FuncUnit> <Opcode : 'add' 'sub'> <InPorts = 2> <OutPorts = 1>
ST_5 : Operation 102 [1/1] (0.00ns) (grouped into LUT with out node s_V_2_8)   --->   "%r_V_4_8 = call i23 @_ssdm_op_BitConcatenate.i23.i7.i16(i7 %tmp_10, i16 0)" [ColorComparator/fxp_sqrt.h:167]
ST_5 : Operation 103 [1/1] (0.00ns) (grouped into LUT with out node s_V_2_8)   --->   "%tmp_27_8 = or i23 %r_V_4_8, 24576" [ColorComparator/fxp_sqrt.h:167]
ST_5 : Operation 104 [1/1] (2.28ns) (out node of the LUT)   --->   "%s_V_2_8 = add i23 %tmp_27_8, %tmp_43" [ColorComparator/fxp_sqrt.h:167]   --->   Core 14 'AddSub' <Latency = 0> <II = 1> <Delay = 2.22> <FuncUnit> <Opcode : 'add' 'sub'> <InPorts = 2> <OutPorts = 1>
ST_5 : Operation 105 [1/1] (1.37ns)   --->   "%p_0353_1_8 = select i1 %tmp_41, i23 %s_V_2_8, i23 %s_V_1_8" [ColorComparator/fxp_sqrt.h:162]   --->   Core 26 'Sel' <Latency = 0> <II = 1> <Delay = 1.37> <FuncUnit> <Opcode : 'select'> <InPorts = 3> <OutPorts = 1>
ST_5 : Operation 106 [1/1] (1.37ns)   --->   "%tmp_12 = select i1 %tmp_41, i8 %q_star_V_7, i8 %q_V_1_7" [ColorComparator/fxp_sqrt.h:162]   --->   Core 26 'Sel' <Latency = 0> <II = 1> <Delay = 1.37> <FuncUnit> <Opcode : 'select'> <InPorts = 3> <OutPorts = 1>
ST_5 : Operation 107 [1/1] (0.00ns)   --->   "%tmp_45 = call i1 @_ssdm_op_BitSelect.i1.i23.i32(i23 %p_0353_1_8, i32 22)" [ColorComparator/fxp_sqrt.h:162]

 <State 6> : 7.31ns
ST_6 : Operation 108 [1/1] (0.00ns)   --->   "%q_star_V_8 = call i9 @_ssdm_op_BitConcatenate.i9.i8.i1(i8 %tmp_12, i1 false)" [ColorComparator/fxp_sqrt.h:164]
ST_6 : Operation 109 [1/1] (0.00ns)   --->   "%q_V_1_8 = or i9 %q_star_V_8, 1" [ColorComparator/fxp_sqrt.h:165]
ST_6 : Operation 110 [1/1] (0.00ns)   --->   "%tmp_46 = shl i23 %p_0353_1_8, 1" [ColorComparator/fxp_sqrt.h:163]
ST_6 : Operation 111 [1/1] (0.00ns) (grouped into LUT with out node s_V_1_9)   --->   "%r_V_2_9 = call i23 @_ssdm_op_BitConcatenate.i23.i9.i14(i9 %q_V_1_8, i14 0)" [ColorComparator/fxp_sqrt.h:163]
ST_6 : Operation 112 [1/1] (0.00ns) (grouped into LUT with out node s_V_1_9)   --->   "%tmp_24_9 = or i23 %r_V_2_9, 4096" [ColorComparator/fxp_sqrt.h:163]
ST_6 : Operation 113 [1/1] (2.28ns) (out node of the LUT)   --->   "%s_V_1_9 = sub i23 %tmp_46, %tmp_24_9" [ColorComparator/fxp_sqrt.h:163]   --->   Core 14 'AddSub' <Latency = 0> <II = 1> <Delay = 2.22> <FuncUnit> <Opcode : 'add' 'sub'> <InPorts = 2> <OutPorts = 1>
ST_6 : Operation 114 [1/1] (0.00ns) (grouped into LUT with out node s_V_2_9)   --->   "%r_V_4_9 = call i23 @_ssdm_op_BitConcatenate.i23.i8.i15(i8 %tmp_12, i15 0)" [ColorComparator/fxp_sqrt.h:167]
ST_6 : Operation 115 [1/1] (0.00ns) (grouped into LUT with out node s_V_2_9)   --->   "%tmp_27_9 = or i23 %r_V_4_9, 12288" [ColorComparator/fxp_sqrt.h:167]
ST_6 : Operation 116 [1/1] (2.28ns) (out node of the LUT)   --->   "%s_V_2_9 = add i23 %tmp_27_9, %tmp_46" [ColorComparator/fxp_sqrt.h:167]   --->   Core 14 'AddSub' <Latency = 0> <II = 1> <Delay = 2.22> <FuncUnit> <Opcode : 'add' 'sub'> <InPorts = 2> <OutPorts = 1>
ST_6 : Operation 117 [1/1] (1.37ns)   --->   "%p_0353_1_9 = select i1 %tmp_45, i23 %s_V_2_9, i23 %s_V_1_9" [ColorComparator/fxp_sqrt.h:162]   --->   Core 26 'Sel' <Latency = 0> <II = 1> <Delay = 1.37> <FuncUnit> <Opcode : 'select'> <InPorts = 3> <OutPorts = 1>
ST_6 : Operation 118 [1/1] (1.37ns)   --->   "%tmp_14 = select i1 %tmp_45, i9 %q_star_V_8, i9 %q_V_1_8" [ColorComparator/fxp_sqrt.h:162]   --->   Core 26 'Sel' <Latency = 0> <II = 1> <Delay = 1.37> <FuncUnit> <Opcode : 'select'> <InPorts = 3> <OutPorts = 1>
ST_6 : Operation 119 [1/1] (0.00ns)   --->   "%q_star_V_9 = call i10 @_ssdm_op_BitConcatenate.i10.i9.i1(i9 %tmp_14, i1 false)" [ColorComparator/fxp_sqrt.h:164]
ST_6 : Operation 120 [1/1] (0.00ns)   --->   "%q_V_1_9 = or i10 %q_star_V_9, 1" [ColorComparator/fxp_sqrt.h:165]
ST_6 : Operation 121 [1/1] (0.00ns)   --->   "%tmp_47 = call i1 @_ssdm_op_BitSelect.i1.i23.i32(i23 %p_0353_1_9, i32 22)" [ColorComparator/fxp_sqrt.h:162]
ST_6 : Operation 122 [1/1] (0.00ns)   --->   "%tmp_48 = shl i23 %p_0353_1_9, 1" [ColorComparator/fxp_sqrt.h:163]
ST_6 : Operation 123 [1/1] (0.00ns) (grouped into LUT with out node s_V_1_s)   --->   "%r_V_2_s = call i23 @_ssdm_op_BitConcatenate.i23.i10.i13(i10 %q_V_1_9, i13 0)" [ColorComparator/fxp_sqrt.h:163]
ST_6 : Operation 124 [1/1] (0.00ns) (grouped into LUT with out node s_V_1_s)   --->   "%tmp_24_s = or i23 %r_V_2_s, 2048" [ColorComparator/fxp_sqrt.h:163]
ST_6 : Operation 125 [1/1] (2.28ns) (out node of the LUT)   --->   "%s_V_1_s = sub i23 %tmp_48, %tmp_24_s" [ColorComparator/fxp_sqrt.h:163]   --->   Core 14 'AddSub' <Latency = 0> <II = 1> <Delay = 2.22> <FuncUnit> <Opcode : 'add' 'sub'> <InPorts = 2> <OutPorts = 1>
ST_6 : Operation 126 [1/1] (0.00ns) (grouped into LUT with out node s_V_2_s)   --->   "%r_V_4_s = call i23 @_ssdm_op_BitConcatenate.i23.i9.i14(i9 %tmp_14, i14 0)" [ColorComparator/fxp_sqrt.h:167]
ST_6 : Operation 127 [1/1] (0.00ns) (grouped into LUT with out node s_V_2_s)   --->   "%tmp_27_s = or i23 %r_V_4_s, 6144" [ColorComparator/fxp_sqrt.h:167]
ST_6 : Operation 128 [1/1] (2.28ns) (out node of the LUT)   --->   "%s_V_2_s = add i23 %tmp_27_s, %tmp_48" [ColorComparator/fxp_sqrt.h:167]   --->   Core 14 'AddSub' <Latency = 0> <II = 1> <Delay = 2.22> <FuncUnit> <Opcode : 'add' 'sub'> <InPorts = 2> <OutPorts = 1>
ST_6 : Operation 129 [1/1] (1.37ns)   --->   "%p_0353_1_s = select i1 %tmp_47, i23 %s_V_2_s, i23 %s_V_1_s" [ColorComparator/fxp_sqrt.h:162]   --->   Core 26 'Sel' <Latency = 0> <II = 1> <Delay = 1.37> <FuncUnit> <Opcode : 'select'> <InPorts = 3> <OutPorts = 1>
ST_6 : Operation 130 [1/1] (1.37ns)   --->   "%tmp_16 = select i1 %tmp_47, i10 %q_star_V_9, i10 %q_V_1_9" [ColorComparator/fxp_sqrt.h:162]   --->   Core 26 'Sel' <Latency = 0> <II = 1> <Delay = 1.37> <FuncUnit> <Opcode : 'select'> <InPorts = 3> <OutPorts = 1>
ST_6 : Operation 131 [1/1] (0.00ns)   --->   "%tmp_52 = call i1 @_ssdm_op_BitSelect.i1.i23.i32(i23 %p_0353_1_s, i32 22)" [ColorComparator/fxp_sqrt.h:162]

 <State 7> : 7.31ns
ST_7 : Operation 132 [1/1] (0.00ns)   --->   "%q_star_V_s = call i11 @_ssdm_op_BitConcatenate.i11.i10.i1(i10 %tmp_16, i1 false)" [ColorComparator/fxp_sqrt.h:164]
ST_7 : Operation 133 [1/1] (0.00ns)   --->   "%q_V_1_s = or i11 %q_star_V_s, 1" [ColorComparator/fxp_sqrt.h:165]
ST_7 : Operation 134 [1/1] (0.00ns)   --->   "%tmp_53 = shl i23 %p_0353_1_s, 1" [ColorComparator/fxp_sqrt.h:163]
ST_7 : Operation 135 [1/1] (0.00ns) (grouped into LUT with out node s_V_1_1)   --->   "%r_V_2_1 = call i23 @_ssdm_op_BitConcatenate.i23.i11.i12(i11 %q_V_1_s, i12 0)" [ColorComparator/fxp_sqrt.h:163]
ST_7 : Operation 136 [1/1] (0.00ns) (grouped into LUT with out node s_V_1_1)   --->   "%tmp_24_1 = or i23 %r_V_2_1, 1024" [ColorComparator/fxp_sqrt.h:163]
ST_7 : Operation 137 [1/1] (2.28ns) (out node of the LUT)   --->   "%s_V_1_1 = sub i23 %tmp_53, %tmp_24_1" [ColorComparator/fxp_sqrt.h:163]   --->   Core 14 'AddSub' <Latency = 0> <II = 1> <Delay = 2.22> <FuncUnit> <Opcode : 'add' 'sub'> <InPorts = 2> <OutPorts = 1>
ST_7 : Operation 138 [1/1] (0.00ns) (grouped into LUT with out node s_V_2_1)   --->   "%r_V_4_1 = call i23 @_ssdm_op_BitConcatenate.i23.i10.i13(i10 %tmp_16, i13 0)" [ColorComparator/fxp_sqrt.h:167]
ST_7 : Operation 139 [1/1] (0.00ns) (grouped into LUT with out node s_V_2_1)   --->   "%tmp_27_1 = or i23 %r_V_4_1, 3072" [ColorComparator/fxp_sqrt.h:167]
ST_7 : Operation 140 [1/1] (2.28ns) (out node of the LUT)   --->   "%s_V_2_1 = add i23 %tmp_27_1, %tmp_53" [ColorComparator/fxp_sqrt.h:167]   --->   Core 14 'AddSub' <Latency = 0> <II = 1> <Delay = 2.22> <FuncUnit> <Opcode : 'add' 'sub'> <InPorts = 2> <OutPorts = 1>
ST_7 : Operation 141 [1/1] (1.37ns)   --->   "%p_0353_1_10 = select i1 %tmp_52, i23 %s_V_2_1, i23 %s_V_1_1" [ColorComparator/fxp_sqrt.h:162]   --->   Core 26 'Sel' <Latency = 0> <II = 1> <Delay = 1.37> <FuncUnit> <Opcode : 'select'> <InPorts = 3> <OutPorts = 1>
ST_7 : Operation 142 [1/1] (1.37ns)   --->   "%tmp_18 = select i1 %tmp_52, i11 %q_star_V_s, i11 %q_V_1_s" [ColorComparator/fxp_sqrt.h:162]   --->   Core 26 'Sel' <Latency = 0> <II = 1> <Delay = 1.37> <FuncUnit> <Opcode : 'select'> <InPorts = 3> <OutPorts = 1>
ST_7 : Operation 143 [1/1] (0.00ns)   --->   "%q_star_V_1 = call i12 @_ssdm_op_BitConcatenate.i12.i11.i1(i11 %tmp_18, i1 false)" [ColorComparator/fxp_sqrt.h:164]
ST_7 : Operation 144 [1/1] (0.00ns)   --->   "%q_V_1_10 = or i12 %q_star_V_1, 1" [ColorComparator/fxp_sqrt.h:165]
ST_7 : Operation 145 [1/1] (0.00ns)   --->   "%tmp_54 = call i1 @_ssdm_op_BitSelect.i1.i23.i32(i23 %p_0353_1_10, i32 22)" [ColorComparator/fxp_sqrt.h:162]
ST_7 : Operation 146 [1/1] (0.00ns)   --->   "%tmp_55 = shl i23 %p_0353_1_10, 1" [ColorComparator/fxp_sqrt.h:163]
ST_7 : Operation 147 [1/1] (0.00ns) (grouped into LUT with out node s_V_1_10)   --->   "%r_V_2_2 = call i23 @_ssdm_op_BitConcatenate.i23.i12.i11(i12 %q_V_1_10, i11 0)" [ColorComparator/fxp_sqrt.h:163]
ST_7 : Operation 148 [1/1] (0.00ns) (grouped into LUT with out node s_V_1_10)   --->   "%tmp_24_2 = or i23 %r_V_2_2, 512" [ColorComparator/fxp_sqrt.h:163]
ST_7 : Operation 149 [1/1] (2.28ns) (out node of the LUT)   --->   "%s_V_1_10 = sub i23 %tmp_55, %tmp_24_2" [ColorComparator/fxp_sqrt.h:163]   --->   Core 14 'AddSub' <Latency = 0> <II = 1> <Delay = 2.22> <FuncUnit> <Opcode : 'add' 'sub'> <InPorts = 2> <OutPorts = 1>
ST_7 : Operation 150 [1/1] (0.00ns) (grouped into LUT with out node s_V_2_10)   --->   "%r_V_4_2 = call i23 @_ssdm_op_BitConcatenate.i23.i11.i12(i11 %tmp_18, i12 0)" [ColorComparator/fxp_sqrt.h:167]
ST_7 : Operation 151 [1/1] (0.00ns) (grouped into LUT with out node s_V_2_10)   --->   "%tmp_27_2 = or i23 %r_V_4_2, 1536" [ColorComparator/fxp_sqrt.h:167]
ST_7 : Operation 152 [1/1] (2.28ns) (out node of the LUT)   --->   "%s_V_2_10 = add i23 %tmp_27_2, %tmp_55" [ColorComparator/fxp_sqrt.h:167]   --->   Core 14 'AddSub' <Latency = 0> <II = 1> <Delay = 2.22> <FuncUnit> <Opcode : 'add' 'sub'> <InPorts = 2> <OutPorts = 1>
ST_7 : Operation 153 [1/1] (1.37ns)   --->   "%p_0353_1_11 = select i1 %tmp_54, i23 %s_V_2_10, i23 %s_V_1_10" [ColorComparator/fxp_sqrt.h:162]   --->   Core 26 'Sel' <Latency = 0> <II = 1> <Delay = 1.37> <FuncUnit> <Opcode : 'select'> <InPorts = 3> <OutPorts = 1>
ST_7 : Operation 154 [1/1] (1.37ns)   --->   "%tmp_20 = select i1 %tmp_54, i12 %q_star_V_1, i12 %q_V_1_10" [ColorComparator/fxp_sqrt.h:162]   --->   Core 26 'Sel' <Latency = 0> <II = 1> <Delay = 1.37> <FuncUnit> <Opcode : 'select'> <InPorts = 3> <OutPorts = 1>
ST_7 : Operation 155 [1/1] (0.00ns)   --->   "%tmp_56 = call i1 @_ssdm_op_BitSelect.i1.i23.i32(i23 %p_0353_1_11, i32 22)" [ColorComparator/fxp_sqrt.h:162]

 <State 8> : 7.31ns
ST_8 : Operation 156 [1/1] (0.00ns)   --->   "%q_star_V_2 = call i13 @_ssdm_op_BitConcatenate.i13.i12.i1(i12 %tmp_20, i1 false)" [ColorComparator/fxp_sqrt.h:164]
ST_8 : Operation 157 [1/1] (0.00ns)   --->   "%q_V_1_11 = or i13 %q_star_V_2, 1" [ColorComparator/fxp_sqrt.h:165]
ST_8 : Operation 158 [1/1] (0.00ns)   --->   "%tmp_57 = shl i23 %p_0353_1_11, 1" [ColorComparator/fxp_sqrt.h:163]
ST_8 : Operation 159 [1/1] (0.00ns) (grouped into LUT with out node s_V_1_11)   --->   "%r_V_1_s = call i23 @_ssdm_op_BitConcatenate.i23.i13.i10(i13 %q_V_1_11, i10 0)" [ColorComparator/fxp_sqrt.h:163]
ST_8 : Operation 160 [1/1] (0.00ns) (grouped into LUT with out node s_V_1_11)   --->   "%tmp_24_10 = or i23 %r_V_1_s, 256" [ColorComparator/fxp_sqrt.h:163]
ST_8 : Operation 161 [1/1] (2.28ns) (out node of the LUT)   --->   "%s_V_1_11 = sub i23 %tmp_57, %tmp_24_10" [ColorComparator/fxp_sqrt.h:163]   --->   Core 14 'AddSub' <Latency = 0> <II = 1> <Delay = 2.22> <FuncUnit> <Opcode : 'add' 'sub'> <InPorts = 2> <OutPorts = 1>
ST_8 : Operation 162 [1/1] (0.00ns) (grouped into LUT with out node s_V_2_11)   --->   "%r_V_3_s = call i23 @_ssdm_op_BitConcatenate.i23.i12.i11(i12 %tmp_20, i11 0)" [ColorComparator/fxp_sqrt.h:167]
ST_8 : Operation 163 [1/1] (0.00ns) (grouped into LUT with out node s_V_2_11)   --->   "%tmp_27_10 = or i23 %r_V_3_s, 768" [ColorComparator/fxp_sqrt.h:167]
ST_8 : Operation 164 [1/1] (2.28ns) (out node of the LUT)   --->   "%s_V_2_11 = add i23 %tmp_27_10, %tmp_57" [ColorComparator/fxp_sqrt.h:167]   --->   Core 14 'AddSub' <Latency = 0> <II = 1> <Delay = 2.22> <FuncUnit> <Opcode : 'add' 'sub'> <InPorts = 2> <OutPorts = 1>
ST_8 : Operation 165 [1/1] (1.37ns)   --->   "%p_0353_1_12 = select i1 %tmp_56, i23 %s_V_2_11, i23 %s_V_1_11" [ColorComparator/fxp_sqrt.h:162]   --->   Core 26 'Sel' <Latency = 0> <II = 1> <Delay = 1.37> <FuncUnit> <Opcode : 'select'> <InPorts = 3> <OutPorts = 1>
ST_8 : Operation 166 [1/1] (1.37ns)   --->   "%tmp_22 = select i1 %tmp_56, i13 %q_star_V_2, i13 %q_V_1_11" [ColorComparator/fxp_sqrt.h:162]   --->   Core 26 'Sel' <Latency = 0> <II = 1> <Delay = 1.37> <FuncUnit> <Opcode : 'select'> <InPorts = 3> <OutPorts = 1>
ST_8 : Operation 167 [1/1] (0.00ns)   --->   "%q_star_V_10 = call i14 @_ssdm_op_BitConcatenate.i14.i13.i1(i13 %tmp_22, i1 false)" [ColorComparator/fxp_sqrt.h:164]
ST_8 : Operation 168 [1/1] (0.00ns)   --->   "%q_V_1_12 = or i14 %q_star_V_10, 1" [ColorComparator/fxp_sqrt.h:165]
ST_8 : Operation 169 [1/1] (0.00ns)   --->   "%tmp_58 = call i1 @_ssdm_op_BitSelect.i1.i23.i32(i23 %p_0353_1_12, i32 22)" [ColorComparator/fxp_sqrt.h:162]
ST_8 : Operation 170 [1/1] (0.00ns)   --->   "%tmp_59 = shl i23 %p_0353_1_12, 1" [ColorComparator/fxp_sqrt.h:163]
ST_8 : Operation 171 [1/1] (0.00ns) (grouped into LUT with out node s_V_1_12)   --->   "%r_V_1_1 = call i23 @_ssdm_op_BitConcatenate.i23.i14.i9(i14 %q_V_1_12, i9 0)" [ColorComparator/fxp_sqrt.h:163]
ST_8 : Operation 172 [1/1] (0.00ns) (grouped into LUT with out node s_V_1_12)   --->   "%tmp_24_11 = or i23 %r_V_1_1, 128" [ColorComparator/fxp_sqrt.h:163]
ST_8 : Operation 173 [1/1] (2.28ns) (out node of the LUT)   --->   "%s_V_1_12 = sub i23 %tmp_59, %tmp_24_11" [ColorComparator/fxp_sqrt.h:163]   --->   Core 14 'AddSub' <Latency = 0> <II = 1> <Delay = 2.22> <FuncUnit> <Opcode : 'add' 'sub'> <InPorts = 2> <OutPorts = 1>
ST_8 : Operation 174 [1/1] (0.00ns) (grouped into LUT with out node s_V_2_12)   --->   "%r_V_3_1 = call i23 @_ssdm_op_BitConcatenate.i23.i13.i10(i13 %tmp_22, i10 0)" [ColorComparator/fxp_sqrt.h:167]
ST_8 : Operation 175 [1/1] (0.00ns) (grouped into LUT with out node s_V_2_12)   --->   "%tmp_27_11 = or i23 %r_V_3_1, 384" [ColorComparator/fxp_sqrt.h:167]
ST_8 : Operation 176 [1/1] (2.28ns) (out node of the LUT)   --->   "%s_V_2_12 = add i23 %tmp_27_11, %tmp_59" [ColorComparator/fxp_sqrt.h:167]   --->   Core 14 'AddSub' <Latency = 0> <II = 1> <Delay = 2.22> <FuncUnit> <Opcode : 'add' 'sub'> <InPorts = 2> <OutPorts = 1>
ST_8 : Operation 177 [1/1] (1.37ns)   --->   "%p_0353_1_13 = select i1 %tmp_58, i23 %s_V_2_12, i23 %s_V_1_12" [ColorComparator/fxp_sqrt.h:162]   --->   Core 26 'Sel' <Latency = 0> <II = 1> <Delay = 1.37> <FuncUnit> <Opcode : 'select'> <InPorts = 3> <OutPorts = 1>
ST_8 : Operation 178 [1/1] (1.37ns)   --->   "%tmp_24 = select i1 %tmp_58, i14 %q_star_V_10, i14 %q_V_1_12" [ColorComparator/fxp_sqrt.h:162]   --->   Core 26 'Sel' <Latency = 0> <II = 1> <Delay = 1.37> <FuncUnit> <Opcode : 'select'> <InPorts = 3> <OutPorts = 1>
ST_8 : Operation 179 [1/1] (0.00ns)   --->   "%tmp_60 = call i1 @_ssdm_op_BitSelect.i1.i23.i32(i23 %p_0353_1_13, i32 22)" [ColorComparator/fxp_sqrt.h:162]

 <State 9> : 7.31ns
ST_9 : Operation 180 [1/1] (0.00ns)   --->   "%q_star_V_11 = call i15 @_ssdm_op_BitConcatenate.i15.i14.i1(i14 %tmp_24, i1 false)" [ColorComparator/fxp_sqrt.h:164]
ST_9 : Operation 181 [1/1] (0.00ns)   --->   "%q_V_1_13 = or i15 %q_star_V_11, 1" [ColorComparator/fxp_sqrt.h:165]
ST_9 : Operation 182 [1/1] (0.00ns)   --->   "%tmp_61 = shl i23 %p_0353_1_13, 1" [ColorComparator/fxp_sqrt.h:163]
ST_9 : Operation 183 [1/1] (0.00ns) (grouped into LUT with out node s_V_1_13)   --->   "%r_V_1_2 = call i23 @_ssdm_op_BitConcatenate.i23.i15.i8(i15 %q_V_1_13, i8 0)" [ColorComparator/fxp_sqrt.h:163]
ST_9 : Operation 184 [1/1] (0.00ns) (grouped into LUT with out node s_V_1_13)   --->   "%tmp_24_12 = or i23 %r_V_1_2, 64" [ColorComparator/fxp_sqrt.h:163]
ST_9 : Operation 185 [1/1] (2.28ns) (out node of the LUT)   --->   "%s_V_1_13 = sub i23 %tmp_61, %tmp_24_12" [ColorComparator/fxp_sqrt.h:163]   --->   Core 14 'AddSub' <Latency = 0> <II = 1> <Delay = 2.22> <FuncUnit> <Opcode : 'add' 'sub'> <InPorts = 2> <OutPorts = 1>
ST_9 : Operation 186 [1/1] (0.00ns) (grouped into LUT with out node s_V_2_13)   --->   "%r_V_3_2 = call i23 @_ssdm_op_BitConcatenate.i23.i14.i9(i14 %tmp_24, i9 0)" [ColorComparator/fxp_sqrt.h:167]
ST_9 : Operation 187 [1/1] (0.00ns) (grouped into LUT with out node s_V_2_13)   --->   "%tmp_27_12 = or i23 %r_V_3_2, 192" [ColorComparator/fxp_sqrt.h:167]
ST_9 : Operation 188 [1/1] (2.28ns) (out node of the LUT)   --->   "%s_V_2_13 = add i23 %tmp_27_12, %tmp_61" [ColorComparator/fxp_sqrt.h:167]   --->   Core 14 'AddSub' <Latency = 0> <II = 1> <Delay = 2.22> <FuncUnit> <Opcode : 'add' 'sub'> <InPorts = 2> <OutPorts = 1>
ST_9 : Operation 189 [1/1] (1.37ns)   --->   "%p_0353_1_14 = select i1 %tmp_60, i23 %s_V_2_13, i23 %s_V_1_13" [ColorComparator/fxp_sqrt.h:162]   --->   Core 26 'Sel' <Latency = 0> <II = 1> <Delay = 1.37> <FuncUnit> <Opcode : 'select'> <InPorts = 3> <OutPorts = 1>
ST_9 : Operation 190 [1/1] (1.37ns)   --->   "%tmp_26 = select i1 %tmp_60, i15 %q_star_V_11, i15 %q_V_1_13" [ColorComparator/fxp_sqrt.h:162]   --->   Core 26 'Sel' <Latency = 0> <II = 1> <Delay = 1.37> <FuncUnit> <Opcode : 'select'> <InPorts = 3> <OutPorts = 1>
ST_9 : Operation 191 [1/1] (0.00ns)   --->   "%q_star_V_12 = call i16 @_ssdm_op_BitConcatenate.i16.i15.i1(i15 %tmp_26, i1 false)" [ColorComparator/fxp_sqrt.h:164]
ST_9 : Operation 192 [1/1] (0.00ns)   --->   "%q_V_1_14 = or i16 %q_star_V_12, 1" [ColorComparator/fxp_sqrt.h:165]
ST_9 : Operation 193 [1/1] (0.00ns)   --->   "%tmp_62 = call i1 @_ssdm_op_BitSelect.i1.i23.i32(i23 %p_0353_1_14, i32 22)" [ColorComparator/fxp_sqrt.h:162]
ST_9 : Operation 194 [1/1] (0.00ns)   --->   "%tmp_63 = shl i23 %p_0353_1_14, 1" [ColorComparator/fxp_sqrt.h:163]
ST_9 : Operation 195 [1/1] (0.00ns) (grouped into LUT with out node s_V_1_14)   --->   "%r_V_1_3 = call i23 @_ssdm_op_BitConcatenate.i23.i16.i7(i16 %q_V_1_14, i7 0)" [ColorComparator/fxp_sqrt.h:163]
ST_9 : Operation 196 [1/1] (0.00ns) (grouped into LUT with out node s_V_1_14)   --->   "%tmp_24_13 = or i23 %r_V_1_3, 32" [ColorComparator/fxp_sqrt.h:163]
ST_9 : Operation 197 [1/1] (2.28ns) (out node of the LUT)   --->   "%s_V_1_14 = sub i23 %tmp_63, %tmp_24_13" [ColorComparator/fxp_sqrt.h:163]   --->   Core 14 'AddSub' <Latency = 0> <II = 1> <Delay = 2.22> <FuncUnit> <Opcode : 'add' 'sub'> <InPorts = 2> <OutPorts = 1>
ST_9 : Operation 198 [1/1] (0.00ns) (grouped into LUT with out node s_V_2_14)   --->   "%r_V_3_3 = call i23 @_ssdm_op_BitConcatenate.i23.i15.i8(i15 %tmp_26, i8 0)" [ColorComparator/fxp_sqrt.h:167]
ST_9 : Operation 199 [1/1] (0.00ns) (grouped into LUT with out node s_V_2_14)   --->   "%tmp_27_13 = or i23 %r_V_3_3, 96" [ColorComparator/fxp_sqrt.h:167]
ST_9 : Operation 200 [1/1] (2.28ns) (out node of the LUT)   --->   "%s_V_2_14 = add i23 %tmp_27_13, %tmp_63" [ColorComparator/fxp_sqrt.h:167]   --->   Core 14 'AddSub' <Latency = 0> <II = 1> <Delay = 2.22> <FuncUnit> <Opcode : 'add' 'sub'> <InPorts = 2> <OutPorts = 1>
ST_9 : Operation 201 [1/1] (1.37ns)   --->   "%p_0353_1_15 = select i1 %tmp_62, i23 %s_V_2_14, i23 %s_V_1_14" [ColorComparator/fxp_sqrt.h:162]   --->   Core 26 'Sel' <Latency = 0> <II = 1> <Delay = 1.37> <FuncUnit> <Opcode : 'select'> <InPorts = 3> <OutPorts = 1>
ST_9 : Operation 202 [1/1] (1.37ns)   --->   "%tmp_28 = select i1 %tmp_62, i16 %q_star_V_12, i16 %q_V_1_14" [ColorComparator/fxp_sqrt.h:162]   --->   Core 26 'Sel' <Latency = 0> <II = 1> <Delay = 1.37> <FuncUnit> <Opcode : 'select'> <InPorts = 3> <OutPorts = 1>
ST_9 : Operation 203 [1/1] (0.00ns)   --->   "%tmp_64 = call i1 @_ssdm_op_BitSelect.i1.i23.i32(i23 %p_0353_1_15, i32 22)" [ColorComparator/fxp_sqrt.h:162]

 <State 10> : 7.31ns
ST_10 : Operation 204 [1/1] (0.00ns)   --->   "%q_star_V_13 = call i17 @_ssdm_op_BitConcatenate.i17.i16.i1(i16 %tmp_28, i1 false)" [ColorComparator/fxp_sqrt.h:164]
ST_10 : Operation 205 [1/1] (0.00ns)   --->   "%q_V_1_15 = or i17 %q_star_V_13, 1" [ColorComparator/fxp_sqrt.h:165]
ST_10 : Operation 206 [1/1] (0.00ns)   --->   "%tmp_65 = shl i23 %p_0353_1_15, 1" [ColorComparator/fxp_sqrt.h:163]
ST_10 : Operation 207 [1/1] (0.00ns) (grouped into LUT with out node s_V_1_15)   --->   "%r_V_1_4 = call i23 @_ssdm_op_BitConcatenate.i23.i17.i6(i17 %q_V_1_15, i6 0)" [ColorComparator/fxp_sqrt.h:163]
ST_10 : Operation 208 [1/1] (0.00ns) (grouped into LUT with out node s_V_1_15)   --->   "%tmp_24_14 = or i23 %r_V_1_4, 16" [ColorComparator/fxp_sqrt.h:163]
ST_10 : Operation 209 [1/1] (2.28ns) (out node of the LUT)   --->   "%s_V_1_15 = sub i23 %tmp_65, %tmp_24_14" [ColorComparator/fxp_sqrt.h:163]   --->   Core 14 'AddSub' <Latency = 0> <II = 1> <Delay = 2.22> <FuncUnit> <Opcode : 'add' 'sub'> <InPorts = 2> <OutPorts = 1>
ST_10 : Operation 210 [1/1] (0.00ns) (grouped into LUT with out node s_V_2_15)   --->   "%r_V_3_4 = call i23 @_ssdm_op_BitConcatenate.i23.i16.i7(i16 %tmp_28, i7 0)" [ColorComparator/fxp_sqrt.h:167]
ST_10 : Operation 211 [1/1] (0.00ns) (grouped into LUT with out node s_V_2_15)   --->   "%tmp_27_14 = or i23 %r_V_3_4, 48" [ColorComparator/fxp_sqrt.h:167]
ST_10 : Operation 212 [1/1] (2.28ns) (out node of the LUT)   --->   "%s_V_2_15 = add i23 %tmp_27_14, %tmp_65" [ColorComparator/fxp_sqrt.h:167]   --->   Core 14 'AddSub' <Latency = 0> <II = 1> <Delay = 2.22> <FuncUnit> <Opcode : 'add' 'sub'> <InPorts = 2> <OutPorts = 1>
ST_10 : Operation 213 [1/1] (1.37ns)   --->   "%p_0353_1_16 = select i1 %tmp_64, i23 %s_V_2_15, i23 %s_V_1_15" [ColorComparator/fxp_sqrt.h:162]   --->   Core 26 'Sel' <Latency = 0> <II = 1> <Delay = 1.37> <FuncUnit> <Opcode : 'select'> <InPorts = 3> <OutPorts = 1>
ST_10 : Operation 214 [1/1] (1.37ns)   --->   "%tmp_30 = select i1 %tmp_64, i17 %q_star_V_13, i17 %q_V_1_15" [ColorComparator/fxp_sqrt.h:162]   --->   Core 26 'Sel' <Latency = 0> <II = 1> <Delay = 1.37> <FuncUnit> <Opcode : 'select'> <InPorts = 3> <OutPorts = 1>
ST_10 : Operation 215 [1/1] (0.00ns)   --->   "%q_star_V_14 = call i18 @_ssdm_op_BitConcatenate.i18.i17.i1(i17 %tmp_30, i1 false)" [ColorComparator/fxp_sqrt.h:164]
ST_10 : Operation 216 [1/1] (0.00ns)   --->   "%q_V_1_16 = or i18 %q_star_V_14, 1" [ColorComparator/fxp_sqrt.h:165]
ST_10 : Operation 217 [1/1] (0.00ns)   --->   "%tmp_66 = call i1 @_ssdm_op_BitSelect.i1.i23.i32(i23 %p_0353_1_16, i32 22)" [ColorComparator/fxp_sqrt.h:162]
ST_10 : Operation 218 [1/1] (0.00ns)   --->   "%tmp_67 = shl i23 %p_0353_1_16, 1" [ColorComparator/fxp_sqrt.h:163]
ST_10 : Operation 219 [1/1] (0.00ns) (grouped into LUT with out node s_V_1_16)   --->   "%r_V_1_5 = call i23 @_ssdm_op_BitConcatenate.i23.i18.i5(i18 %q_V_1_16, i5 0)" [ColorComparator/fxp_sqrt.h:163]
ST_10 : Operation 220 [1/1] (0.00ns) (grouped into LUT with out node s_V_1_16)   --->   "%tmp_24_15 = or i23 %r_V_1_5, 8" [ColorComparator/fxp_sqrt.h:163]
ST_10 : Operation 221 [1/1] (2.28ns) (out node of the LUT)   --->   "%s_V_1_16 = sub i23 %tmp_67, %tmp_24_15" [ColorComparator/fxp_sqrt.h:163]   --->   Core 14 'AddSub' <Latency = 0> <II = 1> <Delay = 2.22> <FuncUnit> <Opcode : 'add' 'sub'> <InPorts = 2> <OutPorts = 1>
ST_10 : Operation 222 [1/1] (0.00ns) (grouped into LUT with out node s_V_2_16)   --->   "%r_V_3_5 = call i23 @_ssdm_op_BitConcatenate.i23.i17.i6(i17 %tmp_30, i6 0)" [ColorComparator/fxp_sqrt.h:167]
ST_10 : Operation 223 [1/1] (0.00ns) (grouped into LUT with out node s_V_2_16)   --->   "%tmp_27_15 = or i23 %r_V_3_5, 24" [ColorComparator/fxp_sqrt.h:167]
ST_10 : Operation 224 [1/1] (2.28ns) (out node of the LUT)   --->   "%s_V_2_16 = add i23 %tmp_27_15, %tmp_67" [ColorComparator/fxp_sqrt.h:167]   --->   Core 14 'AddSub' <Latency = 0> <II = 1> <Delay = 2.22> <FuncUnit> <Opcode : 'add' 'sub'> <InPorts = 2> <OutPorts = 1>
ST_10 : Operation 225 [1/1] (1.37ns)   --->   "%p_0353_1_17 = select i1 %tmp_66, i23 %s_V_2_16, i23 %s_V_1_16" [ColorComparator/fxp_sqrt.h:162]   --->   Core 26 'Sel' <Latency = 0> <II = 1> <Delay = 1.37> <FuncUnit> <Opcode : 'select'> <InPorts = 3> <OutPorts = 1>
ST_10 : Operation 226 [1/1] (1.37ns)   --->   "%tmp_32 = select i1 %tmp_66, i18 %q_star_V_14, i18 %q_V_1_16" [ColorComparator/fxp_sqrt.h:162]   --->   Core 26 'Sel' <Latency = 0> <II = 1> <Delay = 1.37> <FuncUnit> <Opcode : 'select'> <InPorts = 3> <OutPorts = 1>
ST_10 : Operation 227 [1/1] (0.00ns)   --->   "%tmp_68 = call i1 @_ssdm_op_BitSelect.i1.i23.i32(i23 %p_0353_1_17, i32 22)" [ColorComparator/fxp_sqrt.h:162]

 <State 11> : 7.31ns
ST_11 : Operation 228 [1/1] (0.00ns)   --->   "%q_star_V_15 = call i19 @_ssdm_op_BitConcatenate.i19.i18.i1(i18 %tmp_32, i1 false)" [ColorComparator/fxp_sqrt.h:164]
ST_11 : Operation 229 [1/1] (0.00ns)   --->   "%q_V_1_17 = or i19 %q_star_V_15, 1" [ColorComparator/fxp_sqrt.h:165]
ST_11 : Operation 230 [1/1] (0.00ns)   --->   "%tmp_69 = shl i23 %p_0353_1_17, 1" [ColorComparator/fxp_sqrt.h:163]
ST_11 : Operation 231 [1/1] (0.00ns) (grouped into LUT with out node s_V_1_17)   --->   "%r_V_1_6 = call i23 @_ssdm_op_BitConcatenate.i23.i19.i4(i19 %q_V_1_17, i4 0)" [ColorComparator/fxp_sqrt.h:163]
ST_11 : Operation 232 [1/1] (0.00ns) (grouped into LUT with out node s_V_1_17)   --->   "%tmp_24_16 = or i23 %r_V_1_6, 4" [ColorComparator/fxp_sqrt.h:163]
ST_11 : Operation 233 [1/1] (2.28ns) (out node of the LUT)   --->   "%s_V_1_17 = sub i23 %tmp_69, %tmp_24_16" [ColorComparator/fxp_sqrt.h:163]   --->   Core 14 'AddSub' <Latency = 0> <II = 1> <Delay = 2.22> <FuncUnit> <Opcode : 'add' 'sub'> <InPorts = 2> <OutPorts = 1>
ST_11 : Operation 234 [1/1] (0.00ns) (grouped into LUT with out node s_V_2_17)   --->   "%r_V_3_6 = call i23 @_ssdm_op_BitConcatenate.i23.i18.i5(i18 %tmp_32, i5 0)" [ColorComparator/fxp_sqrt.h:167]
ST_11 : Operation 235 [1/1] (0.00ns) (grouped into LUT with out node s_V_2_17)   --->   "%tmp_27_16 = or i23 %r_V_3_6, 12" [ColorComparator/fxp_sqrt.h:167]
ST_11 : Operation 236 [1/1] (2.28ns) (out node of the LUT)   --->   "%s_V_2_17 = add i23 %tmp_27_16, %tmp_69" [ColorComparator/fxp_sqrt.h:167]   --->   Core 14 'AddSub' <Latency = 0> <II = 1> <Delay = 2.22> <FuncUnit> <Opcode : 'add' 'sub'> <InPorts = 2> <OutPorts = 1>
ST_11 : Operation 237 [1/1] (1.37ns)   --->   "%p_0353_1_18 = select i1 %tmp_68, i23 %s_V_2_17, i23 %s_V_1_17" [ColorComparator/fxp_sqrt.h:162]   --->   Core 26 'Sel' <Latency = 0> <II = 1> <Delay = 1.37> <FuncUnit> <Opcode : 'select'> <InPorts = 3> <OutPorts = 1>
ST_11 : Operation 238 [1/1] (1.37ns)   --->   "%tmp_34 = select i1 %tmp_68, i19 %q_star_V_15, i19 %q_V_1_17" [ColorComparator/fxp_sqrt.h:162]   --->   Core 26 'Sel' <Latency = 0> <II = 1> <Delay = 1.37> <FuncUnit> <Opcode : 'select'> <InPorts = 3> <OutPorts = 1>
ST_11 : Operation 239 [1/1] (0.00ns)   --->   "%q_star_V_16 = call i20 @_ssdm_op_BitConcatenate.i20.i19.i1(i19 %tmp_34, i1 false)" [ColorComparator/fxp_sqrt.h:164]
ST_11 : Operation 240 [1/1] (0.00ns)   --->   "%q_V_1_18 = or i20 %q_star_V_16, 1" [ColorComparator/fxp_sqrt.h:165]
ST_11 : Operation 241 [1/1] (0.00ns)   --->   "%tmp_70 = call i1 @_ssdm_op_BitSelect.i1.i23.i32(i23 %p_0353_1_18, i32 22)" [ColorComparator/fxp_sqrt.h:162]
ST_11 : Operation 242 [1/1] (0.00ns)   --->   "%tmp_71 = shl i23 %p_0353_1_18, 1" [ColorComparator/fxp_sqrt.h:163]
ST_11 : Operation 243 [1/1] (0.00ns) (grouped into LUT with out node s_V_1_18)   --->   "%r_V_1_7 = call i23 @_ssdm_op_BitConcatenate.i23.i20.i3(i20 %q_V_1_18, i3 0)" [ColorComparator/fxp_sqrt.h:163]
ST_11 : Operation 244 [1/1] (0.00ns) (grouped into LUT with out node s_V_1_18)   --->   "%tmp_24_17 = or i23 %r_V_1_7, 2" [ColorComparator/fxp_sqrt.h:163]
ST_11 : Operation 245 [1/1] (2.28ns) (out node of the LUT)   --->   "%s_V_1_18 = sub i23 %tmp_71, %tmp_24_17" [ColorComparator/fxp_sqrt.h:163]   --->   Core 14 'AddSub' <Latency = 0> <II = 1> <Delay = 2.22> <FuncUnit> <Opcode : 'add' 'sub'> <InPorts = 2> <OutPorts = 1>
ST_11 : Operation 246 [1/1] (0.00ns) (grouped into LUT with out node s_V_2_18)   --->   "%r_V_3_7 = call i23 @_ssdm_op_BitConcatenate.i23.i19.i4(i19 %tmp_34, i4 0)" [ColorComparator/fxp_sqrt.h:167]
ST_11 : Operation 247 [1/1] (0.00ns) (grouped into LUT with out node s_V_2_18)   --->   "%tmp_27_17 = or i23 %r_V_3_7, 6" [ColorComparator/fxp_sqrt.h:167]
ST_11 : Operation 248 [1/1] (2.28ns) (out node of the LUT)   --->   "%s_V_2_18 = add i23 %tmp_27_17, %tmp_71" [ColorComparator/fxp_sqrt.h:167]   --->   Core 14 'AddSub' <Latency = 0> <II = 1> <Delay = 2.22> <FuncUnit> <Opcode : 'add' 'sub'> <InPorts = 2> <OutPorts = 1>
ST_11 : Operation 249 [1/1] (1.37ns)   --->   "%p_0353_1_19 = select i1 %tmp_70, i23 %s_V_2_18, i23 %s_V_1_18" [ColorComparator/fxp_sqrt.h:162]   --->   Core 26 'Sel' <Latency = 0> <II = 1> <Delay = 1.37> <FuncUnit> <Opcode : 'select'> <InPorts = 3> <OutPorts = 1>
ST_11 : Operation 250 [1/1] (1.37ns)   --->   "%tmp_36 = select i1 %tmp_70, i20 %q_star_V_16, i20 %q_V_1_18" [ColorComparator/fxp_sqrt.h:162]   --->   Core 26 'Sel' <Latency = 0> <II = 1> <Delay = 1.37> <FuncUnit> <Opcode : 'select'> <InPorts = 3> <OutPorts = 1>
ST_11 : Operation 251 [1/1] (0.00ns)   --->   "%tmp_72 = call i1 @_ssdm_op_BitSelect.i1.i23.i32(i23 %p_0353_1_19, i32 22)" [ColorComparator/fxp_sqrt.h:162]

 <State 12> : 6.10ns
ST_12 : Operation 252 [1/1] (0.00ns)   --->   "%q_star_V_17 = call i21 @_ssdm_op_BitConcatenate.i21.i20.i1(i20 %tmp_36, i1 false)" [ColorComparator/fxp_sqrt.h:164]
ST_12 : Operation 253 [1/1] (0.00ns)   --->   "%q_V_1_19 = or i21 %q_star_V_17, 1" [ColorComparator/fxp_sqrt.h:165]
ST_12 : Operation 254 [1/1] (0.00ns)   --->   "%tmp_73 = shl i23 %p_0353_1_19, 1" [ColorComparator/fxp_sqrt.h:163]
ST_12 : Operation 255 [1/1] (0.00ns) (grouped into LUT with out node s_V_1_19)   --->   "%r_V_1_8 = call i23 @_ssdm_op_BitConcatenate.i23.i21.i2(i21 %q_V_1_19, i2 0)" [ColorComparator/fxp_sqrt.h:163]
ST_12 : Operation 256 [1/1] (0.00ns) (grouped into LUT with out node s_V_1_19)   --->   "%r_V_2_10 = or i23 %r_V_1_8, 1" [ColorComparator/fxp_sqrt.h:163]
ST_12 : Operation 257 [1/1] (2.28ns) (out node of the LUT)   --->   "%s_V_1_19 = sub i23 %tmp_73, %r_V_2_10" [ColorComparator/fxp_sqrt.h:163]   --->   Core 14 'AddSub' <Latency = 0> <II = 1> <Delay = 2.22> <FuncUnit> <Opcode : 'add' 'sub'> <InPorts = 2> <OutPorts = 1>
ST_12 : Operation 258 [1/1] (0.00ns) (grouped into LUT with out node s_V_2_19)   --->   "%r_V_3_8 = call i23 @_ssdm_op_BitConcatenate.i23.i20.i3(i20 %tmp_36, i3 0)" [ColorComparator/fxp_sqrt.h:167]
ST_12 : Operation 259 [1/1] (0.00ns) (grouped into LUT with out node s_V_2_19)   --->   "%r_V_4_10 = or i23 %r_V_3_8, 3" [ColorComparator/fxp_sqrt.h:167]
ST_12 : Operation 260 [1/1] (2.28ns) (out node of the LUT)   --->   "%s_V_2_19 = add i23 %r_V_4_10, %tmp_73" [ColorComparator/fxp_sqrt.h:167]   --->   Core 14 'AddSub' <Latency = 0> <II = 1> <Delay = 2.22> <FuncUnit> <Opcode : 'add' 'sub'> <InPorts = 2> <OutPorts = 1>
ST_12 : Operation 261 [1/1] (0.00ns) (grouped into LUT with out node tmp_7)   --->   "%p_0353_1_20 = select i1 %tmp_72, i23 %s_V_2_19, i23 %s_V_1_19" [ColorComparator/fxp_sqrt.h:162]   --->   Core 26 'Sel' <Latency = 0> <II = 1> <Delay = 1.37> <FuncUnit> <Opcode : 'select'> <InPorts = 3> <OutPorts = 1>
ST_12 : Operation 262 [1/1] (0.00ns) (grouped into LUT with out node tmp_38)   --->   "%tmp_74 = trunc i21 %q_V_1_19 to i20" [ColorComparator/fxp_sqrt.h:165]
ST_12 : Operation 263 [1/1] (0.00ns) (grouped into LUT with out node tmp_38)   --->   "%tmp_75 = shl i20 %tmp_36, 1" [ColorComparator/fxp_sqrt.h:162]
ST_12 : Operation 264 [1/1] (1.37ns) (out node of the LUT)   --->   "%tmp_38 = select i1 %tmp_72, i20 %tmp_75, i20 %tmp_74" [ColorComparator/fxp_sqrt.h:162]   --->   Core 26 'Sel' <Latency = 0> <II = 1> <Delay = 1.37> <FuncUnit> <Opcode : 'select'> <InPorts = 3> <OutPorts = 1>
ST_12 : Operation 265 [1/1] (0.00ns) (grouped into LUT with out node q_V)   --->   "%q_star_V_18 = call i21 @_ssdm_op_BitConcatenate.i21.i20.i1(i20 %tmp_38, i1 false)" [ColorComparator/fxp_sqrt.h:164]
ST_12 : Operation 266 [1/1] (0.00ns) (grouped into LUT with out node q_V)   --->   "%q_V_1_20 = or i21 %q_star_V_18, 1" [ColorComparator/fxp_sqrt.h:165]
ST_12 : Operation 267 [1/1] (2.44ns) (out node of the LUT)   --->   "%tmp_7 = icmp sgt i23 %p_0353_1_20, 0" [ColorComparator/fxp_sqrt.h:173]   --->   Core 25 'Cmp' <Latency = 0> <II = 1> <Delay = 2.44> <FuncUnit> <Opcode : 'icmp'> <InPorts = 2> <OutPorts = 1>
ST_12 : Operation 268 [1/1] (2.22ns) (out node of the LUT)   --->   "%q_V = add i21 %q_V_1_20, 1" [ColorComparator/fxp_sqrt.h:174]   --->   Core 14 'AddSub' <Latency = 0> <II = 1> <Delay = 2.22> <FuncUnit> <Opcode : 'add' 'sub'> <InPorts = 2> <OutPorts = 1>
ST_12 : Operation 269 [1/1] (0.00ns)   --->   "%tmp_40 = call i20 @_ssdm_op_PartSelect.i20.i21.i32.i32(i21 %q_V, i32 1, i32 20)" [ColorComparator/fxp_sqrt.h:177]
ST_12 : Operation 270 [1/1] (1.37ns)   --->   "%tmp_42 = select i1 %tmp_7, i20 %tmp_40, i20 %tmp_38" [ColorComparator/fxp_sqrt.h:173]   --->   Core 26 'Sel' <Latency = 0> <II = 1> <Delay = 1.37> <FuncUnit> <Opcode : 'select'> <InPorts = 3> <OutPorts = 1>
ST_12 : Operation 271 [1/1] (0.00ns)   --->   "ret i20 %tmp_42" [ColorComparator/fxp_sqrt.h:177]


============================================================
+ Verbose Summary: Timing violations
============================================================
Target clock period: 10ns, clock uncertainty: 1.25ns.

 <State 1>: 3.23ns
The critical path consists of the following:
	wire read on port 'in_val_V_read' [2]  (0 ns)
	'add' operation ('tmp_2', ColorComparator/fxp_sqrt.h:163) [6]  (2.23 ns)
	'xor' operation ('p_0353_1', ColorComparator/fxp_sqrt.h:167) [9]  (1 ns)

 <State 2>: 7.76ns
The critical path consists of the following:
	'add' operation ('p_0353_1_1', ColorComparator/fxp_sqrt.h:167) [13]  (2.28 ns)
	'shl' operation ('tmp_17', ColorComparator/fxp_sqrt.h:163) [16]  (0 ns)
	'sub' operation ('s_V_1_2', ColorComparator/fxp_sqrt.h:163) [20]  (4.11 ns)
	'select' operation ('p_0353_1_2', ColorComparator/fxp_sqrt.h:162) [24]  (1.37 ns)

 <State 3>: 8.68ns
The critical path consists of the following:
	'select' operation ('p_s', ColorComparator/fxp_sqrt.h:162) [12]  (0 ns)
	'select' operation ('p_0305_1_in_in_2', ColorComparator/fxp_sqrt.h:162) [23]  (1.37 ns)
	'or' operation ('q_V_1_2', ColorComparator/fxp_sqrt.h:165) [25]  (0 ns)
	'or' operation ('tmp_24_3', ColorComparator/fxp_sqrt.h:163) [29]  (0 ns)
	'sub' operation ('s_V_1_3', ColorComparator/fxp_sqrt.h:163) [30]  (2.28 ns)
	'select' operation ('p_0353_1_3', ColorComparator/fxp_sqrt.h:162) [34]  (1.37 ns)
	'shl' operation ('tmp_27', ColorComparator/fxp_sqrt.h:163) [39]  (0 ns)
	'sub' operation ('s_V_1_4', ColorComparator/fxp_sqrt.h:163) [42]  (2.28 ns)
	'select' operation ('p_0353_1_4', ColorComparator/fxp_sqrt.h:162) [46]  (1.37 ns)

 <State 4>: 7.31ns
The critical path consists of the following:
	'or' operation ('q_V_1_4', ColorComparator/fxp_sqrt.h:165) [49]  (0 ns)
	'or' operation ('tmp_24_5', ColorComparator/fxp_sqrt.h:163) [53]  (0 ns)
	'sub' operation ('s_V_1_5', ColorComparator/fxp_sqrt.h:163) [54]  (2.28 ns)
	'select' operation ('p_0353_1_5', ColorComparator/fxp_sqrt.h:162) [58]  (1.37 ns)
	'shl' operation ('tmp_35', ColorComparator/fxp_sqrt.h:163) [63]  (0 ns)
	'add' operation ('s_V_2_6', ColorComparator/fxp_sqrt.h:167) [69]  (2.28 ns)
	'select' operation ('p_0353_1_6', ColorComparator/fxp_sqrt.h:162) [70]  (1.37 ns)

 <State 5>: 7.31ns
The critical path consists of the following:
	'or' operation ('q_V_1_6', ColorComparator/fxp_sqrt.h:165) [73]  (0 ns)
	'or' operation ('tmp_24_7', ColorComparator/fxp_sqrt.h:163) [77]  (0 ns)
	'sub' operation ('s_V_1_7', ColorComparator/fxp_sqrt.h:163) [78]  (2.28 ns)
	'select' operation ('p_0353_1_7', ColorComparator/fxp_sqrt.h:162) [82]  (1.37 ns)
	'shl' operation ('tmp_43', ColorComparator/fxp_sqrt.h:163) [87]  (0 ns)
	'sub' operation ('s_V_1_8', ColorComparator/fxp_sqrt.h:163) [90]  (2.28 ns)
	'select' operation ('p_0353_1_8', ColorComparator/fxp_sqrt.h:162) [94]  (1.37 ns)

 <State 6>: 7.31ns
The critical path consists of the following:
	'or' operation ('q_V_1_8', ColorComparator/fxp_sqrt.h:165) [97]  (0 ns)
	'or' operation ('tmp_24_9', ColorComparator/fxp_sqrt.h:163) [101]  (0 ns)
	'sub' operation ('s_V_1_9', ColorComparator/fxp_sqrt.h:163) [102]  (2.28 ns)
	'select' operation ('p_0353_1_9', ColorComparator/fxp_sqrt.h:162) [106]  (1.37 ns)
	'shl' operation ('tmp_48', ColorComparator/fxp_sqrt.h:163) [111]  (0 ns)
	'add' operation ('s_V_2_s', ColorComparator/fxp_sqrt.h:167) [117]  (2.28 ns)
	'select' operation ('p_0353_1_s', ColorComparator/fxp_sqrt.h:162) [118]  (1.37 ns)

 <State 7>: 7.31ns
The critical path consists of the following:
	'or' operation ('q_V_1_s', ColorComparator/fxp_sqrt.h:165) [121]  (0 ns)
	'or' operation ('tmp_24_1', ColorComparator/fxp_sqrt.h:163) [125]  (0 ns)
	'sub' operation ('s_V_1_1', ColorComparator/fxp_sqrt.h:163) [126]  (2.28 ns)
	'select' operation ('p_0353_1_10', ColorComparator/fxp_sqrt.h:162) [130]  (1.37 ns)
	'shl' operation ('tmp_55', ColorComparator/fxp_sqrt.h:163) [135]  (0 ns)
	'add' operation ('s_V_2_10', ColorComparator/fxp_sqrt.h:167) [141]  (2.28 ns)
	'select' operation ('p_0353_1_11', ColorComparator/fxp_sqrt.h:162) [142]  (1.37 ns)

 <State 8>: 7.31ns
The critical path consists of the following:
	'or' operation ('q_V_1_11', ColorComparator/fxp_sqrt.h:165) [145]  (0 ns)
	'or' operation ('tmp_24_10', ColorComparator/fxp_sqrt.h:163) [149]  (0 ns)
	'sub' operation ('s_V_1_11', ColorComparator/fxp_sqrt.h:163) [150]  (2.28 ns)
	'select' operation ('p_0353_1_12', ColorComparator/fxp_sqrt.h:162) [154]  (1.37 ns)
	'shl' operation ('tmp_59', ColorComparator/fxp_sqrt.h:163) [159]  (0 ns)
	'sub' operation ('s_V_1_12', ColorComparator/fxp_sqrt.h:163) [162]  (2.28 ns)
	'select' operation ('p_0353_1_13', ColorComparator/fxp_sqrt.h:162) [166]  (1.37 ns)

 <State 9>: 7.31ns
The critical path consists of the following:
	'or' operation ('q_V_1_13', ColorComparator/fxp_sqrt.h:165) [169]  (0 ns)
	'or' operation ('tmp_24_12', ColorComparator/fxp_sqrt.h:163) [173]  (0 ns)
	'sub' operation ('s_V_1_13', ColorComparator/fxp_sqrt.h:163) [174]  (2.28 ns)
	'select' operation ('p_0353_1_14', ColorComparator/fxp_sqrt.h:162) [178]  (1.37 ns)
	'shl' operation ('tmp_63', ColorComparator/fxp_sqrt.h:163) [183]  (0 ns)
	'add' operation ('s_V_2_14', ColorComparator/fxp_sqrt.h:167) [189]  (2.28 ns)
	'select' operation ('p_0353_1_15', ColorComparator/fxp_sqrt.h:162) [190]  (1.37 ns)

 <State 10>: 7.31ns
The critical path consists of the following:
	'or' operation ('q_V_1_15', ColorComparator/fxp_sqrt.h:165) [193]  (0 ns)
	'or' operation ('tmp_24_14', ColorComparator/fxp_sqrt.h:163) [197]  (0 ns)
	'sub' operation ('s_V_1_15', ColorComparator/fxp_sqrt.h:163) [198]  (2.28 ns)
	'select' operation ('p_0353_1_16', ColorComparator/fxp_sqrt.h:162) [202]  (1.37 ns)
	'shl' operation ('tmp_67', ColorComparator/fxp_sqrt.h:163) [207]  (0 ns)
	'sub' operation ('s_V_1_16', ColorComparator/fxp_sqrt.h:163) [210]  (2.28 ns)
	'select' operation ('p_0353_1_17', ColorComparator/fxp_sqrt.h:162) [214]  (1.37 ns)

 <State 11>: 7.31ns
The critical path consists of the following:
	'or' operation ('q_V_1_17', ColorComparator/fxp_sqrt.h:165) [217]  (0 ns)
	'or' operation ('tmp_24_16', ColorComparator/fxp_sqrt.h:163) [221]  (0 ns)
	'sub' operation ('s_V_1_17', ColorComparator/fxp_sqrt.h:163) [222]  (2.28 ns)
	'select' operation ('p_0353_1_18', ColorComparator/fxp_sqrt.h:162) [226]  (1.37 ns)
	'shl' operation ('tmp_71', ColorComparator/fxp_sqrt.h:163) [231]  (0 ns)
	'sub' operation ('s_V_1_18', ColorComparator/fxp_sqrt.h:163) [234]  (2.28 ns)
	'select' operation ('p_0353_1_19', ColorComparator/fxp_sqrt.h:162) [238]  (1.37 ns)

 <State 12>: 6.1ns
The critical path consists of the following:
	'or' operation ('q_V_1_19', ColorComparator/fxp_sqrt.h:165) [241]  (0 ns)
	'or' operation ('r_V_2_10', ColorComparator/fxp_sqrt.h:163) [245]  (0 ns)
	'sub' operation ('s_V_1_19', ColorComparator/fxp_sqrt.h:163) [246]  (2.28 ns)
	'select' operation ('p_0353_1_20', ColorComparator/fxp_sqrt.h:162) [250]  (0 ns)
	'icmp' operation ('tmp_7', ColorComparator/fxp_sqrt.h:173) [256]  (2.45 ns)
	'select' operation ('tmp_42', ColorComparator/fxp_sqrt.h:173) [259]  (1.37 ns)


============================================================
+ Verbose Summary: Binding
============================================================
N/A
* FSMD analyzer results:
  - Output states:
 - Input state : 
  - Chain level:
	State 1
	State 2
	State 3
	State 4
	State 5
	State 6
	State 7
	State 8
	State 9
	State 10
	State 11
	State 12


============================================================
+ Verbose Summary: Datapath Resource usage 
============================================================
N/A
