

================================================================
== Vivado HLS Report for 'getColorDistance'
================================================================
* Date:           Fri Apr 20 00:05:14 2018

* Version:        2017.4.1 (Build 2117188 on Tue Jan 30 15:53:01 MST 2018)
* Project:        ColorComparator
* Solution:       solution1
* Product family: zynq
* Target device:  xc7z020clg400-1


================================================================
== Performance Estimates
================================================================
+ Timing (ns): 
    * Summary: 
    +--------+-------+----------+------------+
    |  Clock | Target| Estimated| Uncertainty|
    +--------+-------+----------+------------+
    |ap_clk  |  10.00|      8.68|        1.25|
    +--------+-------+----------+------------+

+ Latency (clock cycles): 
    * Summary: 
    +-----+-----+-----+-----+----------+
    |  Latency  |  Interval | Pipeline |
    | min | max | min | max |   Type   |
    +-----+-----+-----+-----+----------+
    |   13|   13|    1|    1| function |
    +-----+-----+-----+-----+----------+

    + Detail: 
        * Instance: 
        +--------------------+----------+-----+-----+-----+-----+----------+
        |                    |          |  Latency  |  Interval | Pipeline |
        |      Instance      |  Module  | min | max | min | max |   Type   |
        +--------------------+----------+-----+-----+-----+-----+----------+
        |grp_fxp_sqrt_fu_66  |fxp_sqrt  |   11|   11|    1|    1| function |
        +--------------------+----------+-----+-----+-----+-----+----------+

        * Loop: 
        N/A



================================================================
== Utilization Estimates
================================================================
* Summary: 
+-----------------+---------+-------+--------+-------+
|       Name      | BRAM_18K| DSP48E|   FF   |  LUT  |
+-----------------+---------+-------+--------+-------+
|DSP              |        -|      -|       -|      -|
|Expression       |        -|      0|       0|    349|
|FIFO             |        -|      -|       -|      -|
|Instance         |        -|      -|     355|   3622|
|Memory           |        -|      -|       -|      -|
|Multiplexer      |        -|      -|       -|      9|
|Register         |        -|      -|      70|      -|
+-----------------+---------+-------+--------+-------+
|Total            |        0|      0|     425|   3980|
+-----------------+---------+-------+--------+-------+
|Available        |      280|    220|  106400|  53200|
+-----------------+---------+-------+--------+-------+
|Utilization (%)  |        0|      0|   ~0   |      7|
+-----------------+---------+-------+--------+-------+

+ Detail: 
    * Instance: 
    +--------------------+----------+---------+-------+-----+------+
    |      Instance      |  Module  | BRAM_18K| DSP48E|  FF |  LUT |
    +--------------------+----------+---------+-------+-----+------+
    |grp_fxp_sqrt_fu_66  |fxp_sqrt  |        0|      0|  355|  3622|
    +--------------------+----------+---------+-------+-----+------+
    |Total               |          |        0|      0|  355|  3622|
    +--------------------+----------+---------+-------+-----+------+

    * DSP48: 
    N/A

    * Memory: 
    N/A

    * FIFO: 
    N/A

    * Expression: 
    +----------------------------------+----------+-------+---+----+------------+------------+
    |           Variable Name          | Operation| DSP48E| FF| LUT| Bitwidth P0| Bitwidth P1|
    +----------------------------------+----------+-------+---+----+------------+------------+
    |result_1_fu_171_p2                |     *    |      0|  0|  51|           9|           9|
    |result_fu_155_p2                  |     *    |      0|  0|  51|           9|           9|
    |tmp_9_fu_191_p2                   |     *    |      0|  0|  51|           9|           9|
    |grp_fxp_sqrt_fu_66_in_val_V_read  |     +    |      0|  0|  37|          30|          30|
    |tmp5_fu_252_p2                    |     +    |      0|  0|  36|          29|          29|
    |number_assign_1_fu_161_p2         |     -    |      0|  0|  16|           9|           9|
    |number_assign_2_fu_177_p2         |     -    |      0|  0|  16|           9|           9|
    |number_assign_fu_145_p2           |     -    |      0|  0|  16|           9|           9|
    |p_Val2_s_fu_221_p2                |     -    |      0|  0|  35|          28|          28|
    |ap_block_pp0_stage0_11001         |    and   |      0|  0|   8|           1|           1|
    |ap_block_pp0_stage0_subdone       |    or    |      0|  0|   8|           1|           1|
    |ap_block_state1_pp0_stage0_iter0  |    or    |      0|  0|   8|           1|           1|
    |colorRed_cast_fu_115_p3           |  select  |      0|  0|   8|           1|           8|
    |ap_enable_pp0                     |    xor   |      0|  0|   8|           1|           2|
    +----------------------------------+----------+-------+---+----+------------+------------+
    |Total                             |          |      0|  0| 349|         146|         154|
    +----------------------------------+----------+-------+---+----+------------+------------+

    * Multiplexer: 
    +-------------------+----+-----------+-----+-----------+
    |        Name       | LUT| Input Size| Bits| Total Bits|
    +-------------------+----+-----------+-----+-----------+
    |pixel_TDATA_blk_n  |   9|          2|    1|          2|
    +-------------------+----+-----------+-----+-----------+
    |Total              |   9|          2|    1|          2|
    +-------------------+----+-----------+-----+-----------+

    * Register: 
    +--------------------------+----+----+-----+-----------+
    |           Name           | FF | LUT| Bits| Const Bits|
    +--------------------------+----+----+-----+-----------+
    |ap_CS_fsm                 |   1|   0|    1|          0|
    |ap_enable_reg_pp0_iter1   |   1|   0|    1|          0|
    |ap_enable_reg_pp0_iter10  |   1|   0|    1|          0|
    |ap_enable_reg_pp0_iter11  |   1|   0|    1|          0|
    |ap_enable_reg_pp0_iter12  |   1|   0|    1|          0|
    |ap_enable_reg_pp0_iter13  |   1|   0|    1|          0|
    |ap_enable_reg_pp0_iter2   |   1|   0|    1|          0|
    |ap_enable_reg_pp0_iter3   |   1|   0|    1|          0|
    |ap_enable_reg_pp0_iter4   |   1|   0|    1|          0|
    |ap_enable_reg_pp0_iter5   |   1|   0|    1|          0|
    |ap_enable_reg_pp0_iter6   |   1|   0|    1|          0|
    |ap_enable_reg_pp0_iter7   |   1|   0|    1|          0|
    |ap_enable_reg_pp0_iter8   |   1|   0|    1|          0|
    |ap_enable_reg_pp0_iter9   |   1|   0|    1|          0|
    |p_Val2_s_reg_289          |  20|   0|   28|          8|
    |result_1_reg_284          |  18|   0|   18|          0|
    |result_reg_279            |  18|   0|   18|          0|
    +--------------------------+----+----+-----+-----------+
    |Total                     |  70|   0|   78|          8|
    +--------------------------+----+----+-----+-----------+



================================================================
== Interface
================================================================
* Summary: 
+-------------------+-----+-----+------------+------------------+--------------+
|     RTL Ports     | Dir | Bits|  Protocol  |   Source Object  |    C Type    |
+-------------------+-----+-----+------------+------------------+--------------+
|ap_clk             |  in |    1| ap_ctrl_hs | getColorDistance | return value |
|ap_rst             |  in |    1| ap_ctrl_hs | getColorDistance | return value |
|ap_start           |  in |    1| ap_ctrl_hs | getColorDistance | return value |
|ap_done            | out |    1| ap_ctrl_hs | getColorDistance | return value |
|ap_idle            | out |    1| ap_ctrl_hs | getColorDistance | return value |
|ap_ready           | out |    1| ap_ctrl_hs | getColorDistance | return value |
|ap_ce              |  in |    1| ap_ctrl_hs | getColorDistance | return value |
|ap_return          | out |   12| ap_ctrl_hs | getColorDistance | return value |
|pixel_TDATA_blk_n  | out |    1| ap_ctrl_hs | getColorDistance | return value |
|pixel_TVALID       |  in |    1|    axis    |       pixel      |    scalar    |
|pixel_TDATA        |  in |   32|    axis    |       pixel      |    scalar    |
|pixel_TREADY       | out |    1|    axis    |       pixel      |    scalar    |
|color              |  in |   17|   ap_none  |       color      |    scalar    |
+-------------------+-----+-----+------------+------------------+--------------+

============================================================
+ Verbose Summary: Synthesis Manager
============================================================
InlineROM: 1
ExposeGlobal: 0
============================================================
+ Verbose Summary: CDFG Model
============================================================
IsTopModel: 0
ResetActiveHigh: 1
IsCombinational: 2
IsDatapathOnly: 2
HasWiredReturn: 1
HasMFsm: 2
HasVarLatency: 0
IsPipeline: 1
IsRtlPipelined: 1
IsInstanceOverlapped: 1
IsDontTouch: 0
HasImplIP: 0
IsGatedGlobalClock: 0

+ Individual pipeline summary: 
  * Pipeline-0: initiation interval (II) = 1, depth = 14


============================================================
+ Verbose Summary: Schedule
============================================================
* Number of FSM states : 14
* Pipeline : 1
  Pipeline-0 : II = 1, D = 14, States = { 1 2 3 4 5 6 7 8 9 10 11 12 13 14 }
* Dataflow Pipeline: 0

* FSM state transitions: 
1 --> 
	2  / true
2 --> 
	3  / true
3 --> 
	4  / true
4 --> 
	5  / true
5 --> 
	6  / true
6 --> 
	7  / true
7 --> 
	8  / true
8 --> 
	9  / true
9 --> 
	10  / true
10 --> 
	11  / true
11 --> 
	12  / true
12 --> 
	13  / true
13 --> 
	14  / true
14 --> 

* FSM state operations: 

 <State 1> : 8.67ns
ST_1 : Operation 15 [1/1] (0.00ns)   --->   "%color_read = call i17 @_ssdm_op_Read.ap_auto.i17(i17 %color)"
ST_1 : Operation 16 [1/1] (0.00ns)   --->   "%pixel_read = call i32 @_ssdm_op_Read.axis.i32(i32 %pixel)"   --->   Core 5 'AXI4Stream' <Latency = 0> <II = 1> <Delay = 1.00> <Adapter> <Opcode : >
ST_1 : Operation 17 [1/1] (0.00ns) (grouped into LUT with out node number_assign)   --->   "%pixelRed = call i8 @_ssdm_op_PartSelect.i8.i32.i32.i32(i32 %pixel_read, i32 16, i32 23)" [ColorComparator/ColorComparator.cpp:12]
ST_1 : Operation 18 [1/1] (0.00ns) (grouped into LUT with out node number_assign)   --->   "%pixelRed_cast = zext i8 %pixelRed to i9" [ColorComparator/ColorComparator.cpp:12]
ST_1 : Operation 19 [1/1] (0.00ns)   --->   "%pixelGreen = call i8 @_ssdm_op_PartSelect.i8.i32.i32.i32(i32 %pixel_read, i32 8, i32 15)" [ColorComparator/ColorComparator.cpp:13]
ST_1 : Operation 20 [1/1] (0.00ns)   --->   "%pixelGreen_cast = zext i8 %pixelGreen to i9" [ColorComparator/ColorComparator.cpp:13]
ST_1 : Operation 21 [1/1] (0.00ns)   --->   "%pixelBlue = trunc i32 %pixel_read to i8" [ColorComparator/ColorComparator.cpp:14]
ST_1 : Operation 22 [1/1] (0.00ns)   --->   "%pixelBlue_cast = zext i8 %pixelBlue to i9" [ColorComparator/ColorComparator.cpp:14]
ST_1 : Operation 23 [1/1] (0.00ns) (grouped into LUT with out node number_assign)   --->   "%tmp_5 = call i1 @_ssdm_op_BitSelect.i1.i17.i32(i17 %color_read, i32 16)" [ColorComparator/ColorComparator.cpp:15]
ST_1 : Operation 24 [1/1] (0.00ns) (grouped into LUT with out node number_assign)   --->   "%colorRed_cast = select i1 %tmp_5, i9 255, i9 0" [ColorComparator/ColorComparator.cpp:15]   --->   Core 26 'Sel' <Latency = 0> <II = 1> <Delay = 1.37> <FuncUnit> <Opcode : 'select'> <InPorts = 3> <OutPorts = 1>
ST_1 : Operation 25 [1/1] (0.00ns)   --->   "%colorGreen = call i8 @_ssdm_op_PartSelect.i8.i17.i32.i32(i17 %color_read, i32 8, i32 15)" [ColorComparator/ColorComparator.cpp:16]
ST_1 : Operation 26 [1/1] (0.00ns)   --->   "%colorGreen_cast = zext i8 %colorGreen to i9" [ColorComparator/ColorComparator.cpp:16]
ST_1 : Operation 27 [1/1] (0.00ns)   --->   "%colorBlue = trunc i17 %color_read to i8" [ColorComparator/ColorComparator.cpp:17]
ST_1 : Operation 28 [1/1] (0.00ns)   --->   "%colorBlue_cast = zext i8 %colorBlue to i9" [ColorComparator/ColorComparator.cpp:17]
ST_1 : Operation 29 [1/1] (1.93ns) (out node of the LUT)   --->   "%number_assign = sub i9 %pixelRed_cast, %colorRed_cast" [ColorComparator/ColorComparator.cpp:19]   --->   Core 14 'AddSub' <Latency = 0> <II = 1> <Delay = 2.46> <FuncUnit> <Opcode : 'add' 'sub'> <InPorts = 2> <OutPorts = 1>
ST_1 : Operation 30 [1/1] (0.00ns)   --->   "%number_assign_cast_c = sext i9 %number_assign to i18" [ColorComparator/powerFunction.cpp:3->ColorComparator/ColorComparator.cpp:19]
ST_1 : Operation 31 [1/1] (4.35ns)   --->   "%result = mul i18 %number_assign_cast_c, %number_assign_cast_c" [ColorComparator/powerFunction.cpp:7->ColorComparator/ColorComparator.cpp:19]   --->   Core 16 'Mul' <Latency = 0> <II = 1> <Delay = 4.35> <FuncUnit> <Opcode : 'mul'> <InPorts = 2> <OutPorts = 1>
ST_1 : Operation 32 [1/1] (1.91ns)   --->   "%number_assign_1 = sub i9 %pixelGreen_cast, %colorGreen_cast" [ColorComparator/ColorComparator.cpp:20]   --->   Core 14 'AddSub' <Latency = 0> <II = 1> <Delay = 2.46> <FuncUnit> <Opcode : 'add' 'sub'> <InPorts = 2> <OutPorts = 1>
ST_1 : Operation 33 [1/1] (0.00ns)   --->   "%number_assign_1_cast = sext i9 %number_assign_1 to i18" [ColorComparator/powerFunction.cpp:3->ColorComparator/ColorComparator.cpp:20]
ST_1 : Operation 34 [1/1] (4.35ns)   --->   "%result_1 = mul i18 %number_assign_1_cast, %number_assign_1_cast" [ColorComparator/powerFunction.cpp:7->ColorComparator/ColorComparator.cpp:20]   --->   Core 16 'Mul' <Latency = 0> <II = 1> <Delay = 4.35> <FuncUnit> <Opcode : 'mul'> <InPorts = 2> <OutPorts = 1>
ST_1 : Operation 35 [1/1] (1.91ns)   --->   "%number_assign_2 = sub i9 %pixelBlue_cast, %colorBlue_cast" [ColorComparator/ColorComparator.cpp:21]   --->   Core 14 'AddSub' <Latency = 0> <II = 1> <Delay = 2.46> <FuncUnit> <Opcode : 'add' 'sub'> <InPorts = 2> <OutPorts = 1>
ST_1 : Operation 36 [1/1] (0.00ns)   --->   "%tmp_7 = sext i9 %number_assign_2 to i17" [ColorComparator/powerFunction.cpp:7->ColorComparator/ColorComparator.cpp:21]
ST_1 : Operation 37 [1/1] (0.00ns)   --->   "%tmp_8 = sext i9 %number_assign_2 to i17" [ColorComparator/powerFunction.cpp:7->ColorComparator/ColorComparator.cpp:21]
ST_1 : Operation 38 [1/1] (4.35ns)   --->   "%tmp_9 = mul i17 %tmp_8, %tmp_7" [ColorComparator/powerFunction.cpp:7->ColorComparator/ColorComparator.cpp:21]   --->   Core 16 'Mul' <Latency = 0> <II = 1> <Delay = 4.35> <FuncUnit> <Opcode : 'mul'> <InPorts = 2> <OutPorts = 1>
ST_1 : Operation 39 [1/1] (0.00ns)   --->   "%p_shl = call i27 @_ssdm_op_BitConcatenate.i27.i17.i10(i17 %tmp_9, i10 0)" [ColorComparator/ColorComparator.cpp:21]
ST_1 : Operation 40 [1/1] (0.00ns)   --->   "%p_shl_cast = sext i27 %p_shl to i28" [ColorComparator/ColorComparator.cpp:21]
ST_1 : Operation 41 [1/1] (0.00ns)   --->   "%p_shl9 = call i25 @_ssdm_op_BitConcatenate.i25.i17.i8(i17 %tmp_9, i8 0)" [ColorComparator/ColorComparator.cpp:21]
ST_1 : Operation 42 [1/1] (0.00ns)   --->   "%p_shl9_cast = sext i25 %p_shl9 to i28" [ColorComparator/ColorComparator.cpp:21]
ST_1 : Operation 43 [1/1] (2.40ns)   --->   "%p_Val2_s = sub i28 %p_shl_cast, %p_shl9_cast" [ColorComparator/ColorComparator.cpp:21]   --->   Core 14 'AddSub' <Latency = 0> <II = 1> <Delay = 2.46> <FuncUnit> <Opcode : 'add' 'sub'> <InPorts = 2> <OutPorts = 1>

 <State 2> : 8.12ns
ST_2 : Operation 44 [1/1] (0.00ns)   --->   "%tmp = call i27 @_ssdm_op_BitConcatenate.i27.i18.i9(i18 %result, i9 0)" [ColorComparator/powerFunction.cpp:7->ColorComparator/ColorComparator.cpp:19]
ST_2 : Operation 45 [1/1] (0.00ns)   --->   "%p_Val2_cast = sext i27 %tmp to i30" [ColorComparator/ColorComparator.cpp:20]
ST_2 : Operation 46 [1/1] (0.00ns)   --->   "%tmp_2 = call i28 @_ssdm_op_BitConcatenate.i28.i18.i10(i18 %result_1, i10 0)" [ColorComparator/powerFunction.cpp:7->ColorComparator/ColorComparator.cpp:20]
ST_2 : Operation 47 [1/1] (0.00ns)   --->   "%p_Val2_1_cast = sext i28 %tmp_2 to i29" [ColorComparator/ColorComparator.cpp:21]
ST_2 : Operation 48 [1/1] (0.00ns)   --->   "%p_Val2_2_cast_cast = sext i28 %p_Val2_s to i29" [ColorComparator/ColorComparator.cpp:22]
ST_2 : Operation 49 [1/1] (2.43ns)   --->   "%tmp5 = add i29 %p_Val2_2_cast_cast, %p_Val2_1_cast" [ColorComparator/ColorComparator.cpp:22]   --->   Core 14 'AddSub' <Latency = 0> <II = 1> <Delay = 2.46> <FuncUnit> <Opcode : 'add' 'sub'> <InPorts = 2> <OutPorts = 1>
ST_2 : Operation 50 [1/1] (0.00ns)   --->   "%tmp5_cast = sext i29 %tmp5 to i30" [ColorComparator/ColorComparator.cpp:22]
ST_2 : Operation 51 [1/1] (2.46ns)   --->   "%powerSummation_V = add i30 %p_Val2_cast, %tmp5_cast" [ColorComparator/ColorComparator.cpp:22]   --->   Core 14 'AddSub' <Latency = 0> <II = 1> <Delay = 2.46> <FuncUnit> <Opcode : 'add' 'sub'> <InPorts = 2> <OutPorts = 1>
ST_2 : Operation 52 [13/13] (3.22ns)   --->   "%result_V = call fastcc i20 @fxp_sqrt(i30 %powerSummation_V) nounwind" [ColorComparator/ColorComparator.cpp:24]   --->   Core 0 '' <Latency = 0> <II = 1> <Delay = 1.00> <Generic> <Opcode : >

 <State 3> : 8.68ns
ST_3 : Operation 53 [12/13] (8.67ns)   --->   "%result_V = call fastcc i20 @fxp_sqrt(i30 %powerSummation_V) nounwind" [ColorComparator/ColorComparator.cpp:24]   --->   Core 0 '' <Latency = 0> <II = 1> <Delay = 1.00> <Generic> <Opcode : >

 <State 4> : 8.68ns
ST_4 : Operation 54 [11/13] (8.67ns)   --->   "%result_V = call fastcc i20 @fxp_sqrt(i30 %powerSummation_V) nounwind" [ColorComparator/ColorComparator.cpp:24]   --->   Core 0 '' <Latency = 0> <II = 1> <Delay = 1.00> <Generic> <Opcode : >

 <State 5> : 8.68ns
ST_5 : Operation 55 [10/13] (8.67ns)   --->   "%result_V = call fastcc i20 @fxp_sqrt(i30 %powerSummation_V) nounwind" [ColorComparator/ColorComparator.cpp:24]   --->   Core 0 '' <Latency = 0> <II = 1> <Delay = 1.00> <Generic> <Opcode : >

 <State 6> : 8.68ns
ST_6 : Operation 56 [9/13] (8.67ns)   --->   "%result_V = call fastcc i20 @fxp_sqrt(i30 %powerSummation_V) nounwind" [ColorComparator/ColorComparator.cpp:24]   --->   Core 0 '' <Latency = 0> <II = 1> <Delay = 1.00> <Generic> <Opcode : >

 <State 7> : 8.68ns
ST_7 : Operation 57 [8/13] (8.67ns)   --->   "%result_V = call fastcc i20 @fxp_sqrt(i30 %powerSummation_V) nounwind" [ColorComparator/ColorComparator.cpp:24]   --->   Core 0 '' <Latency = 0> <II = 1> <Delay = 1.00> <Generic> <Opcode : >

 <State 8> : 8.68ns
ST_8 : Operation 58 [7/13] (8.67ns)   --->   "%result_V = call fastcc i20 @fxp_sqrt(i30 %powerSummation_V) nounwind" [ColorComparator/ColorComparator.cpp:24]   --->   Core 0 '' <Latency = 0> <II = 1> <Delay = 1.00> <Generic> <Opcode : >

 <State 9> : 8.68ns
ST_9 : Operation 59 [6/13] (8.67ns)   --->   "%result_V = call fastcc i20 @fxp_sqrt(i30 %powerSummation_V) nounwind" [ColorComparator/ColorComparator.cpp:24]   --->   Core 0 '' <Latency = 0> <II = 1> <Delay = 1.00> <Generic> <Opcode : >

 <State 10> : 8.68ns
ST_10 : Operation 60 [5/13] (8.67ns)   --->   "%result_V = call fastcc i20 @fxp_sqrt(i30 %powerSummation_V) nounwind" [ColorComparator/ColorComparator.cpp:24]   --->   Core 0 '' <Latency = 0> <II = 1> <Delay = 1.00> <Generic> <Opcode : >

 <State 11> : 8.68ns
ST_11 : Operation 61 [4/13] (8.67ns)   --->   "%result_V = call fastcc i20 @fxp_sqrt(i30 %powerSummation_V) nounwind" [ColorComparator/ColorComparator.cpp:24]   --->   Core 0 '' <Latency = 0> <II = 1> <Delay = 1.00> <Generic> <Opcode : >

 <State 12> : 8.68ns
ST_12 : Operation 62 [3/13] (8.67ns)   --->   "%result_V = call fastcc i20 @fxp_sqrt(i30 %powerSummation_V) nounwind" [ColorComparator/ColorComparator.cpp:24]   --->   Core 0 '' <Latency = 0> <II = 1> <Delay = 1.00> <Generic> <Opcode : >

 <State 13> : 8.68ns
ST_13 : Operation 63 [2/13] (8.67ns)   --->   "%result_V = call fastcc i20 @fxp_sqrt(i30 %powerSummation_V) nounwind" [ColorComparator/ColorComparator.cpp:24]   --->   Core 0 '' <Latency = 0> <II = 1> <Delay = 1.00> <Generic> <Opcode : >

 <State 14> : 6.10ns
ST_14 : Operation 64 [1/1] (0.00ns)   --->   "call void (...)* @_ssdm_op_SpecInterface(i32 %pixel, [5 x i8]* @p_str4, i32 0, i32 0, [5 x i8]* @p_str5, i32 0, i32 0, [1 x i8]* @p_str12, [1 x i8]* @p_str12, [1 x i8]* @p_str12, i32 0, i32 0, i32 0, i32 0, [1 x i8]* @p_str12, [1 x i8]* @p_str12) nounwind"
ST_14 : Operation 65 [1/13] (6.10ns)   --->   "%result_V = call fastcc i20 @fxp_sqrt(i30 %powerSummation_V) nounwind" [ColorComparator/ColorComparator.cpp:24]   --->   Core 0 '' <Latency = 0> <II = 1> <Delay = 1.00> <Generic> <Opcode : >
ST_14 : Operation 66 [1/1] (0.00ns)   --->   "%tmp_1 = call i12 @_ssdm_op_PartSelect.i12.i20.i32.i32(i20 %result_V, i32 8, i32 19)" [ColorComparator/ColorComparator.cpp:25]
ST_14 : Operation 67 [1/1] (0.00ns)   --->   "ret i12 %tmp_1" [ColorComparator/ColorComparator.cpp:25]


============================================================
+ Verbose Summary: Binding
============================================================
STG Binding: 
---------------- STG Properties BEGIN ----------------
- Is combinational: 0
- Is one-state seq: 0
- Is datapath-only: 0
- Is pipelined: 1
- Is top level: 0
Port [ Return ] is wired: 1; IO mode=ap_ctrl_hs:ce=0
Port [ pixel]:  wired=1; compound=1; hidden=0; nouse=0; global=0; static=0; extern=0; dir=0; type=0; pingpong=0; private_global=0; IO mode=axis:ce=0
Port [ color]:  wired=1; compound=0; hidden=0; nouse=0; global=0; static=0; extern=0; dir=0; type=0; pingpong=0; private_global=0; IO mode=ap_none:ce=0
---------------- STG Properties END ------------------

---------------- Datapath Model BEGIN ----------------

<LifeTime>
<method=bitvector/>
color_read           (read          ) [ 000000000000000]
pixel_read           (read          ) [ 000000000000000]
pixelRed             (partselect    ) [ 000000000000000]
pixelRed_cast        (zext          ) [ 000000000000000]
pixelGreen           (partselect    ) [ 000000000000000]
pixelGreen_cast      (zext          ) [ 000000000000000]
pixelBlue            (trunc         ) [ 000000000000000]
pixelBlue_cast       (zext          ) [ 000000000000000]
tmp_5                (bitselect     ) [ 000000000000000]
colorRed_cast        (select        ) [ 000000000000000]
colorGreen           (partselect    ) [ 000000000000000]
colorGreen_cast      (zext          ) [ 000000000000000]
colorBlue            (trunc         ) [ 000000000000000]
colorBlue_cast       (zext          ) [ 000000000000000]
number_assign        (sub           ) [ 000000000000000]
number_assign_cast_c (sext          ) [ 000000000000000]
result               (mul           ) [ 011000000000000]
number_assign_1      (sub           ) [ 000000000000000]
number_assign_1_cast (sext          ) [ 000000000000000]
result_1             (mul           ) [ 011000000000000]
number_assign_2      (sub           ) [ 000000000000000]
tmp_7                (sext          ) [ 000000000000000]
tmp_8                (sext          ) [ 000000000000000]
tmp_9                (mul           ) [ 000000000000000]
p_shl                (bitconcatenate) [ 000000000000000]
p_shl_cast           (sext          ) [ 000000000000000]
p_shl9               (bitconcatenate) [ 000000000000000]
p_shl9_cast          (sext          ) [ 000000000000000]
p_Val2_s             (sub           ) [ 011000000000000]
tmp                  (bitconcatenate) [ 000000000000000]
p_Val2_cast          (sext          ) [ 000000000000000]
tmp_2                (bitconcatenate) [ 000000000000000]
p_Val2_1_cast        (sext          ) [ 000000000000000]
p_Val2_2_cast_cast   (sext          ) [ 000000000000000]
tmp5                 (add           ) [ 000000000000000]
tmp5_cast            (sext          ) [ 000000000000000]
powerSummation_V     (add           ) [ 010111111111111]
StgValue_64          (specinterface ) [ 000000000000000]
result_V             (call          ) [ 000000000000000]
tmp_1                (partselect    ) [ 000000000000000]
StgValue_67          (ret           ) [ 000000000000000]
</LifeTime>

<model>

<comp_list>
<comp id="0" class="1000" name="pixel">
<pin_list>
<pin id="1" dir="1" index="0" bw="1" slack="0"/>
</pin_list>
<bind>
<StgValue><ssdm name="pixel"/></StgValue>
</bind>
</comp>

<comp id="2" class="1000" name="color">
<pin_list>
<pin id="3" dir="1" index="0" bw="1" slack="0"/>
</pin_list>
<bind>
<StgValue><ssdm name="color"/></StgValue>
</bind>
</comp>

<comp id="4" class="1001" name="const_4">
<pin_list>
<pin id="5" dir="1" index="0" bw="1" slack="0"/>
</pin_list>
<bind>
<StgValue><ssdm name="_ssdm_op_Read.ap_auto.i17"/></StgValue>
</bind>
</comp>

<comp id="6" class="1001" name="const_6">
<pin_list>
<pin id="7" dir="1" index="0" bw="1" slack="0"/>
</pin_list>
<bind>
<StgValue><ssdm name="_ssdm_op_Read.axis.i32"/></StgValue>
</bind>
</comp>

<comp id="8" class="1001" name="const_8">
<pin_list>
<pin id="9" dir="1" index="0" bw="1" slack="0"/>
</pin_list>
<bind>
<StgValue><ssdm name="_ssdm_op_PartSelect.i8.i32.i32.i32"/></StgValue>
</bind>
</comp>

<comp id="10" class="1001" name="const_10">
<pin_list>
<pin id="11" dir="1" index="0" bw="1" slack="0"/>
</pin_list>
<bind>
<StgValue><ssdm name=""/></StgValue>
</bind>
</comp>

<comp id="12" class="1001" name="const_12">
<pin_list>
<pin id="13" dir="1" index="0" bw="1" slack="0"/>
</pin_list>
<bind>
<StgValue><ssdm name=""/></StgValue>
</bind>
</comp>

<comp id="14" class="1001" name="const_14">
<pin_list>
<pin id="15" dir="1" index="0" bw="1" slack="0"/>
</pin_list>
<bind>
<StgValue><ssdm name=""/></StgValue>
</bind>
</comp>

<comp id="16" class="1001" name="const_16">
<pin_list>
<pin id="17" dir="1" index="0" bw="1" slack="0"/>
</pin_list>
<bind>
<StgValue><ssdm name=""/></StgValue>
</bind>
</comp>

<comp id="18" class="1001" name="const_18">
<pin_list>
<pin id="19" dir="1" index="0" bw="1" slack="0"/>
</pin_list>
<bind>
<StgValue><ssdm name="_ssdm_op_BitSelect.i1.i17.i32"/></StgValue>
</bind>
</comp>

<comp id="20" class="1001" name="const_20">
<pin_list>
<pin id="21" dir="1" index="0" bw="1" slack="0"/>
</pin_list>
<bind>
<StgValue><ssdm name=""/></StgValue>
</bind>
</comp>

<comp id="22" class="1001" name="const_22">
<pin_list>
<pin id="23" dir="1" index="0" bw="1" slack="0"/>
</pin_list>
<bind>
<StgValue><ssdm name=""/></StgValue>
</bind>
</comp>

<comp id="24" class="1001" name="const_24">
<pin_list>
<pin id="25" dir="1" index="0" bw="1" slack="0"/>
</pin_list>
<bind>
<StgValue><ssdm name="_ssdm_op_PartSelect.i8.i17.i32.i32"/></StgValue>
</bind>
</comp>

<comp id="26" class="1001" name="const_26">
<pin_list>
<pin id="27" dir="1" index="0" bw="1" slack="0"/>
</pin_list>
<bind>
<StgValue><ssdm name="_ssdm_op_BitConcatenate.i27.i17.i10"/></StgValue>
</bind>
</comp>

<comp id="28" class="1001" name="const_28">
<pin_list>
<pin id="29" dir="1" index="0" bw="1" slack="0"/>
</pin_list>
<bind>
<StgValue><ssdm name=""/></StgValue>
</bind>
</comp>

<comp id="30" class="1001" name="const_30">
<pin_list>
<pin id="31" dir="1" index="0" bw="1" slack="0"/>
</pin_list>
<bind>
<StgValue><ssdm name="_ssdm_op_BitConcatenate.i25.i17.i8"/></StgValue>
</bind>
</comp>

<comp id="32" class="1001" name="const_32">
<pin_list>
<pin id="33" dir="1" index="0" bw="1" slack="0"/>
</pin_list>
<bind>
<StgValue><ssdm name=""/></StgValue>
</bind>
</comp>

<comp id="34" class="1001" name="const_34">
<pin_list>
<pin id="35" dir="1" index="0" bw="1" slack="0"/>
</pin_list>
<bind>
<StgValue><ssdm name="_ssdm_op_BitConcatenate.i27.i18.i9"/></StgValue>
</bind>
</comp>

<comp id="36" class="1001" name="const_36">
<pin_list>
<pin id="37" dir="1" index="0" bw="1" slack="0"/>
</pin_list>
<bind>
<StgValue><ssdm name="_ssdm_op_BitConcatenate.i28.i18.i10"/></StgValue>
</bind>
</comp>

<comp id="38" class="1001" name="const_38">
<pin_list>
<pin id="39" dir="1" index="0" bw="1" slack="0"/>
</pin_list>
<bind>
<StgValue><ssdm name="fxp_sqrt"/></StgValue>
</bind>
</comp>

<comp id="40" class="1001" name="const_40">
<pin_list>
<pin id="41" dir="1" index="0" bw="1" slack="2147483647"/>
</pin_list>
<bind>
<StgValue><ssdm name="_ssdm_op_SpecInterface"/></StgValue>
</bind>
</comp>

<comp id="42" class="1001" name="const_42">
<pin_list>
<pin id="43" dir="1" index="0" bw="1" slack="2147483647"/>
</pin_list>
<bind>
<StgValue><ssdm name="p_str4"/></StgValue>
</bind>
</comp>

<comp id="44" class="1001" name="const_44">
<pin_list>
<pin id="45" dir="1" index="0" bw="1" slack="2147483647"/>
</pin_list>
<bind>
<StgValue><ssdm name=""/></StgValue>
</bind>
</comp>

<comp id="46" class="1001" name="const_46">
<pin_list>
<pin id="47" dir="1" index="0" bw="1" slack="2147483647"/>
</pin_list>
<bind>
<StgValue><ssdm name="p_str5"/></StgValue>
</bind>
</comp>

<comp id="48" class="1001" name="const_48">
<pin_list>
<pin id="49" dir="1" index="0" bw="1" slack="2147483647"/>
</pin_list>
<bind>
<StgValue><ssdm name="p_str12"/></StgValue>
</bind>
</comp>

<comp id="50" class="1001" name="const_50">
<pin_list>
<pin id="51" dir="1" index="0" bw="1" slack="0"/>
</pin_list>
<bind>
<StgValue><ssdm name="_ssdm_op_PartSelect.i12.i20.i32.i32"/></StgValue>
</bind>
</comp>

<comp id="52" class="1001" name="const_52">
<pin_list>
<pin id="53" dir="1" index="0" bw="1" slack="0"/>
</pin_list>
<bind>
<StgValue><ssdm name=""/></StgValue>
</bind>
</comp>

<comp id="54" class="1004" name="color_read_read_fu_54">
<pin_list>
<pin id="55" dir="0" index="0" bw="17" slack="0"/>
<pin id="56" dir="0" index="1" bw="17" slack="0"/>
<pin id="57" dir="1" index="2" bw="17" slack="0"/>
</pin_list>
<bind>
<opcode="read(1150) " fcode="read"/>
<opset="color_read/1 "/>
</bind>
</comp>

<comp id="60" class="1004" name="pixel_read_read_fu_60">
<pin_list>
<pin id="61" dir="0" index="0" bw="32" slack="0"/>
<pin id="62" dir="0" index="1" bw="32" slack="0"/>
<pin id="63" dir="1" index="2" bw="32" slack="0"/>
</pin_list>
<bind>
<opcode="read(1150) " fcode="read"/>
<opset="pixel_read/1 "/>
</bind>
</comp>

<comp id="66" class="1004" name="grp_fxp_sqrt_fu_66">
<pin_list>
<pin id="67" dir="0" index="0" bw="20" slack="0"/>
<pin id="68" dir="0" index="1" bw="30" slack="0"/>
<pin id="69" dir="1" index="2" bw="20" slack="0"/>
</pin_list>
<bind>
<opcode="call(48) " fcode="call"/>
<opset="result_V/2 "/>
</bind>
</comp>

<comp id="71" class="1004" name="pixelRed_fu_71">
<pin_list>
<pin id="72" dir="0" index="0" bw="8" slack="0"/>
<pin id="73" dir="0" index="1" bw="32" slack="0"/>
<pin id="74" dir="0" index="2" bw="6" slack="0"/>
<pin id="75" dir="0" index="3" bw="6" slack="0"/>
<pin id="76" dir="1" index="4" bw="8" slack="0"/>
</pin_list>
<bind>
<opcode="partselect(1002) " fcode="partselect"/>
<opset="pixelRed/1 "/>
</bind>
</comp>

<comp id="81" class="1004" name="pixelRed_cast_fu_81">
<pin_list>
<pin id="82" dir="0" index="0" bw="8" slack="0"/>
<pin id="83" dir="1" index="1" bw="9" slack="0"/>
</pin_list>
<bind>
<opcode="zext(34) " fcode="zext"/>
<opset="pixelRed_cast/1 "/>
</bind>
</comp>

<comp id="85" class="1004" name="pixelGreen_fu_85">
<pin_list>
<pin id="86" dir="0" index="0" bw="8" slack="0"/>
<pin id="87" dir="0" index="1" bw="32" slack="0"/>
<pin id="88" dir="0" index="2" bw="5" slack="0"/>
<pin id="89" dir="0" index="3" bw="5" slack="0"/>
<pin id="90" dir="1" index="4" bw="8" slack="0"/>
</pin_list>
<bind>
<opcode="partselect(1002) " fcode="partselect"/>
<opset="pixelGreen/1 "/>
</bind>
</comp>

<comp id="95" class="1004" name="pixelGreen_cast_fu_95">
<pin_list>
<pin id="96" dir="0" index="0" bw="8" slack="0"/>
<pin id="97" dir="1" index="1" bw="9" slack="0"/>
</pin_list>
<bind>
<opcode="zext(34) " fcode="zext"/>
<opset="pixelGreen_cast/1 "/>
</bind>
</comp>

<comp id="99" class="1004" name="pixelBlue_fu_99">
<pin_list>
<pin id="100" dir="0" index="0" bw="32" slack="0"/>
<pin id="101" dir="1" index="1" bw="8" slack="0"/>
</pin_list>
<bind>
<opcode="trunc(33) " fcode="trunc"/>
<opset="pixelBlue/1 "/>
</bind>
</comp>

<comp id="103" class="1004" name="pixelBlue_cast_fu_103">
<pin_list>
<pin id="104" dir="0" index="0" bw="8" slack="0"/>
<pin id="105" dir="1" index="1" bw="9" slack="0"/>
</pin_list>
<bind>
<opcode="zext(34) " fcode="zext"/>
<opset="pixelBlue_cast/1 "/>
</bind>
</comp>

<comp id="107" class="1004" name="tmp_5_fu_107">
<pin_list>
<pin id="108" dir="0" index="0" bw="1" slack="0"/>
<pin id="109" dir="0" index="1" bw="17" slack="0"/>
<pin id="110" dir="0" index="2" bw="6" slack="0"/>
<pin id="111" dir="1" index="3" bw="1" slack="0"/>
</pin_list>
<bind>
<opcode="bitselect(1000) " fcode="bitselect"/>
<opset="tmp_5/1 "/>
</bind>
</comp>

<comp id="115" class="1004" name="colorRed_cast_fu_115">
<pin_list>
<pin id="116" dir="0" index="0" bw="1" slack="0"/>
<pin id="117" dir="0" index="1" bw="9" slack="0"/>
<pin id="118" dir="0" index="2" bw="9" slack="0"/>
<pin id="119" dir="1" index="3" bw="9" slack="0"/>
</pin_list>
<bind>
<opcode="select(49) " fcode="select"/>
<opset="colorRed_cast/1 "/>
</bind>
</comp>

<comp id="123" class="1004" name="colorGreen_fu_123">
<pin_list>
<pin id="124" dir="0" index="0" bw="8" slack="0"/>
<pin id="125" dir="0" index="1" bw="17" slack="0"/>
<pin id="126" dir="0" index="2" bw="5" slack="0"/>
<pin id="127" dir="0" index="3" bw="5" slack="0"/>
<pin id="128" dir="1" index="4" bw="8" slack="0"/>
</pin_list>
<bind>
<opcode="partselect(1002) " fcode="partselect"/>
<opset="colorGreen/1 "/>
</bind>
</comp>

<comp id="133" class="1004" name="colorGreen_cast_fu_133">
<pin_list>
<pin id="134" dir="0" index="0" bw="8" slack="0"/>
<pin id="135" dir="1" index="1" bw="9" slack="0"/>
</pin_list>
<bind>
<opcode="zext(34) " fcode="zext"/>
<opset="colorGreen_cast/1 "/>
</bind>
</comp>

<comp id="137" class="1004" name="colorBlue_fu_137">
<pin_list>
<pin id="138" dir="0" index="0" bw="17" slack="0"/>
<pin id="139" dir="1" index="1" bw="8" slack="0"/>
</pin_list>
<bind>
<opcode="trunc(33) " fcode="trunc"/>
<opset="colorBlue/1 "/>
</bind>
</comp>

<comp id="141" class="1004" name="colorBlue_cast_fu_141">
<pin_list>
<pin id="142" dir="0" index="0" bw="8" slack="0"/>
<pin id="143" dir="1" index="1" bw="9" slack="0"/>
</pin_list>
<bind>
<opcode="zext(34) " fcode="zext"/>
<opset="colorBlue_cast/1 "/>
</bind>
</comp>

<comp id="145" class="1004" name="number_assign_fu_145">
<pin_list>
<pin id="146" dir="0" index="0" bw="8" slack="0"/>
<pin id="147" dir="0" index="1" bw="9" slack="0"/>
<pin id="148" dir="1" index="2" bw="9" slack="0"/>
</pin_list>
<bind>
<opcode="sub(10) " fcode="sub"/>
<opset="number_assign/1 "/>
</bind>
</comp>

<comp id="151" class="1004" name="number_assign_cast_c_fu_151">
<pin_list>
<pin id="152" dir="0" index="0" bw="9" slack="0"/>
<pin id="153" dir="1" index="1" bw="18" slack="0"/>
</pin_list>
<bind>
<opcode="sext(35) " fcode="sext"/>
<opset="number_assign_cast_c/1 "/>
</bind>
</comp>

<comp id="155" class="1004" name="result_fu_155">
<pin_list>
<pin id="156" dir="0" index="0" bw="9" slack="0"/>
<pin id="157" dir="0" index="1" bw="9" slack="0"/>
<pin id="158" dir="1" index="2" bw="18" slack="1"/>
</pin_list>
<bind>
<opcode="mul(12) " fcode="mul"/>
<opset="result/1 "/>
</bind>
</comp>

<comp id="161" class="1004" name="number_assign_1_fu_161">
<pin_list>
<pin id="162" dir="0" index="0" bw="8" slack="0"/>
<pin id="163" dir="0" index="1" bw="8" slack="0"/>
<pin id="164" dir="1" index="2" bw="9" slack="0"/>
</pin_list>
<bind>
<opcode="sub(10) " fcode="sub"/>
<opset="number_assign_1/1 "/>
</bind>
</comp>

<comp id="167" class="1004" name="number_assign_1_cast_fu_167">
<pin_list>
<pin id="168" dir="0" index="0" bw="9" slack="0"/>
<pin id="169" dir="1" index="1" bw="18" slack="0"/>
</pin_list>
<bind>
<opcode="sext(35) " fcode="sext"/>
<opset="number_assign_1_cast/1 "/>
</bind>
</comp>

<comp id="171" class="1004" name="result_1_fu_171">
<pin_list>
<pin id="172" dir="0" index="0" bw="9" slack="0"/>
<pin id="173" dir="0" index="1" bw="9" slack="0"/>
<pin id="174" dir="1" index="2" bw="18" slack="1"/>
</pin_list>
<bind>
<opcode="mul(12) " fcode="mul"/>
<opset="result_1/1 "/>
</bind>
</comp>

<comp id="177" class="1004" name="number_assign_2_fu_177">
<pin_list>
<pin id="178" dir="0" index="0" bw="8" slack="0"/>
<pin id="179" dir="0" index="1" bw="8" slack="0"/>
<pin id="180" dir="1" index="2" bw="9" slack="0"/>
</pin_list>
<bind>
<opcode="sub(10) " fcode="sub"/>
<opset="number_assign_2/1 "/>
</bind>
</comp>

<comp id="183" class="1004" name="tmp_7_fu_183">
<pin_list>
<pin id="184" dir="0" index="0" bw="9" slack="0"/>
<pin id="185" dir="1" index="1" bw="17" slack="0"/>
</pin_list>
<bind>
<opcode="sext(35) " fcode="sext"/>
<opset="tmp_7/1 "/>
</bind>
</comp>

<comp id="187" class="1004" name="tmp_8_fu_187">
<pin_list>
<pin id="188" dir="0" index="0" bw="9" slack="0"/>
<pin id="189" dir="1" index="1" bw="17" slack="0"/>
</pin_list>
<bind>
<opcode="sext(35) " fcode="sext"/>
<opset="tmp_8/1 "/>
</bind>
</comp>

<comp id="191" class="1004" name="tmp_9_fu_191">
<pin_list>
<pin id="192" dir="0" index="0" bw="9" slack="0"/>
<pin id="193" dir="0" index="1" bw="9" slack="0"/>
<pin id="194" dir="1" index="2" bw="17" slack="0"/>
</pin_list>
<bind>
<opcode="mul(12) " fcode="mul"/>
<opset="tmp_9/1 "/>
</bind>
</comp>

<comp id="197" class="1004" name="p_shl_fu_197">
<pin_list>
<pin id="198" dir="0" index="0" bw="27" slack="0"/>
<pin id="199" dir="0" index="1" bw="17" slack="0"/>
<pin id="200" dir="0" index="2" bw="1" slack="0"/>
<pin id="201" dir="1" index="3" bw="27" slack="0"/>
</pin_list>
<bind>
<opcode="bitconcatenate(1004) " fcode="bitconcatenate"/>
<opset="p_shl/1 "/>
</bind>
</comp>

<comp id="205" class="1004" name="p_shl_cast_fu_205">
<pin_list>
<pin id="206" dir="0" index="0" bw="27" slack="0"/>
<pin id="207" dir="1" index="1" bw="28" slack="0"/>
</pin_list>
<bind>
<opcode="sext(35) " fcode="sext"/>
<opset="p_shl_cast/1 "/>
</bind>
</comp>

<comp id="209" class="1004" name="p_shl9_fu_209">
<pin_list>
<pin id="210" dir="0" index="0" bw="25" slack="0"/>
<pin id="211" dir="0" index="1" bw="17" slack="0"/>
<pin id="212" dir="0" index="2" bw="1" slack="0"/>
<pin id="213" dir="1" index="3" bw="25" slack="0"/>
</pin_list>
<bind>
<opcode="bitconcatenate(1004) " fcode="bitconcatenate"/>
<opset="p_shl9/1 "/>
</bind>
</comp>

<comp id="217" class="1004" name="p_shl9_cast_fu_217">
<pin_list>
<pin id="218" dir="0" index="0" bw="25" slack="0"/>
<pin id="219" dir="1" index="1" bw="28" slack="0"/>
</pin_list>
<bind>
<opcode="sext(35) " fcode="sext"/>
<opset="p_shl9_cast/1 "/>
</bind>
</comp>

<comp id="221" class="1004" name="p_Val2_s_fu_221">
<pin_list>
<pin id="222" dir="0" index="0" bw="27" slack="0"/>
<pin id="223" dir="0" index="1" bw="25" slack="0"/>
<pin id="224" dir="1" index="2" bw="28" slack="1"/>
</pin_list>
<bind>
<opcode="sub(10) " fcode="sub"/>
<opset="p_Val2_s/1 "/>
</bind>
</comp>

<comp id="227" class="1004" name="tmp_fu_227">
<pin_list>
<pin id="228" dir="0" index="0" bw="27" slack="0"/>
<pin id="229" dir="0" index="1" bw="18" slack="1"/>
<pin id="230" dir="0" index="2" bw="1" slack="0"/>
<pin id="231" dir="1" index="3" bw="27" slack="0"/>
</pin_list>
<bind>
<opcode="bitconcatenate(1004) " fcode="bitconcatenate"/>
<opset="tmp/2 "/>
</bind>
</comp>

<comp id="234" class="1004" name="p_Val2_cast_fu_234">
<pin_list>
<pin id="235" dir="0" index="0" bw="27" slack="0"/>
<pin id="236" dir="1" index="1" bw="30" slack="0"/>
</pin_list>
<bind>
<opcode="sext(35) " fcode="sext"/>
<opset="p_Val2_cast/2 "/>
</bind>
</comp>

<comp id="238" class="1004" name="tmp_2_fu_238">
<pin_list>
<pin id="239" dir="0" index="0" bw="28" slack="0"/>
<pin id="240" dir="0" index="1" bw="18" slack="1"/>
<pin id="241" dir="0" index="2" bw="1" slack="0"/>
<pin id="242" dir="1" index="3" bw="28" slack="0"/>
</pin_list>
<bind>
<opcode="bitconcatenate(1004) " fcode="bitconcatenate"/>
<opset="tmp_2/2 "/>
</bind>
</comp>

<comp id="245" class="1004" name="p_Val2_1_cast_fu_245">
<pin_list>
<pin id="246" dir="0" index="0" bw="28" slack="0"/>
<pin id="247" dir="1" index="1" bw="29" slack="0"/>
</pin_list>
<bind>
<opcode="sext(35) " fcode="sext"/>
<opset="p_Val2_1_cast/2 "/>
</bind>
</comp>

<comp id="249" class="1004" name="p_Val2_2_cast_cast_fu_249">
<pin_list>
<pin id="250" dir="0" index="0" bw="28" slack="1"/>
<pin id="251" dir="1" index="1" bw="29" slack="0"/>
</pin_list>
<bind>
<opcode="sext(35) " fcode="sext"/>
<opset="p_Val2_2_cast_cast/2 "/>
</bind>
</comp>

<comp id="252" class="1004" name="tmp5_fu_252">
<pin_list>
<pin id="253" dir="0" index="0" bw="28" slack="0"/>
<pin id="254" dir="0" index="1" bw="28" slack="0"/>
<pin id="255" dir="1" index="2" bw="29" slack="0"/>
</pin_list>
<bind>
<opcode="add(8) " fcode="add"/>
<opset="tmp5/2 "/>
</bind>
</comp>

<comp id="258" class="1004" name="tmp5_cast_fu_258">
<pin_list>
<pin id="259" dir="0" index="0" bw="29" slack="0"/>
<pin id="260" dir="1" index="1" bw="30" slack="0"/>
</pin_list>
<bind>
<opcode="sext(35) " fcode="sext"/>
<opset="tmp5_cast/2 "/>
</bind>
</comp>

<comp id="262" class="1004" name="powerSummation_V_fu_262">
<pin_list>
<pin id="263" dir="0" index="0" bw="27" slack="0"/>
<pin id="264" dir="0" index="1" bw="29" slack="0"/>
<pin id="265" dir="1" index="2" bw="30" slack="0"/>
</pin_list>
<bind>
<opcode="add(8) " fcode="add"/>
<opset="powerSummation_V/2 "/>
</bind>
</comp>

<comp id="269" class="1004" name="tmp_1_fu_269">
<pin_list>
<pin id="270" dir="0" index="0" bw="12" slack="0"/>
<pin id="271" dir="0" index="1" bw="20" slack="0"/>
<pin id="272" dir="0" index="2" bw="5" slack="0"/>
<pin id="273" dir="0" index="3" bw="6" slack="0"/>
<pin id="274" dir="1" index="4" bw="12" slack="2147483647"/>
</pin_list>
<bind>
<opcode="partselect(1002) " fcode="partselect"/>
<opset="tmp_1/14 "/>
</bind>
</comp>

<comp id="279" class="1005" name="result_reg_279">
<pin_list>
<pin id="280" dir="0" index="0" bw="18" slack="1"/>
<pin id="281" dir="1" index="1" bw="18" slack="1"/>
</pin_list>
<bind>
<opset="result "/>
</bind>
</comp>

<comp id="284" class="1005" name="result_1_reg_284">
<pin_list>
<pin id="285" dir="0" index="0" bw="18" slack="1"/>
<pin id="286" dir="1" index="1" bw="18" slack="1"/>
</pin_list>
<bind>
<opset="result_1 "/>
</bind>
</comp>

<comp id="289" class="1005" name="p_Val2_s_reg_289">
<pin_list>
<pin id="290" dir="0" index="0" bw="28" slack="1"/>
<pin id="291" dir="1" index="1" bw="28" slack="1"/>
</pin_list>
<bind>
<opset="p_Val2_s "/>
</bind>
</comp>

<comp id="294" class="1005" name="powerSummation_V_reg_294">
<pin_list>
<pin id="295" dir="0" index="0" bw="30" slack="1"/>
<pin id="296" dir="1" index="1" bw="30" slack="1"/>
</pin_list>
<bind>
<opset="powerSummation_V "/>
</bind>
</comp>

</comp_list>

<net_list>
<net id="58"><net_src comp="4" pin="0"/><net_sink comp="54" pin=0"/></net>

<net id="59"><net_src comp="2" pin="0"/><net_sink comp="54" pin=1"/></net>

<net id="64"><net_src comp="6" pin="0"/><net_sink comp="60" pin=0"/></net>

<net id="65"><net_src comp="0" pin="0"/><net_sink comp="60" pin=1"/></net>

<net id="70"><net_src comp="38" pin="0"/><net_sink comp="66" pin=0"/></net>

<net id="77"><net_src comp="8" pin="0"/><net_sink comp="71" pin=0"/></net>

<net id="78"><net_src comp="60" pin="2"/><net_sink comp="71" pin=1"/></net>

<net id="79"><net_src comp="10" pin="0"/><net_sink comp="71" pin=2"/></net>

<net id="80"><net_src comp="12" pin="0"/><net_sink comp="71" pin=3"/></net>

<net id="84"><net_src comp="71" pin="4"/><net_sink comp="81" pin=0"/></net>

<net id="91"><net_src comp="8" pin="0"/><net_sink comp="85" pin=0"/></net>

<net id="92"><net_src comp="60" pin="2"/><net_sink comp="85" pin=1"/></net>

<net id="93"><net_src comp="14" pin="0"/><net_sink comp="85" pin=2"/></net>

<net id="94"><net_src comp="16" pin="0"/><net_sink comp="85" pin=3"/></net>

<net id="98"><net_src comp="85" pin="4"/><net_sink comp="95" pin=0"/></net>

<net id="102"><net_src comp="60" pin="2"/><net_sink comp="99" pin=0"/></net>

<net id="106"><net_src comp="99" pin="1"/><net_sink comp="103" pin=0"/></net>

<net id="112"><net_src comp="18" pin="0"/><net_sink comp="107" pin=0"/></net>

<net id="113"><net_src comp="54" pin="2"/><net_sink comp="107" pin=1"/></net>

<net id="114"><net_src comp="10" pin="0"/><net_sink comp="107" pin=2"/></net>

<net id="120"><net_src comp="107" pin="3"/><net_sink comp="115" pin=0"/></net>

<net id="121"><net_src comp="20" pin="0"/><net_sink comp="115" pin=1"/></net>

<net id="122"><net_src comp="22" pin="0"/><net_sink comp="115" pin=2"/></net>

<net id="129"><net_src comp="24" pin="0"/><net_sink comp="123" pin=0"/></net>

<net id="130"><net_src comp="54" pin="2"/><net_sink comp="123" pin=1"/></net>

<net id="131"><net_src comp="14" pin="0"/><net_sink comp="123" pin=2"/></net>

<net id="132"><net_src comp="16" pin="0"/><net_sink comp="123" pin=3"/></net>

<net id="136"><net_src comp="123" pin="4"/><net_sink comp="133" pin=0"/></net>

<net id="140"><net_src comp="54" pin="2"/><net_sink comp="137" pin=0"/></net>

<net id="144"><net_src comp="137" pin="1"/><net_sink comp="141" pin=0"/></net>

<net id="149"><net_src comp="81" pin="1"/><net_sink comp="145" pin=0"/></net>

<net id="150"><net_src comp="115" pin="3"/><net_sink comp="145" pin=1"/></net>

<net id="154"><net_src comp="145" pin="2"/><net_sink comp="151" pin=0"/></net>

<net id="159"><net_src comp="151" pin="1"/><net_sink comp="155" pin=0"/></net>

<net id="160"><net_src comp="151" pin="1"/><net_sink comp="155" pin=1"/></net>

<net id="165"><net_src comp="95" pin="1"/><net_sink comp="161" pin=0"/></net>

<net id="166"><net_src comp="133" pin="1"/><net_sink comp="161" pin=1"/></net>

<net id="170"><net_src comp="161" pin="2"/><net_sink comp="167" pin=0"/></net>

<net id="175"><net_src comp="167" pin="1"/><net_sink comp="171" pin=0"/></net>

<net id="176"><net_src comp="167" pin="1"/><net_sink comp="171" pin=1"/></net>

<net id="181"><net_src comp="103" pin="1"/><net_sink comp="177" pin=0"/></net>

<net id="182"><net_src comp="141" pin="1"/><net_sink comp="177" pin=1"/></net>

<net id="186"><net_src comp="177" pin="2"/><net_sink comp="183" pin=0"/></net>

<net id="190"><net_src comp="177" pin="2"/><net_sink comp="187" pin=0"/></net>

<net id="195"><net_src comp="187" pin="1"/><net_sink comp="191" pin=0"/></net>

<net id="196"><net_src comp="183" pin="1"/><net_sink comp="191" pin=1"/></net>

<net id="202"><net_src comp="26" pin="0"/><net_sink comp="197" pin=0"/></net>

<net id="203"><net_src comp="191" pin="2"/><net_sink comp="197" pin=1"/></net>

<net id="204"><net_src comp="28" pin="0"/><net_sink comp="197" pin=2"/></net>

<net id="208"><net_src comp="197" pin="3"/><net_sink comp="205" pin=0"/></net>

<net id="214"><net_src comp="30" pin="0"/><net_sink comp="209" pin=0"/></net>

<net id="215"><net_src comp="191" pin="2"/><net_sink comp="209" pin=1"/></net>

<net id="216"><net_src comp="32" pin="0"/><net_sink comp="209" pin=2"/></net>

<net id="220"><net_src comp="209" pin="3"/><net_sink comp="217" pin=0"/></net>

<net id="225"><net_src comp="205" pin="1"/><net_sink comp="221" pin=0"/></net>

<net id="226"><net_src comp="217" pin="1"/><net_sink comp="221" pin=1"/></net>

<net id="232"><net_src comp="34" pin="0"/><net_sink comp="227" pin=0"/></net>

<net id="233"><net_src comp="22" pin="0"/><net_sink comp="227" pin=2"/></net>

<net id="237"><net_src comp="227" pin="3"/><net_sink comp="234" pin=0"/></net>

<net id="243"><net_src comp="36" pin="0"/><net_sink comp="238" pin=0"/></net>

<net id="244"><net_src comp="28" pin="0"/><net_sink comp="238" pin=2"/></net>

<net id="248"><net_src comp="238" pin="3"/><net_sink comp="245" pin=0"/></net>

<net id="256"><net_src comp="249" pin="1"/><net_sink comp="252" pin=0"/></net>

<net id="257"><net_src comp="245" pin="1"/><net_sink comp="252" pin=1"/></net>

<net id="261"><net_src comp="252" pin="2"/><net_sink comp="258" pin=0"/></net>

<net id="266"><net_src comp="234" pin="1"/><net_sink comp="262" pin=0"/></net>

<net id="267"><net_src comp="258" pin="1"/><net_sink comp="262" pin=1"/></net>

<net id="268"><net_src comp="262" pin="2"/><net_sink comp="66" pin=1"/></net>

<net id="275"><net_src comp="50" pin="0"/><net_sink comp="269" pin=0"/></net>

<net id="276"><net_src comp="66" pin="2"/><net_sink comp="269" pin=1"/></net>

<net id="277"><net_src comp="14" pin="0"/><net_sink comp="269" pin=2"/></net>

<net id="278"><net_src comp="52" pin="0"/><net_sink comp="269" pin=3"/></net>

<net id="282"><net_src comp="155" pin="2"/><net_sink comp="279" pin=0"/></net>

<net id="283"><net_src comp="279" pin="1"/><net_sink comp="227" pin=1"/></net>

<net id="287"><net_src comp="171" pin="2"/><net_sink comp="284" pin=0"/></net>

<net id="288"><net_src comp="284" pin="1"/><net_sink comp="238" pin=1"/></net>

<net id="292"><net_src comp="221" pin="2"/><net_sink comp="289" pin=0"/></net>

<net id="293"><net_src comp="289" pin="1"/><net_sink comp="249" pin=0"/></net>

<net id="297"><net_src comp="262" pin="2"/><net_sink comp="294" pin=0"/></net>

<net id="298"><net_src comp="294" pin="1"/><net_sink comp="66" pin=1"/></net>

</net_list>

</model> 
---------------- Datapath Model END ------------------

* FSMD analyzer results:
  - Output states:
	Port: pixel | {}
	Port: color | {}
 - Input state : 
	Port: getColorDistance : pixel | {1 }
	Port: getColorDistance : color | {1 }
  - Chain level:
	State 1
		pixelRed_cast : 1
		pixelGreen_cast : 1
		pixelBlue_cast : 1
		colorRed_cast : 1
		colorGreen_cast : 1
		colorBlue_cast : 1
		number_assign : 2
		number_assign_cast_c : 3
		result : 4
		number_assign_1 : 2
		number_assign_1_cast : 3
		result_1 : 4
		number_assign_2 : 2
		tmp_7 : 3
		tmp_8 : 3
		tmp_9 : 4
		p_shl : 5
		p_shl_cast : 6
		p_shl9 : 5
		p_shl9_cast : 6
		p_Val2_s : 7
	State 2
		p_Val2_cast : 1
		p_Val2_1_cast : 1
		tmp5 : 2
		tmp5_cast : 3
		powerSummation_V : 4
		result_V : 5
	State 3
	State 4
	State 5
	State 6
	State 7
	State 8
	State 9
	State 10
	State 11
	State 12
	State 13
	State 14
		tmp_1 : 1
		StgValue_67 : 2


============================================================
+ Verbose Summary: Datapath Resource usage 
============================================================

* Functional unit list:
|----------|-----------------------------|---------|---------|---------|
| Operation|       Functional Unit       |  DSP48E |    FF   |   LUT   |
|----------|-----------------------------|---------|---------|---------|
|   call   |      grp_fxp_sqrt_fu_66     |    0    |   373   |   2081  |
|----------|-----------------------------|---------|---------|---------|
|          |        result_fu_155        |    0    |    0    |    51   |
|    mul   |       result_1_fu_171       |    0    |    0    |    51   |
|          |         tmp_9_fu_191        |    0    |    0    |    51   |
|----------|-----------------------------|---------|---------|---------|
|          |     number_assign_fu_145    |    0    |    0    |    16   |
|    sub   |    number_assign_1_fu_161   |    0    |    0    |    15   |
|          |    number_assign_2_fu_177   |    0    |    0    |    15   |
|          |       p_Val2_s_fu_221       |    0    |    0    |    34   |
|----------|-----------------------------|---------|---------|---------|
|    add   |         tmp5_fu_252         |    0    |    0    |    35   |
|          |   powerSummation_V_fu_262   |    0    |    0    |    36   |
|----------|-----------------------------|---------|---------|---------|
|  select  |     colorRed_cast_fu_115    |    0    |    0    |    9    |
|----------|-----------------------------|---------|---------|---------|
|   read   |    color_read_read_fu_54    |    0    |    0    |    0    |
|          |    pixel_read_read_fu_60    |    0    |    0    |    0    |
|----------|-----------------------------|---------|---------|---------|
|          |        pixelRed_fu_71       |    0    |    0    |    0    |
|partselect|       pixelGreen_fu_85      |    0    |    0    |    0    |
|          |      colorGreen_fu_123      |    0    |    0    |    0    |
|          |         tmp_1_fu_269        |    0    |    0    |    0    |
|----------|-----------------------------|---------|---------|---------|
|          |     pixelRed_cast_fu_81     |    0    |    0    |    0    |
|          |    pixelGreen_cast_fu_95    |    0    |    0    |    0    |
|   zext   |    pixelBlue_cast_fu_103    |    0    |    0    |    0    |
|          |    colorGreen_cast_fu_133   |    0    |    0    |    0    |
|          |    colorBlue_cast_fu_141    |    0    |    0    |    0    |
|----------|-----------------------------|---------|---------|---------|
|   trunc  |       pixelBlue_fu_99       |    0    |    0    |    0    |
|          |       colorBlue_fu_137      |    0    |    0    |    0    |
|----------|-----------------------------|---------|---------|---------|
| bitselect|         tmp_5_fu_107        |    0    |    0    |    0    |
|----------|-----------------------------|---------|---------|---------|
|          | number_assign_cast_c_fu_151 |    0    |    0    |    0    |
|          | number_assign_1_cast_fu_167 |    0    |    0    |    0    |
|          |         tmp_7_fu_183        |    0    |    0    |    0    |
|          |         tmp_8_fu_187        |    0    |    0    |    0    |
|   sext   |      p_shl_cast_fu_205      |    0    |    0    |    0    |
|          |      p_shl9_cast_fu_217     |    0    |    0    |    0    |
|          |      p_Val2_cast_fu_234     |    0    |    0    |    0    |
|          |     p_Val2_1_cast_fu_245    |    0    |    0    |    0    |
|          |  p_Val2_2_cast_cast_fu_249  |    0    |    0    |    0    |
|          |       tmp5_cast_fu_258      |    0    |    0    |    0    |
|----------|-----------------------------|---------|---------|---------|
|          |         p_shl_fu_197        |    0    |    0    |    0    |
|bitconcatenate|        p_shl9_fu_209        |    0    |    0    |    0    |
|          |          tmp_fu_227         |    0    |    0    |    0    |
|          |         tmp_2_fu_238        |    0    |    0    |    0    |
|----------|-----------------------------|---------|---------|---------|
|   Total  |                             |    0    |   373   |   2394  |
|----------|-----------------------------|---------|---------|---------|

Memories:
N/A

* Register list:
+------------------------+--------+
|                        |   FF   |
+------------------------+--------+
|    p_Val2_s_reg_289    |   28   |
|powerSummation_V_reg_294|   30   |
|    result_1_reg_284    |   18   |
|     result_reg_279     |   18   |
+------------------------+--------+
|          Total         |   94   |
+------------------------+--------+

* Multiplexer (MUX) list: 
|--------------------|------|------|------|--------||---------||---------|
|        Comp        |  Pin | Size |  BW  | S x BW ||  Delay  ||   LUT   |
|--------------------|------|------|------|--------||---------||---------|
| grp_fxp_sqrt_fu_66 |  p1  |   2  |  30  |   60   ||    9    |
|--------------------|------|------|------|--------||---------||---------|
|        Total       |      |      |      |   60   ||  1.769  ||    9    |
|--------------------|------|------|------|--------||---------||---------|



* Summary:
+-----------+--------+--------+--------+--------+
|           | DSP48E |  Delay |   FF   |   LUT  |
+-----------+--------+--------+--------+--------+
|  Function |    0   |    -   |   373  |  2394  |
|   Memory  |    -   |    -   |    -   |    -   |
|Multiplexer|    -   |    1   |    -   |    9   |
|  Register |    -   |    -   |   94   |    -   |
+-----------+--------+--------+--------+--------+
|   Total   |    0   |    1   |   467  |  2403  |
+-----------+--------+--------+--------+--------+
