

================================================================
== Vivado HLS Report for 'getColorDistance_Str'
================================================================
* Date:           Mon Apr 23 18:30:33 2018

* Version:        2017.4 (Build 2086221 on Fri Dec 15 21:13:33 MST 2017)
* Project:        ColorComparator
* Solution:       solution1
* Product family: zynq
* Target device:  xc7z020clg400-1


================================================================
== Performance Estimates
================================================================
+ Timing (ns): 
    * Summary: 
    +--------+-------+----------+------------+
    |  Clock | Target| Estimated| Uncertainty|
    +--------+-------+----------+------------+
    |ap_clk  |  10.00|      8.68|        1.25|
    +--------+-------+----------+------------+

+ Latency (clock cycles): 
    * Summary: 
    +-----+-----+-----+-----+----------+
    |  Latency  |  Interval | Pipeline |
    | min | max | min | max |   Type   |
    +-----+-----+-----+-----+----------+
    |   15|   15|    1|    1| function |
    +-----+-----+-----+-----+----------+

    + Detail: 
        * Instance: 
        +--------------------+----------+-----+-----+-----+-----+----------+
        |                    |          |  Latency  |  Interval | Pipeline |
        |      Instance      |  Module  | min | max | min | max |   Type   |
        +--------------------+----------+-----+-----+-----+-----+----------+
        |grp_fxp_sqrt_fu_88  |fxp_sqrt  |   11|   11|    1|    1| function |
        +--------------------+----------+-----+-----+-----+-----+----------+

        * Loop: 
        N/A



================================================================
== Utilization Estimates
================================================================
* Summary: 
+-----------------+---------+-------+--------+-------+
|       Name      | BRAM_18K| DSP48E|   FF   |  LUT  |
+-----------------+---------+-------+--------+-------+
|DSP              |        -|      1|       -|      -|
|Expression       |        -|      0|       0|    577|
|FIFO             |        -|      -|       -|      -|
|Instance         |        -|      -|     357|   3646|
|Memory           |        -|      -|       -|      -|
|Multiplexer      |        -|      -|       -|      9|
|Register         |        -|      -|     231|      -|
+-----------------+---------+-------+--------+-------+
|Total            |        0|      1|     588|   4232|
+-----------------+---------+-------+--------+-------+
|Available        |      280|    220|  106400|  53200|
+-----------------+---------+-------+--------+-------+
|Utilization (%)  |        0|   ~0  |   ~0   |      7|
+-----------------+---------+-------+--------+-------+

+ Detail: 
    * Instance: 
    +--------------------+----------+---------+-------+-----+------+
    |      Instance      |  Module  | BRAM_18K| DSP48E|  FF |  LUT |
    +--------------------+----------+---------+-------+-----+------+
    |grp_fxp_sqrt_fu_88  |fxp_sqrt  |        0|      0|  357|  3646|
    +--------------------+----------+---------+-------+-----+------+
    |Total               |          |        0|      0|  357|  3646|
    +--------------------+----------+---------+-------+-----+------+

    * DSP48: 
    +-------------------------+----------------------+-----------+
    |         Instance        |        Module        | Expression|
    +-------------------------+----------------------+-----------+
    |getPixelClassificbkb_U2  |getPixelClassificbkb  |  i0 * i1  |
    +-------------------------+----------------------+-----------+

    * Memory: 
    N/A

    * FIFO: 
    N/A

    * Expression: 
    +----------------------------------+----------+-------+---+----+------------+------------+
    |           Variable Name          | Operation| DSP48E| FF| LUT| Bitwidth P0| Bitwidth P1|
    +----------------------------------+----------+-------+---+----+------------+------------+
    |result_1_fu_236_p2                |     *    |      0|  0|  51|           9|           9|
    |result_fu_198_p2                  |     *    |      0|  0|  51|           9|           9|
    |tmp1_fu_175_p2                    |     *    |      0|  0|  51|           4|           9|
    |grp_fxp_sqrt_fu_88_in_val_V_read  |     +    |      0|  0|  29|          32|          32|
    |tmp2_fu_466_p2                    |     +    |      0|  0|  29|          32|          32|
    |tmp_2_fu_260_p2                   |     +    |      0|  0|  27|          20|          20|
    |p_neg1_fu_274_p2                  |     -    |      0|  0|  27|           1|          20|
    |p_neg9_fu_322_p2                  |     -    |      0|  0|  28|           1|          21|
    |p_neg_fu_385_p2                   |     -    |      0|  0|  27|           1|          20|
    |r_V_1_fu_165_p2                   |     -    |      0|  0|  16|           9|           9|
    |r_V_2_fu_189_p2                   |     -    |      0|  0|  16|           9|           9|
    |r_V_fu_151_p2                     |     -    |      0|  0|  16|           9|           9|
    |tmp_11_fu_405_p2                  |     -    |      0|  0|  27|           1|          20|
    |tmp_1_fu_294_p2                   |     -    |      0|  0|  27|           1|          20|
    |tmp_4_fu_341_p2                   |     -    |      0|  0|  27|           1|          20|
    |tmp_9_fu_371_p2                   |     -    |      0|  0|  27|          20|          20|
    |ap_block_pp0_stage0_11001         |    and   |      0|  0|   8|           1|           1|
    |ap_block_pp0_stage0_subdone       |    or    |      0|  0|   8|           1|           1|
    |ap_block_state1_pp0_stage0_iter0  |    or    |      0|  0|   8|           1|           1|
    |rhs_V_cast_fu_143_p3              |  select  |      0|  0|   8|           1|           8|
    |tmp_16_fu_425_p3                  |  select  |      0|  0|  20|           1|          20|
    |tmp_6_fu_351_p3                   |  select  |      0|  0|  21|           1|          21|
    |tmp_s_fu_314_p3                   |  select  |      0|  0|  20|           1|          20|
    |ap_enable_pp0                     |    xor   |      0|  0|   8|           1|           2|
    +----------------------------------+----------+-------+---+----+------------+------------+
    |Total                             |          |      0|  0| 577|         167|         353|
    +----------------------------------+----------+-------+---+----+------------+------------+

    * Multiplexer: 
    +---------------------+----+-----------+-----+-----------+
    |         Name        | LUT| Input Size| Bits| Total Bits|
    +---------------------+----+-----------+-----+-----------+
    |pixel_V_TDATA_blk_n  |   9|          2|    1|          2|
    +---------------------+----+-----------+-----+-----------+
    |Total                |   9|          2|    1|          2|
    +---------------------+----+-----------+-----+-----------+

    * Register: 
    +--------------------------+----+----+-----+-----------+
    |           Name           | FF | LUT| Bits| Const Bits|
    +--------------------------+----+----+-----+-----------+
    |ap_CS_fsm                 |   1|   0|    1|          0|
    |ap_enable_reg_pp0_iter1   |   1|   0|    1|          0|
    |ap_enable_reg_pp0_iter10  |   1|   0|    1|          0|
    |ap_enable_reg_pp0_iter11  |   1|   0|    1|          0|
    |ap_enable_reg_pp0_iter12  |   1|   0|    1|          0|
    |ap_enable_reg_pp0_iter13  |   1|   0|    1|          0|
    |ap_enable_reg_pp0_iter14  |   1|   0|    1|          0|
    |ap_enable_reg_pp0_iter15  |   1|   0|    1|          0|
    |ap_enable_reg_pp0_iter2   |   1|   0|    1|          0|
    |ap_enable_reg_pp0_iter3   |   1|   0|    1|          0|
    |ap_enable_reg_pp0_iter4   |   1|   0|    1|          0|
    |ap_enable_reg_pp0_iter5   |   1|   0|    1|          0|
    |ap_enable_reg_pp0_iter6   |   1|   0|    1|          0|
    |ap_enable_reg_pp0_iter7   |   1|   0|    1|          0|
    |ap_enable_reg_pp0_iter8   |   1|   0|    1|          0|
    |ap_enable_reg_pp0_iter9   |   1|   0|    1|          0|
    |r_V_1_reg_503             |   9|   0|    9|          0|
    |r_V_2_reg_513             |   9|   0|    9|          0|
    |r_V_reg_498               |   9|   0|    9|          0|
    |result_1_reg_543          |  18|   0|   18|          0|
    |result_reg_518            |  18|   0|   18|          0|
    |tmp1_reg_508              |  14|   0|   14|          0|
    |tmp_13_reg_528            |  21|   0|   21|          0|
    |tmp_14_reg_533            |   1|   0|    1|          0|
    |tmp_16_reg_563            |  20|   0|   20|          0|
    |tmp_18_reg_548            |  17|   0|   17|          0|
    |tmp_3_reg_538             |  21|   0|   21|          0|
    |tmp_6_reg_558             |  21|   0|   21|          0|
    |tmp_reg_523               |  17|   0|   17|          0|
    |tmp_s_reg_553             |  20|   0|   20|          0|
    +--------------------------+----+----+-----+-----------+
    |Total                     | 231|   0|  231|          0|
    +--------------------------+----+----+-----+-----------+



================================================================
== Interface
================================================================
* Summary: 
+---------------------+-----+-----+------------+----------------------+--------------+
|      RTL Ports      | Dir | Bits|  Protocol  |     Source Object    |    C Type    |
+---------------------+-----+-----+------------+----------------------+--------------+
|ap_clk               |  in |    1| ap_ctrl_hs | getColorDistance_Str | return value |
|ap_rst               |  in |    1| ap_ctrl_hs | getColorDistance_Str | return value |
|ap_start             |  in |    1| ap_ctrl_hs | getColorDistance_Str | return value |
|ap_done              | out |    1| ap_ctrl_hs | getColorDistance_Str | return value |
|ap_idle              | out |    1| ap_ctrl_hs | getColorDistance_Str | return value |
|ap_ready             | out |    1| ap_ctrl_hs | getColorDistance_Str | return value |
|ap_ce                |  in |    1| ap_ctrl_hs | getColorDistance_Str | return value |
|ap_return            | out |   12| ap_ctrl_hs | getColorDistance_Str | return value |
|pixel_V_TDATA_blk_n  | out |    1| ap_ctrl_hs | getColorDistance_Str | return value |
|pixel_V_TVALID       |  in |    1|    axis    |        pixel_V       |    scalar    |
|pixel_V_TDATA        |  in |   24|    axis    |        pixel_V       |    scalar    |
|pixel_V_TREADY       | out |    1|    axis    |        pixel_V       |    scalar    |
|color_V              |  in |   17|   ap_none  |        color_V       |    scalar    |
+---------------------+-----+-----+------------+----------------------+--------------+

============================================================
+ Verbose Summary: Synthesis Manager
============================================================
InlineROM: 1
ExposeGlobal: 0
============================================================
+ Verbose Summary: CDFG Model
============================================================
IsTopModel: 0
ResetActiveHigh: 1
IsCombinational: 2
IsDatapathOnly: 2
HasWiredReturn: 1
HasMFsm: 2
HasVarLatency: 0
IsPipeline: 1
IsRtlPipelined: 1
IsInstanceOverlapped: 1
IsDontTouch: 0
HasImplIP: 0
IsGatedGlobalClock: 0

+ Individual pipeline summary: 
  * Pipeline-0: initiation interval (II) = 1, depth = 16


============================================================
+ Verbose Summary: Schedule
============================================================
* Number of FSM states : 16
* Pipeline : 1
  Pipeline-0 : II = 1, D = 16, States = { 1 2 3 4 5 6 7 8 9 10 11 12 13 14 15 16 }
* Dataflow Pipeline: 0

* FSM state transitions: 
1 --> 
	2  / true
2 --> 
	3  / true
3 --> 
	4  / true
4 --> 
	5  / true
5 --> 
	6  / true
6 --> 
	7  / true
7 --> 
	8  / true
8 --> 
	9  / true
9 --> 
	10  / true
10 --> 
	11  / true
11 --> 
	12  / true
12 --> 
	13  / true
13 --> 
	14  / true
14 --> 
	15  / true
15 --> 
	16  / true
16 --> 

* FSM state operations: 

 <State 1> : 6.26ns
ST_1 : Operation 17 [1/1] (0.00ns)   --->   "%color_V_read = call i17 @_ssdm_op_Read.ap_auto.i17(i17 %color_V)"
ST_1 : Operation 18 [1/1] (0.00ns)   --->   "%pixel_V_read = call i24 @_ssdm_op_Read.axis.i24(i24 %pixel_V)"   --->   Core 5 'AXI4Stream' <Latency = 0> <II = 1> <Delay = 1.00> <Adapter> <Opcode : >
ST_1 : Operation 19 [1/1] (0.00ns) (grouped into LUT with out node r_V)   --->   "%pixelRed_V = call i8 @_ssdm_op_PartSelect.i8.i24.i32.i32(i24 %pixel_V_read, i32 16, i32 23)" [ColorComparator/ColorComparator.cpp:32]
ST_1 : Operation 20 [1/1] (0.00ns)   --->   "%pixelGreen_V = trunc i24 %pixel_V_read to i8" [ColorComparator/ColorComparator.cpp:33]
ST_1 : Operation 21 [1/1] (0.00ns)   --->   "%pixelBlue_V = call i8 @_ssdm_op_PartSelect.i8.i24.i32.i32(i24 %pixel_V_read, i32 8, i32 15)" [ColorComparator/ColorComparator.cpp:34]
ST_1 : Operation 22 [1/1] (0.00ns) (grouped into LUT with out node r_V)   --->   "%rhs_V = call i1 @_ssdm_op_BitSelect.i1.i17.i32(i17 %color_V_read, i32 16)" [ColorComparator/ColorComparator.cpp:35]
ST_1 : Operation 23 [1/1] (0.00ns)   --->   "%colorGreen_V = trunc i17 %color_V_read to i8" [ColorComparator/ColorComparator.cpp:36]
ST_1 : Operation 24 [1/1] (0.00ns)   --->   "%colorBlue_V = call i8 @_ssdm_op_PartSelect.i8.i17.i32.i32(i17 %color_V_read, i32 8, i32 15)" [ColorComparator/ColorComparator.cpp:37]
ST_1 : Operation 25 [1/1] (0.00ns) (grouped into LUT with out node r_V)   --->   "%lhs_V = zext i8 %pixelRed_V to i9" [ColorComparator/ColorComparator.cpp:39]
ST_1 : Operation 26 [1/1] (0.00ns) (grouped into LUT with out node r_V)   --->   "%rhs_V_cast = select i1 %rhs_V, i9 255, i9 0" [ColorComparator/ColorComparator.cpp:39]   --->   Core 26 'Sel' <Latency = 0> <II = 1> <Delay = 1.37> <FuncUnit> <Opcode : 'select'> <InPorts = 3> <OutPorts = 1>
ST_1 : Operation 27 [1/1] (1.93ns) (out node of the LUT)   --->   "%r_V = sub i9 %lhs_V, %rhs_V_cast" [ColorComparator/ColorComparator.cpp:39]   --->   Core 14 'AddSub' <Latency = 0> <II = 1> <Delay = 2.19> <FuncUnit> <Opcode : 'add' 'sub'> <InPorts = 2> <OutPorts = 1>
ST_1 : Operation 28 [1/1] (0.00ns)   --->   "%lhs_V_1 = zext i8 %pixelGreen_V to i9" [ColorComparator/ColorComparator.cpp:40]
ST_1 : Operation 29 [1/1] (0.00ns)   --->   "%rhs_V_1 = zext i8 %colorGreen_V to i9" [ColorComparator/ColorComparator.cpp:40]
ST_1 : Operation 30 [1/1] (1.91ns)   --->   "%r_V_1 = sub i9 %lhs_V_1, %rhs_V_1" [ColorComparator/ColorComparator.cpp:40]   --->   Core 14 'AddSub' <Latency = 0> <II = 1> <Delay = 2.19> <FuncUnit> <Opcode : 'add' 'sub'> <InPorts = 2> <OutPorts = 1>
ST_1 : Operation 31 [1/1] (0.00ns)   --->   "%number_assign_1_cast_1 = sext i9 %r_V_1 to i14" [ColorComparator/powerFunction.cpp:3->ColorComparator/ColorComparator.cpp:40]
ST_1 : Operation 32 [1/1] (4.35ns)   --->   "%tmp1 = mul i14 11, %number_assign_1_cast_1" [ColorComparator/ColorComparator.cpp:40]   --->   Core 16 'Mul' <Latency = 0> <II = 1> <Delay = 4.35> <FuncUnit> <Opcode : 'mul'> <InPorts = 2> <OutPorts = 1>
ST_1 : Operation 33 [1/1] (0.00ns)   --->   "%lhs_V_2 = zext i8 %pixelBlue_V to i9" [ColorComparator/ColorComparator.cpp:41]
ST_1 : Operation 34 [1/1] (0.00ns)   --->   "%rhs_V_2 = zext i8 %colorBlue_V to i9" [ColorComparator/ColorComparator.cpp:41]
ST_1 : Operation 35 [1/1] (1.91ns)   --->   "%r_V_2 = sub i9 %lhs_V_2, %rhs_V_2" [ColorComparator/ColorComparator.cpp:41]   --->   Core 14 'AddSub' <Latency = 0> <II = 1> <Delay = 2.19> <FuncUnit> <Opcode : 'add' 'sub'> <InPorts = 2> <OutPorts = 1>

 <State 2> : 6.38ns
ST_2 : Operation 36 [1/1] (0.00ns)   --->   "%number_assign_cast = sext i9 %r_V to i18" [ColorComparator/powerFunction.cpp:3->ColorComparator/ColorComparator.cpp:39]
ST_2 : Operation 37 [1/1] (4.35ns)   --->   "%result = mul i18 %number_assign_cast, %number_assign_cast" [ColorComparator/powerFunction.cpp:7->ColorComparator/ColorComparator.cpp:39]   --->   Core 16 'Mul' <Latency = 0> <II = 1> <Delay = 4.35> <FuncUnit> <Opcode : 'mul'> <InPorts = 2> <OutPorts = 1>
ST_2 : Operation 38 [1/1] (0.00ns)   --->   "%tmp = trunc i18 %result to i17" [ColorComparator/powerFunction.cpp:7->ColorComparator/ColorComparator.cpp:39]
ST_2 : Operation 39 [1/1] (0.00ns)   --->   "%number_assign_1_cast = sext i9 %r_V_1 to i23" [ColorComparator/powerFunction.cpp:3->ColorComparator/ColorComparator.cpp:40]
ST_2 : Operation 40 [1/1] (0.00ns)   --->   "%tmp1_cast = sext i14 %tmp1 to i23" [ColorComparator/ColorComparator.cpp:40]
ST_2 : Operation 41 [1/1] (6.38ns)   --->   "%tmp_5 = mul i23 %tmp1_cast, %number_assign_1_cast" [ColorComparator/ColorComparator.cpp:40]   --->   Core 61 'DSP48' <Latency = 4> <II = 1> <Delay = 2.05> <IPBlock> <Opcode : 'mul' 'add' 'sub' 'select'> <InPorts = 0> <OutPorts = 1> <Sync> <CReg>
ST_2 : Operation 42 [1/1] (0.00ns)   --->   "%tmp_13 = trunc i23 %tmp_5 to i21" [ColorComparator/ColorComparator.cpp:40]
ST_2 : Operation 43 [1/1] (0.00ns)   --->   "%tmp_14 = call i1 @_ssdm_op_BitSelect.i1.i23.i32(i23 %tmp_5, i32 22)" [ColorComparator/ColorComparator.cpp:40]
ST_2 : Operation 44 [1/1] (0.00ns)   --->   "%tmp_3 = call i21 @_ssdm_op_PartSelect.i21.i23.i32.i32(i23 %tmp_5, i32 2, i32 22)" [ColorComparator/ColorComparator.cpp:40]
ST_2 : Operation 45 [1/1] (0.00ns)   --->   "%number_assign_2_cast = sext i9 %r_V_2 to i18" [ColorComparator/powerFunction.cpp:3->ColorComparator/ColorComparator.cpp:41]
ST_2 : Operation 46 [1/1] (4.35ns)   --->   "%result_1 = mul i18 %number_assign_2_cast, %number_assign_2_cast" [ColorComparator/powerFunction.cpp:7->ColorComparator/ColorComparator.cpp:41]   --->   Core 16 'Mul' <Latency = 0> <II = 1> <Delay = 4.35> <FuncUnit> <Opcode : 'mul'> <InPorts = 2> <OutPorts = 1>
ST_2 : Operation 47 [1/1] (0.00ns)   --->   "%tmp_18 = trunc i18 %result_1 to i17" [ColorComparator/powerFunction.cpp:7->ColorComparator/ColorComparator.cpp:41]

 <State 3> : 7.90ns
ST_3 : Operation 48 [1/1] (0.00ns)   --->   "%result_cast6 = sext i18 %result to i20" [ColorComparator/powerFunction.cpp:7->ColorComparator/ColorComparator.cpp:39]
ST_3 : Operation 49 [1/1] (0.00ns)   --->   "%p_shl1 = call i19 @_ssdm_op_BitConcatenate.i19.i17.i2(i17 %tmp, i2 0)" [ColorComparator/ColorComparator.cpp:39]
ST_3 : Operation 50 [1/1] (0.00ns)   --->   "%p_shl1_cast = sext i19 %p_shl1 to i20" [ColorComparator/ColorComparator.cpp:39]
ST_3 : Operation 51 [1/1] (2.16ns)   --->   "%tmp_2 = add i20 %result_cast6, %p_shl1_cast" [ColorComparator/ColorComparator.cpp:39]   --->   Core 14 'AddSub' <Latency = 0> <II = 1> <Delay = 2.19> <FuncUnit> <Opcode : 'add' 'sub'> <InPorts = 2> <OutPorts = 1>
ST_3 : Operation 52 [1/1] (0.00ns)   --->   "%tmp_7 = call i1 @_ssdm_op_BitSelect.i1.i20.i32(i20 %tmp_2, i32 19)" [ColorComparator/ColorComparator.cpp:39]
ST_3 : Operation 53 [1/1] (2.19ns)   --->   "%p_neg1 = sub i20 0, %tmp_2" [ColorComparator/ColorComparator.cpp:39]   --->   Core 14 'AddSub' <Latency = 0> <II = 1> <Delay = 2.19> <FuncUnit> <Opcode : 'add' 'sub'> <InPorts = 2> <OutPorts = 1>
ST_3 : Operation 54 [1/1] (0.00ns)   --->   "%tmp_8 = call i19 @_ssdm_op_PartSelect.i19.i20.i32.i32(i20 %p_neg1, i32 1, i32 19)" [ColorComparator/ColorComparator.cpp:39]
ST_3 : Operation 55 [1/1] (0.00ns)   --->   "%tmp_cast = sext i19 %tmp_8 to i20" [ColorComparator/ColorComparator.cpp:39]
ST_3 : Operation 56 [1/1] (2.16ns)   --->   "%tmp_1 = sub i20 0, %tmp_cast" [ColorComparator/ColorComparator.cpp:39]   --->   Core 14 'AddSub' <Latency = 0> <II = 1> <Delay = 2.19> <FuncUnit> <Opcode : 'add' 'sub'> <InPorts = 2> <OutPorts = 1>
ST_3 : Operation 57 [1/1] (0.00ns)   --->   "%tmp_10 = call i19 @_ssdm_op_PartSelect.i19.i20.i32.i32(i20 %tmp_2, i32 1, i32 19)" [ColorComparator/ColorComparator.cpp:39]
ST_3 : Operation 58 [1/1] (0.00ns)   --->   "%tmp_4_cast = sext i19 %tmp_10 to i20" [ColorComparator/ColorComparator.cpp:39]
ST_3 : Operation 59 [1/1] (1.37ns)   --->   "%tmp_s = select i1 %tmp_7, i20 %tmp_1, i20 %tmp_4_cast" [ColorComparator/ColorComparator.cpp:39]   --->   Core 26 'Sel' <Latency = 0> <II = 1> <Delay = 1.37> <FuncUnit> <Opcode : 'select'> <InPorts = 3> <OutPorts = 1>
ST_3 : Operation 60 [1/1] (2.22ns)   --->   "%p_neg9 = sub i21 0, %tmp_13" [ColorComparator/ColorComparator.cpp:40]   --->   Core 14 'AddSub' <Latency = 0> <II = 1> <Delay = 2.19> <FuncUnit> <Opcode : 'add' 'sub'> <InPorts = 2> <OutPorts = 1>
ST_3 : Operation 61 [1/1] (0.00ns)   --->   "%tmp_15 = call i19 @_ssdm_op_PartSelect.i19.i21.i32.i32(i21 %p_neg9, i32 2, i32 20)" [ColorComparator/ColorComparator.cpp:40]
ST_3 : Operation 62 [1/1] (0.00ns)   --->   "%tmp_10_cast = sext i19 %tmp_15 to i20" [ColorComparator/ColorComparator.cpp:40]
ST_3 : Operation 63 [1/1] (2.16ns)   --->   "%tmp_4 = sub i20 0, %tmp_10_cast" [ColorComparator/ColorComparator.cpp:40]   --->   Core 14 'AddSub' <Latency = 0> <II = 1> <Delay = 2.19> <FuncUnit> <Opcode : 'add' 'sub'> <InPorts = 2> <OutPorts = 1>
ST_3 : Operation 64 [1/1] (0.00ns)   --->   "%tmp_11_cast = sext i20 %tmp_4 to i21" [ColorComparator/ColorComparator.cpp:40]
ST_3 : Operation 65 [1/1] (1.37ns)   --->   "%tmp_6 = select i1 %tmp_14, i21 %tmp_11_cast, i21 %tmp_3" [ColorComparator/ColorComparator.cpp:40]   --->   Core 26 'Sel' <Latency = 0> <II = 1> <Delay = 1.37> <FuncUnit> <Opcode : 'select'> <InPorts = 3> <OutPorts = 1>
ST_3 : Operation 66 [1/1] (0.00ns)   --->   "%result_2_cast3 = sext i18 %result_1 to i20" [ColorComparator/powerFunction.cpp:7->ColorComparator/ColorComparator.cpp:41]
ST_3 : Operation 67 [1/1] (0.00ns)   --->   "%p_shl = call i19 @_ssdm_op_BitConcatenate.i19.i17.i2(i17 %tmp_18, i2 0)" [ColorComparator/ColorComparator.cpp:41]
ST_3 : Operation 68 [1/1] (0.00ns)   --->   "%p_shl_cast = sext i19 %p_shl to i20" [ColorComparator/ColorComparator.cpp:41]
ST_3 : Operation 69 [1/1] (2.16ns)   --->   "%tmp_9 = sub i20 %p_shl_cast, %result_2_cast3" [ColorComparator/ColorComparator.cpp:41]   --->   Core 14 'AddSub' <Latency = 0> <II = 1> <Delay = 2.19> <FuncUnit> <Opcode : 'add' 'sub'> <InPorts = 2> <OutPorts = 1>
ST_3 : Operation 70 [1/1] (0.00ns)   --->   "%tmp_19 = call i1 @_ssdm_op_BitSelect.i1.i20.i32(i20 %tmp_9, i32 19)" [ColorComparator/ColorComparator.cpp:41]
ST_3 : Operation 71 [1/1] (2.19ns)   --->   "%p_neg = sub i20 0, %tmp_9" [ColorComparator/ColorComparator.cpp:41]   --->   Core 14 'AddSub' <Latency = 0> <II = 1> <Delay = 2.19> <FuncUnit> <Opcode : 'add' 'sub'> <InPorts = 2> <OutPorts = 1>
ST_3 : Operation 72 [1/1] (0.00ns)   --->   "%tmp_20 = call i19 @_ssdm_op_PartSelect.i19.i20.i32.i32(i20 %p_neg, i32 1, i32 19)" [ColorComparator/ColorComparator.cpp:41]
ST_3 : Operation 73 [1/1] (0.00ns)   --->   "%tmp_14_cast = sext i19 %tmp_20 to i20" [ColorComparator/ColorComparator.cpp:41]
ST_3 : Operation 74 [1/1] (2.16ns)   --->   "%tmp_11 = sub i20 0, %tmp_14_cast" [ColorComparator/ColorComparator.cpp:41]   --->   Core 14 'AddSub' <Latency = 0> <II = 1> <Delay = 2.19> <FuncUnit> <Opcode : 'add' 'sub'> <InPorts = 2> <OutPorts = 1>
ST_3 : Operation 75 [1/1] (0.00ns)   --->   "%tmp_21 = call i19 @_ssdm_op_PartSelect.i19.i20.i32.i32(i20 %tmp_9, i32 1, i32 19)" [ColorComparator/ColorComparator.cpp:41]
ST_3 : Operation 76 [1/1] (0.00ns)   --->   "%tmp_17_cast = sext i19 %tmp_21 to i20" [ColorComparator/ColorComparator.cpp:41]
ST_3 : Operation 77 [1/1] (1.37ns)   --->   "%tmp_16 = select i1 %tmp_19, i20 %tmp_11, i20 %tmp_17_cast" [ColorComparator/ColorComparator.cpp:41]   --->   Core 26 'Sel' <Latency = 0> <II = 1> <Delay = 1.37> <FuncUnit> <Opcode : 'select'> <InPorts = 3> <OutPorts = 1>

 <State 4> : 7.51ns
ST_4 : Operation 78 [1/1] (0.00ns)   --->   "%tmp_12 = call i28 @_ssdm_op_BitConcatenate.i28.i20.i8(i20 %tmp_s, i8 0)" [ColorComparator/ColorComparator.cpp:39]
ST_4 : Operation 79 [1/1] (0.00ns)   --->   "%p_Val2_s = sext i28 %tmp_12 to i32" [ColorComparator/ColorComparator.cpp:39]
ST_4 : Operation 80 [1/1] (0.00ns)   --->   "%tmp_17 = call i29 @_ssdm_op_BitConcatenate.i29.i21.i8(i21 %tmp_6, i8 0)" [ColorComparator/ColorComparator.cpp:40]
ST_4 : Operation 81 [1/1] (0.00ns)   --->   "%p_Val2_1 = sext i29 %tmp_17 to i32" [ColorComparator/ColorComparator.cpp:40]
ST_4 : Operation 82 [1/1] (0.00ns)   --->   "%tmp_22 = call i28 @_ssdm_op_BitConcatenate.i28.i20.i8(i20 %tmp_16, i8 0)" [ColorComparator/ColorComparator.cpp:41]
ST_4 : Operation 83 [1/1] (0.00ns)   --->   "%p_Val2_2 = sext i28 %tmp_22 to i32" [ColorComparator/ColorComparator.cpp:41]
ST_4 : Operation 84 [1/1] (0.00ns) (grouped into TernaryAdder)   --->   "%tmp2 = add i32 %p_Val2_s, %p_Val2_2" [ColorComparator/ColorComparator.cpp:42]   --->   Core 80 'TAddSub' <Latency = 0> <II = 1> <Delay = 2.14> <IPBlock> <Opcode : 'add' 'sub'> <InPorts = 3> <OutPorts = 1> <Sync> <CReg>
ST_4 : Operation 85 [1/1] (4.28ns) (root node of TernaryAdder)   --->   "%powerSummation_V = add i32 %tmp2, %p_Val2_1" [ColorComparator/ColorComparator.cpp:42]   --->   Core 80 'TAddSub' <Latency = 0> <II = 1> <Delay = 2.14> <IPBlock> <Opcode : 'add' 'sub'> <InPorts = 3> <OutPorts = 1> <Sync> <CReg>
ST_4 : Operation 86 [13/13] (3.22ns)   --->   "%result_V = call fastcc i20 @fxp_sqrt(i32 %powerSummation_V)" [ColorComparator/ColorComparator.cpp:44]   --->   Core 0 '' <Latency = 0> <II = 1> <Delay = 1.00> <Generic> <Opcode : >

 <State 5> : 8.68ns
ST_5 : Operation 87 [12/13] (8.67ns)   --->   "%result_V = call fastcc i20 @fxp_sqrt(i32 %powerSummation_V)" [ColorComparator/ColorComparator.cpp:44]   --->   Core 0 '' <Latency = 0> <II = 1> <Delay = 1.00> <Generic> <Opcode : >

 <State 6> : 8.68ns
ST_6 : Operation 88 [11/13] (8.67ns)   --->   "%result_V = call fastcc i20 @fxp_sqrt(i32 %powerSummation_V)" [ColorComparator/ColorComparator.cpp:44]   --->   Core 0 '' <Latency = 0> <II = 1> <Delay = 1.00> <Generic> <Opcode : >

 <State 7> : 8.68ns
ST_7 : Operation 89 [10/13] (8.67ns)   --->   "%result_V = call fastcc i20 @fxp_sqrt(i32 %powerSummation_V)" [ColorComparator/ColorComparator.cpp:44]   --->   Core 0 '' <Latency = 0> <II = 1> <Delay = 1.00> <Generic> <Opcode : >

 <State 8> : 8.68ns
ST_8 : Operation 90 [9/13] (8.67ns)   --->   "%result_V = call fastcc i20 @fxp_sqrt(i32 %powerSummation_V)" [ColorComparator/ColorComparator.cpp:44]   --->   Core 0 '' <Latency = 0> <II = 1> <Delay = 1.00> <Generic> <Opcode : >

 <State 9> : 8.68ns
ST_9 : Operation 91 [8/13] (8.67ns)   --->   "%result_V = call fastcc i20 @fxp_sqrt(i32 %powerSummation_V)" [ColorComparator/ColorComparator.cpp:44]   --->   Core 0 '' <Latency = 0> <II = 1> <Delay = 1.00> <Generic> <Opcode : >

 <State 10> : 8.68ns
ST_10 : Operation 92 [7/13] (8.67ns)   --->   "%result_V = call fastcc i20 @fxp_sqrt(i32 %powerSummation_V)" [ColorComparator/ColorComparator.cpp:44]   --->   Core 0 '' <Latency = 0> <II = 1> <Delay = 1.00> <Generic> <Opcode : >

 <State 11> : 8.68ns
ST_11 : Operation 93 [6/13] (8.67ns)   --->   "%result_V = call fastcc i20 @fxp_sqrt(i32 %powerSummation_V)" [ColorComparator/ColorComparator.cpp:44]   --->   Core 0 '' <Latency = 0> <II = 1> <Delay = 1.00> <Generic> <Opcode : >

 <State 12> : 8.68ns
ST_12 : Operation 94 [5/13] (8.67ns)   --->   "%result_V = call fastcc i20 @fxp_sqrt(i32 %powerSummation_V)" [ColorComparator/ColorComparator.cpp:44]   --->   Core 0 '' <Latency = 0> <II = 1> <Delay = 1.00> <Generic> <Opcode : >

 <State 13> : 8.68ns
ST_13 : Operation 95 [4/13] (8.67ns)   --->   "%result_V = call fastcc i20 @fxp_sqrt(i32 %powerSummation_V)" [ColorComparator/ColorComparator.cpp:44]   --->   Core 0 '' <Latency = 0> <II = 1> <Delay = 1.00> <Generic> <Opcode : >

 <State 14> : 8.68ns
ST_14 : Operation 96 [3/13] (8.67ns)   --->   "%result_V = call fastcc i20 @fxp_sqrt(i32 %powerSummation_V)" [ColorComparator/ColorComparator.cpp:44]   --->   Core 0 '' <Latency = 0> <II = 1> <Delay = 1.00> <Generic> <Opcode : >

 <State 15> : 8.68ns
ST_15 : Operation 97 [2/13] (8.67ns)   --->   "%result_V = call fastcc i20 @fxp_sqrt(i32 %powerSummation_V)" [ColorComparator/ColorComparator.cpp:44]   --->   Core 0 '' <Latency = 0> <II = 1> <Delay = 1.00> <Generic> <Opcode : >

 <State 16> : 6.10ns
ST_16 : Operation 98 [1/1] (0.00ns)   --->   "call void (...)* @_ssdm_op_SpecInterface(i24 %pixel_V, [5 x i8]* @p_str6, i32 0, i32 0, [5 x i8]* @p_str7, i32 0, i32 0, [1 x i8]* @p_str2, [1 x i8]* @p_str2, [1 x i8]* @p_str2, i32 0, i32 0, i32 0, i32 0, [1 x i8]* @p_str2, [1 x i8]* @p_str2)"
ST_16 : Operation 99 [1/13] (6.10ns)   --->   "%result_V = call fastcc i20 @fxp_sqrt(i32 %powerSummation_V)" [ColorComparator/ColorComparator.cpp:44]   --->   Core 0 '' <Latency = 0> <II = 1> <Delay = 1.00> <Generic> <Opcode : >
ST_16 : Operation 100 [1/1] (0.00ns)   --->   "%tmp_23 = call i12 @_ssdm_op_PartSelect.i12.i20.i32.i32(i20 %result_V, i32 8, i32 19)" [ColorComparator/ColorComparator.cpp:45]
ST_16 : Operation 101 [1/1] (0.00ns)   --->   "ret i12 %tmp_23" [ColorComparator/ColorComparator.cpp:45]


============================================================
+ Verbose Summary: Binding
============================================================
STG Binding: 
---------------- STG Properties BEGIN ----------------
- Is combinational: 0
- Is one-state seq: 0
- Is datapath-only: 0
- Is pipelined: 1
- Is top level: 0
Port [ Return ] is wired: 1; IO mode=ap_ctrl_hs:ce=0
Port [ pixel_V]:  wired=1; compound=1; hidden=0; nouse=0; global=0; static=0; extern=0; dir=0; type=0; pingpong=0; private_global=0; IO mode=axis:ce=0
Port [ color_V]:  wired=1; compound=0; hidden=0; nouse=0; global=0; static=0; extern=0; dir=0; type=0; pingpong=0; private_global=0; IO mode=ap_none:ce=0
---------------- STG Properties END ------------------

---------------- Datapath Model BEGIN ----------------

<LifeTime>
<method=bitvector/>
color_V_read           (read          ) [ 00000000000000000]
pixel_V_read           (read          ) [ 00000000000000000]
pixelRed_V             (partselect    ) [ 00000000000000000]
pixelGreen_V           (trunc         ) [ 00000000000000000]
pixelBlue_V            (partselect    ) [ 00000000000000000]
rhs_V                  (bitselect     ) [ 00000000000000000]
colorGreen_V           (trunc         ) [ 00000000000000000]
colorBlue_V            (partselect    ) [ 00000000000000000]
lhs_V                  (zext          ) [ 00000000000000000]
rhs_V_cast             (select        ) [ 00000000000000000]
r_V                    (sub           ) [ 01100000000000000]
lhs_V_1                (zext          ) [ 00000000000000000]
rhs_V_1                (zext          ) [ 00000000000000000]
r_V_1                  (sub           ) [ 01100000000000000]
number_assign_1_cast_1 (sext          ) [ 00000000000000000]
tmp1                   (mul           ) [ 01100000000000000]
lhs_V_2                (zext          ) [ 00000000000000000]
rhs_V_2                (zext          ) [ 00000000000000000]
r_V_2                  (sub           ) [ 01100000000000000]
number_assign_cast     (sext          ) [ 00000000000000000]
result                 (mul           ) [ 01010000000000000]
tmp                    (trunc         ) [ 01010000000000000]
number_assign_1_cast   (sext          ) [ 00000000000000000]
tmp1_cast              (sext          ) [ 00000000000000000]
tmp_5                  (mul           ) [ 00000000000000000]
tmp_13                 (trunc         ) [ 01010000000000000]
tmp_14                 (bitselect     ) [ 01010000000000000]
tmp_3                  (partselect    ) [ 01010000000000000]
number_assign_2_cast   (sext          ) [ 00000000000000000]
result_1               (mul           ) [ 01010000000000000]
tmp_18                 (trunc         ) [ 01010000000000000]
result_cast6           (sext          ) [ 00000000000000000]
p_shl1                 (bitconcatenate) [ 00000000000000000]
p_shl1_cast            (sext          ) [ 00000000000000000]
tmp_2                  (add           ) [ 00000000000000000]
tmp_7                  (bitselect     ) [ 00000000000000000]
p_neg1                 (sub           ) [ 00000000000000000]
tmp_8                  (partselect    ) [ 00000000000000000]
tmp_cast               (sext          ) [ 00000000000000000]
tmp_1                  (sub           ) [ 00000000000000000]
tmp_10                 (partselect    ) [ 00000000000000000]
tmp_4_cast             (sext          ) [ 00000000000000000]
tmp_s                  (select        ) [ 01001000000000000]
p_neg9                 (sub           ) [ 00000000000000000]
tmp_15                 (partselect    ) [ 00000000000000000]
tmp_10_cast            (sext          ) [ 00000000000000000]
tmp_4                  (sub           ) [ 00000000000000000]
tmp_11_cast            (sext          ) [ 00000000000000000]
tmp_6                  (select        ) [ 01001000000000000]
result_2_cast3         (sext          ) [ 00000000000000000]
p_shl                  (bitconcatenate) [ 00000000000000000]
p_shl_cast             (sext          ) [ 00000000000000000]
tmp_9                  (sub           ) [ 00000000000000000]
tmp_19                 (bitselect     ) [ 00000000000000000]
p_neg                  (sub           ) [ 00000000000000000]
tmp_20                 (partselect    ) [ 00000000000000000]
tmp_14_cast            (sext          ) [ 00000000000000000]
tmp_11                 (sub           ) [ 00000000000000000]
tmp_21                 (partselect    ) [ 00000000000000000]
tmp_17_cast            (sext          ) [ 00000000000000000]
tmp_16                 (select        ) [ 01001000000000000]
tmp_12                 (bitconcatenate) [ 00000000000000000]
p_Val2_s               (sext          ) [ 00000000000000000]
tmp_17                 (bitconcatenate) [ 00000000000000000]
p_Val2_1               (sext          ) [ 00000000000000000]
tmp_22                 (bitconcatenate) [ 00000000000000000]
p_Val2_2               (sext          ) [ 00000000000000000]
tmp2                   (add           ) [ 00000000000000000]
powerSummation_V       (add           ) [ 01000111111111111]
StgValue_98            (specinterface ) [ 00000000000000000]
result_V               (call          ) [ 00000000000000000]
tmp_23                 (partselect    ) [ 00000000000000000]
StgValue_101           (ret           ) [ 00000000000000000]
</LifeTime>

<model>

<comp_list>
<comp id="0" class="1000" name="pixel_V">
<pin_list>
<pin id="1" dir="1" index="0" bw="1" slack="0"/>
</pin_list>
<bind>
<StgValue><ssdm name="pixel_V"/></StgValue>
</bind>
</comp>

<comp id="2" class="1000" name="color_V">
<pin_list>
<pin id="3" dir="1" index="0" bw="1" slack="0"/>
</pin_list>
<bind>
<StgValue><ssdm name="color_V"/></StgValue>
</bind>
</comp>

<comp id="4" class="1001" name="const_4">
<pin_list>
<pin id="5" dir="1" index="0" bw="1" slack="0"/>
</pin_list>
<bind>
<StgValue><ssdm name="_ssdm_op_Read.ap_auto.i17"/></StgValue>
</bind>
</comp>

<comp id="6" class="1001" name="const_6">
<pin_list>
<pin id="7" dir="1" index="0" bw="1" slack="0"/>
</pin_list>
<bind>
<StgValue><ssdm name="_ssdm_op_Read.axis.i24"/></StgValue>
</bind>
</comp>

<comp id="8" class="1001" name="const_8">
<pin_list>
<pin id="9" dir="1" index="0" bw="1" slack="0"/>
</pin_list>
<bind>
<StgValue><ssdm name="_ssdm_op_PartSelect.i8.i24.i32.i32"/></StgValue>
</bind>
</comp>

<comp id="10" class="1001" name="const_10">
<pin_list>
<pin id="11" dir="1" index="0" bw="1" slack="0"/>
</pin_list>
<bind>
<StgValue><ssdm name=""/></StgValue>
</bind>
</comp>

<comp id="12" class="1001" name="const_12">
<pin_list>
<pin id="13" dir="1" index="0" bw="1" slack="0"/>
</pin_list>
<bind>
<StgValue><ssdm name=""/></StgValue>
</bind>
</comp>

<comp id="14" class="1001" name="const_14">
<pin_list>
<pin id="15" dir="1" index="0" bw="1" slack="0"/>
</pin_list>
<bind>
<StgValue><ssdm name=""/></StgValue>
</bind>
</comp>

<comp id="16" class="1001" name="const_16">
<pin_list>
<pin id="17" dir="1" index="0" bw="1" slack="0"/>
</pin_list>
<bind>
<StgValue><ssdm name=""/></StgValue>
</bind>
</comp>

<comp id="18" class="1001" name="const_18">
<pin_list>
<pin id="19" dir="1" index="0" bw="1" slack="0"/>
</pin_list>
<bind>
<StgValue><ssdm name="_ssdm_op_BitSelect.i1.i17.i32"/></StgValue>
</bind>
</comp>

<comp id="20" class="1001" name="const_20">
<pin_list>
<pin id="21" dir="1" index="0" bw="1" slack="0"/>
</pin_list>
<bind>
<StgValue><ssdm name="_ssdm_op_PartSelect.i8.i17.i32.i32"/></StgValue>
</bind>
</comp>

<comp id="22" class="1001" name="const_22">
<pin_list>
<pin id="23" dir="1" index="0" bw="1" slack="0"/>
</pin_list>
<bind>
<StgValue><ssdm name=""/></StgValue>
</bind>
</comp>

<comp id="24" class="1001" name="const_24">
<pin_list>
<pin id="25" dir="1" index="0" bw="1" slack="0"/>
</pin_list>
<bind>
<StgValue><ssdm name=""/></StgValue>
</bind>
</comp>

<comp id="26" class="1001" name="const_26">
<pin_list>
<pin id="27" dir="1" index="0" bw="1" slack="0"/>
</pin_list>
<bind>
<StgValue><ssdm name=""/></StgValue>
</bind>
</comp>

<comp id="28" class="1001" name="const_28">
<pin_list>
<pin id="29" dir="1" index="0" bw="1" slack="0"/>
</pin_list>
<bind>
<StgValue><ssdm name="_ssdm_op_BitSelect.i1.i23.i32"/></StgValue>
</bind>
</comp>

<comp id="30" class="1001" name="const_30">
<pin_list>
<pin id="31" dir="1" index="0" bw="1" slack="0"/>
</pin_list>
<bind>
<StgValue><ssdm name=""/></StgValue>
</bind>
</comp>

<comp id="32" class="1001" name="const_32">
<pin_list>
<pin id="33" dir="1" index="0" bw="1" slack="0"/>
</pin_list>
<bind>
<StgValue><ssdm name="_ssdm_op_PartSelect.i21.i23.i32.i32"/></StgValue>
</bind>
</comp>

<comp id="34" class="1001" name="const_34">
<pin_list>
<pin id="35" dir="1" index="0" bw="1" slack="0"/>
</pin_list>
<bind>
<StgValue><ssdm name=""/></StgValue>
</bind>
</comp>

<comp id="36" class="1001" name="const_36">
<pin_list>
<pin id="37" dir="1" index="0" bw="1" slack="0"/>
</pin_list>
<bind>
<StgValue><ssdm name="_ssdm_op_BitConcatenate.i19.i17.i2"/></StgValue>
</bind>
</comp>

<comp id="38" class="1001" name="const_38">
<pin_list>
<pin id="39" dir="1" index="0" bw="1" slack="0"/>
</pin_list>
<bind>
<StgValue><ssdm name=""/></StgValue>
</bind>
</comp>

<comp id="40" class="1001" name="const_40">
<pin_list>
<pin id="41" dir="1" index="0" bw="1" slack="0"/>
</pin_list>
<bind>
<StgValue><ssdm name="_ssdm_op_BitSelect.i1.i20.i32"/></StgValue>
</bind>
</comp>

<comp id="42" class="1001" name="const_42">
<pin_list>
<pin id="43" dir="1" index="0" bw="1" slack="0"/>
</pin_list>
<bind>
<StgValue><ssdm name=""/></StgValue>
</bind>
</comp>

<comp id="44" class="1001" name="const_44">
<pin_list>
<pin id="45" dir="1" index="0" bw="1" slack="0"/>
</pin_list>
<bind>
<StgValue><ssdm name=""/></StgValue>
</bind>
</comp>

<comp id="46" class="1001" name="const_46">
<pin_list>
<pin id="47" dir="1" index="0" bw="1" slack="0"/>
</pin_list>
<bind>
<StgValue><ssdm name="_ssdm_op_PartSelect.i19.i20.i32.i32"/></StgValue>
</bind>
</comp>

<comp id="48" class="1001" name="const_48">
<pin_list>
<pin id="49" dir="1" index="0" bw="1" slack="0"/>
</pin_list>
<bind>
<StgValue><ssdm name=""/></StgValue>
</bind>
</comp>

<comp id="50" class="1001" name="const_50">
<pin_list>
<pin id="51" dir="1" index="0" bw="1" slack="0"/>
</pin_list>
<bind>
<StgValue><ssdm name=""/></StgValue>
</bind>
</comp>

<comp id="52" class="1001" name="const_52">
<pin_list>
<pin id="53" dir="1" index="0" bw="1" slack="0"/>
</pin_list>
<bind>
<StgValue><ssdm name="_ssdm_op_PartSelect.i19.i21.i32.i32"/></StgValue>
</bind>
</comp>

<comp id="54" class="1001" name="const_54">
<pin_list>
<pin id="55" dir="1" index="0" bw="1" slack="0"/>
</pin_list>
<bind>
<StgValue><ssdm name=""/></StgValue>
</bind>
</comp>

<comp id="56" class="1001" name="const_56">
<pin_list>
<pin id="57" dir="1" index="0" bw="1" slack="0"/>
</pin_list>
<bind>
<StgValue><ssdm name="_ssdm_op_BitConcatenate.i28.i20.i8"/></StgValue>
</bind>
</comp>

<comp id="58" class="1001" name="const_58">
<pin_list>
<pin id="59" dir="1" index="0" bw="1" slack="0"/>
</pin_list>
<bind>
<StgValue><ssdm name=""/></StgValue>
</bind>
</comp>

<comp id="60" class="1001" name="const_60">
<pin_list>
<pin id="61" dir="1" index="0" bw="1" slack="0"/>
</pin_list>
<bind>
<StgValue><ssdm name="_ssdm_op_BitConcatenate.i29.i21.i8"/></StgValue>
</bind>
</comp>

<comp id="62" class="1001" name="const_62">
<pin_list>
<pin id="63" dir="1" index="0" bw="1" slack="0"/>
</pin_list>
<bind>
<StgValue><ssdm name="fxp_sqrt"/></StgValue>
</bind>
</comp>

<comp id="64" class="1001" name="const_64">
<pin_list>
<pin id="65" dir="1" index="0" bw="1" slack="2147483647"/>
</pin_list>
<bind>
<StgValue><ssdm name="_ssdm_op_SpecInterface"/></StgValue>
</bind>
</comp>

<comp id="66" class="1001" name="const_66">
<pin_list>
<pin id="67" dir="1" index="0" bw="1" slack="2147483647"/>
</pin_list>
<bind>
<StgValue><ssdm name="p_str6"/></StgValue>
</bind>
</comp>

<comp id="68" class="1001" name="const_68">
<pin_list>
<pin id="69" dir="1" index="0" bw="1" slack="2147483647"/>
</pin_list>
<bind>
<StgValue><ssdm name=""/></StgValue>
</bind>
</comp>

<comp id="70" class="1001" name="const_70">
<pin_list>
<pin id="71" dir="1" index="0" bw="1" slack="2147483647"/>
</pin_list>
<bind>
<StgValue><ssdm name="p_str7"/></StgValue>
</bind>
</comp>

<comp id="72" class="1001" name="const_72">
<pin_list>
<pin id="73" dir="1" index="0" bw="1" slack="2147483647"/>
</pin_list>
<bind>
<StgValue><ssdm name="p_str2"/></StgValue>
</bind>
</comp>

<comp id="74" class="1001" name="const_74">
<pin_list>
<pin id="75" dir="1" index="0" bw="1" slack="0"/>
</pin_list>
<bind>
<StgValue><ssdm name="_ssdm_op_PartSelect.i12.i20.i32.i32"/></StgValue>
</bind>
</comp>

<comp id="76" class="1004" name="color_V_read_read_fu_76">
<pin_list>
<pin id="77" dir="0" index="0" bw="17" slack="0"/>
<pin id="78" dir="0" index="1" bw="17" slack="0"/>
<pin id="79" dir="1" index="2" bw="17" slack="0"/>
</pin_list>
<bind>
<opcode="read(1150) " fcode="read"/>
<opset="color_V_read/1 "/>
</bind>
</comp>

<comp id="82" class="1004" name="pixel_V_read_read_fu_82">
<pin_list>
<pin id="83" dir="0" index="0" bw="24" slack="0"/>
<pin id="84" dir="0" index="1" bw="24" slack="0"/>
<pin id="85" dir="1" index="2" bw="24" slack="0"/>
</pin_list>
<bind>
<opcode="read(1150) " fcode="read"/>
<opset="pixel_V_read/1 "/>
</bind>
</comp>

<comp id="88" class="1004" name="grp_fxp_sqrt_fu_88">
<pin_list>
<pin id="89" dir="0" index="0" bw="20" slack="0"/>
<pin id="90" dir="0" index="1" bw="30" slack="0"/>
<pin id="91" dir="1" index="2" bw="20" slack="0"/>
</pin_list>
<bind>
<opcode="call(48) " fcode="call"/>
<opset="result_V/4 "/>
</bind>
</comp>

<comp id="93" class="1004" name="pixelRed_V_fu_93">
<pin_list>
<pin id="94" dir="0" index="0" bw="8" slack="0"/>
<pin id="95" dir="0" index="1" bw="24" slack="0"/>
<pin id="96" dir="0" index="2" bw="6" slack="0"/>
<pin id="97" dir="0" index="3" bw="6" slack="0"/>
<pin id="98" dir="1" index="4" bw="8" slack="0"/>
</pin_list>
<bind>
<opcode="partselect(1002) " fcode="partselect"/>
<opset="pixelRed_V/1 "/>
</bind>
</comp>

<comp id="103" class="1004" name="pixelGreen_V_fu_103">
<pin_list>
<pin id="104" dir="0" index="0" bw="24" slack="0"/>
<pin id="105" dir="1" index="1" bw="8" slack="0"/>
</pin_list>
<bind>
<opcode="trunc(33) " fcode="trunc"/>
<opset="pixelGreen_V/1 "/>
</bind>
</comp>

<comp id="107" class="1004" name="pixelBlue_V_fu_107">
<pin_list>
<pin id="108" dir="0" index="0" bw="8" slack="0"/>
<pin id="109" dir="0" index="1" bw="24" slack="0"/>
<pin id="110" dir="0" index="2" bw="5" slack="0"/>
<pin id="111" dir="0" index="3" bw="5" slack="0"/>
<pin id="112" dir="1" index="4" bw="8" slack="0"/>
</pin_list>
<bind>
<opcode="partselect(1002) " fcode="partselect"/>
<opset="pixelBlue_V/1 "/>
</bind>
</comp>

<comp id="117" class="1004" name="rhs_V_fu_117">
<pin_list>
<pin id="118" dir="0" index="0" bw="1" slack="0"/>
<pin id="119" dir="0" index="1" bw="17" slack="0"/>
<pin id="120" dir="0" index="2" bw="6" slack="0"/>
<pin id="121" dir="1" index="3" bw="1" slack="0"/>
</pin_list>
<bind>
<opcode="bitselect(1000) " fcode="bitselect"/>
<opset="rhs_V/1 "/>
</bind>
</comp>

<comp id="125" class="1004" name="colorGreen_V_fu_125">
<pin_list>
<pin id="126" dir="0" index="0" bw="17" slack="0"/>
<pin id="127" dir="1" index="1" bw="8" slack="0"/>
</pin_list>
<bind>
<opcode="trunc(33) " fcode="trunc"/>
<opset="colorGreen_V/1 "/>
</bind>
</comp>

<comp id="129" class="1004" name="colorBlue_V_fu_129">
<pin_list>
<pin id="130" dir="0" index="0" bw="8" slack="0"/>
<pin id="131" dir="0" index="1" bw="17" slack="0"/>
<pin id="132" dir="0" index="2" bw="5" slack="0"/>
<pin id="133" dir="0" index="3" bw="5" slack="0"/>
<pin id="134" dir="1" index="4" bw="8" slack="0"/>
</pin_list>
<bind>
<opcode="partselect(1002) " fcode="partselect"/>
<opset="colorBlue_V/1 "/>
</bind>
</comp>

<comp id="139" class="1004" name="lhs_V_fu_139">
<pin_list>
<pin id="140" dir="0" index="0" bw="8" slack="0"/>
<pin id="141" dir="1" index="1" bw="9" slack="0"/>
</pin_list>
<bind>
<opcode="zext(34) " fcode="zext"/>
<opset="lhs_V/1 "/>
</bind>
</comp>

<comp id="143" class="1004" name="rhs_V_cast_fu_143">
<pin_list>
<pin id="144" dir="0" index="0" bw="1" slack="0"/>
<pin id="145" dir="0" index="1" bw="9" slack="0"/>
<pin id="146" dir="0" index="2" bw="9" slack="0"/>
<pin id="147" dir="1" index="3" bw="9" slack="0"/>
</pin_list>
<bind>
<opcode="select(49) " fcode="select"/>
<opset="rhs_V_cast/1 "/>
</bind>
</comp>

<comp id="151" class="1004" name="r_V_fu_151">
<pin_list>
<pin id="152" dir="0" index="0" bw="8" slack="0"/>
<pin id="153" dir="0" index="1" bw="9" slack="0"/>
<pin id="154" dir="1" index="2" bw="9" slack="1"/>
</pin_list>
<bind>
<opcode="sub(10) " fcode="sub"/>
<opset="r_V/1 "/>
</bind>
</comp>

<comp id="157" class="1004" name="lhs_V_1_fu_157">
<pin_list>
<pin id="158" dir="0" index="0" bw="8" slack="0"/>
<pin id="159" dir="1" index="1" bw="9" slack="0"/>
</pin_list>
<bind>
<opcode="zext(34) " fcode="zext"/>
<opset="lhs_V_1/1 "/>
</bind>
</comp>

<comp id="161" class="1004" name="rhs_V_1_fu_161">
<pin_list>
<pin id="162" dir="0" index="0" bw="8" slack="0"/>
<pin id="163" dir="1" index="1" bw="9" slack="0"/>
</pin_list>
<bind>
<opcode="zext(34) " fcode="zext"/>
<opset="rhs_V_1/1 "/>
</bind>
</comp>

<comp id="165" class="1004" name="r_V_1_fu_165">
<pin_list>
<pin id="166" dir="0" index="0" bw="8" slack="0"/>
<pin id="167" dir="0" index="1" bw="8" slack="0"/>
<pin id="168" dir="1" index="2" bw="9" slack="0"/>
</pin_list>
<bind>
<opcode="sub(10) " fcode="sub"/>
<opset="r_V_1/1 "/>
</bind>
</comp>

<comp id="171" class="1004" name="number_assign_1_cast_1_fu_171">
<pin_list>
<pin id="172" dir="0" index="0" bw="9" slack="0"/>
<pin id="173" dir="1" index="1" bw="14" slack="0"/>
</pin_list>
<bind>
<opcode="sext(35) " fcode="sext"/>
<opset="number_assign_1_cast_1/1 "/>
</bind>
</comp>

<comp id="175" class="1004" name="tmp1_fu_175">
<pin_list>
<pin id="176" dir="0" index="0" bw="5" slack="0"/>
<pin id="177" dir="0" index="1" bw="9" slack="0"/>
<pin id="178" dir="1" index="2" bw="14" slack="1"/>
</pin_list>
<bind>
<opcode="mul(12) " fcode="mul"/>
<opset="tmp1/1 "/>
</bind>
</comp>

<comp id="181" class="1004" name="lhs_V_2_fu_181">
<pin_list>
<pin id="182" dir="0" index="0" bw="8" slack="0"/>
<pin id="183" dir="1" index="1" bw="9" slack="0"/>
</pin_list>
<bind>
<opcode="zext(34) " fcode="zext"/>
<opset="lhs_V_2/1 "/>
</bind>
</comp>

<comp id="185" class="1004" name="rhs_V_2_fu_185">
<pin_list>
<pin id="186" dir="0" index="0" bw="8" slack="0"/>
<pin id="187" dir="1" index="1" bw="9" slack="0"/>
</pin_list>
<bind>
<opcode="zext(34) " fcode="zext"/>
<opset="rhs_V_2/1 "/>
</bind>
</comp>

<comp id="189" class="1004" name="r_V_2_fu_189">
<pin_list>
<pin id="190" dir="0" index="0" bw="8" slack="0"/>
<pin id="191" dir="0" index="1" bw="8" slack="0"/>
<pin id="192" dir="1" index="2" bw="9" slack="1"/>
</pin_list>
<bind>
<opcode="sub(10) " fcode="sub"/>
<opset="r_V_2/1 "/>
</bind>
</comp>

<comp id="195" class="1004" name="number_assign_cast_fu_195">
<pin_list>
<pin id="196" dir="0" index="0" bw="9" slack="1"/>
<pin id="197" dir="1" index="1" bw="18" slack="0"/>
</pin_list>
<bind>
<opcode="sext(35) " fcode="sext"/>
<opset="number_assign_cast/2 "/>
</bind>
</comp>

<comp id="198" class="1004" name="result_fu_198">
<pin_list>
<pin id="199" dir="0" index="0" bw="9" slack="0"/>
<pin id="200" dir="0" index="1" bw="9" slack="0"/>
<pin id="201" dir="1" index="2" bw="18" slack="0"/>
</pin_list>
<bind>
<opcode="mul(12) " fcode="mul"/>
<opset="result/2 "/>
</bind>
</comp>

<comp id="204" class="1004" name="tmp_fu_204">
<pin_list>
<pin id="205" dir="0" index="0" bw="18" slack="0"/>
<pin id="206" dir="1" index="1" bw="17" slack="1"/>
</pin_list>
<bind>
<opcode="trunc(33) " fcode="trunc"/>
<opset="tmp/2 "/>
</bind>
</comp>

<comp id="208" class="1004" name="number_assign_1_cast_fu_208">
<pin_list>
<pin id="209" dir="0" index="0" bw="9" slack="1"/>
<pin id="210" dir="1" index="1" bw="23" slack="0"/>
</pin_list>
<bind>
<opcode="sext(35) " fcode="sext"/>
<opset="number_assign_1_cast/2 "/>
</bind>
</comp>

<comp id="211" class="1004" name="tmp1_cast_fu_211">
<pin_list>
<pin id="212" dir="0" index="0" bw="14" slack="1"/>
<pin id="213" dir="1" index="1" bw="23" slack="0"/>
</pin_list>
<bind>
<opcode="sext(35) " fcode="sext"/>
<opset="tmp1_cast/2 "/>
</bind>
</comp>

<comp id="214" class="1004" name="tmp_13_fu_214">
<pin_list>
<pin id="215" dir="0" index="0" bw="23" slack="0"/>
<pin id="216" dir="1" index="1" bw="21" slack="1"/>
</pin_list>
<bind>
<opcode="trunc(33) " fcode="trunc"/>
<opset="tmp_13/2 "/>
</bind>
</comp>

<comp id="217" class="1004" name="tmp_14_fu_217">
<pin_list>
<pin id="218" dir="0" index="0" bw="1" slack="0"/>
<pin id="219" dir="0" index="1" bw="23" slack="0"/>
<pin id="220" dir="0" index="2" bw="6" slack="0"/>
<pin id="221" dir="1" index="3" bw="1" slack="1"/>
</pin_list>
<bind>
<opcode="bitselect(1000) " fcode="bitselect"/>
<opset="tmp_14/2 "/>
</bind>
</comp>

<comp id="224" class="1004" name="tmp_3_fu_224">
<pin_list>
<pin id="225" dir="0" index="0" bw="21" slack="0"/>
<pin id="226" dir="0" index="1" bw="23" slack="0"/>
<pin id="227" dir="0" index="2" bw="3" slack="0"/>
<pin id="228" dir="0" index="3" bw="6" slack="0"/>
<pin id="229" dir="1" index="4" bw="21" slack="1"/>
</pin_list>
<bind>
<opcode="partselect(1002) " fcode="partselect"/>
<opset="tmp_3/2 "/>
</bind>
</comp>

<comp id="233" class="1004" name="number_assign_2_cast_fu_233">
<pin_list>
<pin id="234" dir="0" index="0" bw="9" slack="1"/>
<pin id="235" dir="1" index="1" bw="18" slack="0"/>
</pin_list>
<bind>
<opcode="sext(35) " fcode="sext"/>
<opset="number_assign_2_cast/2 "/>
</bind>
</comp>

<comp id="236" class="1004" name="result_1_fu_236">
<pin_list>
<pin id="237" dir="0" index="0" bw="9" slack="0"/>
<pin id="238" dir="0" index="1" bw="9" slack="0"/>
<pin id="239" dir="1" index="2" bw="18" slack="0"/>
</pin_list>
<bind>
<opcode="mul(12) " fcode="mul"/>
<opset="result_1/2 "/>
</bind>
</comp>

<comp id="242" class="1004" name="tmp_18_fu_242">
<pin_list>
<pin id="243" dir="0" index="0" bw="18" slack="0"/>
<pin id="244" dir="1" index="1" bw="17" slack="1"/>
</pin_list>
<bind>
<opcode="trunc(33) " fcode="trunc"/>
<opset="tmp_18/2 "/>
</bind>
</comp>

<comp id="246" class="1004" name="result_cast6_fu_246">
<pin_list>
<pin id="247" dir="0" index="0" bw="18" slack="1"/>
<pin id="248" dir="1" index="1" bw="20" slack="0"/>
</pin_list>
<bind>
<opcode="sext(35) " fcode="sext"/>
<opset="result_cast6/3 "/>
</bind>
</comp>

<comp id="249" class="1004" name="p_shl1_fu_249">
<pin_list>
<pin id="250" dir="0" index="0" bw="19" slack="0"/>
<pin id="251" dir="0" index="1" bw="17" slack="1"/>
<pin id="252" dir="0" index="2" bw="1" slack="0"/>
<pin id="253" dir="1" index="3" bw="19" slack="0"/>
</pin_list>
<bind>
<opcode="bitconcatenate(1004) " fcode="bitconcatenate"/>
<opset="p_shl1/3 "/>
</bind>
</comp>

<comp id="256" class="1004" name="p_shl1_cast_fu_256">
<pin_list>
<pin id="257" dir="0" index="0" bw="19" slack="0"/>
<pin id="258" dir="1" index="1" bw="20" slack="0"/>
</pin_list>
<bind>
<opcode="sext(35) " fcode="sext"/>
<opset="p_shl1_cast/3 "/>
</bind>
</comp>

<comp id="260" class="1004" name="tmp_2_fu_260">
<pin_list>
<pin id="261" dir="0" index="0" bw="18" slack="0"/>
<pin id="262" dir="0" index="1" bw="19" slack="0"/>
<pin id="263" dir="1" index="2" bw="20" slack="0"/>
</pin_list>
<bind>
<opcode="add(8) " fcode="add"/>
<opset="tmp_2/3 "/>
</bind>
</comp>

<comp id="266" class="1004" name="tmp_7_fu_266">
<pin_list>
<pin id="267" dir="0" index="0" bw="1" slack="0"/>
<pin id="268" dir="0" index="1" bw="20" slack="0"/>
<pin id="269" dir="0" index="2" bw="6" slack="0"/>
<pin id="270" dir="1" index="3" bw="1" slack="0"/>
</pin_list>
<bind>
<opcode="bitselect(1000) " fcode="bitselect"/>
<opset="tmp_7/3 "/>
</bind>
</comp>

<comp id="274" class="1004" name="p_neg1_fu_274">
<pin_list>
<pin id="275" dir="0" index="0" bw="1" slack="0"/>
<pin id="276" dir="0" index="1" bw="20" slack="0"/>
<pin id="277" dir="1" index="2" bw="20" slack="0"/>
</pin_list>
<bind>
<opcode="sub(10) " fcode="sub"/>
<opset="p_neg1/3 "/>
</bind>
</comp>

<comp id="280" class="1004" name="tmp_8_fu_280">
<pin_list>
<pin id="281" dir="0" index="0" bw="19" slack="0"/>
<pin id="282" dir="0" index="1" bw="20" slack="0"/>
<pin id="283" dir="0" index="2" bw="1" slack="0"/>
<pin id="284" dir="0" index="3" bw="6" slack="0"/>
<pin id="285" dir="1" index="4" bw="19" slack="0"/>
</pin_list>
<bind>
<opcode="partselect(1002) " fcode="partselect"/>
<opset="tmp_8/3 "/>
</bind>
</comp>

<comp id="290" class="1004" name="tmp_cast_fu_290">
<pin_list>
<pin id="291" dir="0" index="0" bw="19" slack="0"/>
<pin id="292" dir="1" index="1" bw="20" slack="0"/>
</pin_list>
<bind>
<opcode="sext(35) " fcode="sext"/>
<opset="tmp_cast/3 "/>
</bind>
</comp>

<comp id="294" class="1004" name="tmp_1_fu_294">
<pin_list>
<pin id="295" dir="0" index="0" bw="1" slack="0"/>
<pin id="296" dir="0" index="1" bw="19" slack="0"/>
<pin id="297" dir="1" index="2" bw="20" slack="0"/>
</pin_list>
<bind>
<opcode="sub(10) " fcode="sub"/>
<opset="tmp_1/3 "/>
</bind>
</comp>

<comp id="300" class="1004" name="tmp_10_fu_300">
<pin_list>
<pin id="301" dir="0" index="0" bw="19" slack="0"/>
<pin id="302" dir="0" index="1" bw="20" slack="0"/>
<pin id="303" dir="0" index="2" bw="1" slack="0"/>
<pin id="304" dir="0" index="3" bw="6" slack="0"/>
<pin id="305" dir="1" index="4" bw="19" slack="0"/>
</pin_list>
<bind>
<opcode="partselect(1002) " fcode="partselect"/>
<opset="tmp_10/3 "/>
</bind>
</comp>

<comp id="310" class="1004" name="tmp_4_cast_fu_310">
<pin_list>
<pin id="311" dir="0" index="0" bw="19" slack="0"/>
<pin id="312" dir="1" index="1" bw="20" slack="0"/>
</pin_list>
<bind>
<opcode="sext(35) " fcode="sext"/>
<opset="tmp_4_cast/3 "/>
</bind>
</comp>

<comp id="314" class="1004" name="tmp_s_fu_314">
<pin_list>
<pin id="315" dir="0" index="0" bw="1" slack="0"/>
<pin id="316" dir="0" index="1" bw="20" slack="0"/>
<pin id="317" dir="0" index="2" bw="20" slack="0"/>
<pin id="318" dir="1" index="3" bw="20" slack="1"/>
</pin_list>
<bind>
<opcode="select(49) " fcode="select"/>
<opset="tmp_s/3 "/>
</bind>
</comp>

<comp id="322" class="1004" name="p_neg9_fu_322">
<pin_list>
<pin id="323" dir="0" index="0" bw="1" slack="0"/>
<pin id="324" dir="0" index="1" bw="21" slack="1"/>
<pin id="325" dir="1" index="2" bw="21" slack="0"/>
</pin_list>
<bind>
<opcode="sub(10) " fcode="sub"/>
<opset="p_neg9/3 "/>
</bind>
</comp>

<comp id="327" class="1004" name="tmp_15_fu_327">
<pin_list>
<pin id="328" dir="0" index="0" bw="19" slack="0"/>
<pin id="329" dir="0" index="1" bw="21" slack="0"/>
<pin id="330" dir="0" index="2" bw="3" slack="0"/>
<pin id="331" dir="0" index="3" bw="6" slack="0"/>
<pin id="332" dir="1" index="4" bw="19" slack="0"/>
</pin_list>
<bind>
<opcode="partselect(1002) " fcode="partselect"/>
<opset="tmp_15/3 "/>
</bind>
</comp>

<comp id="337" class="1004" name="tmp_10_cast_fu_337">
<pin_list>
<pin id="338" dir="0" index="0" bw="19" slack="0"/>
<pin id="339" dir="1" index="1" bw="20" slack="0"/>
</pin_list>
<bind>
<opcode="sext(35) " fcode="sext"/>
<opset="tmp_10_cast/3 "/>
</bind>
</comp>

<comp id="341" class="1004" name="tmp_4_fu_341">
<pin_list>
<pin id="342" dir="0" index="0" bw="1" slack="0"/>
<pin id="343" dir="0" index="1" bw="19" slack="0"/>
<pin id="344" dir="1" index="2" bw="20" slack="0"/>
</pin_list>
<bind>
<opcode="sub(10) " fcode="sub"/>
<opset="tmp_4/3 "/>
</bind>
</comp>

<comp id="347" class="1004" name="tmp_11_cast_fu_347">
<pin_list>
<pin id="348" dir="0" index="0" bw="20" slack="0"/>
<pin id="349" dir="1" index="1" bw="21" slack="0"/>
</pin_list>
<bind>
<opcode="sext(35) " fcode="sext"/>
<opset="tmp_11_cast/3 "/>
</bind>
</comp>

<comp id="351" class="1004" name="tmp_6_fu_351">
<pin_list>
<pin id="352" dir="0" index="0" bw="1" slack="1"/>
<pin id="353" dir="0" index="1" bw="21" slack="0"/>
<pin id="354" dir="0" index="2" bw="21" slack="1"/>
<pin id="355" dir="1" index="3" bw="21" slack="1"/>
</pin_list>
<bind>
<opcode="select(49) " fcode="select"/>
<opset="tmp_6/3 "/>
</bind>
</comp>

<comp id="357" class="1004" name="result_2_cast3_fu_357">
<pin_list>
<pin id="358" dir="0" index="0" bw="18" slack="1"/>
<pin id="359" dir="1" index="1" bw="20" slack="0"/>
</pin_list>
<bind>
<opcode="sext(35) " fcode="sext"/>
<opset="result_2_cast3/3 "/>
</bind>
</comp>

<comp id="360" class="1004" name="p_shl_fu_360">
<pin_list>
<pin id="361" dir="0" index="0" bw="19" slack="0"/>
<pin id="362" dir="0" index="1" bw="17" slack="1"/>
<pin id="363" dir="0" index="2" bw="1" slack="0"/>
<pin id="364" dir="1" index="3" bw="19" slack="0"/>
</pin_list>
<bind>
<opcode="bitconcatenate(1004) " fcode="bitconcatenate"/>
<opset="p_shl/3 "/>
</bind>
</comp>

<comp id="367" class="1004" name="p_shl_cast_fu_367">
<pin_list>
<pin id="368" dir="0" index="0" bw="19" slack="0"/>
<pin id="369" dir="1" index="1" bw="20" slack="0"/>
</pin_list>
<bind>
<opcode="sext(35) " fcode="sext"/>
<opset="p_shl_cast/3 "/>
</bind>
</comp>

<comp id="371" class="1004" name="tmp_9_fu_371">
<pin_list>
<pin id="372" dir="0" index="0" bw="19" slack="0"/>
<pin id="373" dir="0" index="1" bw="18" slack="0"/>
<pin id="374" dir="1" index="2" bw="20" slack="0"/>
</pin_list>
<bind>
<opcode="sub(10) " fcode="sub"/>
<opset="tmp_9/3 "/>
</bind>
</comp>

<comp id="377" class="1004" name="tmp_19_fu_377">
<pin_list>
<pin id="378" dir="0" index="0" bw="1" slack="0"/>
<pin id="379" dir="0" index="1" bw="20" slack="0"/>
<pin id="380" dir="0" index="2" bw="6" slack="0"/>
<pin id="381" dir="1" index="3" bw="1" slack="0"/>
</pin_list>
<bind>
<opcode="bitselect(1000) " fcode="bitselect"/>
<opset="tmp_19/3 "/>
</bind>
</comp>

<comp id="385" class="1004" name="p_neg_fu_385">
<pin_list>
<pin id="386" dir="0" index="0" bw="1" slack="0"/>
<pin id="387" dir="0" index="1" bw="20" slack="0"/>
<pin id="388" dir="1" index="2" bw="20" slack="0"/>
</pin_list>
<bind>
<opcode="sub(10) " fcode="sub"/>
<opset="p_neg/3 "/>
</bind>
</comp>

<comp id="391" class="1004" name="tmp_20_fu_391">
<pin_list>
<pin id="392" dir="0" index="0" bw="19" slack="0"/>
<pin id="393" dir="0" index="1" bw="20" slack="0"/>
<pin id="394" dir="0" index="2" bw="1" slack="0"/>
<pin id="395" dir="0" index="3" bw="6" slack="0"/>
<pin id="396" dir="1" index="4" bw="19" slack="0"/>
</pin_list>
<bind>
<opcode="partselect(1002) " fcode="partselect"/>
<opset="tmp_20/3 "/>
</bind>
</comp>

<comp id="401" class="1004" name="tmp_14_cast_fu_401">
<pin_list>
<pin id="402" dir="0" index="0" bw="19" slack="0"/>
<pin id="403" dir="1" index="1" bw="20" slack="0"/>
</pin_list>
<bind>
<opcode="sext(35) " fcode="sext"/>
<opset="tmp_14_cast/3 "/>
</bind>
</comp>

<comp id="405" class="1004" name="tmp_11_fu_405">
<pin_list>
<pin id="406" dir="0" index="0" bw="1" slack="0"/>
<pin id="407" dir="0" index="1" bw="19" slack="0"/>
<pin id="408" dir="1" index="2" bw="20" slack="0"/>
</pin_list>
<bind>
<opcode="sub(10) " fcode="sub"/>
<opset="tmp_11/3 "/>
</bind>
</comp>

<comp id="411" class="1004" name="tmp_21_fu_411">
<pin_list>
<pin id="412" dir="0" index="0" bw="19" slack="0"/>
<pin id="413" dir="0" index="1" bw="20" slack="0"/>
<pin id="414" dir="0" index="2" bw="1" slack="0"/>
<pin id="415" dir="0" index="3" bw="6" slack="0"/>
<pin id="416" dir="1" index="4" bw="19" slack="0"/>
</pin_list>
<bind>
<opcode="partselect(1002) " fcode="partselect"/>
<opset="tmp_21/3 "/>
</bind>
</comp>

<comp id="421" class="1004" name="tmp_17_cast_fu_421">
<pin_list>
<pin id="422" dir="0" index="0" bw="19" slack="0"/>
<pin id="423" dir="1" index="1" bw="20" slack="0"/>
</pin_list>
<bind>
<opcode="sext(35) " fcode="sext"/>
<opset="tmp_17_cast/3 "/>
</bind>
</comp>

<comp id="425" class="1004" name="tmp_16_fu_425">
<pin_list>
<pin id="426" dir="0" index="0" bw="1" slack="0"/>
<pin id="427" dir="0" index="1" bw="20" slack="0"/>
<pin id="428" dir="0" index="2" bw="20" slack="0"/>
<pin id="429" dir="1" index="3" bw="20" slack="1"/>
</pin_list>
<bind>
<opcode="select(49) " fcode="select"/>
<opset="tmp_16/3 "/>
</bind>
</comp>

<comp id="433" class="1004" name="tmp_12_fu_433">
<pin_list>
<pin id="434" dir="0" index="0" bw="28" slack="0"/>
<pin id="435" dir="0" index="1" bw="20" slack="1"/>
<pin id="436" dir="0" index="2" bw="1" slack="0"/>
<pin id="437" dir="1" index="3" bw="28" slack="0"/>
</pin_list>
<bind>
<opcode="bitconcatenate(1004) " fcode="bitconcatenate"/>
<opset="tmp_12/4 "/>
</bind>
</comp>

<comp id="440" class="1004" name="p_Val2_s_fu_440">
<pin_list>
<pin id="441" dir="0" index="0" bw="28" slack="0"/>
<pin id="442" dir="1" index="1" bw="32" slack="0"/>
</pin_list>
<bind>
<opcode="sext(35) " fcode="sext"/>
<opset="p_Val2_s/4 "/>
</bind>
</comp>

<comp id="444" class="1004" name="tmp_17_fu_444">
<pin_list>
<pin id="445" dir="0" index="0" bw="29" slack="0"/>
<pin id="446" dir="0" index="1" bw="21" slack="1"/>
<pin id="447" dir="0" index="2" bw="1" slack="0"/>
<pin id="448" dir="1" index="3" bw="29" slack="0"/>
</pin_list>
<bind>
<opcode="bitconcatenate(1004) " fcode="bitconcatenate"/>
<opset="tmp_17/4 "/>
</bind>
</comp>

<comp id="451" class="1004" name="p_Val2_1_fu_451">
<pin_list>
<pin id="452" dir="0" index="0" bw="29" slack="0"/>
<pin id="453" dir="1" index="1" bw="32" slack="0"/>
</pin_list>
<bind>
<opcode="sext(35) " fcode="sext"/>
<opset="p_Val2_1/4 "/>
</bind>
</comp>

<comp id="455" class="1004" name="tmp_22_fu_455">
<pin_list>
<pin id="456" dir="0" index="0" bw="28" slack="0"/>
<pin id="457" dir="0" index="1" bw="20" slack="1"/>
<pin id="458" dir="0" index="2" bw="1" slack="0"/>
<pin id="459" dir="1" index="3" bw="28" slack="0"/>
</pin_list>
<bind>
<opcode="bitconcatenate(1004) " fcode="bitconcatenate"/>
<opset="tmp_22/4 "/>
</bind>
</comp>

<comp id="462" class="1004" name="p_Val2_2_fu_462">
<pin_list>
<pin id="463" dir="0" index="0" bw="28" slack="0"/>
<pin id="464" dir="1" index="1" bw="32" slack="0"/>
</pin_list>
<bind>
<opcode="sext(35) " fcode="sext"/>
<opset="p_Val2_2/4 "/>
</bind>
</comp>

<comp id="466" class="1004" name="tmp2_fu_466">
<pin_list>
<pin id="467" dir="0" index="0" bw="28" slack="0"/>
<pin id="468" dir="0" index="1" bw="28" slack="0"/>
<pin id="469" dir="1" index="2" bw="32" slack="0"/>
</pin_list>
<bind>
<opcode="add(8) " fcode="add"/>
<opset="tmp2/4 "/>
</bind>
</comp>

<comp id="472" class="1004" name="powerSummation_V_fu_472">
<pin_list>
<pin id="473" dir="0" index="0" bw="29" slack="0"/>
<pin id="474" dir="0" index="1" bw="29" slack="0"/>
<pin id="475" dir="1" index="2" bw="32" slack="0"/>
</pin_list>
<bind>
<opcode="add(8) " fcode="add"/>
<opset="powerSummation_V/4 "/>
</bind>
</comp>

<comp id="479" class="1004" name="tmp_23_fu_479">
<pin_list>
<pin id="480" dir="0" index="0" bw="12" slack="0"/>
<pin id="481" dir="0" index="1" bw="20" slack="0"/>
<pin id="482" dir="0" index="2" bw="5" slack="0"/>
<pin id="483" dir="0" index="3" bw="6" slack="0"/>
<pin id="484" dir="1" index="4" bw="12" slack="2147483647"/>
</pin_list>
<bind>
<opcode="partselect(1002) " fcode="partselect"/>
<opset="tmp_23/16 "/>
</bind>
</comp>

<comp id="489" class="1007" name="tmp_5_fu_489">
<pin_list>
<pin id="490" dir="0" index="0" bw="14" slack="0"/>
<pin id="491" dir="0" index="1" bw="9" slack="0"/>
<pin id="492" dir="1" index="2" bw="23" slack="0"/>
</pin_list>
<bind>
<opcode="mul(12) " fcode="mul"/>
<opset="tmp_5/2 "/>
</bind>
</comp>

<comp id="498" class="1005" name="r_V_reg_498">
<pin_list>
<pin id="499" dir="0" index="0" bw="9" slack="1"/>
<pin id="500" dir="1" index="1" bw="9" slack="1"/>
</pin_list>
<bind>
<opset="r_V "/>
</bind>
</comp>

<comp id="503" class="1005" name="r_V_1_reg_503">
<pin_list>
<pin id="504" dir="0" index="0" bw="9" slack="1"/>
<pin id="505" dir="1" index="1" bw="9" slack="1"/>
</pin_list>
<bind>
<opset="r_V_1 "/>
</bind>
</comp>

<comp id="508" class="1005" name="tmp1_reg_508">
<pin_list>
<pin id="509" dir="0" index="0" bw="14" slack="1"/>
<pin id="510" dir="1" index="1" bw="14" slack="1"/>
</pin_list>
<bind>
<opset="tmp1 "/>
</bind>
</comp>

<comp id="513" class="1005" name="r_V_2_reg_513">
<pin_list>
<pin id="514" dir="0" index="0" bw="9" slack="1"/>
<pin id="515" dir="1" index="1" bw="9" slack="1"/>
</pin_list>
<bind>
<opset="r_V_2 "/>
</bind>
</comp>

<comp id="518" class="1005" name="result_reg_518">
<pin_list>
<pin id="519" dir="0" index="0" bw="18" slack="1"/>
<pin id="520" dir="1" index="1" bw="18" slack="1"/>
</pin_list>
<bind>
<opset="result "/>
</bind>
</comp>

<comp id="523" class="1005" name="tmp_reg_523">
<pin_list>
<pin id="524" dir="0" index="0" bw="17" slack="1"/>
<pin id="525" dir="1" index="1" bw="17" slack="1"/>
</pin_list>
<bind>
<opset="tmp "/>
</bind>
</comp>

<comp id="528" class="1005" name="tmp_13_reg_528">
<pin_list>
<pin id="529" dir="0" index="0" bw="21" slack="1"/>
<pin id="530" dir="1" index="1" bw="21" slack="1"/>
</pin_list>
<bind>
<opset="tmp_13 "/>
</bind>
</comp>

<comp id="533" class="1005" name="tmp_14_reg_533">
<pin_list>
<pin id="534" dir="0" index="0" bw="1" slack="1"/>
<pin id="535" dir="1" index="1" bw="1" slack="1"/>
</pin_list>
<bind>
<opset="tmp_14 "/>
</bind>
</comp>

<comp id="538" class="1005" name="tmp_3_reg_538">
<pin_list>
<pin id="539" dir="0" index="0" bw="21" slack="1"/>
<pin id="540" dir="1" index="1" bw="21" slack="1"/>
</pin_list>
<bind>
<opset="tmp_3 "/>
</bind>
</comp>

<comp id="543" class="1005" name="result_1_reg_543">
<pin_list>
<pin id="544" dir="0" index="0" bw="18" slack="1"/>
<pin id="545" dir="1" index="1" bw="18" slack="1"/>
</pin_list>
<bind>
<opset="result_1 "/>
</bind>
</comp>

<comp id="548" class="1005" name="tmp_18_reg_548">
<pin_list>
<pin id="549" dir="0" index="0" bw="17" slack="1"/>
<pin id="550" dir="1" index="1" bw="17" slack="1"/>
</pin_list>
<bind>
<opset="tmp_18 "/>
</bind>
</comp>

<comp id="553" class="1005" name="tmp_s_reg_553">
<pin_list>
<pin id="554" dir="0" index="0" bw="20" slack="1"/>
<pin id="555" dir="1" index="1" bw="20" slack="1"/>
</pin_list>
<bind>
<opset="tmp_s "/>
</bind>
</comp>

<comp id="558" class="1005" name="tmp_6_reg_558">
<pin_list>
<pin id="559" dir="0" index="0" bw="21" slack="1"/>
<pin id="560" dir="1" index="1" bw="21" slack="1"/>
</pin_list>
<bind>
<opset="tmp_6 "/>
</bind>
</comp>

<comp id="563" class="1005" name="tmp_16_reg_563">
<pin_list>
<pin id="564" dir="0" index="0" bw="20" slack="1"/>
<pin id="565" dir="1" index="1" bw="20" slack="1"/>
</pin_list>
<bind>
<opset="tmp_16 "/>
</bind>
</comp>

<comp id="568" class="1005" name="powerSummation_V_reg_568">
<pin_list>
<pin id="569" dir="0" index="0" bw="32" slack="1"/>
<pin id="570" dir="1" index="1" bw="32" slack="1"/>
</pin_list>
<bind>
<opset="powerSummation_V "/>
</bind>
</comp>

</comp_list>

<net_list>
<net id="80"><net_src comp="4" pin="0"/><net_sink comp="76" pin=0"/></net>

<net id="81"><net_src comp="2" pin="0"/><net_sink comp="76" pin=1"/></net>

<net id="86"><net_src comp="6" pin="0"/><net_sink comp="82" pin=0"/></net>

<net id="87"><net_src comp="0" pin="0"/><net_sink comp="82" pin=1"/></net>

<net id="92"><net_src comp="62" pin="0"/><net_sink comp="88" pin=0"/></net>

<net id="99"><net_src comp="8" pin="0"/><net_sink comp="93" pin=0"/></net>

<net id="100"><net_src comp="82" pin="2"/><net_sink comp="93" pin=1"/></net>

<net id="101"><net_src comp="10" pin="0"/><net_sink comp="93" pin=2"/></net>

<net id="102"><net_src comp="12" pin="0"/><net_sink comp="93" pin=3"/></net>

<net id="106"><net_src comp="82" pin="2"/><net_sink comp="103" pin=0"/></net>

<net id="113"><net_src comp="8" pin="0"/><net_sink comp="107" pin=0"/></net>

<net id="114"><net_src comp="82" pin="2"/><net_sink comp="107" pin=1"/></net>

<net id="115"><net_src comp="14" pin="0"/><net_sink comp="107" pin=2"/></net>

<net id="116"><net_src comp="16" pin="0"/><net_sink comp="107" pin=3"/></net>

<net id="122"><net_src comp="18" pin="0"/><net_sink comp="117" pin=0"/></net>

<net id="123"><net_src comp="76" pin="2"/><net_sink comp="117" pin=1"/></net>

<net id="124"><net_src comp="10" pin="0"/><net_sink comp="117" pin=2"/></net>

<net id="128"><net_src comp="76" pin="2"/><net_sink comp="125" pin=0"/></net>

<net id="135"><net_src comp="20" pin="0"/><net_sink comp="129" pin=0"/></net>

<net id="136"><net_src comp="76" pin="2"/><net_sink comp="129" pin=1"/></net>

<net id="137"><net_src comp="14" pin="0"/><net_sink comp="129" pin=2"/></net>

<net id="138"><net_src comp="16" pin="0"/><net_sink comp="129" pin=3"/></net>

<net id="142"><net_src comp="93" pin="4"/><net_sink comp="139" pin=0"/></net>

<net id="148"><net_src comp="117" pin="3"/><net_sink comp="143" pin=0"/></net>

<net id="149"><net_src comp="22" pin="0"/><net_sink comp="143" pin=1"/></net>

<net id="150"><net_src comp="24" pin="0"/><net_sink comp="143" pin=2"/></net>

<net id="155"><net_src comp="139" pin="1"/><net_sink comp="151" pin=0"/></net>

<net id="156"><net_src comp="143" pin="3"/><net_sink comp="151" pin=1"/></net>

<net id="160"><net_src comp="103" pin="1"/><net_sink comp="157" pin=0"/></net>

<net id="164"><net_src comp="125" pin="1"/><net_sink comp="161" pin=0"/></net>

<net id="169"><net_src comp="157" pin="1"/><net_sink comp="165" pin=0"/></net>

<net id="170"><net_src comp="161" pin="1"/><net_sink comp="165" pin=1"/></net>

<net id="174"><net_src comp="165" pin="2"/><net_sink comp="171" pin=0"/></net>

<net id="179"><net_src comp="26" pin="0"/><net_sink comp="175" pin=0"/></net>

<net id="180"><net_src comp="171" pin="1"/><net_sink comp="175" pin=1"/></net>

<net id="184"><net_src comp="107" pin="4"/><net_sink comp="181" pin=0"/></net>

<net id="188"><net_src comp="129" pin="4"/><net_sink comp="185" pin=0"/></net>

<net id="193"><net_src comp="181" pin="1"/><net_sink comp="189" pin=0"/></net>

<net id="194"><net_src comp="185" pin="1"/><net_sink comp="189" pin=1"/></net>

<net id="202"><net_src comp="195" pin="1"/><net_sink comp="198" pin=0"/></net>

<net id="203"><net_src comp="195" pin="1"/><net_sink comp="198" pin=1"/></net>

<net id="207"><net_src comp="198" pin="2"/><net_sink comp="204" pin=0"/></net>

<net id="222"><net_src comp="28" pin="0"/><net_sink comp="217" pin=0"/></net>

<net id="223"><net_src comp="30" pin="0"/><net_sink comp="217" pin=2"/></net>

<net id="230"><net_src comp="32" pin="0"/><net_sink comp="224" pin=0"/></net>

<net id="231"><net_src comp="34" pin="0"/><net_sink comp="224" pin=2"/></net>

<net id="232"><net_src comp="30" pin="0"/><net_sink comp="224" pin=3"/></net>

<net id="240"><net_src comp="233" pin="1"/><net_sink comp="236" pin=0"/></net>

<net id="241"><net_src comp="233" pin="1"/><net_sink comp="236" pin=1"/></net>

<net id="245"><net_src comp="236" pin="2"/><net_sink comp="242" pin=0"/></net>

<net id="254"><net_src comp="36" pin="0"/><net_sink comp="249" pin=0"/></net>

<net id="255"><net_src comp="38" pin="0"/><net_sink comp="249" pin=2"/></net>

<net id="259"><net_src comp="249" pin="3"/><net_sink comp="256" pin=0"/></net>

<net id="264"><net_src comp="246" pin="1"/><net_sink comp="260" pin=0"/></net>

<net id="265"><net_src comp="256" pin="1"/><net_sink comp="260" pin=1"/></net>

<net id="271"><net_src comp="40" pin="0"/><net_sink comp="266" pin=0"/></net>

<net id="272"><net_src comp="260" pin="2"/><net_sink comp="266" pin=1"/></net>

<net id="273"><net_src comp="42" pin="0"/><net_sink comp="266" pin=2"/></net>

<net id="278"><net_src comp="44" pin="0"/><net_sink comp="274" pin=0"/></net>

<net id="279"><net_src comp="260" pin="2"/><net_sink comp="274" pin=1"/></net>

<net id="286"><net_src comp="46" pin="0"/><net_sink comp="280" pin=0"/></net>

<net id="287"><net_src comp="274" pin="2"/><net_sink comp="280" pin=1"/></net>

<net id="288"><net_src comp="48" pin="0"/><net_sink comp="280" pin=2"/></net>

<net id="289"><net_src comp="42" pin="0"/><net_sink comp="280" pin=3"/></net>

<net id="293"><net_src comp="280" pin="4"/><net_sink comp="290" pin=0"/></net>

<net id="298"><net_src comp="44" pin="0"/><net_sink comp="294" pin=0"/></net>

<net id="299"><net_src comp="290" pin="1"/><net_sink comp="294" pin=1"/></net>

<net id="306"><net_src comp="46" pin="0"/><net_sink comp="300" pin=0"/></net>

<net id="307"><net_src comp="260" pin="2"/><net_sink comp="300" pin=1"/></net>

<net id="308"><net_src comp="48" pin="0"/><net_sink comp="300" pin=2"/></net>

<net id="309"><net_src comp="42" pin="0"/><net_sink comp="300" pin=3"/></net>

<net id="313"><net_src comp="300" pin="4"/><net_sink comp="310" pin=0"/></net>

<net id="319"><net_src comp="266" pin="3"/><net_sink comp="314" pin=0"/></net>

<net id="320"><net_src comp="294" pin="2"/><net_sink comp="314" pin=1"/></net>

<net id="321"><net_src comp="310" pin="1"/><net_sink comp="314" pin=2"/></net>

<net id="326"><net_src comp="50" pin="0"/><net_sink comp="322" pin=0"/></net>

<net id="333"><net_src comp="52" pin="0"/><net_sink comp="327" pin=0"/></net>

<net id="334"><net_src comp="322" pin="2"/><net_sink comp="327" pin=1"/></net>

<net id="335"><net_src comp="34" pin="0"/><net_sink comp="327" pin=2"/></net>

<net id="336"><net_src comp="54" pin="0"/><net_sink comp="327" pin=3"/></net>

<net id="340"><net_src comp="327" pin="4"/><net_sink comp="337" pin=0"/></net>

<net id="345"><net_src comp="44" pin="0"/><net_sink comp="341" pin=0"/></net>

<net id="346"><net_src comp="337" pin="1"/><net_sink comp="341" pin=1"/></net>

<net id="350"><net_src comp="341" pin="2"/><net_sink comp="347" pin=0"/></net>

<net id="356"><net_src comp="347" pin="1"/><net_sink comp="351" pin=1"/></net>

<net id="365"><net_src comp="36" pin="0"/><net_sink comp="360" pin=0"/></net>

<net id="366"><net_src comp="38" pin="0"/><net_sink comp="360" pin=2"/></net>

<net id="370"><net_src comp="360" pin="3"/><net_sink comp="367" pin=0"/></net>

<net id="375"><net_src comp="367" pin="1"/><net_sink comp="371" pin=0"/></net>

<net id="376"><net_src comp="357" pin="1"/><net_sink comp="371" pin=1"/></net>

<net id="382"><net_src comp="40" pin="0"/><net_sink comp="377" pin=0"/></net>

<net id="383"><net_src comp="371" pin="2"/><net_sink comp="377" pin=1"/></net>

<net id="384"><net_src comp="42" pin="0"/><net_sink comp="377" pin=2"/></net>

<net id="389"><net_src comp="44" pin="0"/><net_sink comp="385" pin=0"/></net>

<net id="390"><net_src comp="371" pin="2"/><net_sink comp="385" pin=1"/></net>

<net id="397"><net_src comp="46" pin="0"/><net_sink comp="391" pin=0"/></net>

<net id="398"><net_src comp="385" pin="2"/><net_sink comp="391" pin=1"/></net>

<net id="399"><net_src comp="48" pin="0"/><net_sink comp="391" pin=2"/></net>

<net id="400"><net_src comp="42" pin="0"/><net_sink comp="391" pin=3"/></net>

<net id="404"><net_src comp="391" pin="4"/><net_sink comp="401" pin=0"/></net>

<net id="409"><net_src comp="44" pin="0"/><net_sink comp="405" pin=0"/></net>

<net id="410"><net_src comp="401" pin="1"/><net_sink comp="405" pin=1"/></net>

<net id="417"><net_src comp="46" pin="0"/><net_sink comp="411" pin=0"/></net>

<net id="418"><net_src comp="371" pin="2"/><net_sink comp="411" pin=1"/></net>

<net id="419"><net_src comp="48" pin="0"/><net_sink comp="411" pin=2"/></net>

<net id="420"><net_src comp="42" pin="0"/><net_sink comp="411" pin=3"/></net>

<net id="424"><net_src comp="411" pin="4"/><net_sink comp="421" pin=0"/></net>

<net id="430"><net_src comp="377" pin="3"/><net_sink comp="425" pin=0"/></net>

<net id="431"><net_src comp="405" pin="2"/><net_sink comp="425" pin=1"/></net>

<net id="432"><net_src comp="421" pin="1"/><net_sink comp="425" pin=2"/></net>

<net id="438"><net_src comp="56" pin="0"/><net_sink comp="433" pin=0"/></net>

<net id="439"><net_src comp="58" pin="0"/><net_sink comp="433" pin=2"/></net>

<net id="443"><net_src comp="433" pin="3"/><net_sink comp="440" pin=0"/></net>

<net id="449"><net_src comp="60" pin="0"/><net_sink comp="444" pin=0"/></net>

<net id="450"><net_src comp="58" pin="0"/><net_sink comp="444" pin=2"/></net>

<net id="454"><net_src comp="444" pin="3"/><net_sink comp="451" pin=0"/></net>

<net id="460"><net_src comp="56" pin="0"/><net_sink comp="455" pin=0"/></net>

<net id="461"><net_src comp="58" pin="0"/><net_sink comp="455" pin=2"/></net>

<net id="465"><net_src comp="455" pin="3"/><net_sink comp="462" pin=0"/></net>

<net id="470"><net_src comp="440" pin="1"/><net_sink comp="466" pin=0"/></net>

<net id="471"><net_src comp="462" pin="1"/><net_sink comp="466" pin=1"/></net>

<net id="476"><net_src comp="466" pin="2"/><net_sink comp="472" pin=0"/></net>

<net id="477"><net_src comp="451" pin="1"/><net_sink comp="472" pin=1"/></net>

<net id="478"><net_src comp="472" pin="2"/><net_sink comp="88" pin=1"/></net>

<net id="485"><net_src comp="74" pin="0"/><net_sink comp="479" pin=0"/></net>

<net id="486"><net_src comp="88" pin="2"/><net_sink comp="479" pin=1"/></net>

<net id="487"><net_src comp="14" pin="0"/><net_sink comp="479" pin=2"/></net>

<net id="488"><net_src comp="42" pin="0"/><net_sink comp="479" pin=3"/></net>

<net id="493"><net_src comp="211" pin="1"/><net_sink comp="489" pin=0"/></net>

<net id="494"><net_src comp="208" pin="1"/><net_sink comp="489" pin=1"/></net>

<net id="495"><net_src comp="489" pin="2"/><net_sink comp="214" pin=0"/></net>

<net id="496"><net_src comp="489" pin="2"/><net_sink comp="217" pin=1"/></net>

<net id="497"><net_src comp="489" pin="2"/><net_sink comp="224" pin=1"/></net>

<net id="501"><net_src comp="151" pin="2"/><net_sink comp="498" pin=0"/></net>

<net id="502"><net_src comp="498" pin="1"/><net_sink comp="195" pin=0"/></net>

<net id="506"><net_src comp="165" pin="2"/><net_sink comp="503" pin=0"/></net>

<net id="507"><net_src comp="503" pin="1"/><net_sink comp="208" pin=0"/></net>

<net id="511"><net_src comp="175" pin="2"/><net_sink comp="508" pin=0"/></net>

<net id="512"><net_src comp="508" pin="1"/><net_sink comp="211" pin=0"/></net>

<net id="516"><net_src comp="189" pin="2"/><net_sink comp="513" pin=0"/></net>

<net id="517"><net_src comp="513" pin="1"/><net_sink comp="233" pin=0"/></net>

<net id="521"><net_src comp="198" pin="2"/><net_sink comp="518" pin=0"/></net>

<net id="522"><net_src comp="518" pin="1"/><net_sink comp="246" pin=0"/></net>

<net id="526"><net_src comp="204" pin="1"/><net_sink comp="523" pin=0"/></net>

<net id="527"><net_src comp="523" pin="1"/><net_sink comp="249" pin=1"/></net>

<net id="531"><net_src comp="214" pin="1"/><net_sink comp="528" pin=0"/></net>

<net id="532"><net_src comp="528" pin="1"/><net_sink comp="322" pin=1"/></net>

<net id="536"><net_src comp="217" pin="3"/><net_sink comp="533" pin=0"/></net>

<net id="537"><net_src comp="533" pin="1"/><net_sink comp="351" pin=0"/></net>

<net id="541"><net_src comp="224" pin="4"/><net_sink comp="538" pin=0"/></net>

<net id="542"><net_src comp="538" pin="1"/><net_sink comp="351" pin=2"/></net>

<net id="546"><net_src comp="236" pin="2"/><net_sink comp="543" pin=0"/></net>

<net id="547"><net_src comp="543" pin="1"/><net_sink comp="357" pin=0"/></net>

<net id="551"><net_src comp="242" pin="1"/><net_sink comp="548" pin=0"/></net>

<net id="552"><net_src comp="548" pin="1"/><net_sink comp="360" pin=1"/></net>

<net id="556"><net_src comp="314" pin="3"/><net_sink comp="553" pin=0"/></net>

<net id="557"><net_src comp="553" pin="1"/><net_sink comp="433" pin=1"/></net>

<net id="561"><net_src comp="351" pin="3"/><net_sink comp="558" pin=0"/></net>

<net id="562"><net_src comp="558" pin="1"/><net_sink comp="444" pin=1"/></net>

<net id="566"><net_src comp="425" pin="3"/><net_sink comp="563" pin=0"/></net>

<net id="567"><net_src comp="563" pin="1"/><net_sink comp="455" pin=1"/></net>

<net id="571"><net_src comp="472" pin="2"/><net_sink comp="568" pin=0"/></net>

<net id="572"><net_src comp="568" pin="1"/><net_sink comp="88" pin=1"/></net>

</net_list>

</model> 
---------------- Datapath Model END ------------------

* FSMD analyzer results:
  - Output states:
	Port: pixel_V | {}
	Port: color_V | {}
 - Input state : 
	Port: getColorDistance_Str : pixel_V | {1 }
	Port: getColorDistance_Str : color_V | {1 }
  - Chain level:
	State 1
		lhs_V : 1
		rhs_V_cast : 1
		r_V : 2
		lhs_V_1 : 1
		rhs_V_1 : 1
		r_V_1 : 2
		number_assign_1_cast_1 : 3
		tmp1 : 4
		lhs_V_2 : 1
		rhs_V_2 : 1
		r_V_2 : 2
	State 2
		result : 1
		tmp : 2
		tmp_5 : 1
		tmp_13 : 2
		tmp_14 : 2
		tmp_3 : 2
		result_1 : 1
		tmp_18 : 2
	State 3
		p_shl1_cast : 1
		tmp_2 : 2
		tmp_7 : 3
		p_neg1 : 3
		tmp_8 : 4
		tmp_cast : 5
		tmp_1 : 6
		tmp_10 : 3
		tmp_4_cast : 4
		tmp_s : 7
		tmp_15 : 1
		tmp_10_cast : 2
		tmp_4 : 3
		tmp_11_cast : 4
		tmp_6 : 5
		p_shl_cast : 1
		tmp_9 : 2
		tmp_19 : 3
		p_neg : 3
		tmp_20 : 4
		tmp_14_cast : 5
		tmp_11 : 6
		tmp_21 : 3
		tmp_17_cast : 4
		tmp_16 : 7
	State 4
		p_Val2_s : 1
		p_Val2_1 : 1
		p_Val2_2 : 1
		tmp2 : 2
		powerSummation_V : 3
		result_V : 4
	State 5
	State 6
	State 7
	State 8
	State 9
	State 10
	State 11
	State 12
	State 13
	State 14
	State 15
	State 16
		tmp_23 : 1
		StgValue_101 : 2


============================================================
+ Verbose Summary: Datapath Resource usage 
============================================================

* Functional unit list:
|----------|-------------------------------|---------|---------|---------|
| Operation|        Functional Unit        |  DSP48E |    FF   |   LUT   |
|----------|-------------------------------|---------|---------|---------|
|   call   |       grp_fxp_sqrt_fu_88      |    0    |   373   |   2105  |
|----------|-------------------------------|---------|---------|---------|
|          |           r_V_fu_151          |    0    |    0    |    16   |
|          |          r_V_1_fu_165         |    0    |    0    |    15   |
|          |          r_V_2_fu_189         |    0    |    0    |    15   |
|          |         p_neg1_fu_274         |    0    |    0    |    27   |
|    sub   |          tmp_1_fu_294         |    0    |    0    |    26   |
|          |         p_neg9_fu_322         |    0    |    0    |    28   |
|          |          tmp_4_fu_341         |    0    |    0    |    26   |
|          |          tmp_9_fu_371         |    0    |    0    |    26   |
|          |          p_neg_fu_385         |    0    |    0    |    27   |
|          |         tmp_11_fu_405         |    0    |    0    |    26   |
|----------|-------------------------------|---------|---------|---------|
|          |          tmp1_fu_175          |    0    |    0    |    51   |
|    mul   |         result_fu_198         |    0    |    0    |    51   |
|          |        result_1_fu_236        |    0    |    0    |    51   |
|          |          tmp_5_fu_489         |    1    |    0    |    0    |
|----------|-------------------------------|---------|---------|---------|
|          |          tmp_2_fu_260         |    0    |    0    |    26   |
|    add   |          tmp2_fu_466          |    0    |    0    |    29   |
|          |    powerSummation_V_fu_472    |    0    |    0    |    29   |
|----------|-------------------------------|---------|---------|---------|
|          |       rhs_V_cast_fu_143       |    0    |    0    |    9    |
|  select  |          tmp_s_fu_314         |    0    |    0    |    20   |
|          |          tmp_6_fu_351         |    0    |    0    |    21   |
|          |         tmp_16_fu_425         |    0    |    0    |    20   |
|----------|-------------------------------|---------|---------|---------|
|   read   |    color_V_read_read_fu_76    |    0    |    0    |    0    |
|          |    pixel_V_read_read_fu_82    |    0    |    0    |    0    |
|----------|-------------------------------|---------|---------|---------|
|          |        pixelRed_V_fu_93       |    0    |    0    |    0    |
|          |       pixelBlue_V_fu_107      |    0    |    0    |    0    |
|          |       colorBlue_V_fu_129      |    0    |    0    |    0    |
|          |          tmp_3_fu_224         |    0    |    0    |    0    |
|partselect|          tmp_8_fu_280         |    0    |    0    |    0    |
|          |         tmp_10_fu_300         |    0    |    0    |    0    |
|          |         tmp_15_fu_327         |    0    |    0    |    0    |
|          |         tmp_20_fu_391         |    0    |    0    |    0    |
|          |         tmp_21_fu_411         |    0    |    0    |    0    |
|          |         tmp_23_fu_479         |    0    |    0    |    0    |
|----------|-------------------------------|---------|---------|---------|
|          |      pixelGreen_V_fu_103      |    0    |    0    |    0    |
|          |      colorGreen_V_fu_125      |    0    |    0    |    0    |
|   trunc  |           tmp_fu_204          |    0    |    0    |    0    |
|          |         tmp_13_fu_214         |    0    |    0    |    0    |
|          |         tmp_18_fu_242         |    0    |    0    |    0    |
|----------|-------------------------------|---------|---------|---------|
|          |          rhs_V_fu_117         |    0    |    0    |    0    |
| bitselect|         tmp_14_fu_217         |    0    |    0    |    0    |
|          |          tmp_7_fu_266         |    0    |    0    |    0    |
|          |         tmp_19_fu_377         |    0    |    0    |    0    |
|----------|-------------------------------|---------|---------|---------|
|          |          lhs_V_fu_139         |    0    |    0    |    0    |
|          |         lhs_V_1_fu_157        |    0    |    0    |    0    |
|   zext   |         rhs_V_1_fu_161        |    0    |    0    |    0    |
|          |         lhs_V_2_fu_181        |    0    |    0    |    0    |
|          |         rhs_V_2_fu_185        |    0    |    0    |    0    |
|----------|-------------------------------|---------|---------|---------|
|          | number_assign_1_cast_1_fu_171 |    0    |    0    |    0    |
|          |   number_assign_cast_fu_195   |    0    |    0    |    0    |
|          |  number_assign_1_cast_fu_208  |    0    |    0    |    0    |
|          |        tmp1_cast_fu_211       |    0    |    0    |    0    |
|          |  number_assign_2_cast_fu_233  |    0    |    0    |    0    |
|          |      result_cast6_fu_246      |    0    |    0    |    0    |
|          |       p_shl1_cast_fu_256      |    0    |    0    |    0    |
|          |        tmp_cast_fu_290        |    0    |    0    |    0    |
|   sext   |       tmp_4_cast_fu_310       |    0    |    0    |    0    |
|          |       tmp_10_cast_fu_337      |    0    |    0    |    0    |
|          |       tmp_11_cast_fu_347      |    0    |    0    |    0    |
|          |     result_2_cast3_fu_357     |    0    |    0    |    0    |
|          |       p_shl_cast_fu_367       |    0    |    0    |    0    |
|          |       tmp_14_cast_fu_401      |    0    |    0    |    0    |
|          |       tmp_17_cast_fu_421      |    0    |    0    |    0    |
|          |        p_Val2_s_fu_440        |    0    |    0    |    0    |
|          |        p_Val2_1_fu_451        |    0    |    0    |    0    |
|          |        p_Val2_2_fu_462        |    0    |    0    |    0    |
|----------|-------------------------------|---------|---------|---------|
|          |         p_shl1_fu_249         |    0    |    0    |    0    |
|          |          p_shl_fu_360         |    0    |    0    |    0    |
|bitconcatenate|         tmp_12_fu_433         |    0    |    0    |    0    |
|          |         tmp_17_fu_444         |    0    |    0    |    0    |
|          |         tmp_22_fu_455         |    0    |    0    |    0    |
|----------|-------------------------------|---------|---------|---------|
|   Total  |                               |    1    |   373   |   2644  |
|----------|-------------------------------|---------|---------|---------|

Memories:
N/A

* Register list:
+------------------------+--------+
|                        |   FF   |
+------------------------+--------+
|powerSummation_V_reg_568|   32   |
|      r_V_1_reg_503     |    9   |
|      r_V_2_reg_513     |    9   |
|       r_V_reg_498      |    9   |
|    result_1_reg_543    |   18   |
|     result_reg_518     |   18   |
|      tmp1_reg_508      |   14   |
|     tmp_13_reg_528     |   21   |
|     tmp_14_reg_533     |    1   |
|     tmp_16_reg_563     |   20   |
|     tmp_18_reg_548     |   17   |
|      tmp_3_reg_538     |   21   |
|      tmp_6_reg_558     |   21   |
|       tmp_reg_523      |   17   |
|      tmp_s_reg_553     |   20   |
+------------------------+--------+
|          Total         |   247  |
+------------------------+--------+

* Multiplexer (MUX) list: 
|--------------------|------|------|------|--------||---------||---------|
|        Comp        |  Pin | Size |  BW  | S x BW ||  Delay  ||   LUT   |
|--------------------|------|------|------|--------||---------||---------|
| grp_fxp_sqrt_fu_88 |  p1  |   2  |  30  |   60   ||    9    |
|--------------------|------|------|------|--------||---------||---------|
|        Total       |      |      |      |   60   ||  1.769  ||    9    |
|--------------------|------|------|------|--------||---------||---------|



* Summary:
+-----------+--------+--------+--------+--------+
|           | DSP48E |  Delay |   FF   |   LUT  |
+-----------+--------+--------+--------+--------+
|  Function |    1   |    -   |   373  |  2644  |
|   Memory  |    -   |    -   |    -   |    -   |
|Multiplexer|    -   |    1   |    -   |    9   |
|  Register |    -   |    -   |   247  |    -   |
+-----------+--------+--------+--------+--------+
|   Total   |    1   |    1   |   620  |  2653  |
+-----------+--------+--------+--------+--------+
