

================================================================
== Vivado HLS Report for 'getPixelClassification_Stream'
================================================================
* Date:           Tue Apr 24 14:40:34 2018

* Version:        2017.4 (Build 2086221 on Fri Dec 15 21:13:33 MST 2017)
* Project:        ColorComparator
* Solution:       solution1
* Product family: zynq
* Target device:  xc7z020clg400-1


================================================================
== Performance Estimates
================================================================
+ Timing (ns): 
    * Summary: 
    +--------+-------+----------+------------+
    |  Clock | Target| Estimated| Uncertainty|
    +--------+-------+----------+------------+
    |ap_clk  |  10.00|      8.68|        1.25|
    +--------+-------+----------+------------+

+ Latency (clock cycles): 
    * Summary: 
    +-----+-----+-----+-----+-------------+
    |  Latency  |  Interval |   Pipeline  |
    | min | max | min | max |     Type    |
    +-----+-----+-----+-----+-------------+
    |   22|   23|    2|    2| loop rewind |
    +-----+-----+-----+-----+-------------+

    + Detail: 
        * Instance: 
        N/A

        * Loop: 
        +--------------------+-----+-----+----------+-----------+-----------+------+----------+
        |                    |  Latency  | Iteration|  Initiation Interval  | Trip |          |
        |      Loop Name     | min | max |  Latency |  achieved |   target  | Count| Pipelined|
        +--------------------+-----+-----+----------+-----------+-----------+------+----------+
        |- PIXEL_COLOR_LOOP  |   22|   22|        22|          1|          1|     2|    yes   |
        +--------------------+-----+-----+----------+-----------+-----------+------+----------+

============================================================
+ Verbose Summary: Synthesis Manager
============================================================
InlineROM: 1
ExposeGlobal: 0
============================================================
+ Verbose Summary: CDFG Model
============================================================
IsTopModel: 1
ResetActiveHigh: 1
IsCombinational: 0
IsDatapathOnly: 0
HasWiredReturn: 1
HasMFsm: 0
HasVarLatency: 1
IsPipeline: 0
IsRtlPipelined: 0
IsInstanceOverlapped: 0
IsDontTouch: 0
HasImplIP: 0
IsGatedGlobalClock: 0

+ Individual pipeline summary: 
  * Pipeline-0: initiation interval (II) = 1, depth = 22


============================================================
+ Verbose Summary: Schedule
============================================================
* Number of FSM states : 23
* Pipeline : 1
  Pipeline-0 : II = 1, D = 22, States = { 2 3 4 5 6 7 8 9 10 11 12 13 14 15 16 17 18 19 20 21 22 23 }
* Dataflow Pipeline: 0

* FSM state transitions: 
1 --> 
	2  / true
2 --> 
	3  / true
3 --> 
	4  / true
4 --> 
	5  / true
5 --> 
	6  / true
6 --> 
	7  / true
7 --> 
	8  / true
8 --> 
	9  / true
9 --> 
	10  / true
10 --> 
	11  / true
11 --> 
	12  / true
12 --> 
	13  / true
13 --> 
	14  / true
14 --> 
	15  / true
15 --> 
	16  / true
16 --> 
	17  / true
17 --> 
	18  / true
18 --> 
	19  / true
19 --> 
	20  / true
20 --> 
	21  / true
21 --> 
	22  / true
22 --> 
	23  / true
23 --> 
	2  / true

* FSM state operations: 

 <State 1> : 1.77ns
ST_1 : Operation 24 [1/1] (0.00ns)   --->   "call void (...)* @_ssdm_op_SpecInterface(i4 %in_switch_V, [8 x i8]* @p_str3, i32 0, i32 0, [1 x i8]* @p_str2, i32 0, i32 0, [1 x i8]* @p_str2, [1 x i8]* @p_str2, [1 x i8]* @p_str2, i32 0, i32 0, i32 0, i32 0, [1 x i8]* @p_str2, [1 x i8]* @p_str2) nounwind" [ColorComparator/ColorComparator.cpp:65]
ST_1 : Operation 25 [1/1] (0.00ns)   --->   "call void (...)* @_ssdm_op_SpecInterface(i32 0, [13 x i8]* @p_str4, i32 0, i32 0, [1 x i8]* @p_str2, i32 0, i32 0, [1 x i8]* @p_str2, [1 x i8]* @p_str2, [1 x i8]* @p_str2, i32 0, i32 0, i32 0, i32 0, [1 x i8]* @p_str2, [1 x i8]* @p_str2) nounwind" [ColorComparator/ColorComparator.cpp:65]
ST_1 : Operation 26 [1/1] (0.00ns)   --->   "call void (...)* @_ssdm_op_SpecInterface(i24 %in_pixel_V, [5 x i8]* @p_str6, i32 1, i32 1, [5 x i8]* @p_str7, i32 0, i32 0, [1 x i8]* @p_str2, [1 x i8]* @p_str2, [1 x i8]* @p_str2, i32 0, i32 0, i32 0, i32 0, [1 x i8]* @p_str2, [1 x i8]* @p_str2) nounwind" [ColorComparator/ColorComparator.cpp:65]
ST_1 : Operation 27 [1/1] (0.00ns)   --->   "call void (...)* @_ssdm_op_SpecInterface(i24* %out_pixel_V, [5 x i8]* @p_str6, i32 1, i32 1, [5 x i8]* @p_str7, i32 0, i32 0, [1 x i8]* @p_str2, [1 x i8]* @p_str2, [1 x i8]* @p_str2, i32 0, i32 0, i32 0, i32 0, [1 x i8]* @p_str2, [1 x i8]* @p_str2) nounwind" [ColorComparator/ColorComparator.cpp:65]
ST_1 : Operation 28 [1/1] (1.76ns)   --->   "br label %rewind_header" [ColorComparator/ColorComparator.cpp:68]

 <State 2> : 4.82ns
ST_2 : Operation 29 [1/1] (0.00ns)   --->   "%do_init = phi i1 [ true, %0 ], [ false, %_ifconv ], [ true, %_ifconv1 ]"
ST_2 : Operation 30 [1/1] (0.00ns)   --->   "%minimumDistanceIndex_9 = phi i2 [ 0, %0 ], [ %tmp_5, %_ifconv ], [ 0, %_ifconv1 ]" [ColorComparator/ColorComparator.cpp:68]
ST_2 : Operation 31 [1/1] (0.00ns)   --->   "%in_switch_V_read = call i4 @_ssdm_op_Read.ap_none.i4(i4 %in_switch_V)"
ST_2 : Operation 32 [2/2] (0.00ns)   --->   "%in_pixel_V_read = call i24 @_ssdm_op_Read.axis.i24(i24 %in_pixel_V)"   --->   Core 5 'AXI4Stream' <Latency = 0> <II = 1> <Delay = 1.00> <Adapter> <Opcode : >
ST_2 : Operation 33 [1/1] (0.00ns)   --->   "%minimumDistanceIndex = zext i2 %minimumDistanceIndex_9 to i3" [ColorComparator/ColorComparator.cpp:68]
ST_2 : Operation 34 [1/1] (0.00ns)   --->   "%tmp_s = zext i2 %minimumDistanceIndex_9 to i64" [ColorComparator/ColorComparator.cpp:69]
ST_2 : Operation 35 [1/1] (0.00ns)   --->   "%p_color_array_stream_s = getelementptr [6 x i17]* @p_color_array_stream_s, i64 0, i64 %tmp_s" [ColorComparator/ColorComparator.cpp:69]
ST_2 : Operation 36 [2/2] (3.25ns)   --->   "%p_color_array_stream_1 = load i17* %p_color_array_stream_s, align 4" [ColorComparator/ColorComparator.cpp:69]   --->   Core 48 'ROM_nP' <Latency = 1> <II = 1> <Delay = 3.25> <Storage> <Opcode : 'load'> <Ports = 0> <Width = 17> <Depth = 6> <ROM>
ST_2 : Operation 37 [1/1] (1.56ns)   --->   "%i = add i3 1, %minimumDistanceIndex" [ColorComparator/ColorComparator.cpp:68]   --->   Core 14 'AddSub' <Latency = 0> <II = 1> <Delay = 2.55> <FuncUnit> <Opcode : 'add' 'sub'> <InPorts = 2> <OutPorts = 1>
ST_2 : Operation 38 [1/1] (0.00ns)   --->   "%tmp_1_1 = zext i3 %i to i64" [ColorComparator/ColorComparator.cpp:69]
ST_2 : Operation 39 [1/1] (0.00ns)   --->   "%p_color_array_stream_2 = getelementptr [6 x i17]* @p_color_array_stream_s, i64 0, i64 %tmp_1_1" [ColorComparator/ColorComparator.cpp:69]
ST_2 : Operation 40 [2/2] (3.25ns)   --->   "%p_color_array_stream_3 = load i17* %p_color_array_stream_2, align 4" [ColorComparator/ColorComparator.cpp:69]   --->   Core 48 'ROM_nP' <Latency = 1> <II = 1> <Delay = 3.25> <Storage> <Opcode : 'load'> <Ports = 0> <Width = 17> <Depth = 6> <ROM>
ST_2 : Operation 41 [1/1] (1.65ns)   --->   "%i_2 = add i3 3, %minimumDistanceIndex" [ColorComparator/ColorComparator.cpp:68]   --->   Core 14 'AddSub' <Latency = 0> <II = 1> <Delay = 2.55> <FuncUnit> <Opcode : 'add' 'sub'> <InPorts = 2> <OutPorts = 1>
ST_2 : Operation 42 [1/1] (0.00ns)   --->   "%tmp_5 = trunc i3 %i_2 to i2" [ColorComparator/ColorComparator.cpp:68]
ST_2 : Operation 43 [1/1] (1.13ns)   --->   "%exitcond = icmp eq i3 %i_2, -2" [ColorComparator/ColorComparator.cpp:68]   --->   Core 25 'Cmp' <Latency = 0> <II = 1> <Delay = 2.47> <FuncUnit> <Opcode : 'icmp'> <InPorts = 2> <OutPorts = 1>
ST_2 : Operation 44 [1/1] (0.00ns)   --->   "br i1 %exitcond, label %_ifconv1, label %rewind_header" [ColorComparator/ColorComparator.cpp:68]
ST_2 : Operation 45 [1/1] (0.00ns)   --->   "br label %rewind_header" [ColorComparator/ColorComparator.cpp:136]

 <State 3> : 4.90ns
ST_3 : Operation 46 [1/2] (0.00ns)   --->   "%in_pixel_V_read = call i24 @_ssdm_op_Read.axis.i24(i24 %in_pixel_V)"   --->   Core 5 'AXI4Stream' <Latency = 0> <II = 1> <Delay = 1.00> <Adapter> <Opcode : >
ST_3 : Operation 47 [1/1] (1.76ns)   --->   "br label %_ifconv" [ColorComparator/ColorComparator.cpp:68]
ST_3 : Operation 48 [1/2] (3.25ns)   --->   "%p_color_array_stream_1 = load i17* %p_color_array_stream_s, align 4" [ColorComparator/ColorComparator.cpp:69]   --->   Core 48 'ROM_nP' <Latency = 1> <II = 1> <Delay = 3.25> <Storage> <Opcode : 'load'> <Ports = 0> <Width = 17> <Depth = 6> <ROM>
ST_3 : Operation 49 [1/2] (3.25ns)   --->   "%p_color_array_stream_3 = load i17* %p_color_array_stream_2, align 4" [ColorComparator/ColorComparator.cpp:69]   --->   Core 48 'ROM_nP' <Latency = 1> <II = 1> <Delay = 3.25> <Storage> <Opcode : 'load'> <Ports = 0> <Width = 17> <Depth = 6> <ROM>
ST_3 : Operation 50 [1/1] (1.65ns)   --->   "%i_1 = add i3 2, %minimumDistanceIndex" [ColorComparator/ColorComparator.cpp:68]   --->   Core 14 'AddSub' <Latency = 0> <II = 1> <Delay = 2.55> <FuncUnit> <Opcode : 'add' 'sub'> <InPorts = 2> <OutPorts = 1>
ST_3 : Operation 51 [1/1] (0.00ns)   --->   "%tmp_1_2 = zext i3 %i_1 to i64" [ColorComparator/ColorComparator.cpp:69]
ST_3 : Operation 52 [1/1] (0.00ns)   --->   "%p_color_array_stream_4 = getelementptr [6 x i17]* @p_color_array_stream_s, i64 0, i64 %tmp_1_2" [ColorComparator/ColorComparator.cpp:69]
ST_3 : Operation 53 [2/2] (3.25ns)   --->   "%p_color_array_stream_5 = load i17* %p_color_array_stream_4, align 4" [ColorComparator/ColorComparator.cpp:69]   --->   Core 48 'ROM_nP' <Latency = 1> <II = 1> <Delay = 3.25> <Storage> <Opcode : 'load'> <Ports = 0> <Width = 17> <Depth = 6> <ROM>

 <State 4> : 8.03ns
ST_4 : Operation 54 [1/1] (0.00ns)   --->   "%in_pixel_V5_rewind = phi i24 [ undef, %0 ], [ %in_pixel_V5_phi, %_ifconv ], [ undef, %_ifconv1 ]"
ST_4 : Operation 55 [1/1] (0.00ns)   --->   "%in_switch_V6_rewind = phi i4 [ undef, %0 ], [ %in_switch_V6_phi, %_ifconv ], [ undef, %_ifconv1 ]"
ST_4 : Operation 56 [1/1] (1.76ns)   --->   "br i1 %do_init, label %rewind_init, label %_ifconv"
ST_4 : Operation 57 [1/1] (0.00ns)   --->   "%in_pixel_V5_phi = phi i24 [ %in_pixel_V_read, %rewind_init ], [ %in_pixel_V5_rewind, %rewind_header ]"
ST_4 : Operation 58 [1/1] (0.00ns)   --->   "%in_switch_V6_phi = phi i4 [ %in_switch_V_read, %rewind_init ], [ %in_switch_V6_rewind, %rewind_header ]"
ST_4 : Operation 59 [16/16] (6.26ns)   --->   "%minimumDistance_4 = call fastcc i12 @getColorDistance_Str(i24 %in_pixel_V5_phi, i17 %p_color_array_stream_1)" [ColorComparator/ColorComparator.cpp:69]   --->   Core 0 '' <Latency = 0> <II = 1> <Delay = 1.00> <Generic> <Opcode : >
ST_4 : Operation 60 [16/16] (6.26ns)   --->   "%minimumDistance_4_1 = call fastcc i12 @getColorDistance_Str(i24 %in_pixel_V5_phi, i17 %p_color_array_stream_3)" [ColorComparator/ColorComparator.cpp:69]   --->   Core 0 '' <Latency = 0> <II = 1> <Delay = 1.00> <Generic> <Opcode : >
ST_4 : Operation 61 [1/2] (3.25ns)   --->   "%p_color_array_stream_5 = load i17* %p_color_array_stream_4, align 4" [ColorComparator/ColorComparator.cpp:69]   --->   Core 48 'ROM_nP' <Latency = 1> <II = 1> <Delay = 3.25> <Storage> <Opcode : 'load'> <Ports = 0> <Width = 17> <Depth = 6> <ROM>

 <State 5> : 8.68ns
ST_5 : Operation 62 [15/16] (8.67ns)   --->   "%minimumDistance_4 = call fastcc i12 @getColorDistance_Str(i24 %in_pixel_V5_phi, i17 %p_color_array_stream_1)" [ColorComparator/ColorComparator.cpp:69]   --->   Core 0 '' <Latency = 0> <II = 1> <Delay = 1.00> <Generic> <Opcode : >
ST_5 : Operation 63 [15/16] (8.67ns)   --->   "%minimumDistance_4_1 = call fastcc i12 @getColorDistance_Str(i24 %in_pixel_V5_phi, i17 %p_color_array_stream_3)" [ColorComparator/ColorComparator.cpp:69]   --->   Core 0 '' <Latency = 0> <II = 1> <Delay = 1.00> <Generic> <Opcode : >
ST_5 : Operation 64 [16/16] (6.26ns)   --->   "%minimumDistance_4_2 = call fastcc i12 @getColorDistance_Str(i24 %in_pixel_V5_phi, i17 %p_color_array_stream_5)" [ColorComparator/ColorComparator.cpp:69]   --->   Core 0 '' <Latency = 0> <II = 1> <Delay = 1.00> <Generic> <Opcode : >

 <State 6> : 8.68ns
ST_6 : Operation 65 [14/16] (8.67ns)   --->   "%minimumDistance_4 = call fastcc i12 @getColorDistance_Str(i24 %in_pixel_V5_phi, i17 %p_color_array_stream_1)" [ColorComparator/ColorComparator.cpp:69]   --->   Core 0 '' <Latency = 0> <II = 1> <Delay = 1.00> <Generic> <Opcode : >
ST_6 : Operation 66 [14/16] (8.67ns)   --->   "%minimumDistance_4_1 = call fastcc i12 @getColorDistance_Str(i24 %in_pixel_V5_phi, i17 %p_color_array_stream_3)" [ColorComparator/ColorComparator.cpp:69]   --->   Core 0 '' <Latency = 0> <II = 1> <Delay = 1.00> <Generic> <Opcode : >
ST_6 : Operation 67 [15/16] (8.67ns)   --->   "%minimumDistance_4_2 = call fastcc i12 @getColorDistance_Str(i24 %in_pixel_V5_phi, i17 %p_color_array_stream_5)" [ColorComparator/ColorComparator.cpp:69]   --->   Core 0 '' <Latency = 0> <II = 1> <Delay = 1.00> <Generic> <Opcode : >

 <State 7> : 8.68ns
ST_7 : Operation 68 [13/16] (8.67ns)   --->   "%minimumDistance_4 = call fastcc i12 @getColorDistance_Str(i24 %in_pixel_V5_phi, i17 %p_color_array_stream_1)" [ColorComparator/ColorComparator.cpp:69]   --->   Core 0 '' <Latency = 0> <II = 1> <Delay = 1.00> <Generic> <Opcode : >
ST_7 : Operation 69 [13/16] (8.67ns)   --->   "%minimumDistance_4_1 = call fastcc i12 @getColorDistance_Str(i24 %in_pixel_V5_phi, i17 %p_color_array_stream_3)" [ColorComparator/ColorComparator.cpp:69]   --->   Core 0 '' <Latency = 0> <II = 1> <Delay = 1.00> <Generic> <Opcode : >
ST_7 : Operation 70 [14/16] (8.67ns)   --->   "%minimumDistance_4_2 = call fastcc i12 @getColorDistance_Str(i24 %in_pixel_V5_phi, i17 %p_color_array_stream_5)" [ColorComparator/ColorComparator.cpp:69]   --->   Core 0 '' <Latency = 0> <II = 1> <Delay = 1.00> <Generic> <Opcode : >

 <State 8> : 8.68ns
ST_8 : Operation 71 [12/16] (8.67ns)   --->   "%minimumDistance_4 = call fastcc i12 @getColorDistance_Str(i24 %in_pixel_V5_phi, i17 %p_color_array_stream_1)" [ColorComparator/ColorComparator.cpp:69]   --->   Core 0 '' <Latency = 0> <II = 1> <Delay = 1.00> <Generic> <Opcode : >
ST_8 : Operation 72 [12/16] (8.67ns)   --->   "%minimumDistance_4_1 = call fastcc i12 @getColorDistance_Str(i24 %in_pixel_V5_phi, i17 %p_color_array_stream_3)" [ColorComparator/ColorComparator.cpp:69]   --->   Core 0 '' <Latency = 0> <II = 1> <Delay = 1.00> <Generic> <Opcode : >
ST_8 : Operation 73 [13/16] (8.67ns)   --->   "%minimumDistance_4_2 = call fastcc i12 @getColorDistance_Str(i24 %in_pixel_V5_phi, i17 %p_color_array_stream_5)" [ColorComparator/ColorComparator.cpp:69]   --->   Core 0 '' <Latency = 0> <II = 1> <Delay = 1.00> <Generic> <Opcode : >

 <State 9> : 8.68ns
ST_9 : Operation 74 [11/16] (8.67ns)   --->   "%minimumDistance_4 = call fastcc i12 @getColorDistance_Str(i24 %in_pixel_V5_phi, i17 %p_color_array_stream_1)" [ColorComparator/ColorComparator.cpp:69]   --->   Core 0 '' <Latency = 0> <II = 1> <Delay = 1.00> <Generic> <Opcode : >
ST_9 : Operation 75 [11/16] (8.67ns)   --->   "%minimumDistance_4_1 = call fastcc i12 @getColorDistance_Str(i24 %in_pixel_V5_phi, i17 %p_color_array_stream_3)" [ColorComparator/ColorComparator.cpp:69]   --->   Core 0 '' <Latency = 0> <II = 1> <Delay = 1.00> <Generic> <Opcode : >
ST_9 : Operation 76 [12/16] (8.67ns)   --->   "%minimumDistance_4_2 = call fastcc i12 @getColorDistance_Str(i24 %in_pixel_V5_phi, i17 %p_color_array_stream_5)" [ColorComparator/ColorComparator.cpp:69]   --->   Core 0 '' <Latency = 0> <II = 1> <Delay = 1.00> <Generic> <Opcode : >

 <State 10> : 8.68ns
ST_10 : Operation 77 [10/16] (8.67ns)   --->   "%minimumDistance_4 = call fastcc i12 @getColorDistance_Str(i24 %in_pixel_V5_phi, i17 %p_color_array_stream_1)" [ColorComparator/ColorComparator.cpp:69]   --->   Core 0 '' <Latency = 0> <II = 1> <Delay = 1.00> <Generic> <Opcode : >
ST_10 : Operation 78 [10/16] (8.67ns)   --->   "%minimumDistance_4_1 = call fastcc i12 @getColorDistance_Str(i24 %in_pixel_V5_phi, i17 %p_color_array_stream_3)" [ColorComparator/ColorComparator.cpp:69]   --->   Core 0 '' <Latency = 0> <II = 1> <Delay = 1.00> <Generic> <Opcode : >
ST_10 : Operation 79 [11/16] (8.67ns)   --->   "%minimumDistance_4_2 = call fastcc i12 @getColorDistance_Str(i24 %in_pixel_V5_phi, i17 %p_color_array_stream_5)" [ColorComparator/ColorComparator.cpp:69]   --->   Core 0 '' <Latency = 0> <II = 1> <Delay = 1.00> <Generic> <Opcode : >

 <State 11> : 8.68ns
ST_11 : Operation 80 [9/16] (8.67ns)   --->   "%minimumDistance_4 = call fastcc i12 @getColorDistance_Str(i24 %in_pixel_V5_phi, i17 %p_color_array_stream_1)" [ColorComparator/ColorComparator.cpp:69]   --->   Core 0 '' <Latency = 0> <II = 1> <Delay = 1.00> <Generic> <Opcode : >
ST_11 : Operation 81 [9/16] (8.67ns)   --->   "%minimumDistance_4_1 = call fastcc i12 @getColorDistance_Str(i24 %in_pixel_V5_phi, i17 %p_color_array_stream_3)" [ColorComparator/ColorComparator.cpp:69]   --->   Core 0 '' <Latency = 0> <II = 1> <Delay = 1.00> <Generic> <Opcode : >
ST_11 : Operation 82 [10/16] (8.67ns)   --->   "%minimumDistance_4_2 = call fastcc i12 @getColorDistance_Str(i24 %in_pixel_V5_phi, i17 %p_color_array_stream_5)" [ColorComparator/ColorComparator.cpp:69]   --->   Core 0 '' <Latency = 0> <II = 1> <Delay = 1.00> <Generic> <Opcode : >

 <State 12> : 8.68ns
ST_12 : Operation 83 [8/16] (8.67ns)   --->   "%minimumDistance_4 = call fastcc i12 @getColorDistance_Str(i24 %in_pixel_V5_phi, i17 %p_color_array_stream_1)" [ColorComparator/ColorComparator.cpp:69]   --->   Core 0 '' <Latency = 0> <II = 1> <Delay = 1.00> <Generic> <Opcode : >
ST_12 : Operation 84 [8/16] (8.67ns)   --->   "%minimumDistance_4_1 = call fastcc i12 @getColorDistance_Str(i24 %in_pixel_V5_phi, i17 %p_color_array_stream_3)" [ColorComparator/ColorComparator.cpp:69]   --->   Core 0 '' <Latency = 0> <II = 1> <Delay = 1.00> <Generic> <Opcode : >
ST_12 : Operation 85 [9/16] (8.67ns)   --->   "%minimumDistance_4_2 = call fastcc i12 @getColorDistance_Str(i24 %in_pixel_V5_phi, i17 %p_color_array_stream_5)" [ColorComparator/ColorComparator.cpp:69]   --->   Core 0 '' <Latency = 0> <II = 1> <Delay = 1.00> <Generic> <Opcode : >

 <State 13> : 8.68ns
ST_13 : Operation 86 [7/16] (8.67ns)   --->   "%minimumDistance_4 = call fastcc i12 @getColorDistance_Str(i24 %in_pixel_V5_phi, i17 %p_color_array_stream_1)" [ColorComparator/ColorComparator.cpp:69]   --->   Core 0 '' <Latency = 0> <II = 1> <Delay = 1.00> <Generic> <Opcode : >
ST_13 : Operation 87 [7/16] (8.67ns)   --->   "%minimumDistance_4_1 = call fastcc i12 @getColorDistance_Str(i24 %in_pixel_V5_phi, i17 %p_color_array_stream_3)" [ColorComparator/ColorComparator.cpp:69]   --->   Core 0 '' <Latency = 0> <II = 1> <Delay = 1.00> <Generic> <Opcode : >
ST_13 : Operation 88 [8/16] (8.67ns)   --->   "%minimumDistance_4_2 = call fastcc i12 @getColorDistance_Str(i24 %in_pixel_V5_phi, i17 %p_color_array_stream_5)" [ColorComparator/ColorComparator.cpp:69]   --->   Core 0 '' <Latency = 0> <II = 1> <Delay = 1.00> <Generic> <Opcode : >

 <State 14> : 8.68ns
ST_14 : Operation 89 [6/16] (8.67ns)   --->   "%minimumDistance_4 = call fastcc i12 @getColorDistance_Str(i24 %in_pixel_V5_phi, i17 %p_color_array_stream_1)" [ColorComparator/ColorComparator.cpp:69]   --->   Core 0 '' <Latency = 0> <II = 1> <Delay = 1.00> <Generic> <Opcode : >
ST_14 : Operation 90 [6/16] (8.67ns)   --->   "%minimumDistance_4_1 = call fastcc i12 @getColorDistance_Str(i24 %in_pixel_V5_phi, i17 %p_color_array_stream_3)" [ColorComparator/ColorComparator.cpp:69]   --->   Core 0 '' <Latency = 0> <II = 1> <Delay = 1.00> <Generic> <Opcode : >
ST_14 : Operation 91 [7/16] (8.67ns)   --->   "%minimumDistance_4_2 = call fastcc i12 @getColorDistance_Str(i24 %in_pixel_V5_phi, i17 %p_color_array_stream_5)" [ColorComparator/ColorComparator.cpp:69]   --->   Core 0 '' <Latency = 0> <II = 1> <Delay = 1.00> <Generic> <Opcode : >

 <State 15> : 8.68ns
ST_15 : Operation 92 [5/16] (8.67ns)   --->   "%minimumDistance_4 = call fastcc i12 @getColorDistance_Str(i24 %in_pixel_V5_phi, i17 %p_color_array_stream_1)" [ColorComparator/ColorComparator.cpp:69]   --->   Core 0 '' <Latency = 0> <II = 1> <Delay = 1.00> <Generic> <Opcode : >
ST_15 : Operation 93 [5/16] (8.67ns)   --->   "%minimumDistance_4_1 = call fastcc i12 @getColorDistance_Str(i24 %in_pixel_V5_phi, i17 %p_color_array_stream_3)" [ColorComparator/ColorComparator.cpp:69]   --->   Core 0 '' <Latency = 0> <II = 1> <Delay = 1.00> <Generic> <Opcode : >
ST_15 : Operation 94 [6/16] (8.67ns)   --->   "%minimumDistance_4_2 = call fastcc i12 @getColorDistance_Str(i24 %in_pixel_V5_phi, i17 %p_color_array_stream_5)" [ColorComparator/ColorComparator.cpp:69]   --->   Core 0 '' <Latency = 0> <II = 1> <Delay = 1.00> <Generic> <Opcode : >

 <State 16> : 8.68ns
ST_16 : Operation 95 [4/16] (8.67ns)   --->   "%minimumDistance_4 = call fastcc i12 @getColorDistance_Str(i24 %in_pixel_V5_phi, i17 %p_color_array_stream_1)" [ColorComparator/ColorComparator.cpp:69]   --->   Core 0 '' <Latency = 0> <II = 1> <Delay = 1.00> <Generic> <Opcode : >
ST_16 : Operation 96 [4/16] (8.67ns)   --->   "%minimumDistance_4_1 = call fastcc i12 @getColorDistance_Str(i24 %in_pixel_V5_phi, i17 %p_color_array_stream_3)" [ColorComparator/ColorComparator.cpp:69]   --->   Core 0 '' <Latency = 0> <II = 1> <Delay = 1.00> <Generic> <Opcode : >
ST_16 : Operation 97 [5/16] (8.67ns)   --->   "%minimumDistance_4_2 = call fastcc i12 @getColorDistance_Str(i24 %in_pixel_V5_phi, i17 %p_color_array_stream_5)" [ColorComparator/ColorComparator.cpp:69]   --->   Core 0 '' <Latency = 0> <II = 1> <Delay = 1.00> <Generic> <Opcode : >

 <State 17> : 8.68ns
ST_17 : Operation 98 [3/16] (8.67ns)   --->   "%minimumDistance_4 = call fastcc i12 @getColorDistance_Str(i24 %in_pixel_V5_phi, i17 %p_color_array_stream_1)" [ColorComparator/ColorComparator.cpp:69]   --->   Core 0 '' <Latency = 0> <II = 1> <Delay = 1.00> <Generic> <Opcode : >
ST_17 : Operation 99 [3/16] (8.67ns)   --->   "%minimumDistance_4_1 = call fastcc i12 @getColorDistance_Str(i24 %in_pixel_V5_phi, i17 %p_color_array_stream_3)" [ColorComparator/ColorComparator.cpp:69]   --->   Core 0 '' <Latency = 0> <II = 1> <Delay = 1.00> <Generic> <Opcode : >
ST_17 : Operation 100 [4/16] (8.67ns)   --->   "%minimumDistance_4_2 = call fastcc i12 @getColorDistance_Str(i24 %in_pixel_V5_phi, i17 %p_color_array_stream_5)" [ColorComparator/ColorComparator.cpp:69]   --->   Core 0 '' <Latency = 0> <II = 1> <Delay = 1.00> <Generic> <Opcode : >

 <State 18> : 8.68ns
ST_18 : Operation 101 [2/16] (8.67ns)   --->   "%minimumDistance_4 = call fastcc i12 @getColorDistance_Str(i24 %in_pixel_V5_phi, i17 %p_color_array_stream_1)" [ColorComparator/ColorComparator.cpp:69]   --->   Core 0 '' <Latency = 0> <II = 1> <Delay = 1.00> <Generic> <Opcode : >
ST_18 : Operation 102 [2/16] (8.67ns)   --->   "%minimumDistance_4_1 = call fastcc i12 @getColorDistance_Str(i24 %in_pixel_V5_phi, i17 %p_color_array_stream_3)" [ColorComparator/ColorComparator.cpp:69]   --->   Core 0 '' <Latency = 0> <II = 1> <Delay = 1.00> <Generic> <Opcode : >
ST_18 : Operation 103 [3/16] (8.67ns)   --->   "%minimumDistance_4_2 = call fastcc i12 @getColorDistance_Str(i24 %in_pixel_V5_phi, i17 %p_color_array_stream_5)" [ColorComparator/ColorComparator.cpp:69]   --->   Core 0 '' <Latency = 0> <II = 1> <Delay = 1.00> <Generic> <Opcode : >

 <State 19> : 8.68ns
ST_19 : Operation 104 [1/16] (6.10ns)   --->   "%minimumDistance_4 = call fastcc i12 @getColorDistance_Str(i24 %in_pixel_V5_phi, i17 %p_color_array_stream_1)" [ColorComparator/ColorComparator.cpp:69]   --->   Core 0 '' <Latency = 0> <II = 1> <Delay = 1.00> <Generic> <Opcode : >
ST_19 : Operation 105 [1/16] (6.10ns)   --->   "%minimumDistance_4_1 = call fastcc i12 @getColorDistance_Str(i24 %in_pixel_V5_phi, i17 %p_color_array_stream_3)" [ColorComparator/ColorComparator.cpp:69]   --->   Core 0 '' <Latency = 0> <II = 1> <Delay = 1.00> <Generic> <Opcode : >
ST_19 : Operation 106 [2/16] (8.67ns)   --->   "%minimumDistance_4_2 = call fastcc i12 @getColorDistance_Str(i24 %in_pixel_V5_phi, i17 %p_color_array_stream_5)" [ColorComparator/ColorComparator.cpp:69]   --->   Core 0 '' <Latency = 0> <II = 1> <Delay = 1.00> <Generic> <Opcode : >

 <State 20> : 7.69ns
ST_20 : Operation 107 [1/1] (0.00ns)   --->   "%minimumDistance4 = phi i32 [ 2147483647, %0 ], [ %minimumDistance_2_2, %_ifconv ], [ 2147483647, %_ifconv1 ]" [ColorComparator/ColorComparator.cpp:71]
ST_20 : Operation 108 [1/1] (0.00ns)   --->   "%minimumDistance_4_ex = zext i12 %minimumDistance_4 to i32" [ColorComparator/ColorComparator.cpp:69]
ST_20 : Operation 109 [1/1] (2.47ns)   --->   "%tmp_2 = icmp slt i32 %minimumDistance_4_ex, %minimumDistance4" [ColorComparator/ColorComparator.cpp:71]   --->   Core 25 'Cmp' <Latency = 0> <II = 1> <Delay = 2.47> <FuncUnit> <Opcode : 'icmp'> <InPorts = 2> <OutPorts = 1>
ST_20 : Operation 110 [1/1] (1.99ns)   --->   "%tmp_4 = icmp ult i12 %minimumDistance_4, 265" [ColorComparator/ColorComparator.cpp:72]   --->   Core 25 'Cmp' <Latency = 0> <II = 1> <Delay = 2.47> <FuncUnit> <Opcode : 'icmp'> <InPorts = 2> <OutPorts = 1>
ST_20 : Operation 111 [1/1] (0.00ns) (grouped into LUT with out node minimumDistance_2)   --->   "%minimumDistance_1 = select i1 %tmp_4, i32 %minimumDistance_4_ex, i32 %minimumDistance4" [ColorComparator/ColorComparator.cpp:72]   --->   Core 26 'Sel' <Latency = 0> <II = 1> <Delay = 1.37> <FuncUnit> <Opcode : 'select'> <InPorts = 3> <OutPorts = 1>
ST_20 : Operation 112 [1/1] (1.37ns) (out node of the LUT)   --->   "%minimumDistance_2 = select i1 %tmp_2, i32 %minimumDistance_1, i32 %minimumDistance4" [ColorComparator/ColorComparator.cpp:71]   --->   Core 26 'Sel' <Latency = 0> <II = 1> <Delay = 1.37> <FuncUnit> <Opcode : 'select'> <InPorts = 3> <OutPorts = 1>
ST_20 : Operation 113 [1/1] (0.00ns)   --->   "%minimumDistance_4_1_s = zext i12 %minimumDistance_4_1 to i32" [ColorComparator/ColorComparator.cpp:69]
ST_20 : Operation 114 [1/1] (2.47ns)   --->   "%tmp_2_1 = icmp slt i32 %minimumDistance_4_1_s, %minimumDistance_2" [ColorComparator/ColorComparator.cpp:71]   --->   Core 25 'Cmp' <Latency = 0> <II = 1> <Delay = 2.47> <FuncUnit> <Opcode : 'icmp'> <InPorts = 2> <OutPorts = 1>
ST_20 : Operation 115 [1/1] (1.99ns)   --->   "%tmp_4_1 = icmp ult i12 %minimumDistance_4_1, 265" [ColorComparator/ColorComparator.cpp:72]   --->   Core 25 'Cmp' <Latency = 0> <II = 1> <Delay = 2.47> <FuncUnit> <Opcode : 'icmp'> <InPorts = 2> <OutPorts = 1>
ST_20 : Operation 116 [1/1] (0.00ns) (grouped into LUT with out node minimumDistance_2_1)   --->   "%minimumDistance_1_1 = select i1 %tmp_4_1, i32 %minimumDistance_4_1_s, i32 %minimumDistance_2" [ColorComparator/ColorComparator.cpp:72]   --->   Core 26 'Sel' <Latency = 0> <II = 1> <Delay = 1.37> <FuncUnit> <Opcode : 'select'> <InPorts = 3> <OutPorts = 1>
ST_20 : Operation 117 [1/1] (1.37ns) (out node of the LUT)   --->   "%minimumDistance_2_1 = select i1 %tmp_2_1, i32 %minimumDistance_1_1, i32 %minimumDistance_2" [ColorComparator/ColorComparator.cpp:71]   --->   Core 26 'Sel' <Latency = 0> <II = 1> <Delay = 1.37> <FuncUnit> <Opcode : 'select'> <InPorts = 3> <OutPorts = 1>
ST_20 : Operation 118 [1/16] (6.10ns)   --->   "%minimumDistance_4_2 = call fastcc i12 @getColorDistance_Str(i24 %in_pixel_V5_phi, i17 %p_color_array_stream_5)" [ColorComparator/ColorComparator.cpp:69]   --->   Core 0 '' <Latency = 0> <II = 1> <Delay = 1.00> <Generic> <Opcode : >

 <State 21> : 7.36ns
ST_21 : Operation 119 [1/1] (0.00ns)   --->   "%minimumDistanceIndex_3 = phi i32 [ 7, %0 ], [ %minimumDistanceIndex_8, %_ifconv ], [ 7, %_ifconv1 ]" [ColorComparator/ColorComparator.cpp:71]
ST_21 : Operation 120 [1/1] (0.00ns) (grouped into LUT with out node minimumDistanceIndex_2)   --->   "%minimumDistanceIndex_4 = zext i2 %minimumDistanceIndex_9 to i32" [ColorComparator/ColorComparator.cpp:68]
ST_21 : Operation 121 [1/1] (0.00ns) (grouped into LUT with out node minimumDistanceIndex_2)   --->   "%minimumDistanceIndex_1 = select i1 %tmp_4, i32 %minimumDistanceIndex_4, i32 %minimumDistanceIndex_3" [ColorComparator/ColorComparator.cpp:72]   --->   Core 26 'Sel' <Latency = 0> <II = 1> <Delay = 1.37> <FuncUnit> <Opcode : 'select'> <InPorts = 3> <OutPorts = 1>
ST_21 : Operation 122 [1/1] (1.37ns) (out node of the LUT)   --->   "%minimumDistanceIndex_2 = select i1 %tmp_2, i32 %minimumDistanceIndex_1, i32 %minimumDistanceIndex_3" [ColorComparator/ColorComparator.cpp:71]   --->   Core 26 'Sel' <Latency = 0> <II = 1> <Delay = 1.37> <FuncUnit> <Opcode : 'select'> <InPorts = 3> <OutPorts = 1>
ST_21 : Operation 123 [1/1] (0.00ns) (grouped into LUT with out node minimumDistanceIndex_6)   --->   "%i_cast = zext i3 %i to i32" [ColorComparator/ColorComparator.cpp:68]
ST_21 : Operation 124 [1/1] (0.00ns) (grouped into LUT with out node minimumDistanceIndex_6)   --->   "%minimumDistanceIndex_5 = select i1 %tmp_4_1, i32 %i_cast, i32 %minimumDistanceIndex_2" [ColorComparator/ColorComparator.cpp:72]   --->   Core 26 'Sel' <Latency = 0> <II = 1> <Delay = 1.37> <FuncUnit> <Opcode : 'select'> <InPorts = 3> <OutPorts = 1>
ST_21 : Operation 125 [1/1] (1.37ns) (out node of the LUT)   --->   "%minimumDistanceIndex_6 = select i1 %tmp_2_1, i32 %minimumDistanceIndex_5, i32 %minimumDistanceIndex_2" [ColorComparator/ColorComparator.cpp:71]   --->   Core 26 'Sel' <Latency = 0> <II = 1> <Delay = 1.37> <FuncUnit> <Opcode : 'select'> <InPorts = 3> <OutPorts = 1>
ST_21 : Operation 126 [1/1] (0.00ns) (grouped into LUT with out node minimumDistanceIndex_8)   --->   "%i_1_cast = zext i3 %i_1 to i32" [ColorComparator/ColorComparator.cpp:68]
ST_21 : Operation 127 [1/1] (0.00ns)   --->   "%minimumDistance_4_2_s = zext i12 %minimumDistance_4_2 to i32" [ColorComparator/ColorComparator.cpp:69]
ST_21 : Operation 128 [1/1] (2.47ns)   --->   "%tmp_2_2 = icmp slt i32 %minimumDistance_4_2_s, %minimumDistance_2_1" [ColorComparator/ColorComparator.cpp:71]   --->   Core 25 'Cmp' <Latency = 0> <II = 1> <Delay = 2.47> <FuncUnit> <Opcode : 'icmp'> <InPorts = 2> <OutPorts = 1>
ST_21 : Operation 129 [1/1] (1.99ns)   --->   "%tmp_4_2 = icmp ult i12 %minimumDistance_4_2, 265" [ColorComparator/ColorComparator.cpp:72]   --->   Core 25 'Cmp' <Latency = 0> <II = 1> <Delay = 2.47> <FuncUnit> <Opcode : 'icmp'> <InPorts = 2> <OutPorts = 1>
ST_21 : Operation 130 [1/1] (0.00ns) (grouped into LUT with out node minimumDistanceIndex_8)   --->   "%minimumDistanceIndex_7 = select i1 %tmp_4_2, i32 %i_1_cast, i32 %minimumDistanceIndex_6" [ColorComparator/ColorComparator.cpp:72]   --->   Core 26 'Sel' <Latency = 0> <II = 1> <Delay = 1.37> <FuncUnit> <Opcode : 'select'> <InPorts = 3> <OutPorts = 1>
ST_21 : Operation 131 [1/1] (0.00ns) (grouped into LUT with out node minimumDistance_2_2)   --->   "%minimumDistance_1_2 = select i1 %tmp_4_2, i32 %minimumDistance_4_2_s, i32 %minimumDistance_2_1" [ColorComparator/ColorComparator.cpp:72]   --->   Core 26 'Sel' <Latency = 0> <II = 1> <Delay = 1.37> <FuncUnit> <Opcode : 'select'> <InPorts = 3> <OutPorts = 1>
ST_21 : Operation 132 [1/1] (1.37ns) (out node of the LUT)   --->   "%minimumDistanceIndex_8 = select i1 %tmp_2_2, i32 %minimumDistanceIndex_7, i32 %minimumDistanceIndex_6" [ColorComparator/ColorComparator.cpp:71]   --->   Core 26 'Sel' <Latency = 0> <II = 1> <Delay = 1.37> <FuncUnit> <Opcode : 'select'> <InPorts = 3> <OutPorts = 1>
ST_21 : Operation 133 [1/1] (1.37ns) (out node of the LUT)   --->   "%minimumDistance_2_2 = select i1 %tmp_2_2, i32 %minimumDistance_1_2, i32 %minimumDistance_2_1" [ColorComparator/ColorComparator.cpp:71]   --->   Core 26 'Sel' <Latency = 0> <II = 1> <Delay = 1.37> <FuncUnit> <Opcode : 'select'> <InPorts = 3> <OutPorts = 1>
ST_21 : Operation 134 [1/1] (0.00ns)   --->   "%tmp_6 = sext i32 %minimumDistanceIndex_8 to i64" [ColorComparator/ColorComparator.cpp:86]
ST_21 : Operation 135 [1/1] (0.00ns)   --->   "%p_color_array_stream_6 = getelementptr [6 x i17]* @p_color_array_stream_s, i64 0, i64 %tmp_6" [ColorComparator/ColorComparator.cpp:86]
ST_21 : Operation 136 [2/2] (3.25ns)   --->   "%p_color_array_stream_7 = load i17* %p_color_array_stream_6, align 4" [ColorComparator/ColorComparator.cpp:86]   --->   Core 48 'ROM_nP' <Latency = 1> <II = 1> <Delay = 3.25> <Storage> <Opcode : 'load'> <Ports = 0> <Width = 17> <Depth = 6> <ROM>

 <State 22> : 6.40ns
ST_22 : Operation 137 [1/1] (2.47ns)   --->   "%tmp = icmp slt i32 %minimumDistanceIndex_8, 6" [ColorComparator/ColorComparator.cpp:84]   --->   Core 25 'Cmp' <Latency = 0> <II = 1> <Delay = 2.47> <FuncUnit> <Opcode : 'icmp'> <InPorts = 2> <OutPorts = 1>
ST_22 : Operation 138 [1/1] (2.55ns)   --->   "%rhs_V = add nsw i32 %minimumDistanceIndex_8, 1" [ColorComparator/ColorComparator.cpp:85]   --->   Core 14 'AddSub' <Latency = 0> <II = 1> <Delay = 2.55> <FuncUnit> <Opcode : 'add' 'sub'> <InPorts = 2> <OutPorts = 1>
ST_22 : Operation 139 [1/1] (0.00ns)   --->   "%lhs_V = zext i4 %in_switch_V6_phi to i32" [ColorComparator/ColorComparator.cpp:85]
ST_22 : Operation 140 [1/1] (2.47ns)   --->   "%tmp_3 = icmp eq i32 %lhs_V, %rhs_V" [ColorComparator/ColorComparator.cpp:85]   --->   Core 25 'Cmp' <Latency = 0> <II = 1> <Delay = 2.47> <FuncUnit> <Opcode : 'icmp'> <InPorts = 2> <OutPorts = 1>
ST_22 : Operation 141 [1/2] (3.25ns)   --->   "%p_color_array_stream_7 = load i17* %p_color_array_stream_6, align 4" [ColorComparator/ColorComparator.cpp:86]   --->   Core 48 'ROM_nP' <Latency = 1> <II = 1> <Delay = 3.25> <Storage> <Opcode : 'load'> <Ports = 0> <Width = 17> <Depth = 6> <ROM>
ST_22 : Operation 142 [1/1] (0.00ns) (grouped into LUT with out node storemerge1)   --->   "%p_color_array_stream_8 = sext i17 %p_color_array_stream_7 to i24" [ColorComparator/ColorComparator.cpp:86]
ST_22 : Operation 143 [1/1] (0.00ns) (grouped into LUT with out node storemerge1)   --->   "%sel_tmp = and i1 %tmp, %tmp_3" [ColorComparator/ColorComparator.cpp:84]   --->   Core 27 'LogicGate' <Latency = 0> <II = 1> <Delay = 0.93> <FuncUnit> <Opcode : 'and' 'or' 'xor'> <InPorts = 2> <OutPorts = 1>
ST_22 : Operation 144 [1/1] (0.00ns) (grouped into LUT with out node storemerge1)   --->   "%sel_tmp2 = select i1 %sel_tmp, i24 %p_color_array_stream_8, i24 %in_pixel_V5_phi" [ColorComparator/ColorComparator.cpp:84]   --->   Core 26 'Sel' <Latency = 0> <II = 1> <Delay = 1.37> <FuncUnit> <Opcode : 'select'> <InPorts = 3> <OutPorts = 1>
ST_22 : Operation 145 [1/1] (1.37ns) (out node of the LUT)   --->   "%storemerge1 = select i1 %tmp, i24 %sel_tmp2, i24 %in_pixel_V5_phi" [ColorComparator/ColorComparator.cpp:84]   --->   Core 26 'Sel' <Latency = 0> <II = 1> <Delay = 1.37> <FuncUnit> <Opcode : 'select'> <InPorts = 3> <OutPorts = 1>
ST_22 : Operation 146 [2/2] (0.00ns)   --->   "call void @_ssdm_op_Write.axis.i24P(i24* %out_pixel_V, i24 %storemerge1)" [ColorComparator/ColorComparator.cpp:91]   --->   Core 5 'AXI4Stream' <Latency = 0> <II = 1> <Delay = 1.00> <Adapter> <Opcode : >

 <State 23> : 0.00ns
ST_23 : Operation 147 [1/1] (0.00ns)   --->   "call void (...)* @_ssdm_op_SpecBitsMap(i24 %in_pixel_V), !map !147"
ST_23 : Operation 148 [1/1] (0.00ns)   --->   "call void (...)* @_ssdm_op_SpecBitsMap(i24* %out_pixel_V), !map !153"
ST_23 : Operation 149 [1/1] (0.00ns)   --->   "call void (...)* @_ssdm_op_SpecBitsMap(i4 %in_switch_V), !map !157"
ST_23 : Operation 150 [1/1] (0.00ns)   --->   "call void (...)* @_ssdm_op_SpecTopModule([30 x i8]* @getPixelClassificati) nounwind"
ST_23 : Operation 151 [1/1] (0.00ns)   --->   "%empty = call i32 (...)* @_ssdm_op_SpecLoopTripCount(i64 2, i64 2, i64 2)"
ST_23 : Operation 152 [1/1] (0.00ns)   --->   "call void (...)* @_ssdm_op_SpecLoopName([17 x i8]* @p_str) nounwind" [ColorComparator/ColorComparator.cpp:68]
ST_23 : Operation 153 [1/1] (0.00ns)   --->   "%tmp_1 = call i32 (...)* @_ssdm_op_SpecRegionBegin([17 x i8]* @p_str)" [ColorComparator/ColorComparator.cpp:68]
ST_23 : Operation 154 [1/1] (0.00ns)   --->   "call void (...)* @_ssdm_op_SpecPipeline(i32 -1, i32 1, i32 1, i32 0, [1 x i8]* @p_str2) nounwind" [ColorComparator/ColorComparator.cpp:69]
ST_23 : Operation 155 [1/1] (0.00ns)   --->   "%empty_16 = call i32 (...)* @_ssdm_op_SpecRegionEnd([17 x i8]* @p_str, i32 %tmp_1)" [ColorComparator/ColorComparator.cpp:82]
ST_23 : Operation 156 [1/2] (0.00ns)   --->   "call void @_ssdm_op_Write.axis.i24P(i24* %out_pixel_V, i24 %storemerge1)" [ColorComparator/ColorComparator.cpp:91]   --->   Core 5 'AXI4Stream' <Latency = 0> <II = 1> <Delay = 1.00> <Adapter> <Opcode : >
ST_23 : Operation 157 [1/1] (0.00ns)   --->   "call void (...)* @_ssdm_op_Return()" [ColorComparator/ColorComparator.cpp:136]


============================================================
+ Verbose Summary: Timing violations
============================================================
Target clock period: 10ns, clock uncertainty: 1.25ns.

 <State 1>: 1.77ns
The critical path consists of the following:
	multiplexor before 'phi' operation ('do_init') [11]  (1.77 ns)

 <State 2>: 4.82ns
The critical path consists of the following:
	'phi' operation ('minimumDistanceIndex_9', ColorComparator/ColorComparator.cpp:68) with incoming values : ('tmp_5', ColorComparator/ColorComparator.cpp:68) [16]  (0 ns)
	'add' operation ('i', ColorComparator/ColorComparator.cpp:68) [47]  (1.56 ns)
	'getelementptr' operation ('p_color_array_stream_2', ColorComparator/ColorComparator.cpp:69) [50]  (0 ns)
	'load' operation ('p_color_array_stream_3', ColorComparator/ColorComparator.cpp:69) on array 'p_color_array_stream_s' [51]  (3.25 ns)

 <State 3>: 4.9ns
The critical path consists of the following:
	'add' operation ('i_1', ColorComparator/ColorComparator.cpp:68) [60]  (1.65 ns)
	'getelementptr' operation ('p_color_array_stream_4', ColorComparator/ColorComparator.cpp:69) [63]  (0 ns)
	'load' operation ('p_color_array_stream_5', ColorComparator/ColorComparator.cpp:69) on array 'p_color_array_stream_s' [64]  (3.25 ns)

 <State 4>: 8.03ns
The critical path consists of the following:
	'phi' operation ('in_pixel_V5_rewind') with incoming values : ('in_pixel_V_read') [12]  (0 ns)
	multiplexor before 'phi' operation ('in_pixel_V5_phi') with incoming values : ('in_pixel_V_read') [27]  (1.77 ns)
	'phi' operation ('in_pixel_V5_phi') with incoming values : ('in_pixel_V_read') [27]  (0 ns)
	'call' operation ('minimumDistance_4', ColorComparator/ColorComparator.cpp:69) to 'getColorDistance_Str' [38]  (6.26 ns)

 <State 5>: 8.68ns
The critical path consists of the following:
	'call' operation ('minimumDistance_4', ColorComparator/ColorComparator.cpp:69) to 'getColorDistance_Str' [38]  (8.68 ns)

 <State 6>: 8.68ns
The critical path consists of the following:
	'call' operation ('minimumDistance_4', ColorComparator/ColorComparator.cpp:69) to 'getColorDistance_Str' [38]  (8.68 ns)

 <State 7>: 8.68ns
The critical path consists of the following:
	'call' operation ('minimumDistance_4', ColorComparator/ColorComparator.cpp:69) to 'getColorDistance_Str' [38]  (8.68 ns)

 <State 8>: 8.68ns
The critical path consists of the following:
	'call' operation ('minimumDistance_4', ColorComparator/ColorComparator.cpp:69) to 'getColorDistance_Str' [38]  (8.68 ns)

 <State 9>: 8.68ns
The critical path consists of the following:
	'call' operation ('minimumDistance_4', ColorComparator/ColorComparator.cpp:69) to 'getColorDistance_Str' [38]  (8.68 ns)

 <State 10>: 8.68ns
The critical path consists of the following:
	'call' operation ('minimumDistance_4', ColorComparator/ColorComparator.cpp:69) to 'getColorDistance_Str' [38]  (8.68 ns)

 <State 11>: 8.68ns
The critical path consists of the following:
	'call' operation ('minimumDistance_4', ColorComparator/ColorComparator.cpp:69) to 'getColorDistance_Str' [38]  (8.68 ns)

 <State 12>: 8.68ns
The critical path consists of the following:
	'call' operation ('minimumDistance_4', ColorComparator/ColorComparator.cpp:69) to 'getColorDistance_Str' [38]  (8.68 ns)

 <State 13>: 8.68ns
The critical path consists of the following:
	'call' operation ('minimumDistance_4', ColorComparator/ColorComparator.cpp:69) to 'getColorDistance_Str' [38]  (8.68 ns)

 <State 14>: 8.68ns
The critical path consists of the following:
	'call' operation ('minimumDistance_4', ColorComparator/ColorComparator.cpp:69) to 'getColorDistance_Str' [38]  (8.68 ns)

 <State 15>: 8.68ns
The critical path consists of the following:
	'call' operation ('minimumDistance_4', ColorComparator/ColorComparator.cpp:69) to 'getColorDistance_Str' [38]  (8.68 ns)

 <State 16>: 8.68ns
The critical path consists of the following:
	'call' operation ('minimumDistance_4', ColorComparator/ColorComparator.cpp:69) to 'getColorDistance_Str' [38]  (8.68 ns)

 <State 17>: 8.68ns
The critical path consists of the following:
	'call' operation ('minimumDistance_4', ColorComparator/ColorComparator.cpp:69) to 'getColorDistance_Str' [38]  (8.68 ns)

 <State 18>: 8.68ns
The critical path consists of the following:
	'call' operation ('minimumDistance_4', ColorComparator/ColorComparator.cpp:69) to 'getColorDistance_Str' [38]  (8.68 ns)

 <State 19>: 8.68ns
The critical path consists of the following:
	'call' operation ('minimumDistance_4_2', ColorComparator/ColorComparator.cpp:69) to 'getColorDistance_Str' [65]  (8.68 ns)

 <State 20>: 7.69ns
The critical path consists of the following:
	'phi' operation ('minimumDistance4', ColorComparator/ColorComparator.cpp:71) with incoming values : ('minimumDistance_2_2', ColorComparator/ColorComparator.cpp:71) [14]  (0 ns)
	'icmp' operation ('tmp_2', ColorComparator/ColorComparator.cpp:71) [40]  (2.47 ns)
	'select' operation ('minimumDistance_2', ColorComparator/ColorComparator.cpp:71) [45]  (1.37 ns)
	'icmp' operation ('tmp_2_1', ColorComparator/ColorComparator.cpp:71) [54]  (2.47 ns)
	'select' operation ('minimumDistance_2_1', ColorComparator/ColorComparator.cpp:71) [59]  (1.37 ns)

 <State 21>: 7.36ns
The critical path consists of the following:
	'phi' operation ('minimumDistanceIndex_3', ColorComparator/ColorComparator.cpp:71) with incoming values : ('minimumDistanceIndex_8', ColorComparator/ColorComparator.cpp:71) [15]  (0 ns)
	'select' operation ('minimumDistanceIndex_2', ColorComparator/ColorComparator.cpp:71) [44]  (1.37 ns)
	'select' operation ('minimumDistanceIndex_6', ColorComparator/ColorComparator.cpp:71) [58]  (1.37 ns)
	'select' operation ('minimumDistanceIndex_8', ColorComparator/ColorComparator.cpp:71) [71]  (1.37 ns)
	'getelementptr' operation ('p_color_array_stream_6', ColorComparator/ColorComparator.cpp:86) [83]  (0 ns)
	'load' operation ('p_color_array_stream_7', ColorComparator/ColorComparator.cpp:86) on array 'p_color_array_stream_s' [84]  (3.25 ns)

 <State 22>: 6.4ns
The critical path consists of the following:
	'add' operation ('i_op', ColorComparator/ColorComparator.cpp:85) [79]  (2.55 ns)
	'icmp' operation ('tmp_3', ColorComparator/ColorComparator.cpp:85) [81]  (2.47 ns)
	'and' operation ('sel_tmp', ColorComparator/ColorComparator.cpp:84) [86]  (0 ns)
	'select' operation ('sel_tmp2', ColorComparator/ColorComparator.cpp:84) [87]  (0 ns)
	'select' operation ('storemerge1', ColorComparator/ColorComparator.cpp:84) [88]  (1.37 ns)

 <State 23>: 0ns
The critical path consists of the following:


============================================================
+ Verbose Summary: Binding
============================================================
N/A
* FSMD analyzer results:
  - Output states:
 - Input state : 
  - Chain level:
	State 1
	State 2
	State 3
	State 4
	State 5
	State 6
	State 7
	State 8
	State 9
	State 10
	State 11
	State 12
	State 13
	State 14
	State 15
	State 16
	State 17
	State 18
	State 19
	State 20
	State 21
	State 22
	State 23


============================================================
+ Verbose Summary: Datapath Resource usage 
============================================================
N/A
