

================================================================
== Vivado HLS Report for 'getPixelClassification_Stream'
================================================================
* Date:           Fri Apr 20 00:05:15 2018

* Version:        2017.4.1 (Build 2117188 on Tue Jan 30 15:53:01 MST 2018)
* Project:        ColorComparator
* Solution:       solution1
* Product family: zynq
* Target device:  xc7z020clg400-1


================================================================
== Performance Estimates
================================================================
+ Timing (ns): 
    * Summary: 
    +--------+-------+----------+------------+
    |  Clock | Target| Estimated| Uncertainty|
    +--------+-------+----------+------------+
    |ap_clk  |  10.00|      8.68|        1.25|
    +--------+-------+----------+------------+

+ Latency (clock cycles): 
    * Summary: 
    +-----+-----+-----+-----+-------------+
    |  Latency  |  Interval |   Pipeline  |
    | min | max | min | max |     Type    |
    +-----+-----+-----+-----+-------------+
    |   20|   21|    2|    2| loop rewind |
    +-----+-----+-----+-----+-------------+

    + Detail: 
        * Instance: 
        +-----------------------------+------------------+-----+-----+-----+-----+----------+
        |                             |                  |  Latency  |  Interval | Pipeline |
        |           Instance          |      Module      | min | max | min | max |   Type   |
        +-----------------------------+------------------+-----+-----+-----+-----+----------+
        |grp_getColorDistance_fu_175  |getColorDistance  |   13|   13|    1|    1| function |
        |grp_getColorDistance_fu_182  |getColorDistance  |   13|   13|    1|    1| function |
        |grp_getColorDistance_fu_189  |getColorDistance  |   13|   13|    1|    1| function |
        +-----------------------------+------------------+-----+-----+-----+-----+----------+

        * Loop: 
        +--------------------+-----+-----+----------+-----------+-----------+------+----------+
        |                    |  Latency  | Iteration|  Initiation Interval  | Trip |          |
        |      Loop Name     | min | max |  Latency |  achieved |   target  | Count| Pipelined|
        +--------------------+-----+-----+----------+-----------+-----------+------+----------+
        |- PIXEL_COLOR_LOOP  |   20|   20|        20|          1|          1|     2|    yes   |
        +--------------------+-----+-----+----------+-----------+-----------+------+----------+



================================================================
== Utilization Estimates
================================================================
* Summary: 
+-----------------+---------+-------+--------+-------+
|       Name      | BRAM_18K| DSP48E|   FF   |  LUT  |
+-----------------+---------+-------+--------+-------+
|DSP              |        -|      -|       -|      -|
|Expression       |        -|      -|       0|    477|
|FIFO             |        -|      -|       -|      -|
|Instance         |        0|      0|    1311|  11980|
|Memory           |        -|      -|       -|      -|
|Multiplexer      |        -|      -|       -|    195|
|Register         |        0|      -|     672|    128|
+-----------------+---------+-------+--------+-------+
|Total            |        0|      0|    1983|  12780|
+-----------------+---------+-------+--------+-------+
|Available        |      280|    220|  106400|  53200|
+-----------------+---------+-------+--------+-------+
|Utilization (%)  |        0|      0|       1|     24|
+-----------------+---------+-------+--------+-------+

+ Detail: 
    * Instance: 
    +------------------------------------------------+----------------------------------------------+---------+-------+-----+------+
    |                    Instance                    |                    Module                    | BRAM_18K| DSP48E|  FF |  LUT |
    +------------------------------------------------+----------------------------------------------+---------+-------+-----+------+
    |grp_getColorDistance_fu_175                     |getColorDistance                              |        0|      0|  425|  3980|
    |grp_getColorDistance_fu_182                     |getColorDistance                              |        0|      0|  425|  3980|
    |grp_getColorDistance_fu_189                     |getColorDistance                              |        0|      0|  425|  3980|
    |getPixelClassification_Stream_AXILiteS_s_axi_U  |getPixelClassification_Stream_AXILiteS_s_axi  |        0|      0|   36|    40|
    +------------------------------------------------+----------------------------------------------+---------+-------+-----+------+
    |Total                                           |                                              |        0|      0| 1311| 11980|
    +------------------------------------------------+----------------------------------------------+---------+-------+-----+------+

    * DSP48: 
    N/A

    * Memory: 
    N/A

    * FIFO: 
    N/A

    * Expression: 
    +----------------------------------+----------+-------+---+----+------------+------------+
    |           Variable Name          | Operation| DSP48E| FF| LUT| Bitwidth P0| Bitwidth P1|
    +----------------------------------+----------+-------+---+----+------------+------------+
    |i_2_fu_200_p2                     |     +    |      0|  0|  12|           2|           3|
    |newSel_fu_299_p2                  |     +    |      0|  0|  12|           3|           3|
    |ap_block_state20_io               |    and   |      0|  0|   8|           1|           1|
    |ap_block_state21_io               |    and   |      0|  0|   8|           1|           1|
    |ap_block_state3_pp0_stage0_iter1  |    and   |      0|  0|   8|           1|           1|
    |ap_condition_218                  |    and   |      0|  0|   8|           1|           1|
    |ap_condition_448                  |    and   |      0|  0|   8|           1|           1|
    |in_pixel_0_load_A                 |    and   |      0|  0|   8|           1|           1|
    |in_pixel_0_load_B                 |    and   |      0|  0|   8|           1|           1|
    |out_pixel_1_load_A                |    and   |      0|  0|   8|           1|           1|
    |out_pixel_1_load_B                |    and   |      0|  0|   8|           1|           1|
    |cond_fu_216_p2                    |   icmp   |      0|  0|   8|           2|           1|
    |exitcond_fu_210_p2                |   icmp   |      0|  0|   9|           3|           3|
    |in_pixel_0_state_cmp_full         |   icmp   |      0|  0|   8|           2|           1|
    |out_pixel_1_state_cmp_full        |   icmp   |      0|  0|   8|           2|           1|
    |tmp_2_1_fu_265_p2                 |   icmp   |      0|  0|  18|          32|          32|
    |tmp_2_2_fu_286_p2                 |   icmp   |      0|  0|  18|          32|          32|
    |tmp_2_fu_248_p2                   |   icmp   |      0|  0|  18|          32|          32|
    |tmp_fu_335_p2                     |   icmp   |      0|  0|  18|          32|           1|
    |ap_block_pp0_stage0_01001         |    or    |      0|  0|   8|           1|           1|
    |ap_block_pp0_stage0_11001         |    or    |      0|  0|   8|           1|           1|
    |or_cond_fu_308_p2                 |    or    |      0|  0|   8|           1|           1|
    |distance_0_minimumDi_1_fu_271_p3  |  select  |      0|  0|  32|           1|          32|
    |distance_0_minimumDi_2_fu_328_p3  |  select  |      0|  0|  32|           1|          32|
    |distance_0_minimumDi_fu_254_p3    |  select  |      0|  0|  32|           1|          32|
    |in_pixel_assign_fu_340_p3         |  select  |      0|  0|  32|           1|           1|
    |newSel1_fu_313_p3                 |  select  |      0|  0|  32|           1|          32|
    |newSel3_fu_320_p3                 |  select  |      0|  0|  32|           1|          32|
    |newSel_v_cast_cast_fu_291_p3      |  select  |      0|  0|   2|           1|           2|
    |p_color_array_load_0_s_fu_222_p3  |  select  |      0|  0|  18|           1|          18|
    |p_color_array_load_1_s_fu_230_p3  |  select  |      0|  0|  16|           1|          16|
    |p_color_array_load_2_s_fu_238_p3  |  select  |      0|  0|  16|           1|           8|
    |ap_enable_pp0                     |    xor   |      0|  0|   8|           1|           2|
    +----------------------------------+----------+-------+---+----+------------+------------+
    |Total                             |          |      0|  0| 477|         165|         328|
    +----------------------------------+----------+-------+---+----+------------+------------+

    * Multiplexer: 
    +-------------------------------------------------+----+-----------+-----+-----------+
    |                       Name                      | LUT| Input Size| Bits| Total Bits|
    +-------------------------------------------------+----+-----------+-----+-----------+
    |ap_NS_fsm                                        |  15|          3|    1|          3|
    |ap_enable_reg_pp0_iter1                          |   9|          2|    1|          2|
    |ap_enable_reg_pp0_iter19                         |   9|          2|    1|          2|
    |ap_phi_mux_in_pixel6_rewind_phi_fu_124_p6        |   9|          2|   32|         64|
    |ap_phi_mux_minimumDistance4_phi_fu_151_p6        |  15|          3|   32|         96|
    |ap_phi_mux_minimumDistanceIndex_1_phi_fu_165_p6  |  15|          3|   32|         96|
    |ap_phi_mux_minimumDistanceIndex_3_phi_fu_109_p6  |  15|          3|    2|          6|
    |in_pixel6_phi_reg_134                            |  15|          3|   32|         96|
    |in_pixel_0_data_out                              |   9|          2|   32|         64|
    |in_pixel_0_state                                 |  15|          3|    2|          6|
    |in_pixel_TDATA_blk_n                             |   9|          2|    1|          2|
    |minimumDistance4_reg_147                         |   9|          2|   32|         64|
    |minimumDistanceIndex_1_reg_161                   |   9|          2|   32|         64|
    |minimumDistanceIndex_3_reg_105                   |   9|          2|    2|          4|
    |out_pixel_1_data_out                             |   9|          2|   32|         64|
    |out_pixel_1_state                                |  15|          3|    2|          6|
    |out_pixel_TDATA_blk_n                            |   9|          2|    1|          2|
    +-------------------------------------------------+----+-----------+-----+-----------+
    |Total                                            | 195|         41|  269|        641|
    +-------------------------------------------------+----+-----------+-----+-----------+

    * Register: 
    +---------------------------------------------+----+----+-----+-----------+
    |                     Name                    | FF | LUT| Bits| Const Bits|
    +---------------------------------------------+----+----+-----+-----------+
    |ap_CS_fsm                                    |   2|   0|    2|          0|
    |ap_enable_reg_pp0_iter1                      |   1|   0|    1|          0|
    |ap_enable_reg_pp0_iter10                     |   1|   0|    1|          0|
    |ap_enable_reg_pp0_iter11                     |   1|   0|    1|          0|
    |ap_enable_reg_pp0_iter12                     |   1|   0|    1|          0|
    |ap_enable_reg_pp0_iter13                     |   1|   0|    1|          0|
    |ap_enable_reg_pp0_iter14                     |   1|   0|    1|          0|
    |ap_enable_reg_pp0_iter15                     |   1|   0|    1|          0|
    |ap_enable_reg_pp0_iter16                     |   1|   0|    1|          0|
    |ap_enable_reg_pp0_iter17                     |   1|   0|    1|          0|
    |ap_enable_reg_pp0_iter18                     |   1|   0|    1|          0|
    |ap_enable_reg_pp0_iter19                     |   1|   0|    1|          0|
    |ap_enable_reg_pp0_iter2                      |   1|   0|    1|          0|
    |ap_enable_reg_pp0_iter3                      |   1|   0|    1|          0|
    |ap_enable_reg_pp0_iter4                      |   1|   0|    1|          0|
    |ap_enable_reg_pp0_iter5                      |   1|   0|    1|          0|
    |ap_enable_reg_pp0_iter6                      |   1|   0|    1|          0|
    |ap_enable_reg_pp0_iter7                      |   1|   0|    1|          0|
    |ap_enable_reg_pp0_iter8                      |   1|   0|    1|          0|
    |ap_enable_reg_pp0_iter9                      |   1|   0|    1|          0|
    |ap_reg_grp_getColorDistance_fu_175_ap_start  |   1|   0|    1|          0|
    |ap_reg_grp_getColorDistance_fu_182_ap_start  |   1|   0|    1|          0|
    |ap_reg_grp_getColorDistance_fu_189_ap_start  |   1|   0|    1|          0|
    |cond_reg_365                                 |   1|   0|    1|          0|
    |distance_0_minimumDi_1_reg_405               |  32|   0|   32|          0|
    |do_init_reg_89                               |   1|   0|    1|          0|
    |exitcond_reg_361                             |   1|   0|    1|          0|
    |in_pixel6_phi_reg_134                        |  32|   0|   32|          0|
    |in_pixel6_rewind_reg_120                     |  32|   0|   32|          0|
    |in_pixel_0_payload_A                         |  32|   0|   32|          0|
    |in_pixel_0_payload_B                         |  32|   0|   32|          0|
    |in_pixel_0_sel_rd                            |   1|   0|    1|          0|
    |in_pixel_0_sel_wr                            |   1|   0|    1|          0|
    |in_pixel_0_state                             |   2|   0|    2|          0|
    |minimumDistance4_reg_147                     |  32|   0|   32|          0|
    |minimumDistanceIndex_1_reg_161               |  32|   0|   32|          0|
    |minimumDistanceIndex_3_reg_105               |   2|   0|    2|          0|
    |minimumDistanceIndex_reg_351                 |   2|   0|    3|          1|
    |minimumDistance_2_1_reg_390                  |  12|   0|   12|          0|
    |minimumDistance_2_2_reg_411                  |  12|   0|   12|          0|
    |minimumDistance_2_reg_385                    |  12|   0|   12|          0|
    |newSel3_reg_416                              |  32|   0|   32|          0|
    |out_pixel_1_payload_A                        |  32|   0|   32|          0|
    |out_pixel_1_payload_B                        |  32|   0|   32|          0|
    |out_pixel_1_sel_rd                           |   1|   0|    1|          0|
    |out_pixel_1_sel_wr                           |   1|   0|    1|          0|
    |out_pixel_1_state                            |   2|   0|    2|          0|
    |p_color_array_load_0_s_reg_370               |   8|   0|   17|          9|
    |p_color_array_load_1_s_reg_375               |   1|   0|   17|         16|
    |p_color_array_load_2_s_reg_380               |   8|   0|   17|          9|
    |tmp_2_1_reg_400                              |   1|   0|    1|          0|
    |tmp_2_reg_395                                |   1|   0|    1|          0|
    |tmp_3_reg_356                                |   2|   0|    2|          0|
    |exitcond_reg_361                             |  64|  32|    1|          0|
    |in_pixel6_phi_reg_134                        |  64|  32|   32|          0|
    |minimumDistanceIndex_3_reg_105               |  64|  32|    2|          0|
    |minimumDistanceIndex_reg_351                 |  64|  32|    3|          1|
    +---------------------------------------------+----+----+-----+-----------+
    |Total                                        | 672| 128|  489|         36|
    +---------------------------------------------+----+----+-----+-----------+



================================================================
== Interface
================================================================
* Summary: 
+------------------------+-----+-----+------------+-------------------------------+--------------+
|        RTL Ports       | Dir | Bits|  Protocol  |         Source Object         |    C Type    |
+------------------------+-----+-----+------------+-------------------------------+--------------+
|s_axi_AXILiteS_AWVALID  |  in |    1|    s_axi   |            AXILiteS           |  return void |
|s_axi_AXILiteS_AWREADY  | out |    1|    s_axi   |            AXILiteS           |  return void |
|s_axi_AXILiteS_AWADDR   |  in |    4|    s_axi   |            AXILiteS           |  return void |
|s_axi_AXILiteS_WVALID   |  in |    1|    s_axi   |            AXILiteS           |  return void |
|s_axi_AXILiteS_WREADY   | out |    1|    s_axi   |            AXILiteS           |  return void |
|s_axi_AXILiteS_WDATA    |  in |   32|    s_axi   |            AXILiteS           |  return void |
|s_axi_AXILiteS_WSTRB    |  in |    4|    s_axi   |            AXILiteS           |  return void |
|s_axi_AXILiteS_ARVALID  |  in |    1|    s_axi   |            AXILiteS           |  return void |
|s_axi_AXILiteS_ARREADY  | out |    1|    s_axi   |            AXILiteS           |  return void |
|s_axi_AXILiteS_ARADDR   |  in |    4|    s_axi   |            AXILiteS           |  return void |
|s_axi_AXILiteS_RVALID   | out |    1|    s_axi   |            AXILiteS           |  return void |
|s_axi_AXILiteS_RREADY   |  in |    1|    s_axi   |            AXILiteS           |  return void |
|s_axi_AXILiteS_RDATA    | out |   32|    s_axi   |            AXILiteS           |  return void |
|s_axi_AXILiteS_RRESP    | out |    2|    s_axi   |            AXILiteS           |  return void |
|s_axi_AXILiteS_BVALID   | out |    1|    s_axi   |            AXILiteS           |  return void |
|s_axi_AXILiteS_BREADY   |  in |    1|    s_axi   |            AXILiteS           |  return void |
|s_axi_AXILiteS_BRESP    | out |    2|    s_axi   |            AXILiteS           |  return void |
|ap_clk                  |  in |    1| ap_ctrl_hs | getPixelClassification_Stream | return value |
|ap_rst_n                |  in |    1| ap_ctrl_hs | getPixelClassification_Stream | return value |
|interrupt               | out |    1| ap_ctrl_hs | getPixelClassification_Stream | return value |
|out_pixel_TREADY        |  in |    1|    axis    |           out_pixel           |    pointer   |
|out_pixel_TDATA         | out |   32|    axis    |           out_pixel           |    pointer   |
|out_pixel_TVALID        | out |    1|    axis    |           out_pixel           |    pointer   |
|in_pixel_TDATA          |  in |   32|    axis    |            in_pixel           |    scalar    |
|in_pixel_TVALID         |  in |    1|    axis    |            in_pixel           |    scalar    |
|in_pixel_TREADY         | out |    1|    axis    |            in_pixel           |    scalar    |
+------------------------+-----+-----+------------+-------------------------------+--------------+

============================================================
+ Verbose Summary: Synthesis Manager
============================================================
InlineROM: 1
ExposeGlobal: 0
============================================================
+ Verbose Summary: CDFG Model
============================================================
IsTopModel: 1
ResetActiveHigh: 1
IsCombinational: 2
IsDatapathOnly: 2
HasWiredReturn: 1
HasMFsm: 0
HasVarLatency: 1
IsPipeline: 0
IsRtlPipelined: 0
IsInstanceOverlapped: 0
IsDontTouch: 0
HasImplIP: 0
IsGatedGlobalClock: 0

+ Individual pipeline summary: 
  * Pipeline-0: initiation interval (II) = 1, depth = 20


============================================================
+ Verbose Summary: Schedule
============================================================
* Number of FSM states : 21
* Pipeline : 1
  Pipeline-0 : II = 1, D = 20, States = { 2 3 4 5 6 7 8 9 10 11 12 13 14 15 16 17 18 19 20 21 }
* Dataflow Pipeline: 0

* FSM state transitions: 
1 --> 
	2  / true
2 --> 
	3  / true
3 --> 
	4  / true
4 --> 
	5  / true
5 --> 
	6  / true
6 --> 
	7  / true
7 --> 
	8  / true
8 --> 
	9  / true
9 --> 
	10  / true
10 --> 
	11  / true
11 --> 
	12  / true
12 --> 
	13  / true
13 --> 
	14  / true
14 --> 
	15  / true
15 --> 
	16  / true
16 --> 
	17  / true
17 --> 
	18  / true
18 --> 
	19  / true
19 --> 
	20  / true
20 --> 
	21  / true
21 --> 
	2  / true

* FSM state operations: 

 <State 1> : 1.77ns
ST_1 : Operation 22 [1/1] (0.00ns)   --->   "call void (...)* @_ssdm_op_SpecInterface(i32 0, [10 x i8]* @p_str3, i32 0, i32 0, [1 x i8]* @p_str12, i32 0, i32 0, [1 x i8]* @p_str12, [1 x i8]* @p_str12, [1 x i8]* @p_str12, i32 0, i32 0, i32 0, i32 0, [1 x i8]* @p_str12, [1 x i8]* @p_str12) nounwind" [ColorComparator/ColorComparator.cpp:44]
ST_1 : Operation 23 [1/1] (0.00ns)   --->   "call void (...)* @_ssdm_op_SpecInterface(i32 %in_pixel, [5 x i8]* @p_str4, i32 1, i32 1, [5 x i8]* @p_str5, i32 0, i32 0, [1 x i8]* @p_str12, [1 x i8]* @p_str12, [1 x i8]* @p_str12, i32 0, i32 0, i32 0, i32 0, [1 x i8]* @p_str12, [1 x i8]* @p_str12) nounwind" [ColorComparator/ColorComparator.cpp:44]
ST_1 : Operation 24 [1/1] (0.00ns)   --->   "call void (...)* @_ssdm_op_SpecInterface(i32* %out_pixel, [5 x i8]* @p_str4, i32 1, i32 1, [5 x i8]* @p_str5, i32 0, i32 0, [1 x i8]* @p_str12, [1 x i8]* @p_str12, [1 x i8]* @p_str12, i32 0, i32 0, i32 0, i32 0, [1 x i8]* @p_str12, [1 x i8]* @p_str12) nounwind" [ColorComparator/ColorComparator.cpp:44]
ST_1 : Operation 25 [1/1] (1.76ns)   --->   "br label %rewind_header" [ColorComparator/ColorComparator.cpp:47]

 <State 2> : 2.78ns
ST_2 : Operation 26 [1/1] (0.00ns)   --->   "%do_init = phi i1 [ true, %0 ], [ false, %1 ], [ true, %2 ]"
ST_2 : Operation 27 [1/1] (0.00ns)   --->   "%minimumDistanceIndex_3 = phi i2 [ 0, %0 ], [ %tmp_3, %1 ], [ 0, %2 ]" [ColorComparator/ColorComparator.cpp:47]
ST_2 : Operation 28 [2/2] (0.00ns)   --->   "%in_pixel_read = call i32 @_ssdm_op_Read.axis.i32(i32 %in_pixel) nounwind"   --->   Core 5 'AXI4Stream' <Latency = 0> <II = 1> <Delay = 1.00> <Adapter> <Opcode : >
ST_2 : Operation 29 [1/1] (0.00ns)   --->   "%minimumDistanceIndex = zext i2 %minimumDistanceIndex_3 to i3" [ColorComparator/ColorComparator.cpp:47]
ST_2 : Operation 30 [1/1] (1.65ns)   --->   "%i_2 = add i3 3, %minimumDistanceIndex" [ColorComparator/ColorComparator.cpp:47]   --->   Core 14 'AddSub' <Latency = 0> <II = 1> <Delay = 1.65> <FuncUnit> <Opcode : 'add' 'sub'> <InPorts = 2> <OutPorts = 1>
ST_2 : Operation 31 [1/1] (0.00ns)   --->   "%tmp_3 = trunc i3 %i_2 to i2" [ColorComparator/ColorComparator.cpp:47]
ST_2 : Operation 32 [1/1] (1.13ns)   --->   "%exitcond = icmp eq i3 %i_2, -2" [ColorComparator/ColorComparator.cpp:47]   --->   Core 25 'Cmp' <Latency = 0> <II = 1> <Delay = 2.47> <FuncUnit> <Opcode : 'icmp'> <InPorts = 2> <OutPorts = 1>
ST_2 : Operation 33 [1/1] (0.00ns)   --->   "br i1 %exitcond, label %2, label %rewind_header" [ColorComparator/ColorComparator.cpp:47]
ST_2 : Operation 34 [1/1] (0.00ns)   --->   "br label %rewind_header" [ColorComparator/ColorComparator.cpp:60]

 <State 3> : 2.33ns
ST_3 : Operation 35 [1/1] (0.00ns)   --->   "%in_pixel6_rewind = phi i32 [ undef, %0 ], [ %in_pixel6_phi, %1 ], [ undef, %2 ]"
ST_3 : Operation 36 [1/1] (1.76ns)   --->   "br i1 %do_init, label %rewind_init, label %1"
ST_3 : Operation 37 [1/2] (0.00ns)   --->   "%in_pixel_read = call i32 @_ssdm_op_Read.axis.i32(i32 %in_pixel) nounwind"   --->   Core 5 'AXI4Stream' <Latency = 0> <II = 1> <Delay = 1.00> <Adapter> <Opcode : >
ST_3 : Operation 38 [1/1] (1.76ns)   --->   "br label %1" [ColorComparator/ColorComparator.cpp:47]
ST_3 : Operation 39 [1/1] (0.00ns)   --->   "%in_pixel6_phi = phi i32 [ %in_pixel_read, %rewind_init ], [ %in_pixel6_rewind, %rewind_header ]"
ST_3 : Operation 40 [1/1] (0.95ns)   --->   "%cond = icmp eq i2 %minimumDistanceIndex_3, 0" [ColorComparator/ColorComparator.cpp:48]   --->   Core 25 'Cmp' <Latency = 0> <II = 1> <Delay = 2.47> <FuncUnit> <Opcode : 'icmp'> <InPorts = 2> <OutPorts = 1>
ST_3 : Operation 41 [1/1] (1.37ns)   --->   "%p_color_array_load_0_s = select i1 %cond, i17 -65536, i17 -65281" [ColorComparator/ColorComparator.cpp:48]   --->   Core 26 'Sel' <Latency = 0> <II = 1> <Delay = 1.37> <FuncUnit> <Opcode : 'select'> <InPorts = 3> <OutPorts = 1>
ST_3 : Operation 42 [1/1] (1.37ns)   --->   "%p_color_array_load_1_s = select i1 %cond, i17 65280, i17 -256" [ColorComparator/ColorComparator.cpp:48]   --->   Core 26 'Sel' <Latency = 0> <II = 1> <Delay = 1.37> <FuncUnit> <Opcode : 'select'> <InPorts = 3> <OutPorts = 1>

 <State 4> : 8.67ns
ST_4 : Operation 43 [14/14] (8.66ns)   --->   "%minimumDistance_2 = call fastcc i12 @getColorDistance(i32 %in_pixel6_phi, i17 %p_color_array_load_0_s) nounwind" [ColorComparator/ColorComparator.cpp:48]   --->   Core 0 '' <Latency = 0> <II = 1> <Delay = 1.00> <Generic> <Opcode : >
ST_4 : Operation 44 [14/14] (8.66ns)   --->   "%minimumDistance_2_1 = call fastcc i12 @getColorDistance(i32 %in_pixel6_phi, i17 %p_color_array_load_1_s) nounwind" [ColorComparator/ColorComparator.cpp:48]   --->   Core 0 '' <Latency = 0> <II = 1> <Delay = 1.00> <Generic> <Opcode : >
ST_4 : Operation 45 [1/1] (1.37ns)   --->   "%p_color_array_load_2_s = select i1 %cond, i17 255, i17 65535" [ColorComparator/ColorComparator.cpp:48]   --->   Core 26 'Sel' <Latency = 0> <II = 1> <Delay = 1.37> <FuncUnit> <Opcode : 'select'> <InPorts = 3> <OutPorts = 1>

 <State 5> : 8.68ns
ST_5 : Operation 46 [13/14] (8.67ns)   --->   "%minimumDistance_2 = call fastcc i12 @getColorDistance(i32 %in_pixel6_phi, i17 %p_color_array_load_0_s) nounwind" [ColorComparator/ColorComparator.cpp:48]   --->   Core 0 '' <Latency = 0> <II = 1> <Delay = 1.00> <Generic> <Opcode : >
ST_5 : Operation 47 [13/14] (8.67ns)   --->   "%minimumDistance_2_1 = call fastcc i12 @getColorDistance(i32 %in_pixel6_phi, i17 %p_color_array_load_1_s) nounwind" [ColorComparator/ColorComparator.cpp:48]   --->   Core 0 '' <Latency = 0> <II = 1> <Delay = 1.00> <Generic> <Opcode : >
ST_5 : Operation 48 [14/14] (8.66ns)   --->   "%minimumDistance_2_2 = call fastcc i12 @getColorDistance(i32 %in_pixel6_phi, i17 %p_color_array_load_2_s) nounwind" [ColorComparator/ColorComparator.cpp:48]   --->   Core 0 '' <Latency = 0> <II = 1> <Delay = 1.00> <Generic> <Opcode : >

 <State 6> : 8.68ns
ST_6 : Operation 49 [12/14] (8.67ns)   --->   "%minimumDistance_2 = call fastcc i12 @getColorDistance(i32 %in_pixel6_phi, i17 %p_color_array_load_0_s) nounwind" [ColorComparator/ColorComparator.cpp:48]   --->   Core 0 '' <Latency = 0> <II = 1> <Delay = 1.00> <Generic> <Opcode : >
ST_6 : Operation 50 [12/14] (8.67ns)   --->   "%minimumDistance_2_1 = call fastcc i12 @getColorDistance(i32 %in_pixel6_phi, i17 %p_color_array_load_1_s) nounwind" [ColorComparator/ColorComparator.cpp:48]   --->   Core 0 '' <Latency = 0> <II = 1> <Delay = 1.00> <Generic> <Opcode : >
ST_6 : Operation 51 [13/14] (8.67ns)   --->   "%minimumDistance_2_2 = call fastcc i12 @getColorDistance(i32 %in_pixel6_phi, i17 %p_color_array_load_2_s) nounwind" [ColorComparator/ColorComparator.cpp:48]   --->   Core 0 '' <Latency = 0> <II = 1> <Delay = 1.00> <Generic> <Opcode : >

 <State 7> : 8.68ns
ST_7 : Operation 52 [11/14] (8.67ns)   --->   "%minimumDistance_2 = call fastcc i12 @getColorDistance(i32 %in_pixel6_phi, i17 %p_color_array_load_0_s) nounwind" [ColorComparator/ColorComparator.cpp:48]   --->   Core 0 '' <Latency = 0> <II = 1> <Delay = 1.00> <Generic> <Opcode : >
ST_7 : Operation 53 [11/14] (8.67ns)   --->   "%minimumDistance_2_1 = call fastcc i12 @getColorDistance(i32 %in_pixel6_phi, i17 %p_color_array_load_1_s) nounwind" [ColorComparator/ColorComparator.cpp:48]   --->   Core 0 '' <Latency = 0> <II = 1> <Delay = 1.00> <Generic> <Opcode : >
ST_7 : Operation 54 [12/14] (8.67ns)   --->   "%minimumDistance_2_2 = call fastcc i12 @getColorDistance(i32 %in_pixel6_phi, i17 %p_color_array_load_2_s) nounwind" [ColorComparator/ColorComparator.cpp:48]   --->   Core 0 '' <Latency = 0> <II = 1> <Delay = 1.00> <Generic> <Opcode : >

 <State 8> : 8.68ns
ST_8 : Operation 55 [10/14] (8.67ns)   --->   "%minimumDistance_2 = call fastcc i12 @getColorDistance(i32 %in_pixel6_phi, i17 %p_color_array_load_0_s) nounwind" [ColorComparator/ColorComparator.cpp:48]   --->   Core 0 '' <Latency = 0> <II = 1> <Delay = 1.00> <Generic> <Opcode : >
ST_8 : Operation 56 [10/14] (8.67ns)   --->   "%minimumDistance_2_1 = call fastcc i12 @getColorDistance(i32 %in_pixel6_phi, i17 %p_color_array_load_1_s) nounwind" [ColorComparator/ColorComparator.cpp:48]   --->   Core 0 '' <Latency = 0> <II = 1> <Delay = 1.00> <Generic> <Opcode : >
ST_8 : Operation 57 [11/14] (8.67ns)   --->   "%minimumDistance_2_2 = call fastcc i12 @getColorDistance(i32 %in_pixel6_phi, i17 %p_color_array_load_2_s) nounwind" [ColorComparator/ColorComparator.cpp:48]   --->   Core 0 '' <Latency = 0> <II = 1> <Delay = 1.00> <Generic> <Opcode : >

 <State 9> : 8.68ns
ST_9 : Operation 58 [9/14] (8.67ns)   --->   "%minimumDistance_2 = call fastcc i12 @getColorDistance(i32 %in_pixel6_phi, i17 %p_color_array_load_0_s) nounwind" [ColorComparator/ColorComparator.cpp:48]   --->   Core 0 '' <Latency = 0> <II = 1> <Delay = 1.00> <Generic> <Opcode : >
ST_9 : Operation 59 [9/14] (8.67ns)   --->   "%minimumDistance_2_1 = call fastcc i12 @getColorDistance(i32 %in_pixel6_phi, i17 %p_color_array_load_1_s) nounwind" [ColorComparator/ColorComparator.cpp:48]   --->   Core 0 '' <Latency = 0> <II = 1> <Delay = 1.00> <Generic> <Opcode : >
ST_9 : Operation 60 [10/14] (8.67ns)   --->   "%minimumDistance_2_2 = call fastcc i12 @getColorDistance(i32 %in_pixel6_phi, i17 %p_color_array_load_2_s) nounwind" [ColorComparator/ColorComparator.cpp:48]   --->   Core 0 '' <Latency = 0> <II = 1> <Delay = 1.00> <Generic> <Opcode : >

 <State 10> : 8.68ns
ST_10 : Operation 61 [8/14] (8.67ns)   --->   "%minimumDistance_2 = call fastcc i12 @getColorDistance(i32 %in_pixel6_phi, i17 %p_color_array_load_0_s) nounwind" [ColorComparator/ColorComparator.cpp:48]   --->   Core 0 '' <Latency = 0> <II = 1> <Delay = 1.00> <Generic> <Opcode : >
ST_10 : Operation 62 [8/14] (8.67ns)   --->   "%minimumDistance_2_1 = call fastcc i12 @getColorDistance(i32 %in_pixel6_phi, i17 %p_color_array_load_1_s) nounwind" [ColorComparator/ColorComparator.cpp:48]   --->   Core 0 '' <Latency = 0> <II = 1> <Delay = 1.00> <Generic> <Opcode : >
ST_10 : Operation 63 [9/14] (8.67ns)   --->   "%minimumDistance_2_2 = call fastcc i12 @getColorDistance(i32 %in_pixel6_phi, i17 %p_color_array_load_2_s) nounwind" [ColorComparator/ColorComparator.cpp:48]   --->   Core 0 '' <Latency = 0> <II = 1> <Delay = 1.00> <Generic> <Opcode : >

 <State 11> : 8.68ns
ST_11 : Operation 64 [7/14] (8.67ns)   --->   "%minimumDistance_2 = call fastcc i12 @getColorDistance(i32 %in_pixel6_phi, i17 %p_color_array_load_0_s) nounwind" [ColorComparator/ColorComparator.cpp:48]   --->   Core 0 '' <Latency = 0> <II = 1> <Delay = 1.00> <Generic> <Opcode : >
ST_11 : Operation 65 [7/14] (8.67ns)   --->   "%minimumDistance_2_1 = call fastcc i12 @getColorDistance(i32 %in_pixel6_phi, i17 %p_color_array_load_1_s) nounwind" [ColorComparator/ColorComparator.cpp:48]   --->   Core 0 '' <Latency = 0> <II = 1> <Delay = 1.00> <Generic> <Opcode : >
ST_11 : Operation 66 [8/14] (8.67ns)   --->   "%minimumDistance_2_2 = call fastcc i12 @getColorDistance(i32 %in_pixel6_phi, i17 %p_color_array_load_2_s) nounwind" [ColorComparator/ColorComparator.cpp:48]   --->   Core 0 '' <Latency = 0> <II = 1> <Delay = 1.00> <Generic> <Opcode : >

 <State 12> : 8.68ns
ST_12 : Operation 67 [6/14] (8.67ns)   --->   "%minimumDistance_2 = call fastcc i12 @getColorDistance(i32 %in_pixel6_phi, i17 %p_color_array_load_0_s) nounwind" [ColorComparator/ColorComparator.cpp:48]   --->   Core 0 '' <Latency = 0> <II = 1> <Delay = 1.00> <Generic> <Opcode : >
ST_12 : Operation 68 [6/14] (8.67ns)   --->   "%minimumDistance_2_1 = call fastcc i12 @getColorDistance(i32 %in_pixel6_phi, i17 %p_color_array_load_1_s) nounwind" [ColorComparator/ColorComparator.cpp:48]   --->   Core 0 '' <Latency = 0> <II = 1> <Delay = 1.00> <Generic> <Opcode : >
ST_12 : Operation 69 [7/14] (8.67ns)   --->   "%minimumDistance_2_2 = call fastcc i12 @getColorDistance(i32 %in_pixel6_phi, i17 %p_color_array_load_2_s) nounwind" [ColorComparator/ColorComparator.cpp:48]   --->   Core 0 '' <Latency = 0> <II = 1> <Delay = 1.00> <Generic> <Opcode : >

 <State 13> : 8.68ns
ST_13 : Operation 70 [5/14] (8.67ns)   --->   "%minimumDistance_2 = call fastcc i12 @getColorDistance(i32 %in_pixel6_phi, i17 %p_color_array_load_0_s) nounwind" [ColorComparator/ColorComparator.cpp:48]   --->   Core 0 '' <Latency = 0> <II = 1> <Delay = 1.00> <Generic> <Opcode : >
ST_13 : Operation 71 [5/14] (8.67ns)   --->   "%minimumDistance_2_1 = call fastcc i12 @getColorDistance(i32 %in_pixel6_phi, i17 %p_color_array_load_1_s) nounwind" [ColorComparator/ColorComparator.cpp:48]   --->   Core 0 '' <Latency = 0> <II = 1> <Delay = 1.00> <Generic> <Opcode : >
ST_13 : Operation 72 [6/14] (8.67ns)   --->   "%minimumDistance_2_2 = call fastcc i12 @getColorDistance(i32 %in_pixel6_phi, i17 %p_color_array_load_2_s) nounwind" [ColorComparator/ColorComparator.cpp:48]   --->   Core 0 '' <Latency = 0> <II = 1> <Delay = 1.00> <Generic> <Opcode : >

 <State 14> : 8.68ns
ST_14 : Operation 73 [4/14] (8.67ns)   --->   "%minimumDistance_2 = call fastcc i12 @getColorDistance(i32 %in_pixel6_phi, i17 %p_color_array_load_0_s) nounwind" [ColorComparator/ColorComparator.cpp:48]   --->   Core 0 '' <Latency = 0> <II = 1> <Delay = 1.00> <Generic> <Opcode : >
ST_14 : Operation 74 [4/14] (8.67ns)   --->   "%minimumDistance_2_1 = call fastcc i12 @getColorDistance(i32 %in_pixel6_phi, i17 %p_color_array_load_1_s) nounwind" [ColorComparator/ColorComparator.cpp:48]   --->   Core 0 '' <Latency = 0> <II = 1> <Delay = 1.00> <Generic> <Opcode : >
ST_14 : Operation 75 [5/14] (8.67ns)   --->   "%minimumDistance_2_2 = call fastcc i12 @getColorDistance(i32 %in_pixel6_phi, i17 %p_color_array_load_2_s) nounwind" [ColorComparator/ColorComparator.cpp:48]   --->   Core 0 '' <Latency = 0> <II = 1> <Delay = 1.00> <Generic> <Opcode : >

 <State 15> : 8.68ns
ST_15 : Operation 76 [3/14] (8.67ns)   --->   "%minimumDistance_2 = call fastcc i12 @getColorDistance(i32 %in_pixel6_phi, i17 %p_color_array_load_0_s) nounwind" [ColorComparator/ColorComparator.cpp:48]   --->   Core 0 '' <Latency = 0> <II = 1> <Delay = 1.00> <Generic> <Opcode : >
ST_15 : Operation 77 [3/14] (8.67ns)   --->   "%minimumDistance_2_1 = call fastcc i12 @getColorDistance(i32 %in_pixel6_phi, i17 %p_color_array_load_1_s) nounwind" [ColorComparator/ColorComparator.cpp:48]   --->   Core 0 '' <Latency = 0> <II = 1> <Delay = 1.00> <Generic> <Opcode : >
ST_15 : Operation 78 [4/14] (8.67ns)   --->   "%minimumDistance_2_2 = call fastcc i12 @getColorDistance(i32 %in_pixel6_phi, i17 %p_color_array_load_2_s) nounwind" [ColorComparator/ColorComparator.cpp:48]   --->   Core 0 '' <Latency = 0> <II = 1> <Delay = 1.00> <Generic> <Opcode : >

 <State 16> : 8.68ns
ST_16 : Operation 79 [2/14] (8.67ns)   --->   "%minimumDistance_2 = call fastcc i12 @getColorDistance(i32 %in_pixel6_phi, i17 %p_color_array_load_0_s) nounwind" [ColorComparator/ColorComparator.cpp:48]   --->   Core 0 '' <Latency = 0> <II = 1> <Delay = 1.00> <Generic> <Opcode : >
ST_16 : Operation 80 [2/14] (8.67ns)   --->   "%minimumDistance_2_1 = call fastcc i12 @getColorDistance(i32 %in_pixel6_phi, i17 %p_color_array_load_1_s) nounwind" [ColorComparator/ColorComparator.cpp:48]   --->   Core 0 '' <Latency = 0> <II = 1> <Delay = 1.00> <Generic> <Opcode : >
ST_16 : Operation 81 [3/14] (8.67ns)   --->   "%minimumDistance_2_2 = call fastcc i12 @getColorDistance(i32 %in_pixel6_phi, i17 %p_color_array_load_2_s) nounwind" [ColorComparator/ColorComparator.cpp:48]   --->   Core 0 '' <Latency = 0> <II = 1> <Delay = 1.00> <Generic> <Opcode : >

 <State 17> : 8.68ns
ST_17 : Operation 82 [1/14] (6.10ns)   --->   "%minimumDistance_2 = call fastcc i12 @getColorDistance(i32 %in_pixel6_phi, i17 %p_color_array_load_0_s) nounwind" [ColorComparator/ColorComparator.cpp:48]   --->   Core 0 '' <Latency = 0> <II = 1> <Delay = 1.00> <Generic> <Opcode : >
ST_17 : Operation 83 [1/14] (6.10ns)   --->   "%minimumDistance_2_1 = call fastcc i12 @getColorDistance(i32 %in_pixel6_phi, i17 %p_color_array_load_1_s) nounwind" [ColorComparator/ColorComparator.cpp:48]   --->   Core 0 '' <Latency = 0> <II = 1> <Delay = 1.00> <Generic> <Opcode : >
ST_17 : Operation 84 [2/14] (8.67ns)   --->   "%minimumDistance_2_2 = call fastcc i12 @getColorDistance(i32 %in_pixel6_phi, i17 %p_color_array_load_2_s) nounwind" [ColorComparator/ColorComparator.cpp:48]   --->   Core 0 '' <Latency = 0> <II = 1> <Delay = 1.00> <Generic> <Opcode : >

 <State 18> : 7.69ns
ST_18 : Operation 85 [1/1] (0.00ns)   --->   "%minimumDistance4 = phi i32 [ 2147483647, %0 ], [ %distance_0_minimumDi_2, %1 ], [ 2147483647, %2 ]" [ColorComparator/ColorComparator.cpp:49]
ST_18 : Operation 86 [1/1] (0.00ns)   --->   "%minimumDistance_2_ex = zext i12 %minimumDistance_2 to i32" [ColorComparator/ColorComparator.cpp:48]
ST_18 : Operation 87 [1/1] (2.47ns)   --->   "%tmp_2 = icmp slt i32 %minimumDistance_2_ex, %minimumDistance4" [ColorComparator/ColorComparator.cpp:49]   --->   Core 25 'Cmp' <Latency = 0> <II = 1> <Delay = 2.47> <FuncUnit> <Opcode : 'icmp'> <InPorts = 2> <OutPorts = 1>
ST_18 : Operation 88 [1/1] (1.37ns)   --->   "%distance_0_minimumDi = select i1 %tmp_2, i32 %minimumDistance_2_ex, i32 %minimumDistance4" [ColorComparator/ColorComparator.cpp:49]   --->   Core 26 'Sel' <Latency = 0> <II = 1> <Delay = 1.37> <FuncUnit> <Opcode : 'select'> <InPorts = 3> <OutPorts = 1>
ST_18 : Operation 89 [1/1] (0.00ns)   --->   "%minimumDistance_2_1_s = zext i12 %minimumDistance_2_1 to i32" [ColorComparator/ColorComparator.cpp:48]
ST_18 : Operation 90 [1/1] (2.47ns)   --->   "%tmp_2_1 = icmp slt i32 %minimumDistance_2_1_s, %distance_0_minimumDi" [ColorComparator/ColorComparator.cpp:49]   --->   Core 25 'Cmp' <Latency = 0> <II = 1> <Delay = 2.47> <FuncUnit> <Opcode : 'icmp'> <InPorts = 2> <OutPorts = 1>
ST_18 : Operation 91 [1/1] (1.37ns)   --->   "%distance_0_minimumDi_1 = select i1 %tmp_2_1, i32 %minimumDistance_2_1_s, i32 %distance_0_minimumDi" [ColorComparator/ColorComparator.cpp:49]   --->   Core 26 'Sel' <Latency = 0> <II = 1> <Delay = 1.37> <FuncUnit> <Opcode : 'select'> <InPorts = 3> <OutPorts = 1>
ST_18 : Operation 92 [1/14] (6.10ns)   --->   "%minimumDistance_2_2 = call fastcc i12 @getColorDistance(i32 %in_pixel6_phi, i17 %p_color_array_load_2_s) nounwind" [ColorComparator/ColorComparator.cpp:48]   --->   Core 0 '' <Latency = 0> <II = 1> <Delay = 1.00> <Generic> <Opcode : >

 <State 19> : 5.49ns
ST_19 : Operation 93 [1/1] (0.00ns)   --->   "%minimumDistanceIndex_1 = phi i32 [ 0, %0 ], [ %newSel3, %1 ], [ 0, %2 ]" [ColorComparator/ColorComparator.cpp:49]
ST_19 : Operation 94 [1/1] (0.00ns) (grouped into LUT with out node newSel3)   --->   "%minimumDistanceIndex_2 = zext i2 %minimumDistanceIndex_3 to i32" [ColorComparator/ColorComparator.cpp:47]
ST_19 : Operation 95 [1/1] (0.00ns)   --->   "%minimumDistance_2_2_s = zext i12 %minimumDistance_2_2 to i32" [ColorComparator/ColorComparator.cpp:48]
ST_19 : Operation 96 [1/1] (2.47ns)   --->   "%tmp_2_2 = icmp slt i32 %minimumDistance_2_2_s, %distance_0_minimumDi_1" [ColorComparator/ColorComparator.cpp:49]   --->   Core 25 'Cmp' <Latency = 0> <II = 1> <Delay = 2.47> <FuncUnit> <Opcode : 'icmp'> <InPorts = 2> <OutPorts = 1>
ST_19 : Operation 97 [1/1] (0.00ns) (grouped into LUT with out node newSel)   --->   "%newSel_v_cast_cast = select i1 %tmp_2_2, i3 2, i3 1" [ColorComparator/ColorComparator.cpp:49]   --->   Core 26 'Sel' <Latency = 0> <II = 1> <Delay = 1.37> <FuncUnit> <Opcode : 'select'> <InPorts = 3> <OutPorts = 1>
ST_19 : Operation 98 [1/1] (1.65ns) (out node of the LUT)   --->   "%newSel = add i3 %newSel_v_cast_cast, %minimumDistanceIndex" [ColorComparator/ColorComparator.cpp:49]   --->   Core 14 'AddSub' <Latency = 0> <II = 1> <Delay = 1.65> <FuncUnit> <Opcode : 'add' 'sub'> <InPorts = 2> <OutPorts = 1>
ST_19 : Operation 99 [1/1] (0.00ns) (grouped into LUT with out node newSel3)   --->   "%newSel_cast = zext i3 %newSel to i32" [ColorComparator/ColorComparator.cpp:49]
ST_19 : Operation 100 [1/1] (0.00ns) (grouped into LUT with out node newSel3)   --->   "%or_cond = or i1 %tmp_2_2, %tmp_2_1" [ColorComparator/ColorComparator.cpp:49]   --->   Core 27 'LogicGate' <Latency = 0> <II = 1> <Delay = 0.93> <FuncUnit> <Opcode : 'and' 'or' 'xor'> <InPorts = 2> <OutPorts = 1>
ST_19 : Operation 101 [1/1] (0.00ns) (grouped into LUT with out node newSel3)   --->   "%newSel1 = select i1 %tmp_2, i32 %minimumDistanceIndex_2, i32 %minimumDistanceIndex_1" [ColorComparator/ColorComparator.cpp:49]   --->   Core 26 'Sel' <Latency = 0> <II = 1> <Delay = 1.37> <FuncUnit> <Opcode : 'select'> <InPorts = 3> <OutPorts = 1>
ST_19 : Operation 102 [1/1] (1.37ns) (out node of the LUT)   --->   "%newSel3 = select i1 %or_cond, i32 %newSel_cast, i32 %newSel1" [ColorComparator/ColorComparator.cpp:49]   --->   Core 26 'Sel' <Latency = 0> <II = 1> <Delay = 1.37> <FuncUnit> <Opcode : 'select'> <InPorts = 3> <OutPorts = 1>
ST_19 : Operation 103 [1/1] (1.37ns)   --->   "%distance_0_minimumDi_2 = select i1 %tmp_2_2, i32 %minimumDistance_2_2_s, i32 %distance_0_minimumDi_1" [ColorComparator/ColorComparator.cpp:49]   --->   Core 26 'Sel' <Latency = 0> <II = 1> <Delay = 1.37> <FuncUnit> <Opcode : 'select'> <InPorts = 3> <OutPorts = 1>

 <State 20> : 3.84ns
ST_20 : Operation 104 [1/1] (2.47ns)   --->   "%tmp = icmp eq i32 %newSel3, 0" [ColorComparator/ColorComparator.cpp:54]   --->   Core 25 'Cmp' <Latency = 0> <II = 1> <Delay = 2.47> <FuncUnit> <Opcode : 'icmp'> <InPorts = 2> <OutPorts = 1>
ST_20 : Operation 105 [1/1] (1.37ns)   --->   "%in_pixel_assign = select i1 %tmp, i32 0, i32 %in_pixel6_phi" [ColorComparator/ColorComparator.cpp:54]   --->   Core 26 'Sel' <Latency = 0> <II = 1> <Delay = 1.37> <FuncUnit> <Opcode : 'select'> <InPorts = 3> <OutPorts = 1>
ST_20 : Operation 106 [2/2] (0.00ns)   --->   "call void @_ssdm_op_Write.axis.i32P(i32* %out_pixel, i32 %in_pixel_assign) nounwind" [ColorComparator/ColorComparator.cpp:55]   --->   Core 5 'AXI4Stream' <Latency = 0> <II = 1> <Delay = 1.00> <Adapter> <Opcode : >

 <State 21> : 0.00ns
ST_21 : Operation 107 [1/1] (0.00ns)   --->   "call void (...)* @_ssdm_op_SpecBitsMap(i32 %in_pixel) nounwind, !map !127"
ST_21 : Operation 108 [1/1] (0.00ns)   --->   "call void (...)* @_ssdm_op_SpecBitsMap(i32* %out_pixel) nounwind, !map !133"
ST_21 : Operation 109 [1/1] (0.00ns)   --->   "call void (...)* @_ssdm_op_SpecTopModule([30 x i8]* @getPixelClassificati) nounwind"
ST_21 : Operation 110 [1/1] (0.00ns)   --->   "%empty = call i32 (...)* @_ssdm_op_SpecLoopTripCount(i64 2, i64 2, i64 2) nounwind"
ST_21 : Operation 111 [1/1] (0.00ns)   --->   "call void (...)* @_ssdm_op_SpecLoopName([17 x i8]* @p_str1) nounwind" [ColorComparator/ColorComparator.cpp:47]
ST_21 : Operation 112 [1/1] (0.00ns)   --->   "%tmp_1 = call i32 (...)* @_ssdm_op_SpecRegionBegin([17 x i8]* @p_str1) nounwind" [ColorComparator/ColorComparator.cpp:47]
ST_21 : Operation 113 [1/1] (0.00ns)   --->   "call void (...)* @_ssdm_op_SpecPipeline(i32 -1, i32 1, i32 1, i32 0, [1 x i8]* @p_str12) nounwind" [ColorComparator/ColorComparator.cpp:48]
ST_21 : Operation 114 [1/1] (0.00ns)   --->   "%empty_14 = call i32 (...)* @_ssdm_op_SpecRegionEnd([17 x i8]* @p_str1, i32 %tmp_1) nounwind" [ColorComparator/ColorComparator.cpp:53]
ST_21 : Operation 115 [1/2] (0.00ns)   --->   "call void @_ssdm_op_Write.axis.i32P(i32* %out_pixel, i32 %in_pixel_assign) nounwind" [ColorComparator/ColorComparator.cpp:55]   --->   Core 5 'AXI4Stream' <Latency = 0> <II = 1> <Delay = 1.00> <Adapter> <Opcode : >
ST_21 : Operation 116 [1/1] (0.00ns)   --->   "call void (...)* @_ssdm_op_Return()" [ColorComparator/ColorComparator.cpp:60]


============================================================
+ Verbose Summary: Binding
============================================================
STG Binding: 
---------------- STG Properties BEGIN ----------------
- Is combinational: 0
- Is one-state seq: 0
- Is datapath-only: 0
- Is pipelined: 0
- Is top level: 1
Port [ Return ] is wired: 1; IO mode=ap_ctrl_hs:ce=0
Port [ in_pixel]:  wired=1; compound=1; hidden=0; nouse=0; global=0; static=0; extern=0; dir=0; type=0; pingpong=0; private_global=0; IO mode=axis:ce=0
Port [ out_pixel]:  wired=1; compound=1; hidden=0; nouse=0; global=0; static=0; extern=0; dir=1; type=0; pingpong=0; private_global=0; IO mode=axis:ce=0
---------------- STG Properties END ------------------

---------------- Datapath Model BEGIN ----------------

<LifeTime>
<method=bitvector/>
StgValue_22            (specinterface    ) [ 0000000000000000000000]
StgValue_23            (specinterface    ) [ 0000000000000000000000]
StgValue_24            (specinterface    ) [ 0000000000000000000000]
StgValue_25            (br               ) [ 0111111111111111111111]
do_init                (phi              ) [ 0011111111111111111111]
minimumDistanceIndex_3 (phi              ) [ 0011111111111111111111]
minimumDistanceIndex   (zext             ) [ 0011111111111111111100]
i_2                    (add              ) [ 0000000000000000000000]
tmp_3                  (trunc            ) [ 0111111111111111111111]
exitcond               (icmp             ) [ 0011111111111111111111]
StgValue_33            (br               ) [ 0111111111111111111111]
StgValue_34            (br               ) [ 0111111111111111111111]
in_pixel6_rewind       (phi              ) [ 0011000000000000000000]
StgValue_36            (br               ) [ 0000000000000000000000]
in_pixel_read          (read             ) [ 0000000000000000000000]
StgValue_38            (br               ) [ 0000000000000000000000]
in_pixel6_phi          (phi              ) [ 0111111111111111111111]
cond                   (icmp             ) [ 0010100000000000000000]
p_color_array_load_0_s (select           ) [ 0010100000000000000000]
p_color_array_load_1_s (select           ) [ 0010100000000000000000]
p_color_array_load_2_s (select           ) [ 0010010000000000000000]
minimumDistance_2      (call             ) [ 0010000000000000001000]
minimumDistance_2_1    (call             ) [ 0010000000000000001000]
minimumDistance4       (phi              ) [ 0011111111111111111000]
minimumDistance_2_ex   (zext             ) [ 0000000000000000000000]
tmp_2                  (icmp             ) [ 0010000000000000000100]
distance_0_minimumDi   (select           ) [ 0000000000000000000000]
minimumDistance_2_1_s  (zext             ) [ 0000000000000000000000]
tmp_2_1                (icmp             ) [ 0010000000000000000100]
distance_0_minimumDi_1 (select           ) [ 0010000000000000000100]
minimumDistance_2_2    (call             ) [ 0010000000000000000100]
minimumDistanceIndex_1 (phi              ) [ 0011111111111111111100]
minimumDistanceIndex_2 (zext             ) [ 0000000000000000000000]
minimumDistance_2_2_s  (zext             ) [ 0000000000000000000000]
tmp_2_2                (icmp             ) [ 0000000000000000000000]
newSel_v_cast_cast     (select           ) [ 0000000000000000000000]
newSel                 (add              ) [ 0000000000000000000000]
newSel_cast            (zext             ) [ 0000000000000000000000]
or_cond                (or               ) [ 0000000000000000000000]
newSel1                (select           ) [ 0000000000000000000000]
newSel3                (select           ) [ 0111111111111111111111]
distance_0_minimumDi_2 (select           ) [ 0111111111111111111011]
tmp                    (icmp             ) [ 0000000000000000000000]
in_pixel_assign        (select           ) [ 0010000000000000000001]
StgValue_107           (specbitsmap      ) [ 0000000000000000000000]
StgValue_108           (specbitsmap      ) [ 0000000000000000000000]
StgValue_109           (spectopmodule    ) [ 0000000000000000000000]
empty                  (speclooptripcount) [ 0000000000000000000000]
StgValue_111           (specloopname     ) [ 0000000000000000000000]
tmp_1                  (specregionbegin  ) [ 0000000000000000000000]
StgValue_113           (specpipeline     ) [ 0000000000000000000000]
empty_14               (specregionend    ) [ 0000000000000000000000]
StgValue_115           (write            ) [ 0000000000000000000000]
StgValue_116           (return           ) [ 0000000000000000000000]
</LifeTime>

<model>

<comp_list>
<comp id="0" class="1000" name="in_pixel">
<pin_list>
<pin id="1" dir="1" index="0" bw="1" slack="0"/>
</pin_list>
<bind>
<StgValue><ssdm name="in_pixel"/></StgValue>
</bind>
</comp>

<comp id="2" class="1000" name="out_pixel">
<pin_list>
<pin id="3" dir="1" index="0" bw="1" slack="0"/>
</pin_list>
<bind>
<StgValue><ssdm name="out_pixel"/></StgValue>
</bind>
</comp>

<comp id="4" class="1001" name="const_4">
<pin_list>
<pin id="5" dir="1" index="0" bw="1" slack="2147483647"/>
</pin_list>
<bind>
<StgValue><ssdm name="_ssdm_op_SpecInterface"/></StgValue>
</bind>
</comp>

<comp id="6" class="1001" name="const_6">
<pin_list>
<pin id="7" dir="1" index="0" bw="1" slack="0"/>
</pin_list>
<bind>
<StgValue><ssdm name=""/></StgValue>
</bind>
</comp>

<comp id="8" class="1001" name="const_8">
<pin_list>
<pin id="9" dir="1" index="0" bw="1" slack="2147483647"/>
</pin_list>
<bind>
<StgValue><ssdm name="p_str3"/></StgValue>
</bind>
</comp>

<comp id="10" class="1001" name="const_10">
<pin_list>
<pin id="11" dir="1" index="0" bw="1" slack="2147483647"/>
</pin_list>
<bind>
<StgValue><ssdm name="p_str12"/></StgValue>
</bind>
</comp>

<comp id="12" class="1001" name="const_12">
<pin_list>
<pin id="13" dir="1" index="0" bw="1" slack="2147483647"/>
</pin_list>
<bind>
<StgValue><ssdm name="p_str4"/></StgValue>
</bind>
</comp>

<comp id="14" class="1001" name="const_14">
<pin_list>
<pin id="15" dir="1" index="0" bw="1" slack="2147483647"/>
</pin_list>
<bind>
<StgValue><ssdm name=""/></StgValue>
</bind>
</comp>

<comp id="16" class="1001" name="const_16">
<pin_list>
<pin id="17" dir="1" index="0" bw="1" slack="2147483647"/>
</pin_list>
<bind>
<StgValue><ssdm name="p_str5"/></StgValue>
</bind>
</comp>

<comp id="18" class="1001" name="const_18">
<pin_list>
<pin id="19" dir="1" index="0" bw="1" slack="0"/>
</pin_list>
<bind>
<StgValue><ssdm name=""/></StgValue>
</bind>
</comp>

<comp id="20" class="1001" name="const_20">
<pin_list>
<pin id="21" dir="1" index="0" bw="1" slack="0"/>
</pin_list>
<bind>
<StgValue><ssdm name=""/></StgValue>
</bind>
</comp>

<comp id="22" class="1001" name="const_22">
<pin_list>
<pin id="23" dir="1" index="0" bw="1" slack="0"/>
</pin_list>
<bind>
<StgValue><ssdm name=""/></StgValue>
</bind>
</comp>

<comp id="24" class="1001" name="const_24">
<pin_list>
<pin id="25" dir="1" index="0" bw="1" slack="0"/>
</pin_list>
<bind>
<StgValue><ssdm name="_ssdm_op_Read.axis.i32"/></StgValue>
</bind>
</comp>

<comp id="26" class="1001" name="const_26">
<pin_list>
<pin id="27" dir="1" index="0" bw="1" slack="0"/>
</pin_list>
<bind>
<StgValue><ssdm name=""/></StgValue>
</bind>
</comp>

<comp id="28" class="1001" name="const_28">
<pin_list>
<pin id="29" dir="1" index="0" bw="1" slack="0"/>
</pin_list>
<bind>
<StgValue><ssdm name=""/></StgValue>
</bind>
</comp>

<comp id="30" class="1001" name="const_30">
<pin_list>
<pin id="31" dir="1" index="0" bw="1" slack="1"/>
</pin_list>
<bind>
<StgValue><ssdm name=""/></StgValue>
</bind>
</comp>

<comp id="32" class="1001" name="const_32">
<pin_list>
<pin id="33" dir="1" index="0" bw="1" slack="0"/>
</pin_list>
<bind>
<StgValue><ssdm name=""/></StgValue>
</bind>
</comp>

<comp id="34" class="1001" name="const_34">
<pin_list>
<pin id="35" dir="1" index="0" bw="1" slack="0"/>
</pin_list>
<bind>
<StgValue><ssdm name=""/></StgValue>
</bind>
</comp>

<comp id="36" class="1001" name="const_36">
<pin_list>
<pin id="37" dir="1" index="0" bw="1" slack="0"/>
</pin_list>
<bind>
<StgValue><ssdm name=""/></StgValue>
</bind>
</comp>

<comp id="38" class="1001" name="const_38">
<pin_list>
<pin id="39" dir="1" index="0" bw="1" slack="0"/>
</pin_list>
<bind>
<StgValue><ssdm name=""/></StgValue>
</bind>
</comp>

<comp id="40" class="1001" name="const_40">
<pin_list>
<pin id="41" dir="1" index="0" bw="1" slack="0"/>
</pin_list>
<bind>
<StgValue><ssdm name="getColorDistance"/></StgValue>
</bind>
</comp>

<comp id="42" class="1001" name="const_42">
<pin_list>
<pin id="43" dir="1" index="0" bw="1" slack="0"/>
</pin_list>
<bind>
<StgValue><ssdm name=""/></StgValue>
</bind>
</comp>

<comp id="44" class="1001" name="const_44">
<pin_list>
<pin id="45" dir="1" index="0" bw="1" slack="0"/>
</pin_list>
<bind>
<StgValue><ssdm name=""/></StgValue>
</bind>
</comp>

<comp id="46" class="1001" name="const_46">
<pin_list>
<pin id="47" dir="1" index="0" bw="1" slack="16"/>
</pin_list>
<bind>
<StgValue><ssdm name=""/></StgValue>
</bind>
</comp>

<comp id="48" class="1001" name="const_48">
<pin_list>
<pin id="49" dir="1" index="0" bw="1" slack="0"/>
</pin_list>
<bind>
<StgValue><ssdm name=""/></StgValue>
</bind>
</comp>

<comp id="50" class="1001" name="const_50">
<pin_list>
<pin id="51" dir="1" index="0" bw="1" slack="0"/>
</pin_list>
<bind>
<StgValue><ssdm name=""/></StgValue>
</bind>
</comp>

<comp id="52" class="1001" name="const_52">
<pin_list>
<pin id="53" dir="1" index="0" bw="1" slack="0"/>
</pin_list>
<bind>
<StgValue><ssdm name="_ssdm_op_Write.axis.i32P"/></StgValue>
</bind>
</comp>

<comp id="54" class="1001" name="const_54">
<pin_list>
<pin id="55" dir="1" index="0" bw="1" slack="2147483647"/>
</pin_list>
<bind>
<StgValue><ssdm name="_ssdm_op_SpecBitsMap"/></StgValue>
</bind>
</comp>

<comp id="56" class="1001" name="const_56">
<pin_list>
<pin id="57" dir="1" index="0" bw="1" slack="2147483647"/>
</pin_list>
<bind>
<StgValue><ssdm name="_ssdm_op_SpecTopModule"/></StgValue>
</bind>
</comp>

<comp id="58" class="1001" name="const_58">
<pin_list>
<pin id="59" dir="1" index="0" bw="1" slack="2147483647"/>
</pin_list>
<bind>
<StgValue><ssdm name="getPixelClassificati"/></StgValue>
</bind>
</comp>

<comp id="60" class="1001" name="const_60">
<pin_list>
<pin id="61" dir="1" index="0" bw="1" slack="2147483647"/>
</pin_list>
<bind>
<StgValue><ssdm name="_ssdm_op_SpecLoopTripCount"/></StgValue>
</bind>
</comp>

<comp id="62" class="1001" name="const_62">
<pin_list>
<pin id="63" dir="1" index="0" bw="1" slack="2147483647"/>
</pin_list>
<bind>
<StgValue><ssdm name=""/></StgValue>
</bind>
</comp>

<comp id="64" class="1001" name="const_64">
<pin_list>
<pin id="65" dir="1" index="0" bw="1" slack="2147483647"/>
</pin_list>
<bind>
<StgValue><ssdm name="_ssdm_op_SpecLoopName"/></StgValue>
</bind>
</comp>

<comp id="66" class="1001" name="const_66">
<pin_list>
<pin id="67" dir="1" index="0" bw="1" slack="2147483647"/>
</pin_list>
<bind>
<StgValue><ssdm name="p_str1"/></StgValue>
</bind>
</comp>

<comp id="68" class="1001" name="const_68">
<pin_list>
<pin id="69" dir="1" index="0" bw="1" slack="2147483647"/>
</pin_list>
<bind>
<StgValue><ssdm name="_ssdm_op_SpecRegionBegin"/></StgValue>
</bind>
</comp>

<comp id="70" class="1001" name="const_70">
<pin_list>
<pin id="71" dir="1" index="0" bw="1" slack="2147483647"/>
</pin_list>
<bind>
<StgValue><ssdm name="_ssdm_op_SpecPipeline"/></StgValue>
</bind>
</comp>

<comp id="72" class="1001" name="const_72">
<pin_list>
<pin id="73" dir="1" index="0" bw="1" slack="2147483647"/>
</pin_list>
<bind>
<StgValue><ssdm name=""/></StgValue>
</bind>
</comp>

<comp id="74" class="1001" name="const_74">
<pin_list>
<pin id="75" dir="1" index="0" bw="1" slack="2147483647"/>
</pin_list>
<bind>
<StgValue><ssdm name="_ssdm_op_SpecRegionEnd"/></StgValue>
</bind>
</comp>

<comp id="76" class="1004" name="grp_read_fu_76">
<pin_list>
<pin id="77" dir="0" index="0" bw="32" slack="0"/>
<pin id="78" dir="0" index="1" bw="32" slack="0"/>
<pin id="79" dir="1" index="2" bw="32" slack="0"/>
</pin_list>
<bind>
<opcode="read(1150) " fcode="read"/>
<opset="in_pixel_read/2 "/>
</bind>
</comp>

<comp id="82" class="1004" name="grp_write_fu_82">
<pin_list>
<pin id="83" dir="0" index="0" bw="0" slack="0"/>
<pin id="84" dir="0" index="1" bw="32" slack="0"/>
<pin id="85" dir="0" index="2" bw="32" slack="0"/>
<pin id="86" dir="1" index="3" bw="0" slack="2147483647"/>
</pin_list>
<bind>
<opcode="write(1151) " fcode="write"/>
<opset="StgValue_106/20 "/>
</bind>
</comp>

<comp id="89" class="1005" name="do_init_reg_89">
<pin_list>
<pin id="90" dir="0" index="0" bw="1" slack="1"/>
<pin id="91" dir="1" index="1" bw="1" slack="1"/>
</pin_list>
<bind>
<opset="do_init (phireg) "/>
</bind>
</comp>

<comp id="93" class="1004" name="do_init_phi_fu_93">
<pin_list>
<pin id="94" dir="0" index="0" bw="1" slack="1"/>
<pin id="95" dir="0" index="1" bw="0" slack="2147483647"/>
<pin id="96" dir="0" index="2" bw="1" slack="0"/>
<pin id="97" dir="0" index="3" bw="0" slack="2147483647"/>
<pin id="98" dir="0" index="4" bw="1" slack="0"/>
<pin id="99" dir="0" index="5" bw="0" slack="2147483647"/>
<pin id="100" dir="1" index="6" bw="1" slack="1"/>
</pin_list>
<bind>
<opcode="phi(47) " fcode="phi"/>
<opset="do_init/2 "/>
</bind>
</comp>

<comp id="105" class="1005" name="minimumDistanceIndex_3_reg_105">
<pin_list>
<pin id="106" dir="0" index="0" bw="2" slack="1"/>
<pin id="107" dir="1" index="1" bw="2" slack="1"/>
</pin_list>
<bind>
<opset="minimumDistanceIndex_3 (phireg) "/>
</bind>
</comp>

<comp id="109" class="1004" name="minimumDistanceIndex_3_phi_fu_109">
<pin_list>
<pin id="110" dir="0" index="0" bw="1" slack="1"/>
<pin id="111" dir="0" index="1" bw="0" slack="2147483647"/>
<pin id="112" dir="0" index="2" bw="2" slack="0"/>
<pin id="113" dir="0" index="3" bw="0" slack="2147483647"/>
<pin id="114" dir="0" index="4" bw="1" slack="0"/>
<pin id="115" dir="0" index="5" bw="0" slack="2147483647"/>
<pin id="116" dir="1" index="6" bw="2" slack="0"/>
</pin_list>
<bind>
<opcode="phi(47) " fcode="phi"/>
<opset="minimumDistanceIndex_3/2 "/>
</bind>
</comp>

<comp id="120" class="1005" name="in_pixel6_rewind_reg_120">
<pin_list>
<pin id="121" dir="0" index="0" bw="32" slack="1"/>
<pin id="122" dir="1" index="1" bw="32" slack="1"/>
</pin_list>
<bind>
<opset="in_pixel6_rewind (phireg) "/>
</bind>
</comp>

<comp id="124" class="1004" name="in_pixel6_rewind_phi_fu_124">
<pin_list>
<pin id="125" dir="0" index="0" bw="1" slack="2"/>
<pin id="126" dir="0" index="1" bw="0" slack="2147483647"/>
<pin id="127" dir="0" index="2" bw="32" slack="0"/>
<pin id="128" dir="0" index="3" bw="0" slack="2147483647"/>
<pin id="129" dir="0" index="4" bw="1" slack="1"/>
<pin id="130" dir="0" index="5" bw="0" slack="2147483647"/>
<pin id="131" dir="1" index="6" bw="32" slack="0"/>
</pin_list>
<bind>
<opcode="phi(47) " fcode="phi"/>
<opset="in_pixel6_rewind/3 "/>
</bind>
</comp>

<comp id="134" class="1005" name="in_pixel6_phi_reg_134">
<pin_list>
<pin id="135" dir="0" index="0" bw="32" slack="0"/>
<pin id="136" dir="1" index="1" bw="32" slack="0"/>
</pin_list>
<bind>
<opset="in_pixel6_phi (phireg) "/>
</bind>
</comp>

<comp id="138" class="1004" name="in_pixel6_phi_phi_fu_138">
<pin_list>
<pin id="139" dir="0" index="0" bw="32" slack="0"/>
<pin id="140" dir="0" index="1" bw="0" slack="2147483647"/>
<pin id="141" dir="0" index="2" bw="32" slack="0"/>
<pin id="142" dir="0" index="3" bw="0" slack="2147483647"/>
<pin id="143" dir="1" index="4" bw="32" slack="0"/>
</pin_list>
<bind>
<opcode="phi(47) " fcode="phi"/>
<opset="in_pixel6_phi/3 "/>
</bind>
</comp>

<comp id="147" class="1005" name="minimumDistance4_reg_147">
<pin_list>
<pin id="148" dir="0" index="0" bw="32" slack="16"/>
<pin id="149" dir="1" index="1" bw="32" slack="16"/>
</pin_list>
<bind>
<opset="minimumDistance4 (phireg) "/>
</bind>
</comp>

<comp id="151" class="1004" name="minimumDistance4_phi_fu_151">
<pin_list>
<pin id="152" dir="0" index="0" bw="32" slack="17"/>
<pin id="153" dir="0" index="1" bw="0" slack="2147483647"/>
<pin id="154" dir="0" index="2" bw="32" slack="1"/>
<pin id="155" dir="0" index="3" bw="0" slack="2147483647"/>
<pin id="156" dir="0" index="4" bw="32" slack="16"/>
<pin id="157" dir="0" index="5" bw="0" slack="2147483647"/>
<pin id="158" dir="1" index="6" bw="32" slack="0"/>
</pin_list>
<bind>
<opcode="phi(47) " fcode="phi"/>
<opset="minimumDistance4/18 "/>
</bind>
</comp>

<comp id="161" class="1005" name="minimumDistanceIndex_1_reg_161">
<pin_list>
<pin id="162" dir="0" index="0" bw="32" slack="17"/>
<pin id="163" dir="1" index="1" bw="32" slack="17"/>
</pin_list>
<bind>
<opset="minimumDistanceIndex_1 (phireg) "/>
</bind>
</comp>

<comp id="165" class="1004" name="minimumDistanceIndex_1_phi_fu_165">
<pin_list>
<pin id="166" dir="0" index="0" bw="1" slack="18"/>
<pin id="167" dir="0" index="1" bw="0" slack="2147483647"/>
<pin id="168" dir="0" index="2" bw="32" slack="0"/>
<pin id="169" dir="0" index="3" bw="0" slack="2147483647"/>
<pin id="170" dir="0" index="4" bw="1" slack="17"/>
<pin id="171" dir="0" index="5" bw="0" slack="2147483647"/>
<pin id="172" dir="1" index="6" bw="32" slack="0"/>
</pin_list>
<bind>
<opcode="phi(47) " fcode="phi"/>
<opset="minimumDistanceIndex_1/19 "/>
</bind>
</comp>

<comp id="175" class="1004" name="grp_getColorDistance_fu_175">
<pin_list>
<pin id="176" dir="0" index="0" bw="12" slack="0"/>
<pin id="177" dir="0" index="1" bw="32" slack="1"/>
<pin id="178" dir="0" index="2" bw="17" slack="1"/>
<pin id="179" dir="1" index="3" bw="12" slack="1"/>
</pin_list>
<bind>
<opcode="call(48) " fcode="call"/>
<opset="minimumDistance_2/4 "/>
</bind>
</comp>

<comp id="182" class="1004" name="grp_getColorDistance_fu_182">
<pin_list>
<pin id="183" dir="0" index="0" bw="12" slack="0"/>
<pin id="184" dir="0" index="1" bw="32" slack="1"/>
<pin id="185" dir="0" index="2" bw="17" slack="1"/>
<pin id="186" dir="1" index="3" bw="12" slack="1"/>
</pin_list>
<bind>
<opcode="call(48) " fcode="call"/>
<opset="minimumDistance_2_1/4 "/>
</bind>
</comp>

<comp id="189" class="1004" name="grp_getColorDistance_fu_189">
<pin_list>
<pin id="190" dir="0" index="0" bw="12" slack="0"/>
<pin id="191" dir="0" index="1" bw="32" slack="2"/>
<pin id="192" dir="0" index="2" bw="17" slack="1"/>
<pin id="193" dir="1" index="3" bw="12" slack="1"/>
</pin_list>
<bind>
<opcode="call(48) " fcode="call"/>
<opset="minimumDistance_2_2/5 "/>
</bind>
</comp>

<comp id="196" class="1004" name="minimumDistanceIndex_fu_196">
<pin_list>
<pin id="197" dir="0" index="0" bw="2" slack="0"/>
<pin id="198" dir="1" index="1" bw="3" slack="0"/>
</pin_list>
<bind>
<opcode="zext(34) " fcode="zext"/>
<opset="minimumDistanceIndex/2 "/>
</bind>
</comp>

<comp id="200" class="1004" name="i_2_fu_200">
<pin_list>
<pin id="201" dir="0" index="0" bw="3" slack="0"/>
<pin id="202" dir="0" index="1" bw="2" slack="0"/>
<pin id="203" dir="1" index="2" bw="3" slack="0"/>
</pin_list>
<bind>
<opcode="add(8) " fcode="add"/>
<opset="i_2/2 "/>
</bind>
</comp>

<comp id="206" class="1004" name="tmp_3_fu_206">
<pin_list>
<pin id="207" dir="0" index="0" bw="3" slack="0"/>
<pin id="208" dir="1" index="1" bw="2" slack="0"/>
</pin_list>
<bind>
<opcode="trunc(33) " fcode="trunc"/>
<opset="tmp_3/2 "/>
</bind>
</comp>

<comp id="210" class="1004" name="exitcond_fu_210">
<pin_list>
<pin id="211" dir="0" index="0" bw="3" slack="0"/>
<pin id="212" dir="0" index="1" bw="3" slack="0"/>
<pin id="213" dir="1" index="2" bw="1" slack="1"/>
</pin_list>
<bind>
<opcode="icmp(45) " fcode="icmp"/>
<opset="exitcond/2 "/>
</bind>
</comp>

<comp id="216" class="1004" name="cond_fu_216">
<pin_list>
<pin id="217" dir="0" index="0" bw="2" slack="1"/>
<pin id="218" dir="0" index="1" bw="2" slack="0"/>
<pin id="219" dir="1" index="2" bw="1" slack="0"/>
</pin_list>
<bind>
<opcode="icmp(45) " fcode="icmp"/>
<opset="cond/3 "/>
</bind>
</comp>

<comp id="222" class="1004" name="p_color_array_load_0_s_fu_222">
<pin_list>
<pin id="223" dir="0" index="0" bw="1" slack="0"/>
<pin id="224" dir="0" index="1" bw="17" slack="0"/>
<pin id="225" dir="0" index="2" bw="17" slack="0"/>
<pin id="226" dir="1" index="3" bw="17" slack="1"/>
</pin_list>
<bind>
<opcode="select(49) " fcode="select"/>
<opset="p_color_array_load_0_s/3 "/>
</bind>
</comp>

<comp id="230" class="1004" name="p_color_array_load_1_s_fu_230">
<pin_list>
<pin id="231" dir="0" index="0" bw="1" slack="0"/>
<pin id="232" dir="0" index="1" bw="17" slack="0"/>
<pin id="233" dir="0" index="2" bw="17" slack="0"/>
<pin id="234" dir="1" index="3" bw="17" slack="1"/>
</pin_list>
<bind>
<opcode="select(49) " fcode="select"/>
<opset="p_color_array_load_1_s/3 "/>
</bind>
</comp>

<comp id="238" class="1004" name="p_color_array_load_2_s_fu_238">
<pin_list>
<pin id="239" dir="0" index="0" bw="1" slack="1"/>
<pin id="240" dir="0" index="1" bw="17" slack="0"/>
<pin id="241" dir="0" index="2" bw="17" slack="0"/>
<pin id="242" dir="1" index="3" bw="17" slack="1"/>
</pin_list>
<bind>
<opcode="select(49) " fcode="select"/>
<opset="p_color_array_load_2_s/4 "/>
</bind>
</comp>

<comp id="245" class="1004" name="minimumDistance_2_ex_fu_245">
<pin_list>
<pin id="246" dir="0" index="0" bw="12" slack="1"/>
<pin id="247" dir="1" index="1" bw="32" slack="0"/>
</pin_list>
<bind>
<opcode="zext(34) " fcode="zext"/>
<opset="minimumDistance_2_ex/18 "/>
</bind>
</comp>

<comp id="248" class="1004" name="tmp_2_fu_248">
<pin_list>
<pin id="249" dir="0" index="0" bw="32" slack="0"/>
<pin id="250" dir="0" index="1" bw="32" slack="0"/>
<pin id="251" dir="1" index="2" bw="1" slack="0"/>
</pin_list>
<bind>
<opcode="icmp(45) " fcode="icmp"/>
<opset="tmp_2/18 "/>
</bind>
</comp>

<comp id="254" class="1004" name="distance_0_minimumDi_fu_254">
<pin_list>
<pin id="255" dir="0" index="0" bw="1" slack="0"/>
<pin id="256" dir="0" index="1" bw="32" slack="0"/>
<pin id="257" dir="0" index="2" bw="32" slack="0"/>
<pin id="258" dir="1" index="3" bw="32" slack="0"/>
</pin_list>
<bind>
<opcode="select(49) " fcode="select"/>
<opset="distance_0_minimumDi/18 "/>
</bind>
</comp>

<comp id="262" class="1004" name="minimumDistance_2_1_s_fu_262">
<pin_list>
<pin id="263" dir="0" index="0" bw="12" slack="1"/>
<pin id="264" dir="1" index="1" bw="32" slack="0"/>
</pin_list>
<bind>
<opcode="zext(34) " fcode="zext"/>
<opset="minimumDistance_2_1_s/18 "/>
</bind>
</comp>

<comp id="265" class="1004" name="tmp_2_1_fu_265">
<pin_list>
<pin id="266" dir="0" index="0" bw="32" slack="0"/>
<pin id="267" dir="0" index="1" bw="32" slack="0"/>
<pin id="268" dir="1" index="2" bw="1" slack="0"/>
</pin_list>
<bind>
<opcode="icmp(45) " fcode="icmp"/>
<opset="tmp_2_1/18 "/>
</bind>
</comp>

<comp id="271" class="1004" name="distance_0_minimumDi_1_fu_271">
<pin_list>
<pin id="272" dir="0" index="0" bw="1" slack="0"/>
<pin id="273" dir="0" index="1" bw="32" slack="0"/>
<pin id="274" dir="0" index="2" bw="32" slack="0"/>
<pin id="275" dir="1" index="3" bw="32" slack="1"/>
</pin_list>
<bind>
<opcode="select(49) " fcode="select"/>
<opset="distance_0_minimumDi_1/18 "/>
</bind>
</comp>

<comp id="279" class="1004" name="minimumDistanceIndex_2_fu_279">
<pin_list>
<pin id="280" dir="0" index="0" bw="2" slack="17"/>
<pin id="281" dir="1" index="1" bw="32" slack="0"/>
</pin_list>
<bind>
<opcode="zext(34) " fcode="zext"/>
<opset="minimumDistanceIndex_2/19 "/>
</bind>
</comp>

<comp id="283" class="1004" name="minimumDistance_2_2_s_fu_283">
<pin_list>
<pin id="284" dir="0" index="0" bw="12" slack="1"/>
<pin id="285" dir="1" index="1" bw="32" slack="0"/>
</pin_list>
<bind>
<opcode="zext(34) " fcode="zext"/>
<opset="minimumDistance_2_2_s/19 "/>
</bind>
</comp>

<comp id="286" class="1004" name="tmp_2_2_fu_286">
<pin_list>
<pin id="287" dir="0" index="0" bw="32" slack="0"/>
<pin id="288" dir="0" index="1" bw="32" slack="1"/>
<pin id="289" dir="1" index="2" bw="1" slack="0"/>
</pin_list>
<bind>
<opcode="icmp(45) " fcode="icmp"/>
<opset="tmp_2_2/19 "/>
</bind>
</comp>

<comp id="291" class="1004" name="newSel_v_cast_cast_fu_291">
<pin_list>
<pin id="292" dir="0" index="0" bw="1" slack="0"/>
<pin id="293" dir="0" index="1" bw="3" slack="0"/>
<pin id="294" dir="0" index="2" bw="3" slack="0"/>
<pin id="295" dir="1" index="3" bw="3" slack="0"/>
</pin_list>
<bind>
<opcode="select(49) " fcode="select"/>
<opset="newSel_v_cast_cast/19 "/>
</bind>
</comp>

<comp id="299" class="1004" name="newSel_fu_299">
<pin_list>
<pin id="300" dir="0" index="0" bw="3" slack="0"/>
<pin id="301" dir="0" index="1" bw="2" slack="17"/>
<pin id="302" dir="1" index="2" bw="3" slack="0"/>
</pin_list>
<bind>
<opcode="add(8) " fcode="add"/>
<opset="newSel/19 "/>
</bind>
</comp>

<comp id="304" class="1004" name="newSel_cast_fu_304">
<pin_list>
<pin id="305" dir="0" index="0" bw="3" slack="0"/>
<pin id="306" dir="1" index="1" bw="32" slack="0"/>
</pin_list>
<bind>
<opcode="zext(34) " fcode="zext"/>
<opset="newSel_cast/19 "/>
</bind>
</comp>

<comp id="308" class="1004" name="or_cond_fu_308">
<pin_list>
<pin id="309" dir="0" index="0" bw="1" slack="0"/>
<pin id="310" dir="0" index="1" bw="1" slack="1"/>
<pin id="311" dir="1" index="2" bw="1" slack="0"/>
</pin_list>
<bind>
<opcode="or(24) " fcode="or"/>
<opset="or_cond/19 "/>
</bind>
</comp>

<comp id="313" class="1004" name="newSel1_fu_313">
<pin_list>
<pin id="314" dir="0" index="0" bw="1" slack="1"/>
<pin id="315" dir="0" index="1" bw="32" slack="0"/>
<pin id="316" dir="0" index="2" bw="32" slack="0"/>
<pin id="317" dir="1" index="3" bw="32" slack="0"/>
</pin_list>
<bind>
<opcode="select(49) " fcode="select"/>
<opset="newSel1/19 "/>
</bind>
</comp>

<comp id="320" class="1004" name="newSel3_fu_320">
<pin_list>
<pin id="321" dir="0" index="0" bw="1" slack="0"/>
<pin id="322" dir="0" index="1" bw="32" slack="0"/>
<pin id="323" dir="0" index="2" bw="32" slack="0"/>
<pin id="324" dir="1" index="3" bw="32" slack="0"/>
</pin_list>
<bind>
<opcode="select(49) " fcode="select"/>
<opset="newSel3/19 "/>
</bind>
</comp>

<comp id="328" class="1004" name="distance_0_minimumDi_2_fu_328">
<pin_list>
<pin id="329" dir="0" index="0" bw="1" slack="0"/>
<pin id="330" dir="0" index="1" bw="32" slack="0"/>
<pin id="331" dir="0" index="2" bw="32" slack="1"/>
<pin id="332" dir="1" index="3" bw="32" slack="1"/>
</pin_list>
<bind>
<opcode="select(49) " fcode="select"/>
<opset="distance_0_minimumDi_2/19 "/>
</bind>
</comp>

<comp id="335" class="1004" name="tmp_fu_335">
<pin_list>
<pin id="336" dir="0" index="0" bw="32" slack="1"/>
<pin id="337" dir="0" index="1" bw="32" slack="0"/>
<pin id="338" dir="1" index="2" bw="1" slack="0"/>
</pin_list>
<bind>
<opcode="icmp(45) " fcode="icmp"/>
<opset="tmp/20 "/>
</bind>
</comp>

<comp id="340" class="1004" name="in_pixel_assign_fu_340">
<pin_list>
<pin id="341" dir="0" index="0" bw="1" slack="0"/>
<pin id="342" dir="0" index="1" bw="32" slack="0"/>
<pin id="343" dir="0" index="2" bw="32" slack="17"/>
<pin id="344" dir="1" index="3" bw="32" slack="0"/>
</pin_list>
<bind>
<opcode="select(49) " fcode="select"/>
<opset="in_pixel_assign/20 "/>
</bind>
</comp>

<comp id="349" class="1004" name="StgValue_116_fu_349">
<pin_list>
<pin id="350" dir="1" index="0" bw="0" slack="2147483647"/>
</pin_list>
<bind>
<opcode="return(1203) " fcode="return"/>
<opset="StgValue_116/21 "/>
</bind>
</comp>

<comp id="351" class="1005" name="minimumDistanceIndex_reg_351">
<pin_list>
<pin id="352" dir="0" index="0" bw="3" slack="17"/>
<pin id="353" dir="1" index="1" bw="3" slack="17"/>
</pin_list>
<bind>
<opset="minimumDistanceIndex "/>
</bind>
</comp>

<comp id="356" class="1005" name="tmp_3_reg_356">
<pin_list>
<pin id="357" dir="0" index="0" bw="2" slack="0"/>
<pin id="358" dir="1" index="1" bw="2" slack="0"/>
</pin_list>
<bind>
<opset="tmp_3 "/>
</bind>
</comp>

<comp id="361" class="1005" name="exitcond_reg_361">
<pin_list>
<pin id="362" dir="0" index="0" bw="1" slack="1"/>
<pin id="363" dir="1" index="1" bw="1" slack="2147483647"/>
</pin_list>
<bind>
<opset="exitcond "/>
</bind>
</comp>

<comp id="365" class="1005" name="cond_reg_365">
<pin_list>
<pin id="366" dir="0" index="0" bw="1" slack="1"/>
<pin id="367" dir="1" index="1" bw="1" slack="1"/>
</pin_list>
<bind>
<opset="cond "/>
</bind>
</comp>

<comp id="370" class="1005" name="p_color_array_load_0_s_reg_370">
<pin_list>
<pin id="371" dir="0" index="0" bw="17" slack="1"/>
<pin id="372" dir="1" index="1" bw="17" slack="1"/>
</pin_list>
<bind>
<opset="p_color_array_load_0_s "/>
</bind>
</comp>

<comp id="375" class="1005" name="p_color_array_load_1_s_reg_375">
<pin_list>
<pin id="376" dir="0" index="0" bw="17" slack="1"/>
<pin id="377" dir="1" index="1" bw="17" slack="1"/>
</pin_list>
<bind>
<opset="p_color_array_load_1_s "/>
</bind>
</comp>

<comp id="380" class="1005" name="p_color_array_load_2_s_reg_380">
<pin_list>
<pin id="381" dir="0" index="0" bw="17" slack="1"/>
<pin id="382" dir="1" index="1" bw="17" slack="1"/>
</pin_list>
<bind>
<opset="p_color_array_load_2_s "/>
</bind>
</comp>

<comp id="385" class="1005" name="minimumDistance_2_reg_385">
<pin_list>
<pin id="386" dir="0" index="0" bw="12" slack="1"/>
<pin id="387" dir="1" index="1" bw="12" slack="1"/>
</pin_list>
<bind>
<opset="minimumDistance_2 "/>
</bind>
</comp>

<comp id="390" class="1005" name="minimumDistance_2_1_reg_390">
<pin_list>
<pin id="391" dir="0" index="0" bw="12" slack="1"/>
<pin id="392" dir="1" index="1" bw="12" slack="1"/>
</pin_list>
<bind>
<opset="minimumDistance_2_1 "/>
</bind>
</comp>

<comp id="395" class="1005" name="tmp_2_reg_395">
<pin_list>
<pin id="396" dir="0" index="0" bw="1" slack="1"/>
<pin id="397" dir="1" index="1" bw="1" slack="1"/>
</pin_list>
<bind>
<opset="tmp_2 "/>
</bind>
</comp>

<comp id="400" class="1005" name="tmp_2_1_reg_400">
<pin_list>
<pin id="401" dir="0" index="0" bw="1" slack="1"/>
<pin id="402" dir="1" index="1" bw="1" slack="1"/>
</pin_list>
<bind>
<opset="tmp_2_1 "/>
</bind>
</comp>

<comp id="405" class="1005" name="distance_0_minimumDi_1_reg_405">
<pin_list>
<pin id="406" dir="0" index="0" bw="32" slack="1"/>
<pin id="407" dir="1" index="1" bw="32" slack="1"/>
</pin_list>
<bind>
<opset="distance_0_minimumDi_1 "/>
</bind>
</comp>

<comp id="411" class="1005" name="minimumDistance_2_2_reg_411">
<pin_list>
<pin id="412" dir="0" index="0" bw="12" slack="1"/>
<pin id="413" dir="1" index="1" bw="12" slack="1"/>
</pin_list>
<bind>
<opset="minimumDistance_2_2 "/>
</bind>
</comp>

<comp id="416" class="1005" name="newSel3_reg_416">
<pin_list>
<pin id="417" dir="0" index="0" bw="32" slack="0"/>
<pin id="418" dir="1" index="1" bw="32" slack="0"/>
</pin_list>
<bind>
<opset="newSel3 "/>
</bind>
</comp>

<comp id="422" class="1005" name="distance_0_minimumDi_2_reg_422">
<pin_list>
<pin id="423" dir="0" index="0" bw="32" slack="1"/>
<pin id="424" dir="1" index="1" bw="32" slack="1"/>
</pin_list>
<bind>
<opset="distance_0_minimumDi_2 "/>
</bind>
</comp>

<comp id="427" class="1005" name="in_pixel_assign_reg_427">
<pin_list>
<pin id="428" dir="0" index="0" bw="32" slack="1"/>
<pin id="429" dir="1" index="1" bw="32" slack="1"/>
</pin_list>
<bind>
<opset="in_pixel_assign "/>
</bind>
</comp>

</comp_list>

<net_list>
<net id="80"><net_src comp="24" pin="0"/><net_sink comp="76" pin=0"/></net>

<net id="81"><net_src comp="0" pin="0"/><net_sink comp="76" pin=1"/></net>

<net id="87"><net_src comp="52" pin="0"/><net_sink comp="82" pin=0"/></net>

<net id="88"><net_src comp="2" pin="0"/><net_sink comp="82" pin=1"/></net>

<net id="92"><net_src comp="18" pin="0"/><net_sink comp="89" pin=0"/></net>

<net id="101"><net_src comp="89" pin="1"/><net_sink comp="93" pin=0"/></net>

<net id="102"><net_src comp="20" pin="0"/><net_sink comp="93" pin=2"/></net>

<net id="103"><net_src comp="18" pin="0"/><net_sink comp="93" pin=4"/></net>

<net id="104"><net_src comp="93" pin="6"/><net_sink comp="89" pin=0"/></net>

<net id="108"><net_src comp="22" pin="0"/><net_sink comp="105" pin=0"/></net>

<net id="117"><net_src comp="105" pin="1"/><net_sink comp="109" pin=0"/></net>

<net id="118"><net_src comp="22" pin="0"/><net_sink comp="109" pin=4"/></net>

<net id="119"><net_src comp="109" pin="6"/><net_sink comp="105" pin=0"/></net>

<net id="123"><net_src comp="30" pin="0"/><net_sink comp="120" pin=0"/></net>

<net id="132"><net_src comp="120" pin="1"/><net_sink comp="124" pin=0"/></net>

<net id="133"><net_src comp="120" pin="1"/><net_sink comp="124" pin=4"/></net>

<net id="137"><net_src comp="134" pin="1"/><net_sink comp="124" pin=2"/></net>

<net id="144"><net_src comp="76" pin="2"/><net_sink comp="138" pin=0"/></net>

<net id="145"><net_src comp="124" pin="6"/><net_sink comp="138" pin=2"/></net>

<net id="146"><net_src comp="138" pin="4"/><net_sink comp="134" pin=0"/></net>

<net id="150"><net_src comp="46" pin="0"/><net_sink comp="147" pin=0"/></net>

<net id="159"><net_src comp="147" pin="1"/><net_sink comp="151" pin=0"/></net>

<net id="160"><net_src comp="147" pin="1"/><net_sink comp="151" pin=4"/></net>

<net id="164"><net_src comp="6" pin="0"/><net_sink comp="161" pin=0"/></net>

<net id="173"><net_src comp="161" pin="1"/><net_sink comp="165" pin=0"/></net>

<net id="174"><net_src comp="161" pin="1"/><net_sink comp="165" pin=4"/></net>

<net id="180"><net_src comp="40" pin="0"/><net_sink comp="175" pin=0"/></net>

<net id="181"><net_src comp="134" pin="1"/><net_sink comp="175" pin=1"/></net>

<net id="187"><net_src comp="40" pin="0"/><net_sink comp="182" pin=0"/></net>

<net id="188"><net_src comp="134" pin="1"/><net_sink comp="182" pin=1"/></net>

<net id="194"><net_src comp="40" pin="0"/><net_sink comp="189" pin=0"/></net>

<net id="195"><net_src comp="134" pin="1"/><net_sink comp="189" pin=1"/></net>

<net id="199"><net_src comp="109" pin="6"/><net_sink comp="196" pin=0"/></net>

<net id="204"><net_src comp="26" pin="0"/><net_sink comp="200" pin=0"/></net>

<net id="205"><net_src comp="196" pin="1"/><net_sink comp="200" pin=1"/></net>

<net id="209"><net_src comp="200" pin="2"/><net_sink comp="206" pin=0"/></net>

<net id="214"><net_src comp="200" pin="2"/><net_sink comp="210" pin=0"/></net>

<net id="215"><net_src comp="28" pin="0"/><net_sink comp="210" pin=1"/></net>

<net id="220"><net_src comp="105" pin="1"/><net_sink comp="216" pin=0"/></net>

<net id="221"><net_src comp="22" pin="0"/><net_sink comp="216" pin=1"/></net>

<net id="227"><net_src comp="216" pin="2"/><net_sink comp="222" pin=0"/></net>

<net id="228"><net_src comp="32" pin="0"/><net_sink comp="222" pin=1"/></net>

<net id="229"><net_src comp="34" pin="0"/><net_sink comp="222" pin=2"/></net>

<net id="235"><net_src comp="216" pin="2"/><net_sink comp="230" pin=0"/></net>

<net id="236"><net_src comp="36" pin="0"/><net_sink comp="230" pin=1"/></net>

<net id="237"><net_src comp="38" pin="0"/><net_sink comp="230" pin=2"/></net>

<net id="243"><net_src comp="42" pin="0"/><net_sink comp="238" pin=1"/></net>

<net id="244"><net_src comp="44" pin="0"/><net_sink comp="238" pin=2"/></net>

<net id="252"><net_src comp="245" pin="1"/><net_sink comp="248" pin=0"/></net>

<net id="253"><net_src comp="151" pin="6"/><net_sink comp="248" pin=1"/></net>

<net id="259"><net_src comp="248" pin="2"/><net_sink comp="254" pin=0"/></net>

<net id="260"><net_src comp="245" pin="1"/><net_sink comp="254" pin=1"/></net>

<net id="261"><net_src comp="151" pin="6"/><net_sink comp="254" pin=2"/></net>

<net id="269"><net_src comp="262" pin="1"/><net_sink comp="265" pin=0"/></net>

<net id="270"><net_src comp="254" pin="3"/><net_sink comp="265" pin=1"/></net>

<net id="276"><net_src comp="265" pin="2"/><net_sink comp="271" pin=0"/></net>

<net id="277"><net_src comp="262" pin="1"/><net_sink comp="271" pin=1"/></net>

<net id="278"><net_src comp="254" pin="3"/><net_sink comp="271" pin=2"/></net>

<net id="282"><net_src comp="105" pin="1"/><net_sink comp="279" pin=0"/></net>

<net id="290"><net_src comp="283" pin="1"/><net_sink comp="286" pin=0"/></net>

<net id="296"><net_src comp="286" pin="2"/><net_sink comp="291" pin=0"/></net>

<net id="297"><net_src comp="48" pin="0"/><net_sink comp="291" pin=1"/></net>

<net id="298"><net_src comp="50" pin="0"/><net_sink comp="291" pin=2"/></net>

<net id="303"><net_src comp="291" pin="3"/><net_sink comp="299" pin=0"/></net>

<net id="307"><net_src comp="299" pin="2"/><net_sink comp="304" pin=0"/></net>

<net id="312"><net_src comp="286" pin="2"/><net_sink comp="308" pin=0"/></net>

<net id="318"><net_src comp="279" pin="1"/><net_sink comp="313" pin=1"/></net>

<net id="319"><net_src comp="165" pin="6"/><net_sink comp="313" pin=2"/></net>

<net id="325"><net_src comp="308" pin="2"/><net_sink comp="320" pin=0"/></net>

<net id="326"><net_src comp="304" pin="1"/><net_sink comp="320" pin=1"/></net>

<net id="327"><net_src comp="313" pin="3"/><net_sink comp="320" pin=2"/></net>

<net id="333"><net_src comp="286" pin="2"/><net_sink comp="328" pin=0"/></net>

<net id="334"><net_src comp="283" pin="1"/><net_sink comp="328" pin=1"/></net>

<net id="339"><net_src comp="6" pin="0"/><net_sink comp="335" pin=1"/></net>

<net id="345"><net_src comp="335" pin="2"/><net_sink comp="340" pin=0"/></net>

<net id="346"><net_src comp="6" pin="0"/><net_sink comp="340" pin=1"/></net>

<net id="347"><net_src comp="134" pin="1"/><net_sink comp="340" pin=2"/></net>

<net id="348"><net_src comp="340" pin="3"/><net_sink comp="82" pin=2"/></net>

<net id="354"><net_src comp="196" pin="1"/><net_sink comp="351" pin=0"/></net>

<net id="355"><net_src comp="351" pin="1"/><net_sink comp="299" pin=1"/></net>

<net id="359"><net_src comp="206" pin="1"/><net_sink comp="356" pin=0"/></net>

<net id="360"><net_src comp="356" pin="1"/><net_sink comp="109" pin=2"/></net>

<net id="364"><net_src comp="210" pin="2"/><net_sink comp="361" pin=0"/></net>

<net id="368"><net_src comp="216" pin="2"/><net_sink comp="365" pin=0"/></net>

<net id="369"><net_src comp="365" pin="1"/><net_sink comp="238" pin=0"/></net>

<net id="373"><net_src comp="222" pin="3"/><net_sink comp="370" pin=0"/></net>

<net id="374"><net_src comp="370" pin="1"/><net_sink comp="175" pin=2"/></net>

<net id="378"><net_src comp="230" pin="3"/><net_sink comp="375" pin=0"/></net>

<net id="379"><net_src comp="375" pin="1"/><net_sink comp="182" pin=2"/></net>

<net id="383"><net_src comp="238" pin="3"/><net_sink comp="380" pin=0"/></net>

<net id="384"><net_src comp="380" pin="1"/><net_sink comp="189" pin=2"/></net>

<net id="388"><net_src comp="175" pin="3"/><net_sink comp="385" pin=0"/></net>

<net id="389"><net_src comp="385" pin="1"/><net_sink comp="245" pin=0"/></net>

<net id="393"><net_src comp="182" pin="3"/><net_sink comp="390" pin=0"/></net>

<net id="394"><net_src comp="390" pin="1"/><net_sink comp="262" pin=0"/></net>

<net id="398"><net_src comp="248" pin="2"/><net_sink comp="395" pin=0"/></net>

<net id="399"><net_src comp="395" pin="1"/><net_sink comp="313" pin=0"/></net>

<net id="403"><net_src comp="265" pin="2"/><net_sink comp="400" pin=0"/></net>

<net id="404"><net_src comp="400" pin="1"/><net_sink comp="308" pin=1"/></net>

<net id="408"><net_src comp="271" pin="3"/><net_sink comp="405" pin=0"/></net>

<net id="409"><net_src comp="405" pin="1"/><net_sink comp="286" pin=1"/></net>

<net id="410"><net_src comp="405" pin="1"/><net_sink comp="328" pin=2"/></net>

<net id="414"><net_src comp="189" pin="3"/><net_sink comp="411" pin=0"/></net>

<net id="415"><net_src comp="411" pin="1"/><net_sink comp="283" pin=0"/></net>

<net id="419"><net_src comp="320" pin="3"/><net_sink comp="416" pin=0"/></net>

<net id="420"><net_src comp="416" pin="1"/><net_sink comp="165" pin=2"/></net>

<net id="421"><net_src comp="416" pin="1"/><net_sink comp="335" pin=0"/></net>

<net id="425"><net_src comp="328" pin="3"/><net_sink comp="422" pin=0"/></net>

<net id="426"><net_src comp="422" pin="1"/><net_sink comp="151" pin=2"/></net>

<net id="430"><net_src comp="340" pin="3"/><net_sink comp="427" pin=0"/></net>

<net id="431"><net_src comp="427" pin="1"/><net_sink comp="82" pin=2"/></net>

</net_list>

</model> 
---------------- Datapath Model END ------------------

* FSMD analyzer results:
  - Output states:
	Port: out_pixel | {21 }
 - Input state : 
	Port: getPixelClassification_Stream : in_pixel | {2 }
  - Chain level:
	State 1
	State 2
		minimumDistanceIndex : 1
		i_2 : 2
		tmp_3 : 3
		exitcond : 3
		StgValue_33 : 4
	State 3
		in_pixel6_phi : 1
		p_color_array_load_0_s : 1
		p_color_array_load_1_s : 1
	State 4
	State 5
	State 6
	State 7
	State 8
	State 9
	State 10
	State 11
	State 12
	State 13
	State 14
	State 15
	State 16
	State 17
	State 18
		tmp_2 : 1
		distance_0_minimumDi : 2
		tmp_2_1 : 3
		distance_0_minimumDi_1 : 4
	State 19
		tmp_2_2 : 1
		newSel_v_cast_cast : 2
		newSel : 3
		newSel_cast : 4
		or_cond : 2
		newSel1 : 1
		newSel3 : 5
		distance_0_minimumDi_2 : 2
	State 20
		in_pixel_assign : 1
		StgValue_106 : 2
	State 21
		empty_14 : 1


============================================================
+ Verbose Summary: Datapath Resource usage 
============================================================

* Functional unit list:
|----------|-------------------------------|---------|---------|---------|---------|
| Operation|        Functional Unit        |  DSP48E |  Delay  |    FF   |   LUT   |
|----------|-------------------------------|---------|---------|---------|---------|
|          |  grp_getColorDistance_fu_175  |    0    |  1.769  |   467   |   2403  |
|   call   |  grp_getColorDistance_fu_182  |    0    |  1.769  |   467   |   2403  |
|          |  grp_getColorDistance_fu_189  |    0    |  1.769  |   467   |   2403  |
|----------|-------------------------------|---------|---------|---------|---------|
|          | p_color_array_load_0_s_fu_222 |    0    |    0    |    0    |    17   |
|          | p_color_array_load_1_s_fu_230 |    0    |    0    |    0    |    17   |
|          | p_color_array_load_2_s_fu_238 |    0    |    0    |    0    |    17   |
|          |  distance_0_minimumDi_fu_254  |    0    |    0    |    0    |    32   |
|  select  | distance_0_minimumDi_1_fu_271 |    0    |    0    |    0    |    32   |
|          |   newSel_v_cast_cast_fu_291   |    0    |    0    |    0    |    3    |
|          |         newSel1_fu_313        |    0    |    0    |    0    |    32   |
|          |         newSel3_fu_320        |    0    |    0    |    0    |    32   |
|          | distance_0_minimumDi_2_fu_328 |    0    |    0    |    0    |    32   |
|          |     in_pixel_assign_fu_340    |    0    |    0    |    0    |    32   |
|----------|-------------------------------|---------|---------|---------|---------|
|          |        exitcond_fu_210        |    0    |    0    |    0    |    9    |
|          |          cond_fu_216          |    0    |    0    |    0    |    8    |
|   icmp   |          tmp_2_fu_248         |    0    |    0    |    0    |    18   |
|          |         tmp_2_1_fu_265        |    0    |    0    |    0    |    18   |
|          |         tmp_2_2_fu_286        |    0    |    0    |    0    |    18   |
|          |           tmp_fu_335          |    0    |    0    |    0    |    18   |
|----------|-------------------------------|---------|---------|---------|---------|
|    add   |           i_2_fu_200          |    0    |    0    |    0    |    12   |
|          |         newSel_fu_299         |    0    |    0    |    0    |    12   |
|----------|-------------------------------|---------|---------|---------|---------|
|    or    |         or_cond_fu_308        |    0    |    0    |    0    |    8    |
|----------|-------------------------------|---------|---------|---------|---------|
|   read   |         grp_read_fu_76        |    0    |    0    |    0    |    0    |
|----------|-------------------------------|---------|---------|---------|---------|
|   write  |        grp_write_fu_82        |    0    |    0    |    0    |    0    |
|----------|-------------------------------|---------|---------|---------|---------|
|          |  minimumDistanceIndex_fu_196  |    0    |    0    |    0    |    0    |
|          |  minimumDistance_2_ex_fu_245  |    0    |    0    |    0    |    0    |
|   zext   |  minimumDistance_2_1_s_fu_262 |    0    |    0    |    0    |    0    |
|          | minimumDistanceIndex_2_fu_279 |    0    |    0    |    0    |    0    |
|          |  minimumDistance_2_2_s_fu_283 |    0    |    0    |    0    |    0    |
|          |       newSel_cast_fu_304      |    0    |    0    |    0    |    0    |
|----------|-------------------------------|---------|---------|---------|---------|
|   trunc  |          tmp_3_fu_206         |    0    |    0    |    0    |    0    |
|----------|-------------------------------|---------|---------|---------|---------|
|  return  |      StgValue_116_fu_349      |    0    |    0    |    0    |    0    |
|----------|-------------------------------|---------|---------|---------|---------|
|   Total  |                               |    0    |  5.307  |   1401  |   7576  |
|----------|-------------------------------|---------|---------|---------|---------|

Memories:
N/A

* Register list:
+------------------------------+--------+
|                              |   FF   |
+------------------------------+--------+
|         cond_reg_365         |    1   |
|distance_0_minimumDi_1_reg_405|   32   |
|distance_0_minimumDi_2_reg_422|   32   |
|        do_init_reg_89        |    1   |
|       exitcond_reg_361       |    1   |
|     in_pixel6_phi_reg_134    |   32   |
|   in_pixel6_rewind_reg_120   |   32   |
|    in_pixel_assign_reg_427   |   32   |
|   minimumDistance4_reg_147   |   32   |
|minimumDistanceIndex_1_reg_161|   32   |
|minimumDistanceIndex_3_reg_105|    2   |
| minimumDistanceIndex_reg_351 |    3   |
|  minimumDistance_2_1_reg_390 |   12   |
|  minimumDistance_2_2_reg_411 |   12   |
|   minimumDistance_2_reg_385  |   12   |
|        newSel3_reg_416       |   32   |
|p_color_array_load_0_s_reg_370|   17   |
|p_color_array_load_1_s_reg_375|   17   |
|p_color_array_load_2_s_reg_380|   17   |
|        tmp_2_1_reg_400       |    1   |
|         tmp_2_reg_395        |    1   |
|         tmp_3_reg_356        |    2   |
+------------------------------+--------+
|             Total            |   355  |
+------------------------------+--------+

* Multiplexer (MUX) list: 
|--------------------------------|------|------|------|--------||---------||---------|
|              Comp              |  Pin | Size |  BW  | S x BW ||  Delay  ||   LUT   |
|--------------------------------|------|------|------|--------||---------||---------|
|         grp_write_fu_82        |  p2  |   2  |  32  |   64   ||    9    |
|         do_init_reg_89         |  p0  |   2  |   1  |    2   ||    9    |
| minimumDistanceIndex_3_reg_105 |  p0  |   2  |   2  |    4   ||    9    |
|--------------------------------|------|------|------|--------||---------||---------|
|              Total             |      |      |      |   70   ||  5.307  ||    27   |
|--------------------------------|------|------|------|--------||---------||---------|



* Summary:
+-----------+--------+--------+--------+--------+
|           | DSP48E |  Delay |   FF   |   LUT  |
+-----------+--------+--------+--------+--------+
|  Function |    0   |    5   |  1401  |  7576  |
|   Memory  |    -   |    -   |    -   |    -   |
|Multiplexer|    -   |    5   |    -   |   27   |
|  Register |    -   |    -   |   355  |    -   |
+-----------+--------+--------+--------+--------+
|   Total   |    0   |   10   |  1756  |  7603  |
+-----------+--------+--------+--------+--------+
