

================================================================
== Vivado HLS Report for 'getPixelClassification_Stream'
================================================================
* Date:           Mon Apr 23 17:28:27 2018

* Version:        2017.4 (Build 2086221 on Fri Dec 15 21:13:33 MST 2017)
* Project:        ColorComparator
* Solution:       solution1
* Product family: zynq
* Target device:  xc7z020clg400-1


================================================================
== Performance Estimates
================================================================
+ Timing (ns): 
    * Summary: 
    +--------+-------+----------+------------+
    |  Clock | Target| Estimated| Uncertainty|
    +--------+-------+----------+------------+
    |ap_clk  |  10.00|      8.68|        1.25|
    +--------+-------+----------+------------+

+ Latency (clock cycles): 
    * Summary: 
    +-----+-----+-----+-----+-------------+
    |  Latency  |  Interval |   Pipeline  |
    | min | max | min | max |     Type    |
    +-----+-----+-----+-----+-------------+
    |   22|   23|    2|    2| loop rewind |
    +-----+-----+-----+-----+-------------+

    + Detail: 
        * Instance: 
        +---------------------------------+----------------------+-----+-----+-----+-----+----------+
        |                                 |                      |  Latency  |  Interval | Pipeline |
        |             Instance            |        Module        | min | max | min | max |   Type   |
        +---------------------------------+----------------------+-----+-----+-----+-----+----------+
        |grp_getColorDistance_Str_fu_229  |getColorDistance_Str  |   15|   15|    1|    1| function |
        |grp_getColorDistance_Str_fu_236  |getColorDistance_Str  |   15|   15|    1|    1| function |
        |grp_getColorDistance_Str_fu_243  |getColorDistance_Str  |   15|   15|    1|    1| function |
        +---------------------------------+----------------------+-----+-----+-----+-----+----------+

        * Loop: 
        +--------------------+-----+-----+----------+-----------+-----------+------+----------+
        |                    |  Latency  | Iteration|  Initiation Interval  | Trip |          |
        |      Loop Name     | min | max |  Latency |  achieved |   target  | Count| Pipelined|
        +--------------------+-----+-----+----------+-----------+-----------+------+----------+
        |- PIXEL_COLOR_LOOP  |   22|   22|        22|          1|          1|     2|    yes   |
        +--------------------+-----+-----+----------+-----------+-----------+------+----------+

============================================================
+ Verbose Summary: Synthesis Manager
============================================================
InlineROM: 1
ExposeGlobal: 0
============================================================
+ Verbose Summary: CDFG Model
============================================================
IsTopModel: 1
ResetActiveHigh: 1
IsCombinational: 0
IsDatapathOnly: 0
HasWiredReturn: 1
HasMFsm: 0
HasVarLatency: 1
IsPipeline: 0
IsRtlPipelined: 0
IsInstanceOverlapped: 0
IsDontTouch: 0
HasImplIP: 0
IsGatedGlobalClock: 0

+ Individual pipeline summary: 
  * Pipeline-0: initiation interval (II) = 1, depth = 22


============================================================
+ Verbose Summary: Schedule
============================================================
* Number of FSM states : 23
* Pipeline : 1
  Pipeline-0 : II = 1, D = 22, States = { 2 3 4 5 6 7 8 9 10 11 12 13 14 15 16 17 18 19 20 21 22 23 }
* Dataflow Pipeline: 0

* FSM state transitions: 
1 --> 
	2  / true
2 --> 
	3  / true
3 --> 
	4  / true
4 --> 
	5  / true
5 --> 
	6  / true
6 --> 
	7  / true
7 --> 
	8  / true
8 --> 
	9  / true
9 --> 
	10  / true
10 --> 
	11  / true
11 --> 
	12  / true
12 --> 
	13  / true
13 --> 
	14  / true
14 --> 
	15  / true
15 --> 
	16  / true
16 --> 
	17  / true
17 --> 
	18  / true
18 --> 
	19  / true
19 --> 
	20  / true
20 --> 
	21  / true
21 --> 
	22  / true
22 --> 
	23  / true
23 --> 
	2  / true

* FSM state operations: 

 <State 1> : 1.77ns
ST_1 : Operation 24 [1/1] (0.00ns)   --->   "call void (...)* @_ssdm_op_SpecInterface(i32 0, [13 x i8]* @p_str3, i32 0, i32 0, [1 x i8]* @p_str2, i32 0, i32 0, [1 x i8]* @p_str2, [1 x i8]* @p_str2, [1 x i8]* @p_str2, i32 0, i32 0, i32 0, i32 0, [1 x i8]* @p_str2, [1 x i8]* @p_str2) nounwind" [ColorComparator/ColorComparator.cpp:65]
ST_1 : Operation 25 [1/1] (0.00ns)   --->   "call void (...)* @_ssdm_op_SpecInterface(i24 %in_pixel_V, [5 x i8]* @p_str5, i32 1, i32 1, [5 x i8]* @p_str6, i32 0, i32 0, [1 x i8]* @p_str2, [1 x i8]* @p_str2, [1 x i8]* @p_str2, i32 0, i32 0, i32 0, i32 0, [1 x i8]* @p_str2, [1 x i8]* @p_str2) nounwind" [ColorComparator/ColorComparator.cpp:65]
ST_1 : Operation 26 [1/1] (0.00ns)   --->   "call void (...)* @_ssdm_op_SpecInterface(i24* %out_pixel_V, [5 x i8]* @p_str5, i32 1, i32 1, [5 x i8]* @p_str6, i32 0, i32 0, [1 x i8]* @p_str2, [1 x i8]* @p_str2, [1 x i8]* @p_str2, i32 0, i32 0, i32 0, i32 0, [1 x i8]* @p_str2, [1 x i8]* @p_str2) nounwind" [ColorComparator/ColorComparator.cpp:65]
ST_1 : Operation 27 [1/1] (1.76ns)   --->   "br label %rewind_header" [ColorComparator/ColorComparator.cpp:68]

 <State 2> : 4.82ns
ST_2 : Operation 28 [1/1] (0.00ns)   --->   "%do_init = phi i1 [ true, %0 ], [ false, %_ifconv ], [ true, %10 ]"
ST_2 : Operation 29 [1/1] (0.00ns)   --->   "%minimumDistanceIndex_9 = phi i2 [ 0, %0 ], [ %tmp_4, %_ifconv ], [ 0, %10 ]" [ColorComparator/ColorComparator.cpp:68]
ST_2 : Operation 30 [2/2] (0.00ns)   --->   "%in_pixel_V_read = call i24 @_ssdm_op_Read.axis.i24(i24 %in_pixel_V)"   --->   Core 5 'AXI4Stream' <Latency = 0> <II = 1> <Delay = 1.00> <Adapter> <Opcode : >
ST_2 : Operation 31 [1/1] (0.00ns)   --->   "%minimumDistanceIndex = zext i2 %minimumDistanceIndex_9 to i3" [ColorComparator/ColorComparator.cpp:68]
ST_2 : Operation 32 [1/1] (0.00ns)   --->   "%tmp1 = zext i2 %minimumDistanceIndex_9 to i64" [ColorComparator/ColorComparator.cpp:69]
ST_2 : Operation 33 [1/1] (0.00ns)   --->   "%p_color_array_stream_s = getelementptr [6 x i17]* @p_color_array_stream_s, i64 0, i64 %tmp1" [ColorComparator/ColorComparator.cpp:69]
ST_2 : Operation 34 [2/2] (3.25ns)   --->   "%p_color_array_stream_1 = load i17* %p_color_array_stream_s, align 4" [ColorComparator/ColorComparator.cpp:69]   --->   Core 48 'ROM_nP' <Latency = 1> <II = 1> <Delay = 3.25> <Storage> <Opcode : 'load'> <Ports = 0> <Width = 17> <Depth = 6> <ROM>
ST_2 : Operation 35 [1/1] (1.56ns)   --->   "%i = add i3 1, %minimumDistanceIndex" [ColorComparator/ColorComparator.cpp:68]   --->   Core 14 'AddSub' <Latency = 0> <II = 1> <Delay = 1.65> <FuncUnit> <Opcode : 'add' 'sub'> <InPorts = 2> <OutPorts = 1>
ST_2 : Operation 36 [1/1] (0.00ns)   --->   "%tmp_s = zext i3 %i to i64" [ColorComparator/ColorComparator.cpp:69]
ST_2 : Operation 37 [1/1] (0.00ns)   --->   "%p_color_array_stream_2 = getelementptr [6 x i17]* @p_color_array_stream_s, i64 0, i64 %tmp_s" [ColorComparator/ColorComparator.cpp:69]
ST_2 : Operation 38 [2/2] (3.25ns)   --->   "%p_color_array_stream_3 = load i17* %p_color_array_stream_2, align 4" [ColorComparator/ColorComparator.cpp:69]   --->   Core 48 'ROM_nP' <Latency = 1> <II = 1> <Delay = 3.25> <Storage> <Opcode : 'load'> <Ports = 0> <Width = 17> <Depth = 6> <ROM>
ST_2 : Operation 39 [1/1] (1.65ns)   --->   "%i_2 = add i3 3, %minimumDistanceIndex" [ColorComparator/ColorComparator.cpp:68]   --->   Core 14 'AddSub' <Latency = 0> <II = 1> <Delay = 1.65> <FuncUnit> <Opcode : 'add' 'sub'> <InPorts = 2> <OutPorts = 1>
ST_2 : Operation 40 [1/1] (0.00ns)   --->   "%tmp_4 = trunc i3 %i_2 to i2" [ColorComparator/ColorComparator.cpp:68]
ST_2 : Operation 41 [1/1] (1.13ns)   --->   "%exitcond = icmp eq i3 %i_2, -2" [ColorComparator/ColorComparator.cpp:68]   --->   Core 25 'Cmp' <Latency = 0> <II = 1> <Delay = 1.99> <FuncUnit> <Opcode : 'icmp'> <InPorts = 2> <OutPorts = 1>
ST_2 : Operation 42 [1/1] (0.00ns)   --->   "br i1 %exitcond, label %1, label %rewind_header" [ColorComparator/ColorComparator.cpp:68]
ST_2 : Operation 43 [1/1] (0.00ns)   --->   "br label %rewind_header" [ColorComparator/ColorComparator.cpp:111]

 <State 3> : 4.90ns
ST_3 : Operation 44 [1/2] (0.00ns)   --->   "%in_pixel_V_read = call i24 @_ssdm_op_Read.axis.i24(i24 %in_pixel_V)"   --->   Core 5 'AXI4Stream' <Latency = 0> <II = 1> <Delay = 1.00> <Adapter> <Opcode : >
ST_3 : Operation 45 [1/1] (1.76ns)   --->   "br label %_ifconv" [ColorComparator/ColorComparator.cpp:68]
ST_3 : Operation 46 [1/2] (3.25ns)   --->   "%p_color_array_stream_1 = load i17* %p_color_array_stream_s, align 4" [ColorComparator/ColorComparator.cpp:69]   --->   Core 48 'ROM_nP' <Latency = 1> <II = 1> <Delay = 3.25> <Storage> <Opcode : 'load'> <Ports = 0> <Width = 17> <Depth = 6> <ROM>
ST_3 : Operation 47 [1/2] (3.25ns)   --->   "%p_color_array_stream_3 = load i17* %p_color_array_stream_2, align 4" [ColorComparator/ColorComparator.cpp:69]   --->   Core 48 'ROM_nP' <Latency = 1> <II = 1> <Delay = 3.25> <Storage> <Opcode : 'load'> <Ports = 0> <Width = 17> <Depth = 6> <ROM>
ST_3 : Operation 48 [1/1] (1.65ns)   --->   "%i_1 = add i3 2, %minimumDistanceIndex" [ColorComparator/ColorComparator.cpp:68]   --->   Core 14 'AddSub' <Latency = 0> <II = 1> <Delay = 1.65> <FuncUnit> <Opcode : 'add' 'sub'> <InPorts = 2> <OutPorts = 1>
ST_3 : Operation 49 [1/1] (0.00ns)   --->   "%tmp_3 = zext i3 %i_1 to i64" [ColorComparator/ColorComparator.cpp:69]
ST_3 : Operation 50 [1/1] (0.00ns)   --->   "%p_color_array_stream_4 = getelementptr [6 x i17]* @p_color_array_stream_s, i64 0, i64 %tmp_3" [ColorComparator/ColorComparator.cpp:69]
ST_3 : Operation 51 [2/2] (3.25ns)   --->   "%p_color_array_stream_5 = load i17* %p_color_array_stream_4, align 4" [ColorComparator/ColorComparator.cpp:69]   --->   Core 48 'ROM_nP' <Latency = 1> <II = 1> <Delay = 3.25> <Storage> <Opcode : 'load'> <Ports = 0> <Width = 17> <Depth = 6> <ROM>

 <State 4> : 8.03ns
ST_4 : Operation 52 [1/1] (0.00ns)   --->   "%in_pixel_V5_rewind = phi i24 [ undef, %0 ], [ %in_pixel_V5_phi, %_ifconv ], [ undef, %10 ]"
ST_4 : Operation 53 [1/1] (1.76ns)   --->   "br i1 %do_init, label %rewind_init, label %_ifconv"
ST_4 : Operation 54 [1/1] (0.00ns)   --->   "%in_pixel_V5_phi = phi i24 [ %in_pixel_V_read, %rewind_init ], [ %in_pixel_V5_rewind, %rewind_header ]"
ST_4 : Operation 55 [16/16] (6.26ns)   --->   "%minimumDistance_4 = call fastcc i12 @getColorDistance_Str(i24 %in_pixel_V5_phi, i17 %p_color_array_stream_1)" [ColorComparator/ColorComparator.cpp:69]   --->   Core 0 '' <Latency = 0> <II = 1> <Delay = 1.00> <Generic> <Opcode : >
ST_4 : Operation 56 [16/16] (6.26ns)   --->   "%minimumDistance_4_1 = call fastcc i12 @getColorDistance_Str(i24 %in_pixel_V5_phi, i17 %p_color_array_stream_3)" [ColorComparator/ColorComparator.cpp:69]   --->   Core 0 '' <Latency = 0> <II = 1> <Delay = 1.00> <Generic> <Opcode : >
ST_4 : Operation 57 [1/2] (3.25ns)   --->   "%p_color_array_stream_5 = load i17* %p_color_array_stream_4, align 4" [ColorComparator/ColorComparator.cpp:69]   --->   Core 48 'ROM_nP' <Latency = 1> <II = 1> <Delay = 3.25> <Storage> <Opcode : 'load'> <Ports = 0> <Width = 17> <Depth = 6> <ROM>

 <State 5> : 8.68ns
ST_5 : Operation 58 [15/16] (8.67ns)   --->   "%minimumDistance_4 = call fastcc i12 @getColorDistance_Str(i24 %in_pixel_V5_phi, i17 %p_color_array_stream_1)" [ColorComparator/ColorComparator.cpp:69]   --->   Core 0 '' <Latency = 0> <II = 1> <Delay = 1.00> <Generic> <Opcode : >
ST_5 : Operation 59 [15/16] (8.67ns)   --->   "%minimumDistance_4_1 = call fastcc i12 @getColorDistance_Str(i24 %in_pixel_V5_phi, i17 %p_color_array_stream_3)" [ColorComparator/ColorComparator.cpp:69]   --->   Core 0 '' <Latency = 0> <II = 1> <Delay = 1.00> <Generic> <Opcode : >
ST_5 : Operation 60 [16/16] (6.26ns)   --->   "%minimumDistance_4_2 = call fastcc i12 @getColorDistance_Str(i24 %in_pixel_V5_phi, i17 %p_color_array_stream_5)" [ColorComparator/ColorComparator.cpp:69]   --->   Core 0 '' <Latency = 0> <II = 1> <Delay = 1.00> <Generic> <Opcode : >

 <State 6> : 8.68ns
ST_6 : Operation 61 [14/16] (8.67ns)   --->   "%minimumDistance_4 = call fastcc i12 @getColorDistance_Str(i24 %in_pixel_V5_phi, i17 %p_color_array_stream_1)" [ColorComparator/ColorComparator.cpp:69]   --->   Core 0 '' <Latency = 0> <II = 1> <Delay = 1.00> <Generic> <Opcode : >
ST_6 : Operation 62 [14/16] (8.67ns)   --->   "%minimumDistance_4_1 = call fastcc i12 @getColorDistance_Str(i24 %in_pixel_V5_phi, i17 %p_color_array_stream_3)" [ColorComparator/ColorComparator.cpp:69]   --->   Core 0 '' <Latency = 0> <II = 1> <Delay = 1.00> <Generic> <Opcode : >
ST_6 : Operation 63 [15/16] (8.67ns)   --->   "%minimumDistance_4_2 = call fastcc i12 @getColorDistance_Str(i24 %in_pixel_V5_phi, i17 %p_color_array_stream_5)" [ColorComparator/ColorComparator.cpp:69]   --->   Core 0 '' <Latency = 0> <II = 1> <Delay = 1.00> <Generic> <Opcode : >

 <State 7> : 8.68ns
ST_7 : Operation 64 [13/16] (8.67ns)   --->   "%minimumDistance_4 = call fastcc i12 @getColorDistance_Str(i24 %in_pixel_V5_phi, i17 %p_color_array_stream_1)" [ColorComparator/ColorComparator.cpp:69]   --->   Core 0 '' <Latency = 0> <II = 1> <Delay = 1.00> <Generic> <Opcode : >
ST_7 : Operation 65 [13/16] (8.67ns)   --->   "%minimumDistance_4_1 = call fastcc i12 @getColorDistance_Str(i24 %in_pixel_V5_phi, i17 %p_color_array_stream_3)" [ColorComparator/ColorComparator.cpp:69]   --->   Core 0 '' <Latency = 0> <II = 1> <Delay = 1.00> <Generic> <Opcode : >
ST_7 : Operation 66 [14/16] (8.67ns)   --->   "%minimumDistance_4_2 = call fastcc i12 @getColorDistance_Str(i24 %in_pixel_V5_phi, i17 %p_color_array_stream_5)" [ColorComparator/ColorComparator.cpp:69]   --->   Core 0 '' <Latency = 0> <II = 1> <Delay = 1.00> <Generic> <Opcode : >

 <State 8> : 8.68ns
ST_8 : Operation 67 [12/16] (8.67ns)   --->   "%minimumDistance_4 = call fastcc i12 @getColorDistance_Str(i24 %in_pixel_V5_phi, i17 %p_color_array_stream_1)" [ColorComparator/ColorComparator.cpp:69]   --->   Core 0 '' <Latency = 0> <II = 1> <Delay = 1.00> <Generic> <Opcode : >
ST_8 : Operation 68 [12/16] (8.67ns)   --->   "%minimumDistance_4_1 = call fastcc i12 @getColorDistance_Str(i24 %in_pixel_V5_phi, i17 %p_color_array_stream_3)" [ColorComparator/ColorComparator.cpp:69]   --->   Core 0 '' <Latency = 0> <II = 1> <Delay = 1.00> <Generic> <Opcode : >
ST_8 : Operation 69 [13/16] (8.67ns)   --->   "%minimumDistance_4_2 = call fastcc i12 @getColorDistance_Str(i24 %in_pixel_V5_phi, i17 %p_color_array_stream_5)" [ColorComparator/ColorComparator.cpp:69]   --->   Core 0 '' <Latency = 0> <II = 1> <Delay = 1.00> <Generic> <Opcode : >

 <State 9> : 8.68ns
ST_9 : Operation 70 [11/16] (8.67ns)   --->   "%minimumDistance_4 = call fastcc i12 @getColorDistance_Str(i24 %in_pixel_V5_phi, i17 %p_color_array_stream_1)" [ColorComparator/ColorComparator.cpp:69]   --->   Core 0 '' <Latency = 0> <II = 1> <Delay = 1.00> <Generic> <Opcode : >
ST_9 : Operation 71 [11/16] (8.67ns)   --->   "%minimumDistance_4_1 = call fastcc i12 @getColorDistance_Str(i24 %in_pixel_V5_phi, i17 %p_color_array_stream_3)" [ColorComparator/ColorComparator.cpp:69]   --->   Core 0 '' <Latency = 0> <II = 1> <Delay = 1.00> <Generic> <Opcode : >
ST_9 : Operation 72 [12/16] (8.67ns)   --->   "%minimumDistance_4_2 = call fastcc i12 @getColorDistance_Str(i24 %in_pixel_V5_phi, i17 %p_color_array_stream_5)" [ColorComparator/ColorComparator.cpp:69]   --->   Core 0 '' <Latency = 0> <II = 1> <Delay = 1.00> <Generic> <Opcode : >

 <State 10> : 8.68ns
ST_10 : Operation 73 [10/16] (8.67ns)   --->   "%minimumDistance_4 = call fastcc i12 @getColorDistance_Str(i24 %in_pixel_V5_phi, i17 %p_color_array_stream_1)" [ColorComparator/ColorComparator.cpp:69]   --->   Core 0 '' <Latency = 0> <II = 1> <Delay = 1.00> <Generic> <Opcode : >
ST_10 : Operation 74 [10/16] (8.67ns)   --->   "%minimumDistance_4_1 = call fastcc i12 @getColorDistance_Str(i24 %in_pixel_V5_phi, i17 %p_color_array_stream_3)" [ColorComparator/ColorComparator.cpp:69]   --->   Core 0 '' <Latency = 0> <II = 1> <Delay = 1.00> <Generic> <Opcode : >
ST_10 : Operation 75 [11/16] (8.67ns)   --->   "%minimumDistance_4_2 = call fastcc i12 @getColorDistance_Str(i24 %in_pixel_V5_phi, i17 %p_color_array_stream_5)" [ColorComparator/ColorComparator.cpp:69]   --->   Core 0 '' <Latency = 0> <II = 1> <Delay = 1.00> <Generic> <Opcode : >

 <State 11> : 8.68ns
ST_11 : Operation 76 [9/16] (8.67ns)   --->   "%minimumDistance_4 = call fastcc i12 @getColorDistance_Str(i24 %in_pixel_V5_phi, i17 %p_color_array_stream_1)" [ColorComparator/ColorComparator.cpp:69]   --->   Core 0 '' <Latency = 0> <II = 1> <Delay = 1.00> <Generic> <Opcode : >
ST_11 : Operation 77 [9/16] (8.67ns)   --->   "%minimumDistance_4_1 = call fastcc i12 @getColorDistance_Str(i24 %in_pixel_V5_phi, i17 %p_color_array_stream_3)" [ColorComparator/ColorComparator.cpp:69]   --->   Core 0 '' <Latency = 0> <II = 1> <Delay = 1.00> <Generic> <Opcode : >
ST_11 : Operation 78 [10/16] (8.67ns)   --->   "%minimumDistance_4_2 = call fastcc i12 @getColorDistance_Str(i24 %in_pixel_V5_phi, i17 %p_color_array_stream_5)" [ColorComparator/ColorComparator.cpp:69]   --->   Core 0 '' <Latency = 0> <II = 1> <Delay = 1.00> <Generic> <Opcode : >

 <State 12> : 8.68ns
ST_12 : Operation 79 [8/16] (8.67ns)   --->   "%minimumDistance_4 = call fastcc i12 @getColorDistance_Str(i24 %in_pixel_V5_phi, i17 %p_color_array_stream_1)" [ColorComparator/ColorComparator.cpp:69]   --->   Core 0 '' <Latency = 0> <II = 1> <Delay = 1.00> <Generic> <Opcode : >
ST_12 : Operation 80 [8/16] (8.67ns)   --->   "%minimumDistance_4_1 = call fastcc i12 @getColorDistance_Str(i24 %in_pixel_V5_phi, i17 %p_color_array_stream_3)" [ColorComparator/ColorComparator.cpp:69]   --->   Core 0 '' <Latency = 0> <II = 1> <Delay = 1.00> <Generic> <Opcode : >
ST_12 : Operation 81 [9/16] (8.67ns)   --->   "%minimumDistance_4_2 = call fastcc i12 @getColorDistance_Str(i24 %in_pixel_V5_phi, i17 %p_color_array_stream_5)" [ColorComparator/ColorComparator.cpp:69]   --->   Core 0 '' <Latency = 0> <II = 1> <Delay = 1.00> <Generic> <Opcode : >

 <State 13> : 8.68ns
ST_13 : Operation 82 [7/16] (8.67ns)   --->   "%minimumDistance_4 = call fastcc i12 @getColorDistance_Str(i24 %in_pixel_V5_phi, i17 %p_color_array_stream_1)" [ColorComparator/ColorComparator.cpp:69]   --->   Core 0 '' <Latency = 0> <II = 1> <Delay = 1.00> <Generic> <Opcode : >
ST_13 : Operation 83 [7/16] (8.67ns)   --->   "%minimumDistance_4_1 = call fastcc i12 @getColorDistance_Str(i24 %in_pixel_V5_phi, i17 %p_color_array_stream_3)" [ColorComparator/ColorComparator.cpp:69]   --->   Core 0 '' <Latency = 0> <II = 1> <Delay = 1.00> <Generic> <Opcode : >
ST_13 : Operation 84 [8/16] (8.67ns)   --->   "%minimumDistance_4_2 = call fastcc i12 @getColorDistance_Str(i24 %in_pixel_V5_phi, i17 %p_color_array_stream_5)" [ColorComparator/ColorComparator.cpp:69]   --->   Core 0 '' <Latency = 0> <II = 1> <Delay = 1.00> <Generic> <Opcode : >

 <State 14> : 8.68ns
ST_14 : Operation 85 [6/16] (8.67ns)   --->   "%minimumDistance_4 = call fastcc i12 @getColorDistance_Str(i24 %in_pixel_V5_phi, i17 %p_color_array_stream_1)" [ColorComparator/ColorComparator.cpp:69]   --->   Core 0 '' <Latency = 0> <II = 1> <Delay = 1.00> <Generic> <Opcode : >
ST_14 : Operation 86 [6/16] (8.67ns)   --->   "%minimumDistance_4_1 = call fastcc i12 @getColorDistance_Str(i24 %in_pixel_V5_phi, i17 %p_color_array_stream_3)" [ColorComparator/ColorComparator.cpp:69]   --->   Core 0 '' <Latency = 0> <II = 1> <Delay = 1.00> <Generic> <Opcode : >
ST_14 : Operation 87 [7/16] (8.67ns)   --->   "%minimumDistance_4_2 = call fastcc i12 @getColorDistance_Str(i24 %in_pixel_V5_phi, i17 %p_color_array_stream_5)" [ColorComparator/ColorComparator.cpp:69]   --->   Core 0 '' <Latency = 0> <II = 1> <Delay = 1.00> <Generic> <Opcode : >

 <State 15> : 8.68ns
ST_15 : Operation 88 [5/16] (8.67ns)   --->   "%minimumDistance_4 = call fastcc i12 @getColorDistance_Str(i24 %in_pixel_V5_phi, i17 %p_color_array_stream_1)" [ColorComparator/ColorComparator.cpp:69]   --->   Core 0 '' <Latency = 0> <II = 1> <Delay = 1.00> <Generic> <Opcode : >
ST_15 : Operation 89 [5/16] (8.67ns)   --->   "%minimumDistance_4_1 = call fastcc i12 @getColorDistance_Str(i24 %in_pixel_V5_phi, i17 %p_color_array_stream_3)" [ColorComparator/ColorComparator.cpp:69]   --->   Core 0 '' <Latency = 0> <II = 1> <Delay = 1.00> <Generic> <Opcode : >
ST_15 : Operation 90 [6/16] (8.67ns)   --->   "%minimumDistance_4_2 = call fastcc i12 @getColorDistance_Str(i24 %in_pixel_V5_phi, i17 %p_color_array_stream_5)" [ColorComparator/ColorComparator.cpp:69]   --->   Core 0 '' <Latency = 0> <II = 1> <Delay = 1.00> <Generic> <Opcode : >

 <State 16> : 8.68ns
ST_16 : Operation 91 [4/16] (8.67ns)   --->   "%minimumDistance_4 = call fastcc i12 @getColorDistance_Str(i24 %in_pixel_V5_phi, i17 %p_color_array_stream_1)" [ColorComparator/ColorComparator.cpp:69]   --->   Core 0 '' <Latency = 0> <II = 1> <Delay = 1.00> <Generic> <Opcode : >
ST_16 : Operation 92 [4/16] (8.67ns)   --->   "%minimumDistance_4_1 = call fastcc i12 @getColorDistance_Str(i24 %in_pixel_V5_phi, i17 %p_color_array_stream_3)" [ColorComparator/ColorComparator.cpp:69]   --->   Core 0 '' <Latency = 0> <II = 1> <Delay = 1.00> <Generic> <Opcode : >
ST_16 : Operation 93 [5/16] (8.67ns)   --->   "%minimumDistance_4_2 = call fastcc i12 @getColorDistance_Str(i24 %in_pixel_V5_phi, i17 %p_color_array_stream_5)" [ColorComparator/ColorComparator.cpp:69]   --->   Core 0 '' <Latency = 0> <II = 1> <Delay = 1.00> <Generic> <Opcode : >

 <State 17> : 8.68ns
ST_17 : Operation 94 [3/16] (8.67ns)   --->   "%minimumDistance_4 = call fastcc i12 @getColorDistance_Str(i24 %in_pixel_V5_phi, i17 %p_color_array_stream_1)" [ColorComparator/ColorComparator.cpp:69]   --->   Core 0 '' <Latency = 0> <II = 1> <Delay = 1.00> <Generic> <Opcode : >
ST_17 : Operation 95 [3/16] (8.67ns)   --->   "%minimumDistance_4_1 = call fastcc i12 @getColorDistance_Str(i24 %in_pixel_V5_phi, i17 %p_color_array_stream_3)" [ColorComparator/ColorComparator.cpp:69]   --->   Core 0 '' <Latency = 0> <II = 1> <Delay = 1.00> <Generic> <Opcode : >
ST_17 : Operation 96 [4/16] (8.67ns)   --->   "%minimumDistance_4_2 = call fastcc i12 @getColorDistance_Str(i24 %in_pixel_V5_phi, i17 %p_color_array_stream_5)" [ColorComparator/ColorComparator.cpp:69]   --->   Core 0 '' <Latency = 0> <II = 1> <Delay = 1.00> <Generic> <Opcode : >

 <State 18> : 8.68ns
ST_18 : Operation 97 [2/16] (8.67ns)   --->   "%minimumDistance_4 = call fastcc i12 @getColorDistance_Str(i24 %in_pixel_V5_phi, i17 %p_color_array_stream_1)" [ColorComparator/ColorComparator.cpp:69]   --->   Core 0 '' <Latency = 0> <II = 1> <Delay = 1.00> <Generic> <Opcode : >
ST_18 : Operation 98 [2/16] (8.67ns)   --->   "%minimumDistance_4_1 = call fastcc i12 @getColorDistance_Str(i24 %in_pixel_V5_phi, i17 %p_color_array_stream_3)" [ColorComparator/ColorComparator.cpp:69]   --->   Core 0 '' <Latency = 0> <II = 1> <Delay = 1.00> <Generic> <Opcode : >
ST_18 : Operation 99 [3/16] (8.67ns)   --->   "%minimumDistance_4_2 = call fastcc i12 @getColorDistance_Str(i24 %in_pixel_V5_phi, i17 %p_color_array_stream_5)" [ColorComparator/ColorComparator.cpp:69]   --->   Core 0 '' <Latency = 0> <II = 1> <Delay = 1.00> <Generic> <Opcode : >

 <State 19> : 8.68ns
ST_19 : Operation 100 [1/16] (6.10ns)   --->   "%minimumDistance_4 = call fastcc i12 @getColorDistance_Str(i24 %in_pixel_V5_phi, i17 %p_color_array_stream_1)" [ColorComparator/ColorComparator.cpp:69]   --->   Core 0 '' <Latency = 0> <II = 1> <Delay = 1.00> <Generic> <Opcode : >
ST_19 : Operation 101 [1/16] (6.10ns)   --->   "%minimumDistance_4_1 = call fastcc i12 @getColorDistance_Str(i24 %in_pixel_V5_phi, i17 %p_color_array_stream_3)" [ColorComparator/ColorComparator.cpp:69]   --->   Core 0 '' <Latency = 0> <II = 1> <Delay = 1.00> <Generic> <Opcode : >
ST_19 : Operation 102 [2/16] (8.67ns)   --->   "%minimumDistance_4_2 = call fastcc i12 @getColorDistance_Str(i24 %in_pixel_V5_phi, i17 %p_color_array_stream_5)" [ColorComparator/ColorComparator.cpp:69]   --->   Core 0 '' <Latency = 0> <II = 1> <Delay = 1.00> <Generic> <Opcode : >

 <State 20> : 7.69ns
ST_20 : Operation 103 [1/1] (0.00ns)   --->   "%minimumDistance4 = phi i32 [ 2147483647, %0 ], [ %minimumDistance_2_2, %_ifconv ], [ 2147483647, %10 ]" [ColorComparator/ColorComparator.cpp:71]
ST_20 : Operation 104 [1/1] (0.00ns)   --->   "%minimumDistance_4_ex = zext i12 %minimumDistance_4 to i32" [ColorComparator/ColorComparator.cpp:69]
ST_20 : Operation 105 [1/1] (2.47ns)   --->   "%tmp_1 = icmp slt i32 %minimumDistance_4_ex, %minimumDistance4" [ColorComparator/ColorComparator.cpp:71]   --->   Core 25 'Cmp' <Latency = 0> <II = 1> <Delay = 1.99> <FuncUnit> <Opcode : 'icmp'> <InPorts = 2> <OutPorts = 1>
ST_20 : Operation 106 [1/1] (1.99ns)   --->   "%tmp_2 = icmp ult i12 %minimumDistance_4, 265" [ColorComparator/ColorComparator.cpp:72]   --->   Core 25 'Cmp' <Latency = 0> <II = 1> <Delay = 1.99> <FuncUnit> <Opcode : 'icmp'> <InPorts = 2> <OutPorts = 1>
ST_20 : Operation 107 [1/1] (0.00ns) (grouped into LUT with out node minimumDistance_2)   --->   "%minimumDistance_1 = select i1 %tmp_2, i32 %minimumDistance_4_ex, i32 %minimumDistance4" [ColorComparator/ColorComparator.cpp:72]   --->   Core 26 'Sel' <Latency = 0> <II = 1> <Delay = 1.37> <FuncUnit> <Opcode : 'select'> <InPorts = 3> <OutPorts = 1>
ST_20 : Operation 108 [1/1] (1.37ns) (out node of the LUT)   --->   "%minimumDistance_2 = select i1 %tmp_1, i32 %minimumDistance_1, i32 %minimumDistance4" [ColorComparator/ColorComparator.cpp:71]   --->   Core 26 'Sel' <Latency = 0> <II = 1> <Delay = 1.37> <FuncUnit> <Opcode : 'select'> <InPorts = 3> <OutPorts = 1>
ST_20 : Operation 109 [1/1] (0.00ns)   --->   "%minimumDistance_4_1_s = zext i12 %minimumDistance_4_1 to i32" [ColorComparator/ColorComparator.cpp:69]
ST_20 : Operation 110 [1/1] (2.47ns)   --->   "%tmp_1_1 = icmp slt i32 %minimumDistance_4_1_s, %minimumDistance_2" [ColorComparator/ColorComparator.cpp:71]   --->   Core 25 'Cmp' <Latency = 0> <II = 1> <Delay = 1.99> <FuncUnit> <Opcode : 'icmp'> <InPorts = 2> <OutPorts = 1>
ST_20 : Operation 111 [1/1] (1.99ns)   --->   "%tmp_2_1 = icmp ult i12 %minimumDistance_4_1, 265" [ColorComparator/ColorComparator.cpp:72]   --->   Core 25 'Cmp' <Latency = 0> <II = 1> <Delay = 1.99> <FuncUnit> <Opcode : 'icmp'> <InPorts = 2> <OutPorts = 1>
ST_20 : Operation 112 [1/1] (0.00ns) (grouped into LUT with out node minimumDistance_2_1)   --->   "%minimumDistance_1_1 = select i1 %tmp_2_1, i32 %minimumDistance_4_1_s, i32 %minimumDistance_2" [ColorComparator/ColorComparator.cpp:72]   --->   Core 26 'Sel' <Latency = 0> <II = 1> <Delay = 1.37> <FuncUnit> <Opcode : 'select'> <InPorts = 3> <OutPorts = 1>
ST_20 : Operation 113 [1/1] (1.37ns) (out node of the LUT)   --->   "%minimumDistance_2_1 = select i1 %tmp_1_1, i32 %minimumDistance_1_1, i32 %minimumDistance_2" [ColorComparator/ColorComparator.cpp:71]   --->   Core 26 'Sel' <Latency = 0> <II = 1> <Delay = 1.37> <FuncUnit> <Opcode : 'select'> <InPorts = 3> <OutPorts = 1>
ST_20 : Operation 114 [1/16] (6.10ns)   --->   "%minimumDistance_4_2 = call fastcc i12 @getColorDistance_Str(i24 %in_pixel_V5_phi, i17 %p_color_array_stream_5)" [ColorComparator/ColorComparator.cpp:69]   --->   Core 0 '' <Latency = 0> <II = 1> <Delay = 1.00> <Generic> <Opcode : >

 <State 21> : 4.11ns
ST_21 : Operation 115 [1/1] (0.00ns)   --->   "%minimumDistanceIndex_3 = phi i32 [ -1, %0 ], [ %minimumDistanceIndex_8, %_ifconv ], [ -1, %10 ]" [ColorComparator/ColorComparator.cpp:71]
ST_21 : Operation 116 [1/1] (0.00ns) (grouped into LUT with out node minimumDistanceIndex_2)   --->   "%minimumDistanceIndex_4 = zext i2 %minimumDistanceIndex_9 to i32" [ColorComparator/ColorComparator.cpp:68]
ST_21 : Operation 117 [1/1] (0.00ns) (grouped into LUT with out node minimumDistanceIndex_2)   --->   "%minimumDistanceIndex_1 = select i1 %tmp_2, i32 %minimumDistanceIndex_4, i32 %minimumDistanceIndex_3" [ColorComparator/ColorComparator.cpp:72]   --->   Core 26 'Sel' <Latency = 0> <II = 1> <Delay = 1.37> <FuncUnit> <Opcode : 'select'> <InPorts = 3> <OutPorts = 1>
ST_21 : Operation 118 [1/1] (1.37ns) (out node of the LUT)   --->   "%minimumDistanceIndex_2 = select i1 %tmp_1, i32 %minimumDistanceIndex_1, i32 %minimumDistanceIndex_3" [ColorComparator/ColorComparator.cpp:71]   --->   Core 26 'Sel' <Latency = 0> <II = 1> <Delay = 1.37> <FuncUnit> <Opcode : 'select'> <InPorts = 3> <OutPorts = 1>
ST_21 : Operation 119 [1/1] (0.00ns) (grouped into LUT with out node minimumDistanceIndex_6)   --->   "%i_cast = zext i3 %i to i32" [ColorComparator/ColorComparator.cpp:68]
ST_21 : Operation 120 [1/1] (0.00ns) (grouped into LUT with out node minimumDistanceIndex_6)   --->   "%minimumDistanceIndex_5 = select i1 %tmp_2_1, i32 %i_cast, i32 %minimumDistanceIndex_2" [ColorComparator/ColorComparator.cpp:72]   --->   Core 26 'Sel' <Latency = 0> <II = 1> <Delay = 1.37> <FuncUnit> <Opcode : 'select'> <InPorts = 3> <OutPorts = 1>
ST_21 : Operation 121 [1/1] (1.37ns) (out node of the LUT)   --->   "%minimumDistanceIndex_6 = select i1 %tmp_1_1, i32 %minimumDistanceIndex_5, i32 %minimumDistanceIndex_2" [ColorComparator/ColorComparator.cpp:71]   --->   Core 26 'Sel' <Latency = 0> <II = 1> <Delay = 1.37> <FuncUnit> <Opcode : 'select'> <InPorts = 3> <OutPorts = 1>
ST_21 : Operation 122 [1/1] (0.00ns) (grouped into LUT with out node minimumDistanceIndex_8)   --->   "%i_1_cast = zext i3 %i_1 to i32" [ColorComparator/ColorComparator.cpp:68]
ST_21 : Operation 123 [1/1] (0.00ns)   --->   "%minimumDistance_4_2_s = zext i12 %minimumDistance_4_2 to i32" [ColorComparator/ColorComparator.cpp:69]
ST_21 : Operation 124 [1/1] (2.47ns)   --->   "%tmp_1_2 = icmp slt i32 %minimumDistance_4_2_s, %minimumDistance_2_1" [ColorComparator/ColorComparator.cpp:71]   --->   Core 25 'Cmp' <Latency = 0> <II = 1> <Delay = 1.99> <FuncUnit> <Opcode : 'icmp'> <InPorts = 2> <OutPorts = 1>
ST_21 : Operation 125 [1/1] (1.99ns)   --->   "%tmp_2_2 = icmp ult i12 %minimumDistance_4_2, 265" [ColorComparator/ColorComparator.cpp:72]   --->   Core 25 'Cmp' <Latency = 0> <II = 1> <Delay = 1.99> <FuncUnit> <Opcode : 'icmp'> <InPorts = 2> <OutPorts = 1>
ST_21 : Operation 126 [1/1] (0.00ns) (grouped into LUT with out node minimumDistanceIndex_8)   --->   "%minimumDistanceIndex_7 = select i1 %tmp_2_2, i32 %i_1_cast, i32 %minimumDistanceIndex_6" [ColorComparator/ColorComparator.cpp:72]   --->   Core 26 'Sel' <Latency = 0> <II = 1> <Delay = 1.37> <FuncUnit> <Opcode : 'select'> <InPorts = 3> <OutPorts = 1>
ST_21 : Operation 127 [1/1] (0.00ns) (grouped into LUT with out node minimumDistance_2_2)   --->   "%minimumDistance_1_2 = select i1 %tmp_2_2, i32 %minimumDistance_4_2_s, i32 %minimumDistance_2_1" [ColorComparator/ColorComparator.cpp:72]   --->   Core 26 'Sel' <Latency = 0> <II = 1> <Delay = 1.37> <FuncUnit> <Opcode : 'select'> <InPorts = 3> <OutPorts = 1>
ST_21 : Operation 128 [1/1] (1.37ns) (out node of the LUT)   --->   "%minimumDistanceIndex_8 = select i1 %tmp_1_2, i32 %minimumDistanceIndex_7, i32 %minimumDistanceIndex_6" [ColorComparator/ColorComparator.cpp:71]   --->   Core 26 'Sel' <Latency = 0> <II = 1> <Delay = 1.37> <FuncUnit> <Opcode : 'select'> <InPorts = 3> <OutPorts = 1>
ST_21 : Operation 129 [1/1] (1.37ns) (out node of the LUT)   --->   "%minimumDistance_2_2 = select i1 %tmp_1_2, i32 %minimumDistance_1_2, i32 %minimumDistance_2_1" [ColorComparator/ColorComparator.cpp:71]   --->   Core 26 'Sel' <Latency = 0> <II = 1> <Delay = 1.37> <FuncUnit> <Opcode : 'select'> <InPorts = 3> <OutPorts = 1>

 <State 22> : 1.36ns
ST_22 : Operation 130 [1/1] (1.36ns)   --->   "switch i32 %minimumDistanceIndex_8, label %9 [
    i32 -1, label %2
    i32 0, label %3
    i32 1, label %4
    i32 2, label %5
    i32 3, label %6
    i32 4, label %7
    i32 5, label %8
  ]" [ColorComparator/ColorComparator.cpp:84]
ST_22 : Operation 131 [2/2] (0.00ns)   --->   "call void @_ssdm_op_Write.axis.i24P(i24* %out_pixel_V, i24 65535)" [ColorComparator/ColorComparator.cpp:104]   --->   Core 5 'AXI4Stream' <Latency = 0> <II = 1> <Delay = 1.00> <Adapter> <Opcode : >
ST_22 : Operation 132 [2/2] (0.00ns)   --->   "call void @_ssdm_op_Write.axis.i24P(i24* %out_pixel_V, i24 -65281)" [ColorComparator/ColorComparator.cpp:101]   --->   Core 5 'AXI4Stream' <Latency = 0> <II = 1> <Delay = 1.00> <Adapter> <Opcode : >
ST_22 : Operation 133 [2/2] (0.00ns)   --->   "call void @_ssdm_op_Write.axis.i24P(i24* %out_pixel_V, i24 -256)" [ColorComparator/ColorComparator.cpp:98]   --->   Core 5 'AXI4Stream' <Latency = 0> <II = 1> <Delay = 1.00> <Adapter> <Opcode : >
ST_22 : Operation 134 [2/2] (0.00ns)   --->   "call void @_ssdm_op_Write.axis.i24P(i24* %out_pixel_V, i24 65280)" [ColorComparator/ColorComparator.cpp:95]   --->   Core 5 'AXI4Stream' <Latency = 0> <II = 1> <Delay = 1.00> <Adapter> <Opcode : >
ST_22 : Operation 135 [2/2] (0.00ns)   --->   "call void @_ssdm_op_Write.axis.i24P(i24* %out_pixel_V, i24 255)" [ColorComparator/ColorComparator.cpp:92]   --->   Core 5 'AXI4Stream' <Latency = 0> <II = 1> <Delay = 1.00> <Adapter> <Opcode : >
ST_22 : Operation 136 [2/2] (0.00ns)   --->   "call void @_ssdm_op_Write.axis.i24P(i24* %out_pixel_V, i24 -65536)" [ColorComparator/ColorComparator.cpp:89]   --->   Core 5 'AXI4Stream' <Latency = 0> <II = 1> <Delay = 1.00> <Adapter> <Opcode : >
ST_22 : Operation 137 [2/2] (0.00ns)   --->   "call void @_ssdm_op_Write.axis.i24P(i24* %out_pixel_V, i24 %in_pixel_V5_phi)" [ColorComparator/ColorComparator.cpp:86]   --->   Core 5 'AXI4Stream' <Latency = 0> <II = 1> <Delay = 1.00> <Adapter> <Opcode : >
ST_22 : Operation 138 [2/2] (0.00ns)   --->   "call void @_ssdm_op_Write.axis.i24P(i24* %out_pixel_V, i24 %in_pixel_V5_phi)" [ColorComparator/ColorComparator.cpp:107]   --->   Core 5 'AXI4Stream' <Latency = 0> <II = 1> <Delay = 1.00> <Adapter> <Opcode : >

 <State 23> : 0.00ns
ST_23 : Operation 139 [1/1] (0.00ns)   --->   "call void (...)* @_ssdm_op_SpecBitsMap(i24 %in_pixel_V), !map !141"
ST_23 : Operation 140 [1/1] (0.00ns)   --->   "call void (...)* @_ssdm_op_SpecBitsMap(i24* %out_pixel_V), !map !147"
ST_23 : Operation 141 [1/1] (0.00ns)   --->   "call void (...)* @_ssdm_op_SpecTopModule([30 x i8]* @getPixelClassificati) nounwind"
ST_23 : Operation 142 [1/1] (0.00ns)   --->   "%empty = call i32 (...)* @_ssdm_op_SpecLoopTripCount(i64 2, i64 2, i64 2)"
ST_23 : Operation 143 [1/1] (0.00ns)   --->   "call void (...)* @_ssdm_op_SpecLoopName([17 x i8]* @p_str) nounwind" [ColorComparator/ColorComparator.cpp:68]
ST_23 : Operation 144 [1/1] (0.00ns)   --->   "%tmp = call i32 (...)* @_ssdm_op_SpecRegionBegin([17 x i8]* @p_str)" [ColorComparator/ColorComparator.cpp:68]
ST_23 : Operation 145 [1/1] (0.00ns)   --->   "call void (...)* @_ssdm_op_SpecPipeline(i32 -1, i32 1, i32 1, i32 0, [1 x i8]* @p_str2) nounwind" [ColorComparator/ColorComparator.cpp:69]
ST_23 : Operation 146 [1/1] (0.00ns)   --->   "%empty_16 = call i32 (...)* @_ssdm_op_SpecRegionEnd([17 x i8]* @p_str, i32 %tmp)" [ColorComparator/ColorComparator.cpp:82]
ST_23 : Operation 147 [1/2] (0.00ns)   --->   "call void @_ssdm_op_Write.axis.i24P(i24* %out_pixel_V, i24 65535)" [ColorComparator/ColorComparator.cpp:104]   --->   Core 5 'AXI4Stream' <Latency = 0> <II = 1> <Delay = 1.00> <Adapter> <Opcode : >
ST_23 : Operation 148 [1/1] (0.00ns)   --->   "br label %10" [ColorComparator/ColorComparator.cpp:105]
ST_23 : Operation 149 [1/2] (0.00ns)   --->   "call void @_ssdm_op_Write.axis.i24P(i24* %out_pixel_V, i24 -65281)" [ColorComparator/ColorComparator.cpp:101]   --->   Core 5 'AXI4Stream' <Latency = 0> <II = 1> <Delay = 1.00> <Adapter> <Opcode : >
ST_23 : Operation 150 [1/1] (0.00ns)   --->   "br label %10" [ColorComparator/ColorComparator.cpp:102]
ST_23 : Operation 151 [1/2] (0.00ns)   --->   "call void @_ssdm_op_Write.axis.i24P(i24* %out_pixel_V, i24 -256)" [ColorComparator/ColorComparator.cpp:98]   --->   Core 5 'AXI4Stream' <Latency = 0> <II = 1> <Delay = 1.00> <Adapter> <Opcode : >
ST_23 : Operation 152 [1/1] (0.00ns)   --->   "br label %10" [ColorComparator/ColorComparator.cpp:99]
ST_23 : Operation 153 [1/2] (0.00ns)   --->   "call void @_ssdm_op_Write.axis.i24P(i24* %out_pixel_V, i24 65280)" [ColorComparator/ColorComparator.cpp:95]   --->   Core 5 'AXI4Stream' <Latency = 0> <II = 1> <Delay = 1.00> <Adapter> <Opcode : >
ST_23 : Operation 154 [1/1] (0.00ns)   --->   "br label %10" [ColorComparator/ColorComparator.cpp:96]
ST_23 : Operation 155 [1/2] (0.00ns)   --->   "call void @_ssdm_op_Write.axis.i24P(i24* %out_pixel_V, i24 255)" [ColorComparator/ColorComparator.cpp:92]   --->   Core 5 'AXI4Stream' <Latency = 0> <II = 1> <Delay = 1.00> <Adapter> <Opcode : >
ST_23 : Operation 156 [1/1] (0.00ns)   --->   "br label %10" [ColorComparator/ColorComparator.cpp:93]
ST_23 : Operation 157 [1/2] (0.00ns)   --->   "call void @_ssdm_op_Write.axis.i24P(i24* %out_pixel_V, i24 -65536)" [ColorComparator/ColorComparator.cpp:89]   --->   Core 5 'AXI4Stream' <Latency = 0> <II = 1> <Delay = 1.00> <Adapter> <Opcode : >
ST_23 : Operation 158 [1/1] (0.00ns)   --->   "br label %10" [ColorComparator/ColorComparator.cpp:90]
ST_23 : Operation 159 [1/2] (0.00ns)   --->   "call void @_ssdm_op_Write.axis.i24P(i24* %out_pixel_V, i24 %in_pixel_V5_phi)" [ColorComparator/ColorComparator.cpp:86]   --->   Core 5 'AXI4Stream' <Latency = 0> <II = 1> <Delay = 1.00> <Adapter> <Opcode : >
ST_23 : Operation 160 [1/1] (0.00ns)   --->   "br label %10" [ColorComparator/ColorComparator.cpp:87]
ST_23 : Operation 161 [1/2] (0.00ns)   --->   "call void @_ssdm_op_Write.axis.i24P(i24* %out_pixel_V, i24 %in_pixel_V5_phi)" [ColorComparator/ColorComparator.cpp:107]   --->   Core 5 'AXI4Stream' <Latency = 0> <II = 1> <Delay = 1.00> <Adapter> <Opcode : >
ST_23 : Operation 162 [1/1] (0.00ns)   --->   "br label %10" [ColorComparator/ColorComparator.cpp:108]
ST_23 : Operation 163 [1/1] (0.00ns)   --->   "call void (...)* @_ssdm_op_Return()" [ColorComparator/ColorComparator.cpp:111]


============================================================
+ Verbose Summary: Binding
============================================================
STG Binding: 
---------------- STG Properties BEGIN ----------------
- Is combinational: 0
- Is one-state seq: 0
- Is datapath-only: 0
- Is pipelined: 0
- Is top level: 1
Port [ Return ] is wired: 1; IO mode=ap_ctrl_none:ce=0
Port [ in_pixel_V]:  wired=1; compound=1; hidden=0; nouse=0; global=0; static=0; extern=0; dir=0; type=0; pingpong=0; private_global=0; IO mode=axis:ce=0
Port [ out_pixel_V]:  wired=1; compound=1; hidden=0; nouse=0; global=0; static=0; extern=0; dir=1; type=0; pingpong=0; private_global=0; IO mode=axis:ce=0
Port [ p_color_array_stream_s]:  wired=0; compound=1; hidden=1; nouse=0; global=1; static=1; extern=0; dir=0; type=1; pingpong=0; private_global=1; linkage=7; visibility=0; MemPort=[111]; IO mode=ap_memory:ce=0
---------------- STG Properties END ------------------

---------------- Datapath Model BEGIN ----------------

<LifeTime>
<method=bitvector/>
StgValue_24            (specinterface    ) [ 000000000000000000000000]
StgValue_25            (specinterface    ) [ 000000000000000000000000]
StgValue_26            (specinterface    ) [ 000000000000000000000000]
StgValue_27            (br               ) [ 011111111111111111111111]
do_init                (phi              ) [ 001111111111111111111111]
minimumDistanceIndex_9 (phi              ) [ 001111111111111111111111]
minimumDistanceIndex   (zext             ) [ 001100000000000000000000]
tmp1                   (zext             ) [ 000000000000000000000000]
p_color_array_stream_s (getelementptr    ) [ 001100000000000000000000]
i                      (add              ) [ 001111111111111111111100]
tmp_s                  (zext             ) [ 000000000000000000000000]
p_color_array_stream_2 (getelementptr    ) [ 001100000000000000000000]
i_2                    (add              ) [ 000000000000000000000000]
tmp_4                  (trunc            ) [ 011111111111111111111111]
exitcond               (icmp             ) [ 001111111111111111111111]
StgValue_42            (br               ) [ 011111111111111111111111]
StgValue_43            (br               ) [ 011111111111111111111111]
in_pixel_V_read        (read             ) [ 001111111111111111111111]
StgValue_45            (br               ) [ 001111111111111111111111]
p_color_array_stream_1 (load             ) [ 001010000000000000000000]
p_color_array_stream_3 (load             ) [ 001010000000000000000000]
i_1                    (add              ) [ 001011111111111111111100]
tmp_3                  (zext             ) [ 000000000000000000000000]
p_color_array_stream_4 (getelementptr    ) [ 001010000000000000000000]
in_pixel_V5_rewind     (phi              ) [ 001110000000000000000000]
StgValue_53            (br               ) [ 000000000000000000000000]
in_pixel_V5_phi        (phi              ) [ 011011111111111111111111]
p_color_array_stream_5 (load             ) [ 001001000000000000000000]
minimumDistance_4      (call             ) [ 001000000000000000001000]
minimumDistance_4_1    (call             ) [ 001000000000000000001000]
minimumDistance4       (phi              ) [ 001111111111111111111000]
minimumDistance_4_ex   (zext             ) [ 000000000000000000000000]
tmp_1                  (icmp             ) [ 001000000000000000000100]
tmp_2                  (icmp             ) [ 001000000000000000000100]
minimumDistance_1      (select           ) [ 000000000000000000000000]
minimumDistance_2      (select           ) [ 000000000000000000000000]
minimumDistance_4_1_s  (zext             ) [ 000000000000000000000000]
tmp_1_1                (icmp             ) [ 001000000000000000000100]
tmp_2_1                (icmp             ) [ 001000000000000000000100]
minimumDistance_1_1    (select           ) [ 000000000000000000000000]
minimumDistance_2_1    (select           ) [ 001000000000000000000100]
minimumDistance_4_2    (call             ) [ 001000000000000000000100]
minimumDistanceIndex_3 (phi              ) [ 001111111111111111111100]
minimumDistanceIndex_4 (zext             ) [ 000000000000000000000000]
minimumDistanceIndex_1 (select           ) [ 000000000000000000000000]
minimumDistanceIndex_2 (select           ) [ 000000000000000000000000]
i_cast                 (zext             ) [ 000000000000000000000000]
minimumDistanceIndex_5 (select           ) [ 000000000000000000000000]
minimumDistanceIndex_6 (select           ) [ 000000000000000000000000]
i_1_cast               (zext             ) [ 000000000000000000000000]
minimumDistance_4_2_s  (zext             ) [ 000000000000000000000000]
tmp_1_2                (icmp             ) [ 000000000000000000000000]
tmp_2_2                (icmp             ) [ 000000000000000000000000]
minimumDistanceIndex_7 (select           ) [ 000000000000000000000000]
minimumDistance_1_2    (select           ) [ 000000000000000000000000]
minimumDistanceIndex_8 (select           ) [ 011111111111111111111111]
minimumDistance_2_2    (select           ) [ 011111111111111111111011]
StgValue_130           (switch           ) [ 000000000000000000000000]
StgValue_139           (specbitsmap      ) [ 000000000000000000000000]
StgValue_140           (specbitsmap      ) [ 000000000000000000000000]
StgValue_141           (spectopmodule    ) [ 000000000000000000000000]
empty                  (speclooptripcount) [ 000000000000000000000000]
StgValue_143           (specloopname     ) [ 000000000000000000000000]
tmp                    (specregionbegin  ) [ 000000000000000000000000]
StgValue_145           (specpipeline     ) [ 000000000000000000000000]
empty_16               (specregionend    ) [ 000000000000000000000000]
StgValue_147           (write            ) [ 000000000000000000000000]
StgValue_148           (br               ) [ 000000000000000000000000]
StgValue_149           (write            ) [ 000000000000000000000000]
StgValue_150           (br               ) [ 000000000000000000000000]
StgValue_151           (write            ) [ 000000000000000000000000]
StgValue_152           (br               ) [ 000000000000000000000000]
StgValue_153           (write            ) [ 000000000000000000000000]
StgValue_154           (br               ) [ 000000000000000000000000]
StgValue_155           (write            ) [ 000000000000000000000000]
StgValue_156           (br               ) [ 000000000000000000000000]
StgValue_157           (write            ) [ 000000000000000000000000]
StgValue_158           (br               ) [ 000000000000000000000000]
StgValue_159           (write            ) [ 000000000000000000000000]
StgValue_160           (br               ) [ 000000000000000000000000]
StgValue_161           (write            ) [ 000000000000000000000000]
StgValue_162           (br               ) [ 000000000000000000000000]
StgValue_163           (return           ) [ 000000000000000000000000]
</LifeTime>

<model>

<comp_list>
<comp id="0" class="1000" name="in_pixel_V">
<pin_list>
<pin id="1" dir="1" index="0" bw="1" slack="0"/>
</pin_list>
<bind>
<StgValue><ssdm name="in_pixel_V"/></StgValue>
</bind>
</comp>

<comp id="2" class="1000" name="out_pixel_V">
<pin_list>
<pin id="3" dir="1" index="0" bw="1" slack="0"/>
</pin_list>
<bind>
<StgValue><ssdm name="out_pixel_V"/></StgValue>
</bind>
</comp>

<comp id="4" class="1000" name="p_color_array_stream_s">
<pin_list>
<pin id="5" dir="1" index="0" bw="1" slack="0"/>
</pin_list>
<bind>
<StgValue><ssdm name="p_color_array_stream_s"/><MemPortTyVec>1 1 1 </MemPortTyVec>
</StgValue>
</bind>
</comp>

<comp id="6" class="1001" name="const_6">
<pin_list>
<pin id="7" dir="1" index="0" bw="1" slack="2147483647"/>
</pin_list>
<bind>
<StgValue><ssdm name="_ssdm_op_SpecInterface"/></StgValue>
</bind>
</comp>

<comp id="8" class="1001" name="const_8">
<pin_list>
<pin id="9" dir="1" index="0" bw="1" slack="2147483647"/>
</pin_list>
<bind>
<StgValue><ssdm name=""/></StgValue>
</bind>
</comp>

<comp id="10" class="1001" name="const_10">
<pin_list>
<pin id="11" dir="1" index="0" bw="1" slack="2147483647"/>
</pin_list>
<bind>
<StgValue><ssdm name="p_str3"/></StgValue>
</bind>
</comp>

<comp id="12" class="1001" name="const_12">
<pin_list>
<pin id="13" dir="1" index="0" bw="1" slack="2147483647"/>
</pin_list>
<bind>
<StgValue><ssdm name="p_str2"/></StgValue>
</bind>
</comp>

<comp id="14" class="1001" name="const_14">
<pin_list>
<pin id="15" dir="1" index="0" bw="1" slack="2147483647"/>
</pin_list>
<bind>
<StgValue><ssdm name="p_str5"/></StgValue>
</bind>
</comp>

<comp id="16" class="1001" name="const_16">
<pin_list>
<pin id="17" dir="1" index="0" bw="1" slack="2147483647"/>
</pin_list>
<bind>
<StgValue><ssdm name=""/></StgValue>
</bind>
</comp>

<comp id="18" class="1001" name="const_18">
<pin_list>
<pin id="19" dir="1" index="0" bw="1" slack="2147483647"/>
</pin_list>
<bind>
<StgValue><ssdm name="p_str6"/></StgValue>
</bind>
</comp>

<comp id="20" class="1001" name="const_20">
<pin_list>
<pin id="21" dir="1" index="0" bw="1" slack="0"/>
</pin_list>
<bind>
<StgValue><ssdm name=""/></StgValue>
</bind>
</comp>

<comp id="22" class="1001" name="const_22">
<pin_list>
<pin id="23" dir="1" index="0" bw="1" slack="0"/>
</pin_list>
<bind>
<StgValue><ssdm name=""/></StgValue>
</bind>
</comp>

<comp id="24" class="1001" name="const_24">
<pin_list>
<pin id="25" dir="1" index="0" bw="1" slack="0"/>
</pin_list>
<bind>
<StgValue><ssdm name=""/></StgValue>
</bind>
</comp>

<comp id="26" class="1001" name="const_26">
<pin_list>
<pin id="27" dir="1" index="0" bw="1" slack="0"/>
</pin_list>
<bind>
<StgValue><ssdm name="_ssdm_op_Read.axis.i24"/></StgValue>
</bind>
</comp>

<comp id="28" class="1001" name="const_28">
<pin_list>
<pin id="29" dir="1" index="0" bw="1" slack="0"/>
</pin_list>
<bind>
<StgValue><ssdm name=""/></StgValue>
</bind>
</comp>

<comp id="30" class="1001" name="const_30">
<pin_list>
<pin id="31" dir="1" index="0" bw="1" slack="0"/>
</pin_list>
<bind>
<StgValue><ssdm name=""/></StgValue>
</bind>
</comp>

<comp id="32" class="1001" name="const_32">
<pin_list>
<pin id="33" dir="1" index="0" bw="1" slack="0"/>
</pin_list>
<bind>
<StgValue><ssdm name=""/></StgValue>
</bind>
</comp>

<comp id="34" class="1001" name="const_34">
<pin_list>
<pin id="35" dir="1" index="0" bw="1" slack="0"/>
</pin_list>
<bind>
<StgValue><ssdm name=""/></StgValue>
</bind>
</comp>

<comp id="36" class="1001" name="const_36">
<pin_list>
<pin id="37" dir="1" index="0" bw="1" slack="0"/>
</pin_list>
<bind>
<StgValue><ssdm name=""/></StgValue>
</bind>
</comp>

<comp id="38" class="1001" name="const_38">
<pin_list>
<pin id="39" dir="1" index="0" bw="1" slack="2"/>
</pin_list>
<bind>
<StgValue><ssdm name=""/></StgValue>
</bind>
</comp>

<comp id="40" class="1001" name="const_40">
<pin_list>
<pin id="41" dir="1" index="0" bw="1" slack="0"/>
</pin_list>
<bind>
<StgValue><ssdm name="getColorDistance_Str"/></StgValue>
</bind>
</comp>

<comp id="42" class="1001" name="const_42">
<pin_list>
<pin id="43" dir="1" index="0" bw="1" slack="18"/>
</pin_list>
<bind>
<StgValue><ssdm name=""/></StgValue>
</bind>
</comp>

<comp id="44" class="1001" name="const_44">
<pin_list>
<pin id="45" dir="1" index="0" bw="1" slack="0"/>
</pin_list>
<bind>
<StgValue><ssdm name=""/></StgValue>
</bind>
</comp>

<comp id="46" class="1001" name="const_46">
<pin_list>
<pin id="47" dir="1" index="0" bw="1" slack="19"/>
</pin_list>
<bind>
<StgValue><ssdm name=""/></StgValue>
</bind>
</comp>

<comp id="48" class="1001" name="const_48">
<pin_list>
<pin id="49" dir="1" index="0" bw="1" slack="2147483647"/>
</pin_list>
<bind>
<StgValue><ssdm name=""/></StgValue>
</bind>
</comp>

<comp id="50" class="1001" name="const_50">
<pin_list>
<pin id="51" dir="1" index="0" bw="1" slack="2147483647"/>
</pin_list>
<bind>
<StgValue><ssdm name=""/></StgValue>
</bind>
</comp>

<comp id="52" class="1001" name="const_52">
<pin_list>
<pin id="53" dir="1" index="0" bw="1" slack="2147483647"/>
</pin_list>
<bind>
<StgValue><ssdm name=""/></StgValue>
</bind>
</comp>

<comp id="54" class="1001" name="const_54">
<pin_list>
<pin id="55" dir="1" index="0" bw="1" slack="2147483647"/>
</pin_list>
<bind>
<StgValue><ssdm name=""/></StgValue>
</bind>
</comp>

<comp id="56" class="1001" name="const_56">
<pin_list>
<pin id="57" dir="1" index="0" bw="1" slack="0"/>
</pin_list>
<bind>
<StgValue><ssdm name="_ssdm_op_Write.axis.i24P"/></StgValue>
</bind>
</comp>

<comp id="58" class="1001" name="const_58">
<pin_list>
<pin id="59" dir="1" index="0" bw="1" slack="0"/>
</pin_list>
<bind>
<StgValue><ssdm name=""/></StgValue>
</bind>
</comp>

<comp id="60" class="1001" name="const_60">
<pin_list>
<pin id="61" dir="1" index="0" bw="1" slack="0"/>
</pin_list>
<bind>
<StgValue><ssdm name=""/></StgValue>
</bind>
</comp>

<comp id="62" class="1001" name="const_62">
<pin_list>
<pin id="63" dir="1" index="0" bw="1" slack="0"/>
</pin_list>
<bind>
<StgValue><ssdm name=""/></StgValue>
</bind>
</comp>

<comp id="64" class="1001" name="const_64">
<pin_list>
<pin id="65" dir="1" index="0" bw="1" slack="0"/>
</pin_list>
<bind>
<StgValue><ssdm name=""/></StgValue>
</bind>
</comp>

<comp id="66" class="1001" name="const_66">
<pin_list>
<pin id="67" dir="1" index="0" bw="1" slack="0"/>
</pin_list>
<bind>
<StgValue><ssdm name=""/></StgValue>
</bind>
</comp>

<comp id="68" class="1001" name="const_68">
<pin_list>
<pin id="69" dir="1" index="0" bw="1" slack="0"/>
</pin_list>
<bind>
<StgValue><ssdm name=""/></StgValue>
</bind>
</comp>

<comp id="70" class="1001" name="const_70">
<pin_list>
<pin id="71" dir="1" index="0" bw="1" slack="2147483647"/>
</pin_list>
<bind>
<StgValue><ssdm name="_ssdm_op_SpecBitsMap"/></StgValue>
</bind>
</comp>

<comp id="72" class="1001" name="const_72">
<pin_list>
<pin id="73" dir="1" index="0" bw="1" slack="2147483647"/>
</pin_list>
<bind>
<StgValue><ssdm name="_ssdm_op_SpecTopModule"/></StgValue>
</bind>
</comp>

<comp id="74" class="1001" name="const_74">
<pin_list>
<pin id="75" dir="1" index="0" bw="1" slack="2147483647"/>
</pin_list>
<bind>
<StgValue><ssdm name="getPixelClassificati"/></StgValue>
</bind>
</comp>

<comp id="76" class="1001" name="const_76">
<pin_list>
<pin id="77" dir="1" index="0" bw="1" slack="2147483647"/>
</pin_list>
<bind>
<StgValue><ssdm name="_ssdm_op_SpecLoopTripCount"/></StgValue>
</bind>
</comp>

<comp id="78" class="1001" name="const_78">
<pin_list>
<pin id="79" dir="1" index="0" bw="1" slack="2147483647"/>
</pin_list>
<bind>
<StgValue><ssdm name=""/></StgValue>
</bind>
</comp>

<comp id="80" class="1001" name="const_80">
<pin_list>
<pin id="81" dir="1" index="0" bw="1" slack="2147483647"/>
</pin_list>
<bind>
<StgValue><ssdm name="_ssdm_op_SpecLoopName"/></StgValue>
</bind>
</comp>

<comp id="82" class="1001" name="const_82">
<pin_list>
<pin id="83" dir="1" index="0" bw="1" slack="2147483647"/>
</pin_list>
<bind>
<StgValue><ssdm name="p_str"/></StgValue>
</bind>
</comp>

<comp id="84" class="1001" name="const_84">
<pin_list>
<pin id="85" dir="1" index="0" bw="1" slack="2147483647"/>
</pin_list>
<bind>
<StgValue><ssdm name="_ssdm_op_SpecRegionBegin"/></StgValue>
</bind>
</comp>

<comp id="86" class="1001" name="const_86">
<pin_list>
<pin id="87" dir="1" index="0" bw="1" slack="2147483647"/>
</pin_list>
<bind>
<StgValue><ssdm name="_ssdm_op_SpecPipeline"/></StgValue>
</bind>
</comp>

<comp id="88" class="1001" name="const_88">
<pin_list>
<pin id="89" dir="1" index="0" bw="1" slack="2147483647"/>
</pin_list>
<bind>
<StgValue><ssdm name="_ssdm_op_SpecRegionEnd"/></StgValue>
</bind>
</comp>

<comp id="90" class="1004" name="grp_read_fu_90">
<pin_list>
<pin id="91" dir="0" index="0" bw="24" slack="0"/>
<pin id="92" dir="0" index="1" bw="24" slack="0"/>
<pin id="93" dir="1" index="2" bw="24" slack="1"/>
</pin_list>
<bind>
<opcode="read(1150) " fcode="read"/>
<opset="in_pixel_V_read/2 "/>
</bind>
</comp>

<comp id="96" class="1004" name="grp_write_fu_96">
<pin_list>
<pin id="97" dir="0" index="0" bw="0" slack="0"/>
<pin id="98" dir="0" index="1" bw="24" slack="0"/>
<pin id="99" dir="0" index="2" bw="24" slack="0"/>
<pin id="100" dir="1" index="3" bw="0" slack="2147483647"/>
</pin_list>
<bind>
<opcode="write(1151) " fcode="write"/>
<opset="StgValue_131/22 StgValue_132/22 StgValue_133/22 StgValue_134/22 StgValue_135/22 StgValue_136/22 StgValue_137/22 StgValue_138/22 "/>
</bind>
</comp>

<comp id="109" class="1004" name="p_color_array_stream_s_gep_fu_109">
<pin_list>
<pin id="110" dir="0" index="0" bw="17" slack="0"/>
<pin id="111" dir="0" index="1" bw="1" slack="0"/>
<pin id="112" dir="0" index="2" bw="2" slack="0"/>
<pin id="113" dir="1" index="3" bw="3" slack="0"/>
</pin_list>
<bind>
<opcode="getelementptr(29) " fcode="getelementptr"/>
<opset="p_color_array_stream_s/2 "/>
</bind>
</comp>

<comp id="116" class="1004" name="grp_access_fu_116">
<pin_list>
<pin id="117" dir="0" index="0" bw="3" slack="0"/>
<pin id="118" dir="0" index="1" bw="17" slack="2147483647"/>
<pin id="128" dir="0" index="3" bw="3" slack="0"/>
<pin id="129" dir="0" index="4" bw="17" slack="2147483647"/>
<pin id="139" dir="0" index="6" bw="3" slack="0"/>
<pin id="140" dir="0" index="7" bw="17" slack="2147483647"/>
<pin id="119" dir="1" index="2" bw="17" slack="1"/>
<pin id="130" dir="1" index="5" bw="17" slack="1"/>
<pin id="141" dir="1" index="8" bw="17" slack="1"/>
</pin_list>
<bind>
<opcode="load(27) " fcode="load"/>
<opset="p_color_array_stream_1/2 p_color_array_stream_3/2 p_color_array_stream_5/3 "/>
</bind>
</comp>

<comp id="121" class="1004" name="p_color_array_stream_2_gep_fu_121">
<pin_list>
<pin id="122" dir="0" index="0" bw="17" slack="0"/>
<pin id="123" dir="0" index="1" bw="1" slack="0"/>
<pin id="124" dir="0" index="2" bw="3" slack="0"/>
<pin id="125" dir="1" index="3" bw="3" slack="0"/>
</pin_list>
<bind>
<opcode="getelementptr(29) " fcode="getelementptr"/>
<opset="p_color_array_stream_2/2 "/>
</bind>
</comp>

<comp id="132" class="1004" name="p_color_array_stream_4_gep_fu_132">
<pin_list>
<pin id="133" dir="0" index="0" bw="17" slack="0"/>
<pin id="134" dir="0" index="1" bw="1" slack="0"/>
<pin id="135" dir="0" index="2" bw="3" slack="0"/>
<pin id="136" dir="1" index="3" bw="3" slack="0"/>
</pin_list>
<bind>
<opcode="getelementptr(29) " fcode="getelementptr"/>
<opset="p_color_array_stream_4/3 "/>
</bind>
</comp>

<comp id="143" class="1005" name="do_init_reg_143">
<pin_list>
<pin id="144" dir="0" index="0" bw="1" slack="1"/>
<pin id="145" dir="1" index="1" bw="1" slack="1"/>
</pin_list>
<bind>
<opset="do_init (phireg) "/>
</bind>
</comp>

<comp id="147" class="1004" name="do_init_phi_fu_147">
<pin_list>
<pin id="148" dir="0" index="0" bw="1" slack="1"/>
<pin id="149" dir="0" index="1" bw="0" slack="2147483647"/>
<pin id="150" dir="0" index="2" bw="1" slack="0"/>
<pin id="151" dir="0" index="3" bw="0" slack="2147483647"/>
<pin id="152" dir="0" index="4" bw="1" slack="0"/>
<pin id="153" dir="0" index="5" bw="0" slack="2147483647"/>
<pin id="154" dir="1" index="6" bw="1" slack="1"/>
</pin_list>
<bind>
<opcode="phi(47) " fcode="phi"/>
<opset="do_init/2 "/>
</bind>
</comp>

<comp id="159" class="1005" name="minimumDistanceIndex_9_reg_159">
<pin_list>
<pin id="160" dir="0" index="0" bw="2" slack="1"/>
<pin id="161" dir="1" index="1" bw="2" slack="1"/>
</pin_list>
<bind>
<opset="minimumDistanceIndex_9 (phireg) "/>
</bind>
</comp>

<comp id="163" class="1004" name="minimumDistanceIndex_9_phi_fu_163">
<pin_list>
<pin id="164" dir="0" index="0" bw="1" slack="1"/>
<pin id="165" dir="0" index="1" bw="0" slack="2147483647"/>
<pin id="166" dir="0" index="2" bw="2" slack="0"/>
<pin id="167" dir="0" index="3" bw="0" slack="2147483647"/>
<pin id="168" dir="0" index="4" bw="1" slack="0"/>
<pin id="169" dir="0" index="5" bw="0" slack="2147483647"/>
<pin id="170" dir="1" index="6" bw="2" slack="0"/>
</pin_list>
<bind>
<opcode="phi(47) " fcode="phi"/>
<opset="minimumDistanceIndex_9/2 "/>
</bind>
</comp>

<comp id="174" class="1005" name="in_pixel_V5_rewind_reg_174">
<pin_list>
<pin id="175" dir="0" index="0" bw="24" slack="2"/>
<pin id="176" dir="1" index="1" bw="24" slack="2"/>
</pin_list>
<bind>
<opset="in_pixel_V5_rewind (phireg) "/>
</bind>
</comp>

<comp id="178" class="1004" name="in_pixel_V5_rewind_phi_fu_178">
<pin_list>
<pin id="179" dir="0" index="0" bw="1" slack="3"/>
<pin id="180" dir="0" index="1" bw="0" slack="2147483647"/>
<pin id="181" dir="0" index="2" bw="24" slack="0"/>
<pin id="182" dir="0" index="3" bw="0" slack="2147483647"/>
<pin id="183" dir="0" index="4" bw="1" slack="2"/>
<pin id="184" dir="0" index="5" bw="0" slack="2147483647"/>
<pin id="185" dir="1" index="6" bw="24" slack="0"/>
</pin_list>
<bind>
<opcode="phi(47) " fcode="phi"/>
<opset="in_pixel_V5_rewind/4 "/>
</bind>
</comp>

<comp id="188" class="1005" name="in_pixel_V5_phi_reg_188">
<pin_list>
<pin id="189" dir="0" index="0" bw="24" slack="0"/>
<pin id="190" dir="1" index="1" bw="24" slack="0"/>
</pin_list>
<bind>
<opset="in_pixel_V5_phi (phireg) "/>
</bind>
</comp>

<comp id="193" class="1004" name="in_pixel_V5_phi_phi_fu_193">
<pin_list>
<pin id="194" dir="0" index="0" bw="24" slack="1"/>
<pin id="195" dir="0" index="1" bw="0" slack="2147483647"/>
<pin id="196" dir="0" index="2" bw="24" slack="0"/>
<pin id="197" dir="0" index="3" bw="0" slack="2147483647"/>
<pin id="198" dir="1" index="4" bw="24" slack="0"/>
</pin_list>
<bind>
<opcode="phi(47) " fcode="phi"/>
<opset="in_pixel_V5_phi/4 "/>
</bind>
</comp>

<comp id="201" class="1005" name="minimumDistance4_reg_201">
<pin_list>
<pin id="202" dir="0" index="0" bw="32" slack="18"/>
<pin id="203" dir="1" index="1" bw="32" slack="18"/>
</pin_list>
<bind>
<opset="minimumDistance4 (phireg) "/>
</bind>
</comp>

<comp id="205" class="1004" name="minimumDistance4_phi_fu_205">
<pin_list>
<pin id="206" dir="0" index="0" bw="32" slack="19"/>
<pin id="207" dir="0" index="1" bw="0" slack="2147483647"/>
<pin id="208" dir="0" index="2" bw="32" slack="1"/>
<pin id="209" dir="0" index="3" bw="0" slack="2147483647"/>
<pin id="210" dir="0" index="4" bw="32" slack="18"/>
<pin id="211" dir="0" index="5" bw="0" slack="2147483647"/>
<pin id="212" dir="1" index="6" bw="32" slack="0"/>
</pin_list>
<bind>
<opcode="phi(47) " fcode="phi"/>
<opset="minimumDistance4/20 "/>
</bind>
</comp>

<comp id="215" class="1005" name="minimumDistanceIndex_3_reg_215">
<pin_list>
<pin id="216" dir="0" index="0" bw="32" slack="19"/>
<pin id="217" dir="1" index="1" bw="32" slack="19"/>
</pin_list>
<bind>
<opset="minimumDistanceIndex_3 (phireg) "/>
</bind>
</comp>

<comp id="219" class="1004" name="minimumDistanceIndex_3_phi_fu_219">
<pin_list>
<pin id="220" dir="0" index="0" bw="1" slack="20"/>
<pin id="221" dir="0" index="1" bw="0" slack="2147483647"/>
<pin id="222" dir="0" index="2" bw="32" slack="0"/>
<pin id="223" dir="0" index="3" bw="0" slack="2147483647"/>
<pin id="224" dir="0" index="4" bw="1" slack="19"/>
<pin id="225" dir="0" index="5" bw="0" slack="2147483647"/>
<pin id="226" dir="1" index="6" bw="32" slack="0"/>
</pin_list>
<bind>
<opcode="phi(47) " fcode="phi"/>
<opset="minimumDistanceIndex_3/21 "/>
</bind>
</comp>

<comp id="229" class="1004" name="grp_getColorDistance_Str_fu_229">
<pin_list>
<pin id="230" dir="0" index="0" bw="12" slack="0"/>
<pin id="231" dir="0" index="1" bw="24" slack="0"/>
<pin id="232" dir="0" index="2" bw="17" slack="1"/>
<pin id="233" dir="1" index="3" bw="12" slack="1"/>
</pin_list>
<bind>
<opcode="call(48) " fcode="call"/>
<opset="minimumDistance_4/4 "/>
</bind>
</comp>

<comp id="236" class="1004" name="grp_getColorDistance_Str_fu_236">
<pin_list>
<pin id="237" dir="0" index="0" bw="12" slack="0"/>
<pin id="238" dir="0" index="1" bw="24" slack="0"/>
<pin id="239" dir="0" index="2" bw="17" slack="1"/>
<pin id="240" dir="1" index="3" bw="12" slack="1"/>
</pin_list>
<bind>
<opcode="call(48) " fcode="call"/>
<opset="minimumDistance_4_1/4 "/>
</bind>
</comp>

<comp id="243" class="1004" name="grp_getColorDistance_Str_fu_243">
<pin_list>
<pin id="244" dir="0" index="0" bw="12" slack="0"/>
<pin id="245" dir="0" index="1" bw="24" slack="1"/>
<pin id="246" dir="0" index="2" bw="17" slack="1"/>
<pin id="247" dir="1" index="3" bw="12" slack="1"/>
</pin_list>
<bind>
<opcode="call(48) " fcode="call"/>
<opset="minimumDistance_4_2/5 "/>
</bind>
</comp>

<comp id="250" class="1004" name="minimumDistanceIndex_fu_250">
<pin_list>
<pin id="251" dir="0" index="0" bw="2" slack="0"/>
<pin id="252" dir="1" index="1" bw="3" slack="0"/>
</pin_list>
<bind>
<opcode="zext(34) " fcode="zext"/>
<opset="minimumDistanceIndex/2 "/>
</bind>
</comp>

<comp id="254" class="1004" name="tmp1_fu_254">
<pin_list>
<pin id="255" dir="0" index="0" bw="2" slack="0"/>
<pin id="256" dir="1" index="1" bw="64" slack="0"/>
</pin_list>
<bind>
<opcode="zext(34) " fcode="zext"/>
<opset="tmp1/2 "/>
</bind>
</comp>

<comp id="259" class="1004" name="i_fu_259">
<pin_list>
<pin id="260" dir="0" index="0" bw="1" slack="0"/>
<pin id="261" dir="0" index="1" bw="2" slack="0"/>
<pin id="262" dir="1" index="2" bw="3" slack="0"/>
</pin_list>
<bind>
<opcode="add(8) " fcode="add"/>
<opset="i/2 "/>
</bind>
</comp>

<comp id="265" class="1004" name="tmp_s_fu_265">
<pin_list>
<pin id="266" dir="0" index="0" bw="3" slack="0"/>
<pin id="267" dir="1" index="1" bw="64" slack="0"/>
</pin_list>
<bind>
<opcode="zext(34) " fcode="zext"/>
<opset="tmp_s/2 "/>
</bind>
</comp>

<comp id="270" class="1004" name="i_2_fu_270">
<pin_list>
<pin id="271" dir="0" index="0" bw="3" slack="0"/>
<pin id="272" dir="0" index="1" bw="2" slack="0"/>
<pin id="273" dir="1" index="2" bw="3" slack="0"/>
</pin_list>
<bind>
<opcode="add(8) " fcode="add"/>
<opset="i_2/2 "/>
</bind>
</comp>

<comp id="276" class="1004" name="tmp_4_fu_276">
<pin_list>
<pin id="277" dir="0" index="0" bw="3" slack="0"/>
<pin id="278" dir="1" index="1" bw="2" slack="0"/>
</pin_list>
<bind>
<opcode="trunc(33) " fcode="trunc"/>
<opset="tmp_4/2 "/>
</bind>
</comp>

<comp id="280" class="1004" name="exitcond_fu_280">
<pin_list>
<pin id="281" dir="0" index="0" bw="3" slack="0"/>
<pin id="282" dir="0" index="1" bw="2" slack="0"/>
<pin id="283" dir="1" index="2" bw="1" slack="1"/>
</pin_list>
<bind>
<opcode="icmp(45) " fcode="icmp"/>
<opset="exitcond/2 "/>
</bind>
</comp>

<comp id="286" class="1004" name="i_1_fu_286">
<pin_list>
<pin id="287" dir="0" index="0" bw="3" slack="0"/>
<pin id="288" dir="0" index="1" bw="2" slack="1"/>
<pin id="289" dir="1" index="2" bw="3" slack="0"/>
</pin_list>
<bind>
<opcode="add(8) " fcode="add"/>
<opset="i_1/3 "/>
</bind>
</comp>

<comp id="291" class="1004" name="tmp_3_fu_291">
<pin_list>
<pin id="292" dir="0" index="0" bw="3" slack="0"/>
<pin id="293" dir="1" index="1" bw="64" slack="0"/>
</pin_list>
<bind>
<opcode="zext(34) " fcode="zext"/>
<opset="tmp_3/3 "/>
</bind>
</comp>

<comp id="296" class="1004" name="minimumDistance_4_ex_fu_296">
<pin_list>
<pin id="297" dir="0" index="0" bw="12" slack="1"/>
<pin id="298" dir="1" index="1" bw="32" slack="0"/>
</pin_list>
<bind>
<opcode="zext(34) " fcode="zext"/>
<opset="minimumDistance_4_ex/20 "/>
</bind>
</comp>

<comp id="299" class="1004" name="tmp_1_fu_299">
<pin_list>
<pin id="300" dir="0" index="0" bw="12" slack="0"/>
<pin id="301" dir="0" index="1" bw="32" slack="0"/>
<pin id="302" dir="1" index="2" bw="1" slack="0"/>
</pin_list>
<bind>
<opcode="icmp(45) " fcode="icmp"/>
<opset="tmp_1/20 "/>
</bind>
</comp>

<comp id="305" class="1004" name="tmp_2_fu_305">
<pin_list>
<pin id="306" dir="0" index="0" bw="12" slack="1"/>
<pin id="307" dir="0" index="1" bw="10" slack="0"/>
<pin id="308" dir="1" index="2" bw="1" slack="0"/>
</pin_list>
<bind>
<opcode="icmp(45) " fcode="icmp"/>
<opset="tmp_2/20 "/>
</bind>
</comp>

<comp id="310" class="1004" name="minimumDistance_1_fu_310">
<pin_list>
<pin id="311" dir="0" index="0" bw="1" slack="0"/>
<pin id="312" dir="0" index="1" bw="12" slack="0"/>
<pin id="313" dir="0" index="2" bw="32" slack="0"/>
<pin id="314" dir="1" index="3" bw="32" slack="0"/>
</pin_list>
<bind>
<opcode="select(49) " fcode="select"/>
<opset="minimumDistance_1/20 "/>
</bind>
</comp>

<comp id="318" class="1004" name="minimumDistance_2_fu_318">
<pin_list>
<pin id="319" dir="0" index="0" bw="1" slack="0"/>
<pin id="320" dir="0" index="1" bw="32" slack="0"/>
<pin id="321" dir="0" index="2" bw="32" slack="0"/>
<pin id="322" dir="1" index="3" bw="32" slack="0"/>
</pin_list>
<bind>
<opcode="select(49) " fcode="select"/>
<opset="minimumDistance_2/20 "/>
</bind>
</comp>

<comp id="326" class="1004" name="minimumDistance_4_1_s_fu_326">
<pin_list>
<pin id="327" dir="0" index="0" bw="12" slack="1"/>
<pin id="328" dir="1" index="1" bw="32" slack="0"/>
</pin_list>
<bind>
<opcode="zext(34) " fcode="zext"/>
<opset="minimumDistance_4_1_s/20 "/>
</bind>
</comp>

<comp id="329" class="1004" name="tmp_1_1_fu_329">
<pin_list>
<pin id="330" dir="0" index="0" bw="12" slack="0"/>
<pin id="331" dir="0" index="1" bw="32" slack="0"/>
<pin id="332" dir="1" index="2" bw="1" slack="0"/>
</pin_list>
<bind>
<opcode="icmp(45) " fcode="icmp"/>
<opset="tmp_1_1/20 "/>
</bind>
</comp>

<comp id="335" class="1004" name="tmp_2_1_fu_335">
<pin_list>
<pin id="336" dir="0" index="0" bw="12" slack="1"/>
<pin id="337" dir="0" index="1" bw="10" slack="0"/>
<pin id="338" dir="1" index="2" bw="1" slack="0"/>
</pin_list>
<bind>
<opcode="icmp(45) " fcode="icmp"/>
<opset="tmp_2_1/20 "/>
</bind>
</comp>

<comp id="340" class="1004" name="minimumDistance_1_1_fu_340">
<pin_list>
<pin id="341" dir="0" index="0" bw="1" slack="0"/>
<pin id="342" dir="0" index="1" bw="12" slack="0"/>
<pin id="343" dir="0" index="2" bw="32" slack="0"/>
<pin id="344" dir="1" index="3" bw="32" slack="0"/>
</pin_list>
<bind>
<opcode="select(49) " fcode="select"/>
<opset="minimumDistance_1_1/20 "/>
</bind>
</comp>

<comp id="348" class="1004" name="minimumDistance_2_1_fu_348">
<pin_list>
<pin id="349" dir="0" index="0" bw="1" slack="0"/>
<pin id="350" dir="0" index="1" bw="32" slack="0"/>
<pin id="351" dir="0" index="2" bw="32" slack="0"/>
<pin id="352" dir="1" index="3" bw="32" slack="1"/>
</pin_list>
<bind>
<opcode="select(49) " fcode="select"/>
<opset="minimumDistance_2_1/20 "/>
</bind>
</comp>

<comp id="356" class="1004" name="minimumDistanceIndex_4_fu_356">
<pin_list>
<pin id="357" dir="0" index="0" bw="2" slack="19"/>
<pin id="358" dir="1" index="1" bw="32" slack="0"/>
</pin_list>
<bind>
<opcode="zext(34) " fcode="zext"/>
<opset="minimumDistanceIndex_4/21 "/>
</bind>
</comp>

<comp id="360" class="1004" name="minimumDistanceIndex_1_fu_360">
<pin_list>
<pin id="361" dir="0" index="0" bw="1" slack="1"/>
<pin id="362" dir="0" index="1" bw="2" slack="0"/>
<pin id="363" dir="0" index="2" bw="32" slack="0"/>
<pin id="364" dir="1" index="3" bw="32" slack="0"/>
</pin_list>
<bind>
<opcode="select(49) " fcode="select"/>
<opset="minimumDistanceIndex_1/21 "/>
</bind>
</comp>

<comp id="367" class="1004" name="minimumDistanceIndex_2_fu_367">
<pin_list>
<pin id="368" dir="0" index="0" bw="1" slack="1"/>
<pin id="369" dir="0" index="1" bw="32" slack="0"/>
<pin id="370" dir="0" index="2" bw="32" slack="0"/>
<pin id="371" dir="1" index="3" bw="32" slack="0"/>
</pin_list>
<bind>
<opcode="select(49) " fcode="select"/>
<opset="minimumDistanceIndex_2/21 "/>
</bind>
</comp>

<comp id="374" class="1004" name="i_cast_fu_374">
<pin_list>
<pin id="375" dir="0" index="0" bw="3" slack="19"/>
<pin id="376" dir="1" index="1" bw="32" slack="0"/>
</pin_list>
<bind>
<opcode="zext(34) " fcode="zext"/>
<opset="i_cast/21 "/>
</bind>
</comp>

<comp id="377" class="1004" name="minimumDistanceIndex_5_fu_377">
<pin_list>
<pin id="378" dir="0" index="0" bw="1" slack="1"/>
<pin id="379" dir="0" index="1" bw="3" slack="0"/>
<pin id="380" dir="0" index="2" bw="32" slack="0"/>
<pin id="381" dir="1" index="3" bw="32" slack="0"/>
</pin_list>
<bind>
<opcode="select(49) " fcode="select"/>
<opset="minimumDistanceIndex_5/21 "/>
</bind>
</comp>

<comp id="384" class="1004" name="minimumDistanceIndex_6_fu_384">
<pin_list>
<pin id="385" dir="0" index="0" bw="1" slack="1"/>
<pin id="386" dir="0" index="1" bw="32" slack="0"/>
<pin id="387" dir="0" index="2" bw="32" slack="0"/>
<pin id="388" dir="1" index="3" bw="32" slack="0"/>
</pin_list>
<bind>
<opcode="select(49) " fcode="select"/>
<opset="minimumDistanceIndex_6/21 "/>
</bind>
</comp>

<comp id="391" class="1004" name="i_1_cast_fu_391">
<pin_list>
<pin id="392" dir="0" index="0" bw="3" slack="18"/>
<pin id="393" dir="1" index="1" bw="32" slack="0"/>
</pin_list>
<bind>
<opcode="zext(34) " fcode="zext"/>
<opset="i_1_cast/21 "/>
</bind>
</comp>

<comp id="394" class="1004" name="minimumDistance_4_2_s_fu_394">
<pin_list>
<pin id="395" dir="0" index="0" bw="12" slack="1"/>
<pin id="396" dir="1" index="1" bw="32" slack="0"/>
</pin_list>
<bind>
<opcode="zext(34) " fcode="zext"/>
<opset="minimumDistance_4_2_s/21 "/>
</bind>
</comp>

<comp id="397" class="1004" name="tmp_1_2_fu_397">
<pin_list>
<pin id="398" dir="0" index="0" bw="12" slack="0"/>
<pin id="399" dir="0" index="1" bw="32" slack="1"/>
<pin id="400" dir="1" index="2" bw="1" slack="0"/>
</pin_list>
<bind>
<opcode="icmp(45) " fcode="icmp"/>
<opset="tmp_1_2/21 "/>
</bind>
</comp>

<comp id="402" class="1004" name="tmp_2_2_fu_402">
<pin_list>
<pin id="403" dir="0" index="0" bw="12" slack="1"/>
<pin id="404" dir="0" index="1" bw="10" slack="0"/>
<pin id="405" dir="1" index="2" bw="1" slack="0"/>
</pin_list>
<bind>
<opcode="icmp(45) " fcode="icmp"/>
<opset="tmp_2_2/21 "/>
</bind>
</comp>

<comp id="407" class="1004" name="minimumDistanceIndex_7_fu_407">
<pin_list>
<pin id="408" dir="0" index="0" bw="1" slack="0"/>
<pin id="409" dir="0" index="1" bw="3" slack="0"/>
<pin id="410" dir="0" index="2" bw="32" slack="0"/>
<pin id="411" dir="1" index="3" bw="32" slack="0"/>
</pin_list>
<bind>
<opcode="select(49) " fcode="select"/>
<opset="minimumDistanceIndex_7/21 "/>
</bind>
</comp>

<comp id="415" class="1004" name="minimumDistance_1_2_fu_415">
<pin_list>
<pin id="416" dir="0" index="0" bw="1" slack="0"/>
<pin id="417" dir="0" index="1" bw="12" slack="0"/>
<pin id="418" dir="0" index="2" bw="32" slack="1"/>
<pin id="419" dir="1" index="3" bw="32" slack="0"/>
</pin_list>
<bind>
<opcode="select(49) " fcode="select"/>
<opset="minimumDistance_1_2/21 "/>
</bind>
</comp>

<comp id="422" class="1004" name="minimumDistanceIndex_8_fu_422">
<pin_list>
<pin id="423" dir="0" index="0" bw="1" slack="0"/>
<pin id="424" dir="0" index="1" bw="32" slack="0"/>
<pin id="425" dir="0" index="2" bw="32" slack="0"/>
<pin id="426" dir="1" index="3" bw="32" slack="0"/>
</pin_list>
<bind>
<opcode="select(49) " fcode="select"/>
<opset="minimumDistanceIndex_8/21 "/>
</bind>
</comp>

<comp id="430" class="1004" name="minimumDistance_2_2_fu_430">
<pin_list>
<pin id="431" dir="0" index="0" bw="1" slack="0"/>
<pin id="432" dir="0" index="1" bw="32" slack="0"/>
<pin id="433" dir="0" index="2" bw="32" slack="1"/>
<pin id="434" dir="1" index="3" bw="32" slack="1"/>
</pin_list>
<bind>
<opcode="select(49) " fcode="select"/>
<opset="minimumDistance_2_2/21 "/>
</bind>
</comp>

<comp id="437" class="1004" name="StgValue_163_fu_437">
<pin_list>
<pin id="438" dir="1" index="0" bw="0" slack="2147483647"/>
</pin_list>
<bind>
<opcode="return(1203) " fcode="return"/>
<opset="StgValue_163/23 "/>
</bind>
</comp>

<comp id="439" class="1005" name="minimumDistanceIndex_reg_439">
<pin_list>
<pin id="440" dir="0" index="0" bw="3" slack="1"/>
<pin id="441" dir="1" index="1" bw="3" slack="1"/>
</pin_list>
<bind>
<opset="minimumDistanceIndex "/>
</bind>
</comp>

<comp id="444" class="1005" name="p_color_array_stream_s_reg_444">
<pin_list>
<pin id="445" dir="0" index="0" bw="3" slack="1"/>
<pin id="446" dir="1" index="1" bw="3" slack="1"/>
</pin_list>
<bind>
<opset="p_color_array_stream_s "/>
</bind>
</comp>

<comp id="449" class="1005" name="i_reg_449">
<pin_list>
<pin id="450" dir="0" index="0" bw="3" slack="19"/>
<pin id="451" dir="1" index="1" bw="3" slack="19"/>
</pin_list>
<bind>
<opset="i "/>
</bind>
</comp>

<comp id="454" class="1005" name="p_color_array_stream_2_reg_454">
<pin_list>
<pin id="455" dir="0" index="0" bw="3" slack="1"/>
<pin id="456" dir="1" index="1" bw="3" slack="1"/>
</pin_list>
<bind>
<opset="p_color_array_stream_2 "/>
</bind>
</comp>

<comp id="459" class="1005" name="tmp_4_reg_459">
<pin_list>
<pin id="460" dir="0" index="0" bw="2" slack="0"/>
<pin id="461" dir="1" index="1" bw="2" slack="0"/>
</pin_list>
<bind>
<opset="tmp_4 "/>
</bind>
</comp>

<comp id="464" class="1005" name="exitcond_reg_464">
<pin_list>
<pin id="465" dir="0" index="0" bw="1" slack="1"/>
<pin id="466" dir="1" index="1" bw="1" slack="2147483647"/>
</pin_list>
<bind>
<opset="exitcond "/>
</bind>
</comp>

<comp id="468" class="1005" name="in_pixel_V_read_reg_468">
<pin_list>
<pin id="469" dir="0" index="0" bw="24" slack="1"/>
<pin id="470" dir="1" index="1" bw="24" slack="1"/>
</pin_list>
<bind>
<opset="in_pixel_V_read "/>
</bind>
</comp>

<comp id="473" class="1005" name="p_color_array_stream_1_reg_473">
<pin_list>
<pin id="474" dir="0" index="0" bw="17" slack="1"/>
<pin id="475" dir="1" index="1" bw="17" slack="1"/>
</pin_list>
<bind>
<opset="p_color_array_stream_1 "/>
</bind>
</comp>

<comp id="478" class="1005" name="p_color_array_stream_3_reg_478">
<pin_list>
<pin id="479" dir="0" index="0" bw="17" slack="1"/>
<pin id="480" dir="1" index="1" bw="17" slack="1"/>
</pin_list>
<bind>
<opset="p_color_array_stream_3 "/>
</bind>
</comp>

<comp id="483" class="1005" name="i_1_reg_483">
<pin_list>
<pin id="484" dir="0" index="0" bw="3" slack="18"/>
<pin id="485" dir="1" index="1" bw="3" slack="18"/>
</pin_list>
<bind>
<opset="i_1 "/>
</bind>
</comp>

<comp id="488" class="1005" name="p_color_array_stream_4_reg_488">
<pin_list>
<pin id="489" dir="0" index="0" bw="3" slack="1"/>
<pin id="490" dir="1" index="1" bw="3" slack="1"/>
</pin_list>
<bind>
<opset="p_color_array_stream_4 "/>
</bind>
</comp>

<comp id="493" class="1005" name="p_color_array_stream_5_reg_493">
<pin_list>
<pin id="494" dir="0" index="0" bw="17" slack="1"/>
<pin id="495" dir="1" index="1" bw="17" slack="1"/>
</pin_list>
<bind>
<opset="p_color_array_stream_5 "/>
</bind>
</comp>

<comp id="498" class="1005" name="minimumDistance_4_reg_498">
<pin_list>
<pin id="499" dir="0" index="0" bw="12" slack="1"/>
<pin id="500" dir="1" index="1" bw="12" slack="1"/>
</pin_list>
<bind>
<opset="minimumDistance_4 "/>
</bind>
</comp>

<comp id="504" class="1005" name="minimumDistance_4_1_reg_504">
<pin_list>
<pin id="505" dir="0" index="0" bw="12" slack="1"/>
<pin id="506" dir="1" index="1" bw="12" slack="1"/>
</pin_list>
<bind>
<opset="minimumDistance_4_1 "/>
</bind>
</comp>

<comp id="510" class="1005" name="tmp_1_reg_510">
<pin_list>
<pin id="511" dir="0" index="0" bw="1" slack="1"/>
<pin id="512" dir="1" index="1" bw="1" slack="1"/>
</pin_list>
<bind>
<opset="tmp_1 "/>
</bind>
</comp>

<comp id="515" class="1005" name="tmp_2_reg_515">
<pin_list>
<pin id="516" dir="0" index="0" bw="1" slack="1"/>
<pin id="517" dir="1" index="1" bw="1" slack="1"/>
</pin_list>
<bind>
<opset="tmp_2 "/>
</bind>
</comp>

<comp id="520" class="1005" name="tmp_1_1_reg_520">
<pin_list>
<pin id="521" dir="0" index="0" bw="1" slack="1"/>
<pin id="522" dir="1" index="1" bw="1" slack="1"/>
</pin_list>
<bind>
<opset="tmp_1_1 "/>
</bind>
</comp>

<comp id="525" class="1005" name="tmp_2_1_reg_525">
<pin_list>
<pin id="526" dir="0" index="0" bw="1" slack="1"/>
<pin id="527" dir="1" index="1" bw="1" slack="1"/>
</pin_list>
<bind>
<opset="tmp_2_1 "/>
</bind>
</comp>

<comp id="530" class="1005" name="minimumDistance_2_1_reg_530">
<pin_list>
<pin id="531" dir="0" index="0" bw="32" slack="1"/>
<pin id="532" dir="1" index="1" bw="32" slack="1"/>
</pin_list>
<bind>
<opset="minimumDistance_2_1 "/>
</bind>
</comp>

<comp id="537" class="1005" name="minimumDistance_4_2_reg_537">
<pin_list>
<pin id="538" dir="0" index="0" bw="12" slack="1"/>
<pin id="539" dir="1" index="1" bw="12" slack="1"/>
</pin_list>
<bind>
<opset="minimumDistance_4_2 "/>
</bind>
</comp>

<comp id="543" class="1005" name="minimumDistanceIndex_8_reg_543">
<pin_list>
<pin id="544" dir="0" index="0" bw="32" slack="0"/>
<pin id="545" dir="1" index="1" bw="32" slack="0"/>
</pin_list>
<bind>
<opset="minimumDistanceIndex_8 "/>
</bind>
</comp>

<comp id="548" class="1005" name="minimumDistance_2_2_reg_548">
<pin_list>
<pin id="549" dir="0" index="0" bw="32" slack="1"/>
<pin id="550" dir="1" index="1" bw="32" slack="1"/>
</pin_list>
<bind>
<opset="minimumDistance_2_2 "/>
</bind>
</comp>

</comp_list>

<net_list>
<net id="94"><net_src comp="26" pin="0"/><net_sink comp="90" pin=0"/></net>

<net id="95"><net_src comp="0" pin="0"/><net_sink comp="90" pin=1"/></net>

<net id="101"><net_src comp="56" pin="0"/><net_sink comp="96" pin=0"/></net>

<net id="102"><net_src comp="2" pin="0"/><net_sink comp="96" pin=1"/></net>

<net id="103"><net_src comp="58" pin="0"/><net_sink comp="96" pin=2"/></net>

<net id="104"><net_src comp="60" pin="0"/><net_sink comp="96" pin=2"/></net>

<net id="105"><net_src comp="62" pin="0"/><net_sink comp="96" pin=2"/></net>

<net id="106"><net_src comp="64" pin="0"/><net_sink comp="96" pin=2"/></net>

<net id="107"><net_src comp="66" pin="0"/><net_sink comp="96" pin=2"/></net>

<net id="108"><net_src comp="68" pin="0"/><net_sink comp="96" pin=2"/></net>

<net id="114"><net_src comp="4" pin="0"/><net_sink comp="109" pin=0"/></net>

<net id="115"><net_src comp="28" pin="0"/><net_sink comp="109" pin=1"/></net>

<net id="120"><net_src comp="109" pin="3"/><net_sink comp="116" pin=0"/></net>

<net id="126"><net_src comp="4" pin="0"/><net_sink comp="121" pin=0"/></net>

<net id="127"><net_src comp="28" pin="0"/><net_sink comp="121" pin=1"/></net>

<net id="131"><net_src comp="121" pin="3"/><net_sink comp="116" pin=3"/></net>

<net id="137"><net_src comp="4" pin="0"/><net_sink comp="132" pin=0"/></net>

<net id="138"><net_src comp="28" pin="0"/><net_sink comp="132" pin=1"/></net>

<net id="142"><net_src comp="132" pin="3"/><net_sink comp="116" pin=6"/></net>

<net id="146"><net_src comp="20" pin="0"/><net_sink comp="143" pin=0"/></net>

<net id="155"><net_src comp="143" pin="1"/><net_sink comp="147" pin=0"/></net>

<net id="156"><net_src comp="22" pin="0"/><net_sink comp="147" pin=2"/></net>

<net id="157"><net_src comp="20" pin="0"/><net_sink comp="147" pin=4"/></net>

<net id="158"><net_src comp="147" pin="6"/><net_sink comp="143" pin=0"/></net>

<net id="162"><net_src comp="24" pin="0"/><net_sink comp="159" pin=0"/></net>

<net id="171"><net_src comp="159" pin="1"/><net_sink comp="163" pin=0"/></net>

<net id="172"><net_src comp="24" pin="0"/><net_sink comp="163" pin=4"/></net>

<net id="173"><net_src comp="163" pin="6"/><net_sink comp="159" pin=0"/></net>

<net id="177"><net_src comp="38" pin="0"/><net_sink comp="174" pin=0"/></net>

<net id="186"><net_src comp="174" pin="1"/><net_sink comp="178" pin=0"/></net>

<net id="187"><net_src comp="174" pin="1"/><net_sink comp="178" pin=4"/></net>

<net id="191"><net_src comp="188" pin="1"/><net_sink comp="178" pin=2"/></net>

<net id="192"><net_src comp="188" pin="1"/><net_sink comp="96" pin=2"/></net>

<net id="199"><net_src comp="178" pin="6"/><net_sink comp="193" pin=2"/></net>

<net id="200"><net_src comp="193" pin="4"/><net_sink comp="188" pin=0"/></net>

<net id="204"><net_src comp="42" pin="0"/><net_sink comp="201" pin=0"/></net>

<net id="213"><net_src comp="201" pin="1"/><net_sink comp="205" pin=0"/></net>

<net id="214"><net_src comp="201" pin="1"/><net_sink comp="205" pin=4"/></net>

<net id="218"><net_src comp="46" pin="0"/><net_sink comp="215" pin=0"/></net>

<net id="227"><net_src comp="215" pin="1"/><net_sink comp="219" pin=0"/></net>

<net id="228"><net_src comp="215" pin="1"/><net_sink comp="219" pin=4"/></net>

<net id="234"><net_src comp="40" pin="0"/><net_sink comp="229" pin=0"/></net>

<net id="235"><net_src comp="193" pin="4"/><net_sink comp="229" pin=1"/></net>

<net id="241"><net_src comp="40" pin="0"/><net_sink comp="236" pin=0"/></net>

<net id="242"><net_src comp="193" pin="4"/><net_sink comp="236" pin=1"/></net>

<net id="248"><net_src comp="40" pin="0"/><net_sink comp="243" pin=0"/></net>

<net id="249"><net_src comp="188" pin="1"/><net_sink comp="243" pin=1"/></net>

<net id="253"><net_src comp="163" pin="6"/><net_sink comp="250" pin=0"/></net>

<net id="257"><net_src comp="163" pin="6"/><net_sink comp="254" pin=0"/></net>

<net id="258"><net_src comp="254" pin="1"/><net_sink comp="109" pin=2"/></net>

<net id="263"><net_src comp="30" pin="0"/><net_sink comp="259" pin=0"/></net>

<net id="264"><net_src comp="250" pin="1"/><net_sink comp="259" pin=1"/></net>

<net id="268"><net_src comp="259" pin="2"/><net_sink comp="265" pin=0"/></net>

<net id="269"><net_src comp="265" pin="1"/><net_sink comp="121" pin=2"/></net>

<net id="274"><net_src comp="32" pin="0"/><net_sink comp="270" pin=0"/></net>

<net id="275"><net_src comp="250" pin="1"/><net_sink comp="270" pin=1"/></net>

<net id="279"><net_src comp="270" pin="2"/><net_sink comp="276" pin=0"/></net>

<net id="284"><net_src comp="270" pin="2"/><net_sink comp="280" pin=0"/></net>

<net id="285"><net_src comp="34" pin="0"/><net_sink comp="280" pin=1"/></net>

<net id="290"><net_src comp="36" pin="0"/><net_sink comp="286" pin=0"/></net>

<net id="294"><net_src comp="286" pin="2"/><net_sink comp="291" pin=0"/></net>

<net id="295"><net_src comp="291" pin="1"/><net_sink comp="132" pin=2"/></net>

<net id="303"><net_src comp="296" pin="1"/><net_sink comp="299" pin=0"/></net>

<net id="304"><net_src comp="205" pin="6"/><net_sink comp="299" pin=1"/></net>

<net id="309"><net_src comp="44" pin="0"/><net_sink comp="305" pin=1"/></net>

<net id="315"><net_src comp="305" pin="2"/><net_sink comp="310" pin=0"/></net>

<net id="316"><net_src comp="296" pin="1"/><net_sink comp="310" pin=1"/></net>

<net id="317"><net_src comp="205" pin="6"/><net_sink comp="310" pin=2"/></net>

<net id="323"><net_src comp="299" pin="2"/><net_sink comp="318" pin=0"/></net>

<net id="324"><net_src comp="310" pin="3"/><net_sink comp="318" pin=1"/></net>

<net id="325"><net_src comp="205" pin="6"/><net_sink comp="318" pin=2"/></net>

<net id="333"><net_src comp="326" pin="1"/><net_sink comp="329" pin=0"/></net>

<net id="334"><net_src comp="318" pin="3"/><net_sink comp="329" pin=1"/></net>

<net id="339"><net_src comp="44" pin="0"/><net_sink comp="335" pin=1"/></net>

<net id="345"><net_src comp="335" pin="2"/><net_sink comp="340" pin=0"/></net>

<net id="346"><net_src comp="326" pin="1"/><net_sink comp="340" pin=1"/></net>

<net id="347"><net_src comp="318" pin="3"/><net_sink comp="340" pin=2"/></net>

<net id="353"><net_src comp="329" pin="2"/><net_sink comp="348" pin=0"/></net>

<net id="354"><net_src comp="340" pin="3"/><net_sink comp="348" pin=1"/></net>

<net id="355"><net_src comp="318" pin="3"/><net_sink comp="348" pin=2"/></net>

<net id="359"><net_src comp="159" pin="1"/><net_sink comp="356" pin=0"/></net>

<net id="365"><net_src comp="356" pin="1"/><net_sink comp="360" pin=1"/></net>

<net id="366"><net_src comp="219" pin="6"/><net_sink comp="360" pin=2"/></net>

<net id="372"><net_src comp="360" pin="3"/><net_sink comp="367" pin=1"/></net>

<net id="373"><net_src comp="219" pin="6"/><net_sink comp="367" pin=2"/></net>

<net id="382"><net_src comp="374" pin="1"/><net_sink comp="377" pin=1"/></net>

<net id="383"><net_src comp="367" pin="3"/><net_sink comp="377" pin=2"/></net>

<net id="389"><net_src comp="377" pin="3"/><net_sink comp="384" pin=1"/></net>

<net id="390"><net_src comp="367" pin="3"/><net_sink comp="384" pin=2"/></net>

<net id="401"><net_src comp="394" pin="1"/><net_sink comp="397" pin=0"/></net>

<net id="406"><net_src comp="44" pin="0"/><net_sink comp="402" pin=1"/></net>

<net id="412"><net_src comp="402" pin="2"/><net_sink comp="407" pin=0"/></net>

<net id="413"><net_src comp="391" pin="1"/><net_sink comp="407" pin=1"/></net>

<net id="414"><net_src comp="384" pin="3"/><net_sink comp="407" pin=2"/></net>

<net id="420"><net_src comp="402" pin="2"/><net_sink comp="415" pin=0"/></net>

<net id="421"><net_src comp="394" pin="1"/><net_sink comp="415" pin=1"/></net>

<net id="427"><net_src comp="397" pin="2"/><net_sink comp="422" pin=0"/></net>

<net id="428"><net_src comp="407" pin="3"/><net_sink comp="422" pin=1"/></net>

<net id="429"><net_src comp="384" pin="3"/><net_sink comp="422" pin=2"/></net>

<net id="435"><net_src comp="397" pin="2"/><net_sink comp="430" pin=0"/></net>

<net id="436"><net_src comp="415" pin="3"/><net_sink comp="430" pin=1"/></net>

<net id="442"><net_src comp="250" pin="1"/><net_sink comp="439" pin=0"/></net>

<net id="443"><net_src comp="439" pin="1"/><net_sink comp="286" pin=1"/></net>

<net id="447"><net_src comp="109" pin="3"/><net_sink comp="444" pin=0"/></net>

<net id="448"><net_src comp="444" pin="1"/><net_sink comp="116" pin=0"/></net>

<net id="452"><net_src comp="259" pin="2"/><net_sink comp="449" pin=0"/></net>

<net id="453"><net_src comp="449" pin="1"/><net_sink comp="374" pin=0"/></net>

<net id="457"><net_src comp="121" pin="3"/><net_sink comp="454" pin=0"/></net>

<net id="458"><net_src comp="454" pin="1"/><net_sink comp="116" pin=3"/></net>

<net id="462"><net_src comp="276" pin="1"/><net_sink comp="459" pin=0"/></net>

<net id="463"><net_src comp="459" pin="1"/><net_sink comp="163" pin=2"/></net>

<net id="467"><net_src comp="280" pin="2"/><net_sink comp="464" pin=0"/></net>

<net id="471"><net_src comp="90" pin="2"/><net_sink comp="468" pin=0"/></net>

<net id="472"><net_src comp="468" pin="1"/><net_sink comp="193" pin=0"/></net>

<net id="476"><net_src comp="116" pin="2"/><net_sink comp="473" pin=0"/></net>

<net id="477"><net_src comp="473" pin="1"/><net_sink comp="229" pin=2"/></net>

<net id="481"><net_src comp="116" pin="5"/><net_sink comp="478" pin=0"/></net>

<net id="482"><net_src comp="478" pin="1"/><net_sink comp="236" pin=2"/></net>

<net id="486"><net_src comp="286" pin="2"/><net_sink comp="483" pin=0"/></net>

<net id="487"><net_src comp="483" pin="1"/><net_sink comp="391" pin=0"/></net>

<net id="491"><net_src comp="132" pin="3"/><net_sink comp="488" pin=0"/></net>

<net id="492"><net_src comp="488" pin="1"/><net_sink comp="116" pin=6"/></net>

<net id="496"><net_src comp="116" pin="8"/><net_sink comp="493" pin=0"/></net>

<net id="497"><net_src comp="493" pin="1"/><net_sink comp="243" pin=2"/></net>

<net id="501"><net_src comp="229" pin="3"/><net_sink comp="498" pin=0"/></net>

<net id="502"><net_src comp="498" pin="1"/><net_sink comp="296" pin=0"/></net>

<net id="503"><net_src comp="498" pin="1"/><net_sink comp="305" pin=0"/></net>

<net id="507"><net_src comp="236" pin="3"/><net_sink comp="504" pin=0"/></net>

<net id="508"><net_src comp="504" pin="1"/><net_sink comp="326" pin=0"/></net>

<net id="509"><net_src comp="504" pin="1"/><net_sink comp="335" pin=0"/></net>

<net id="513"><net_src comp="299" pin="2"/><net_sink comp="510" pin=0"/></net>

<net id="514"><net_src comp="510" pin="1"/><net_sink comp="367" pin=0"/></net>

<net id="518"><net_src comp="305" pin="2"/><net_sink comp="515" pin=0"/></net>

<net id="519"><net_src comp="515" pin="1"/><net_sink comp="360" pin=0"/></net>

<net id="523"><net_src comp="329" pin="2"/><net_sink comp="520" pin=0"/></net>

<net id="524"><net_src comp="520" pin="1"/><net_sink comp="384" pin=0"/></net>

<net id="528"><net_src comp="335" pin="2"/><net_sink comp="525" pin=0"/></net>

<net id="529"><net_src comp="525" pin="1"/><net_sink comp="377" pin=0"/></net>

<net id="533"><net_src comp="348" pin="3"/><net_sink comp="530" pin=0"/></net>

<net id="534"><net_src comp="530" pin="1"/><net_sink comp="397" pin=1"/></net>

<net id="535"><net_src comp="530" pin="1"/><net_sink comp="415" pin=2"/></net>

<net id="536"><net_src comp="530" pin="1"/><net_sink comp="430" pin=2"/></net>

<net id="540"><net_src comp="243" pin="3"/><net_sink comp="537" pin=0"/></net>

<net id="541"><net_src comp="537" pin="1"/><net_sink comp="394" pin=0"/></net>

<net id="542"><net_src comp="537" pin="1"/><net_sink comp="402" pin=0"/></net>

<net id="546"><net_src comp="422" pin="3"/><net_sink comp="543" pin=0"/></net>

<net id="547"><net_src comp="543" pin="1"/><net_sink comp="219" pin=2"/></net>

<net id="551"><net_src comp="430" pin="3"/><net_sink comp="548" pin=0"/></net>

<net id="552"><net_src comp="548" pin="1"/><net_sink comp="205" pin=2"/></net>

</net_list>

</model> 
---------------- Datapath Model END ------------------

* FSMD analyzer results:
  - Output states:
	Port: out_pixel_V | {23 }
 - Input state : 
	Port: getPixelClassification_Stream : in_pixel_V | {2 }
	Port: getPixelClassification_Stream : p_color_array_stream_s | {2 3 4 }
  - Chain level:
	State 1
	State 2
		minimumDistanceIndex : 1
		tmp1 : 1
		p_color_array_stream_s : 2
		p_color_array_stream_1 : 3
		i : 2
		tmp_s : 3
		p_color_array_stream_2 : 4
		p_color_array_stream_3 : 5
		i_2 : 2
		tmp_4 : 3
		exitcond : 3
		StgValue_42 : 4
	State 3
		tmp_3 : 1
		p_color_array_stream_4 : 2
		p_color_array_stream_5 : 3
	State 4
		in_pixel_V5_phi : 1
		minimumDistance_4 : 2
		minimumDistance_4_1 : 2
	State 5
	State 6
	State 7
	State 8
	State 9
	State 10
	State 11
	State 12
	State 13
	State 14
	State 15
	State 16
	State 17
	State 18
	State 19
	State 20
		tmp_1 : 1
		minimumDistance_1 : 1
		minimumDistance_2 : 2
		tmp_1_1 : 3
		minimumDistance_1_1 : 3
		minimumDistance_2_1 : 4
	State 21
		minimumDistanceIndex_1 : 1
		minimumDistanceIndex_2 : 2
		minimumDistanceIndex_5 : 3
		minimumDistanceIndex_6 : 4
		tmp_1_2 : 1
		minimumDistanceIndex_7 : 5
		minimumDistance_1_2 : 1
		minimumDistanceIndex_8 : 6
		minimumDistance_2_2 : 2
	State 22
	State 23
		empty_16 : 1


============================================================
+ Verbose Summary: Datapath Resource usage 
============================================================

* Functional unit list:
|----------|---------------------------------|---------|---------|---------|---------|
| Operation|         Functional Unit         |  DSP48E |  Delay  |    FF   |   LUT   |
|----------|---------------------------------|---------|---------|---------|---------|
|          | grp_getColorDistance_Str_fu_229 |    1    |  1.769  |   620   |   2653  |
|   call   | grp_getColorDistance_Str_fu_236 |    1    |  1.769  |   620   |   2653  |
|          | grp_getColorDistance_Str_fu_243 |    1    |  1.769  |   620   |   2653  |
|----------|---------------------------------|---------|---------|---------|---------|
|          |     minimumDistance_1_fu_310    |    0    |    0    |    0    |    32   |
|          |     minimumDistance_2_fu_318    |    0    |    0    |    0    |    32   |
|          |    minimumDistance_1_1_fu_340   |    0    |    0    |    0    |    32   |
|          |    minimumDistance_2_1_fu_348   |    0    |    0    |    0    |    32   |
|          |  minimumDistanceIndex_1_fu_360  |    0    |    0    |    0    |    32   |
|  select  |  minimumDistanceIndex_2_fu_367  |    0    |    0    |    0    |    32   |
|          |  minimumDistanceIndex_5_fu_377  |    0    |    0    |    0    |    32   |
|          |  minimumDistanceIndex_6_fu_384  |    0    |    0    |    0    |    32   |
|          |  minimumDistanceIndex_7_fu_407  |    0    |    0    |    0    |    32   |
|          |    minimumDistance_1_2_fu_415   |    0    |    0    |    0    |    32   |
|          |  minimumDistanceIndex_8_fu_422  |    0    |    0    |    0    |    32   |
|          |    minimumDistance_2_2_fu_430   |    0    |    0    |    0    |    32   |
|----------|---------------------------------|---------|---------|---------|---------|
|          |         exitcond_fu_280         |    0    |    0    |    0    |    9    |
|          |           tmp_1_fu_299          |    0    |    0    |    0    |    18   |
|          |           tmp_2_fu_305          |    0    |    0    |    0    |    13   |
|   icmp   |          tmp_1_1_fu_329         |    0    |    0    |    0    |    18   |
|          |          tmp_2_1_fu_335         |    0    |    0    |    0    |    13   |
|          |          tmp_1_2_fu_397         |    0    |    0    |    0    |    18   |
|          |          tmp_2_2_fu_402         |    0    |    0    |    0    |    13   |
|----------|---------------------------------|---------|---------|---------|---------|
|          |             i_fu_259            |    0    |    0    |    0    |    10   |
|    add   |            i_2_fu_270           |    0    |    0    |    0    |    12   |
|          |            i_1_fu_286           |    0    |    0    |    0    |    12   |
|----------|---------------------------------|---------|---------|---------|---------|
|   read   |          grp_read_fu_90         |    0    |    0    |    0    |    0    |
|----------|---------------------------------|---------|---------|---------|---------|
|   write  |         grp_write_fu_96         |    0    |    0    |    0    |    0    |
|----------|---------------------------------|---------|---------|---------|---------|
|          |   minimumDistanceIndex_fu_250   |    0    |    0    |    0    |    0    |
|          |           tmp1_fu_254           |    0    |    0    |    0    |    0    |
|          |           tmp_s_fu_265          |    0    |    0    |    0    |    0    |
|          |           tmp_3_fu_291          |    0    |    0    |    0    |    0    |
|   zext   |   minimumDistance_4_ex_fu_296   |    0    |    0    |    0    |    0    |
|          |   minimumDistance_4_1_s_fu_326  |    0    |    0    |    0    |    0    |
|          |  minimumDistanceIndex_4_fu_356  |    0    |    0    |    0    |    0    |
|          |          i_cast_fu_374          |    0    |    0    |    0    |    0    |
|          |         i_1_cast_fu_391         |    0    |    0    |    0    |    0    |
|          |   minimumDistance_4_2_s_fu_394  |    0    |    0    |    0    |    0    |
|----------|---------------------------------|---------|---------|---------|---------|
|   trunc  |           tmp_4_fu_276          |    0    |    0    |    0    |    0    |
|----------|---------------------------------|---------|---------|---------|---------|
|  return  |       StgValue_163_fu_437       |    0    |    0    |    0    |    0    |
|----------|---------------------------------|---------|---------|---------|---------|
|   Total  |                                 |    3    |  5.307  |   1860  |   8479  |
|----------|---------------------------------|---------|---------|---------|---------|

Memories:
+----------------------+--------+--------+--------+
|                      |  BRAM  |   FF   |   LUT  |
+----------------------+--------+--------+--------+
|p_color_array_stream_s|    0   |   51   |    2   |
+----------------------+--------+--------+--------+
|         Total        |    0   |   51   |    2   |
+----------------------+--------+--------+--------+

* Register list:
+------------------------------+--------+
|                              |   FF   |
+------------------------------+--------+
|        do_init_reg_143       |    1   |
|       exitcond_reg_464       |    1   |
|          i_1_reg_483         |    3   |
|           i_reg_449          |    3   |
|    in_pixel_V5_phi_reg_188   |   24   |
|  in_pixel_V5_rewind_reg_174  |   24   |
|    in_pixel_V_read_reg_468   |   24   |
|   minimumDistance4_reg_201   |   32   |
|minimumDistanceIndex_3_reg_215|   32   |
|minimumDistanceIndex_8_reg_543|   32   |
|minimumDistanceIndex_9_reg_159|    2   |
| minimumDistanceIndex_reg_439 |    3   |
|  minimumDistance_2_1_reg_530 |   32   |
|  minimumDistance_2_2_reg_548 |   32   |
|  minimumDistance_4_1_reg_504 |   12   |
|  minimumDistance_4_2_reg_537 |   12   |
|   minimumDistance_4_reg_498  |   12   |
|p_color_array_stream_1_reg_473|   17   |
|p_color_array_stream_2_reg_454|    3   |
|p_color_array_stream_3_reg_478|   17   |
|p_color_array_stream_4_reg_488|    3   |
|p_color_array_stream_5_reg_493|   17   |
|p_color_array_stream_s_reg_444|    3   |
|        tmp_1_1_reg_520       |    1   |
|         tmp_1_reg_510        |    1   |
|        tmp_2_1_reg_525       |    1   |
|         tmp_2_reg_515        |    1   |
|         tmp_4_reg_459        |    2   |
+------------------------------+--------+
|             Total            |   347  |
+------------------------------+--------+

* Multiplexer (MUX) list: 
|--------------------------------|------|------|------|--------||---------||---------|
|              Comp              |  Pin | Size |  BW  | S x BW ||  Delay  ||   LUT   |
|--------------------------------|------|------|------|--------||---------||---------|
|         grp_write_fu_96        |  p2  |   7  |  24  |   168  ||    15   |
|        grp_access_fu_116       |  p0  |   2  |   3  |    6   ||    9    |
|        grp_access_fu_116       |  p3  |   2  |   3  |    6   ||    9    |
|        grp_access_fu_116       |  p6  |   2  |   3  |    6   ||    9    |
|         do_init_reg_143        |  p0  |   2  |   1  |    2   ||    9    |
| minimumDistanceIndex_9_reg_159 |  p0  |   2  |   2  |    4   ||    9    |
|--------------------------------|------|------|------|--------||---------||---------|
|              Total             |      |      |      |   192  || 10.8217 ||    60   |
|--------------------------------|------|------|------|--------||---------||---------|



* Summary:
+-----------+--------+--------+--------+--------+--------+
|           |  BRAM  | DSP48E |  Delay |   FF   |   LUT  |
+-----------+--------+--------+--------+--------+--------+
|  Function |    -   |    3   |    5   |  1860  |  8479  |
|   Memory  |    0   |    -   |    -   |   51   |    2   |
|Multiplexer|    -   |    -   |   10   |    -   |   60   |
|  Register |    -   |    -   |    -   |   347  |    -   |
+-----------+--------+--------+--------+--------+--------+
|   Total   |    0   |    3   |   16   |  2258  |  8541  |
+-----------+--------+--------+--------+--------+--------+
