

================================================================
== Vivado HLS Report for 'parseColorsToCenterPixel'
================================================================
* Date:           Sun Apr 15 18:07:47 2018

* Version:        2017.4.1 (Build 2117188 on Tue Jan 30 15:53:01 MST 2018)
* Project:        ColorComparator
* Solution:       solution1
* Product family: zynq
* Target device:  xc7z020clg400-1


================================================================
== Performance Estimates
================================================================
+ Timing (ns): 
    * Summary: 
    +--------+-------+----------+------------+
    |  Clock | Target| Estimated| Uncertainty|
    +--------+-------+----------+------------+
    |ap_clk  |  10.00|      8.75|        1.25|
    +--------+-------+----------+------------+

+ Latency (clock cycles): 
    * Summary: 
    +-----+-----+-----+-----+---------+
    |  Latency  |  Interval | Pipeline|
    | min | max | min | max |   Type  |
    +-----+-----+-----+-----+---------+
    |   29|   54|   29|   54|   none  |
    +-----+-----+-----+-----+---------+

    + Detail: 
        * Instance: 
        N/A

        * Loop: 
        +--------------------+-----+-----+----------+-----------+-----------+------+----------+
        |                    |  Latency  | Iteration|  Initiation Interval  | Trip |          |
        |      Loop Name     | min | max |  Latency |  achieved |   target  | Count| Pipelined|
        +--------------------+-----+-----+----------+-----------+-----------+------+----------+
        |- PIXEL_COLOR_LOOP  |   22|   22|        18|          1|          1|     6|    yes   |
        |- ROW_LOOP          |   23|   23|        17|          1|          1|     8|    yes   |
        +--------------------+-----+-----+----------+-----------+-----------+------+----------+

============================================================
+ Verbose Summary: Synthesis Manager
============================================================
InlineROM: 1
ExposeGlobal: 0
============================================================
+ Verbose Summary: CDFG Model
============================================================
IsTopModel: 1
ResetActiveHigh: 1
IsCombinational: 0
IsDatapathOnly: 0
HasWiredReturn: 1
HasMFsm: 0
HasVarLatency: 1
IsPipeline: 0
IsRtlPipelined: 0
IsInstanceOverlapped: 0
IsDontTouch: 0
HasImplIP: 0
IsGatedGlobalClock: 0

+ Individual pipeline summary: 
  * Pipeline-0: initiation interval (II) = 1, depth = 18
  * Pipeline-1: initiation interval (II) = 1, depth = 17


============================================================
+ Verbose Summary: Schedule
============================================================
* Number of FSM states : 43
* Pipeline : 2
  Pipeline-0 : II = 1, D = 18, States = { 3 4 5 6 7 8 9 10 11 12 13 14 15 16 17 18 19 20 }
  Pipeline-1 : II = 1, D = 17, States = { 26 27 28 29 30 31 32 33 34 35 36 37 38 39 40 41 42 }
* Dataflow Pipeline: 0

* FSM state transitions: 
1 --> 
	2  / true
2 --> 
	3  / true
3 --> 
	21  / (exitcond_i)
	4  / (!exitcond_i)
4 --> 
	5  / true
5 --> 
	6  / true
6 --> 
	7  / true
7 --> 
	8  / true
8 --> 
	9  / true
9 --> 
	10  / true
10 --> 
	11  / true
11 --> 
	12  / true
12 --> 
	13  / true
13 --> 
	14  / true
14 --> 
	15  / true
15 --> 
	16  / true
16 --> 
	17  / true
17 --> 
	18  / true
18 --> 
	19  / true
19 --> 
	20  / true
20 --> 
	3  / true
21 --> 
	22  / true
22 --> 
	23  / true
23 --> 
	24  / true
24 --> 
	25  / (tmp_1)
	43  / (!tmp_1)
25 --> 
	26  / true
26 --> 
	43  / (exitcond)
	27  / (!exitcond)
27 --> 
	28  / true
28 --> 
	29  / true
29 --> 
	30  / true
30 --> 
	31  / true
31 --> 
	32  / true
32 --> 
	33  / true
33 --> 
	34  / true
34 --> 
	35  / true
35 --> 
	36  / true
36 --> 
	37  / true
37 --> 
	38  / true
38 --> 
	39  / true
39 --> 
	40  / true
40 --> 
	41  / true
41 --> 
	42  / true
42 --> 
	26  / true
43 --> 

* FSM state operations: 

 <State 1> : 2.32ns
ST_1 : Operation 44 [1/1] (0.00ns)   --->   "%tempArray = alloca [8 x i32], align 16" [ColorComparator/ColorComparator.cpp:48]   --->   Core 37 'RAM' <Latency = 1> <II = 1> <Delay = 2.32> <Storage> <Opcode : 'load' 'store'> <Ports = 2> <Width = 32> <Depth = 6> <RAM>
ST_1 : Operation 45 [1/1] (0.00ns)   --->   "%pixelArray_addr = getelementptr [3 x i96]* %pixelArray, i64 0, i64 1" [ColorComparator/ColorComparator.cpp:47]
ST_1 : Operation 46 [2/2] (2.32ns)   --->   "%pixelArray_load = load i96* %pixelArray_addr, align 8" [ColorComparator/ColorComparator.cpp:47]   --->   Core 37 'RAM' <Latency = 1> <II = 1> <Delay = 2.32> <Storage> <Opcode : 'load' 'store'> <Ports = 2> <Width = 32> <Depth = 6> <RAM>

 <State 2> : 2.32ns
ST_2 : Operation 47 [1/1] (0.00ns)   --->   "call void (...)* @_ssdm_op_SpecBitsMap([3 x i96]* %pixelArray), !map !123"
ST_2 : Operation 48 [1/1] (0.00ns)   --->   "call void (...)* @_ssdm_op_SpecBitsMap([6 x i32]* %selectedColorArray) nounwind, !map !140"
ST_2 : Operation 49 [1/1] (0.00ns)   --->   "call void (...)* @_ssdm_op_SpecTopModule([25 x i8]* @parseColorsToCenterP) nounwind"
ST_2 : Operation 50 [1/2] (2.32ns)   --->   "%pixelArray_load = load i96* %pixelArray_addr, align 8" [ColorComparator/ColorComparator.cpp:47]   --->   Core 37 'RAM' <Latency = 1> <II = 1> <Delay = 2.32> <Storage> <Opcode : 'load' 'store'> <Ports = 2> <Width = 32> <Depth = 6> <RAM>
ST_2 : Operation 51 [1/1] (0.00ns)   --->   "%pixel_assign_1 = call i32 @_ssdm_op_PartSelect.i32.i96.i32.i32(i96 %pixelArray_load, i32 32, i32 63)" [ColorComparator/ColorComparator.cpp:47]
ST_2 : Operation 52 [1/1] (0.00ns)   --->   "%pixelBlue = call i8 @_ssdm_op_PartSelect.i8.i96.i32.i32(i96 %pixelArray_load, i32 32, i32 39)" [ColorComparator/ColorComparator.cpp:29->ColorComparator/ColorComparator.cpp:47]
ST_2 : Operation 53 [1/1] (0.00ns)   --->   "%pixelRed = call i8 @_ssdm_op_PartSelect.i8.i96.i32.i32(i96 %pixelArray_load, i32 48, i32 55)" [ColorComparator/ColorComparator.cpp:12->ColorComparator/ColorComparator.cpp:34->ColorComparator/ColorComparator.cpp:47]
ST_2 : Operation 54 [1/1] (0.00ns)   --->   "%pixelRed_i_cast = zext i8 %pixelRed to i9" [ColorComparator/ColorComparator.cpp:12->ColorComparator/ColorComparator.cpp:34->ColorComparator/ColorComparator.cpp:47]
ST_2 : Operation 55 [1/1] (0.00ns)   --->   "%pixelGreen = call i8 @_ssdm_op_PartSelect.i8.i96.i32.i32(i96 %pixelArray_load, i32 40, i32 47)" [ColorComparator/ColorComparator.cpp:13->ColorComparator/ColorComparator.cpp:34->ColorComparator/ColorComparator.cpp:47]
ST_2 : Operation 56 [1/1] (0.00ns)   --->   "%pixelGreen_i_cast = zext i8 %pixelGreen to i9" [ColorComparator/ColorComparator.cpp:13->ColorComparator/ColorComparator.cpp:34->ColorComparator/ColorComparator.cpp:47]
ST_2 : Operation 57 [1/1] (0.00ns)   --->   "%pixelBlue_i_cast = zext i8 %pixelBlue to i9" [ColorComparator/ColorComparator.cpp:14->ColorComparator/ColorComparator.cpp:34->ColorComparator/ColorComparator.cpp:47]
ST_2 : Operation 58 [1/1] (1.76ns)   --->   "br label %1" [ColorComparator/ColorComparator.cpp:33->ColorComparator/ColorComparator.cpp:47]

 <State 3> : 3.25ns
ST_3 : Operation 59 [1/1] (0.00ns)   --->   "%centerColor = phi i32 [ 0, %0 ], [ %i_0_minimumDistanceI, %2 ]" [ColorComparator/ColorComparator.cpp:35->ColorComparator/ColorComparator.cpp:47]
ST_3 : Operation 60 [1/1] (0.00ns)   --->   "%minimumDistanceIndex = phi i3 [ 0, %0 ], [ %i_1, %2 ]"
ST_3 : Operation 61 [1/1] (0.00ns)   --->   "%minimumDistance_i = phi i32 [ 2147483647, %0 ], [ %distance_0_minimumDi, %2 ]" [ColorComparator/ColorComparator.cpp:35->ColorComparator/ColorComparator.cpp:47]
ST_3 : Operation 62 [1/1] (1.13ns)   --->   "%exitcond_i = icmp eq i3 %minimumDistanceIndex, -2" [ColorComparator/ColorComparator.cpp:33->ColorComparator/ColorComparator.cpp:47]   --->   Core 25 'Cmp' <Latency = 0> <II = 1> <Delay = 2.47> <FuncUnit> <Opcode : 'icmp'> <InPorts = 2> <OutPorts = 1>
ST_3 : Operation 63 [1/1] (1.65ns)   --->   "%i_1 = add i3 %minimumDistanceIndex, 1" [ColorComparator/ColorComparator.cpp:33->ColorComparator/ColorComparator.cpp:47]   --->   Core 14 'AddSub' <Latency = 0> <II = 1> <Delay = 1.87> <FuncUnit> <Opcode : 'add' 'sub'> <InPorts = 2> <OutPorts = 1>
ST_3 : Operation 64 [1/1] (0.00ns)   --->   "br i1 %exitcond_i, label %getPixelClassification.exit, label %2" [ColorComparator/ColorComparator.cpp:33->ColorComparator/ColorComparator.cpp:47]
ST_3 : Operation 65 [1/1] (0.00ns)   --->   "%tmp_i5 = zext i3 %minimumDistanceIndex to i64" [ColorComparator/ColorComparator.cpp:34->ColorComparator/ColorComparator.cpp:47]
ST_3 : Operation 66 [1/1] (0.00ns)   --->   "%p_color_array_addr_1 = getelementptr [6 x i17]* @p_color_array, i64 0, i64 %tmp_i5" [ColorComparator/ColorComparator.cpp:34->ColorComparator/ColorComparator.cpp:47]
ST_3 : Operation 67 [2/2] (3.25ns)   --->   "%p_color_array_load = load i17* %p_color_array_addr_1, align 4" [ColorComparator/ColorComparator.cpp:34->ColorComparator/ColorComparator.cpp:47]   --->   Core 48 'ROM_nP' <Latency = 1> <II = 1> <Delay = 3.25> <Storage> <Opcode : 'load'> <Ports = 0> <Width = 17> <Depth = 6> <ROM>

 <State 4> : 5.19ns
ST_4 : Operation 68 [1/2] (3.25ns)   --->   "%p_color_array_load = load i17* %p_color_array_addr_1, align 4" [ColorComparator/ColorComparator.cpp:34->ColorComparator/ColorComparator.cpp:47]   --->   Core 48 'ROM_nP' <Latency = 1> <II = 1> <Delay = 3.25> <Storage> <Opcode : 'load'> <Ports = 0> <Width = 17> <Depth = 6> <ROM>
ST_4 : Operation 69 [1/1] (0.00ns)   --->   "%colorBlue = trunc i17 %p_color_array_load to i8" [ColorComparator/ColorComparator.cpp:34->ColorComparator/ColorComparator.cpp:47]
ST_4 : Operation 70 [1/1] (0.00ns) (grouped into LUT with out node number_assign_3)   --->   "%tmp_11 = call i1 @_ssdm_op_BitSelect.i1.i17.i32(i17 %p_color_array_load, i32 16)" [ColorComparator/ColorComparator.cpp:15->ColorComparator/ColorComparator.cpp:34->ColorComparator/ColorComparator.cpp:47]
ST_4 : Operation 71 [1/1] (0.00ns) (grouped into LUT with out node number_assign_3)   --->   "%colorRed_i_cast_cast = select i1 %tmp_11, i9 255, i9 0" [ColorComparator/ColorComparator.cpp:15->ColorComparator/ColorComparator.cpp:34->ColorComparator/ColorComparator.cpp:47]   --->   Core 26 'Sel' <Latency = 0> <II = 1> <Delay = 1.37> <FuncUnit> <Opcode : 'select'> <InPorts = 3> <OutPorts = 1>
ST_4 : Operation 72 [1/1] (0.00ns)   --->   "%colorGreen = call i8 @_ssdm_op_PartSelect.i8.i17.i32.i32(i17 %p_color_array_load, i32 8, i32 15)" [ColorComparator/ColorComparator.cpp:16->ColorComparator/ColorComparator.cpp:34->ColorComparator/ColorComparator.cpp:47]
ST_4 : Operation 73 [1/1] (1.93ns) (out node of the LUT)   --->   "%number_assign_3 = sub i9 %pixelRed_i_cast, %colorRed_i_cast_cast" [ColorComparator/ColorComparator.cpp:19->ColorComparator/ColorComparator.cpp:34->ColorComparator/ColorComparator.cpp:47]   --->   Core 14 'AddSub' <Latency = 0> <II = 1> <Delay = 1.87> <FuncUnit> <Opcode : 'add' 'sub'> <InPorts = 2> <OutPorts = 1>

 <State 5> : 6.26ns
ST_5 : Operation 74 [1/1] (0.00ns)   --->   "%colorGreen_i_cast = zext i8 %colorGreen to i9" [ColorComparator/ColorComparator.cpp:16->ColorComparator/ColorComparator.cpp:34->ColorComparator/ColorComparator.cpp:47]
ST_5 : Operation 75 [1/1] (0.00ns)   --->   "%colorBlue_i_cast = zext i8 %colorBlue to i9" [ColorComparator/ColorComparator.cpp:17->ColorComparator/ColorComparator.cpp:34->ColorComparator/ColorComparator.cpp:47]
ST_5 : Operation 76 [1/1] (1.91ns)   --->   "%number_assign_4 = sub i9 %pixelGreen_i_cast, %colorGreen_i_cast" [ColorComparator/ColorComparator.cpp:20->ColorComparator/ColorComparator.cpp:34->ColorComparator/ColorComparator.cpp:47]   --->   Core 14 'AddSub' <Latency = 0> <II = 1> <Delay = 1.87> <FuncUnit> <Opcode : 'add' 'sub'> <InPorts = 2> <OutPorts = 1>
ST_5 : Operation 77 [1/1] (0.00ns)   --->   "%number_assign_3_i_ca = sext i9 %number_assign_4 to i18" [ColorComparator/powerFunction.cpp:3->ColorComparator/ColorComparator.cpp:20->ColorComparator/ColorComparator.cpp:34->ColorComparator/ColorComparator.cpp:47]
ST_5 : Operation 78 [1/1] (4.35ns)   --->   "%result_3 = mul i18 %number_assign_3_i_ca, %number_assign_3_i_ca" [ColorComparator/powerFunction.cpp:7->ColorComparator/ColorComparator.cpp:20->ColorComparator/ColorComparator.cpp:34->ColorComparator/ColorComparator.cpp:47]   --->   Core 16 'Mul' <Latency = 0> <II = 1> <Delay = 3.49> <FuncUnit> <Opcode : 'mul'> <InPorts = 2> <OutPorts = 1>
ST_5 : Operation 79 [1/1] (1.91ns)   --->   "%number_assign_5 = sub i9 %pixelBlue_i_cast, %colorBlue_i_cast" [ColorComparator/ColorComparator.cpp:21->ColorComparator/ColorComparator.cpp:34->ColorComparator/ColorComparator.cpp:47]   --->   Core 14 'AddSub' <Latency = 0> <II = 1> <Delay = 1.87> <FuncUnit> <Opcode : 'add' 'sub'> <InPorts = 2> <OutPorts = 1>
ST_5 : Operation 80 [1/1] (0.00ns)   --->   "%tmp_14 = sext i9 %number_assign_5 to i17" [ColorComparator/powerFunction.cpp:7->ColorComparator/ColorComparator.cpp:21->ColorComparator/ColorComparator.cpp:34->ColorComparator/ColorComparator.cpp:47]
ST_5 : Operation 81 [1/1] (0.00ns)   --->   "%tmp_18 = sext i9 %number_assign_5 to i17" [ColorComparator/powerFunction.cpp:7->ColorComparator/ColorComparator.cpp:21->ColorComparator/ColorComparator.cpp:34->ColorComparator/ColorComparator.cpp:47]
ST_5 : Operation 82 [1/1] (4.35ns)   --->   "%tmp_19 = mul i17 %tmp_18, %tmp_14" [ColorComparator/powerFunction.cpp:7->ColorComparator/ColorComparator.cpp:21->ColorComparator/ColorComparator.cpp:34->ColorComparator/ColorComparator.cpp:47]   --->   Core 16 'Mul' <Latency = 0> <II = 1> <Delay = 3.49> <FuncUnit> <Opcode : 'mul'> <InPorts = 2> <OutPorts = 1>

 <State 6> : 7.30ns
ST_6 : Operation 83 [1/1] (0.00ns)   --->   "%number_assign_i_cast = sext i9 %number_assign_3 to i18" [ColorComparator/powerFunction.cpp:3->ColorComparator/ColorComparator.cpp:19->ColorComparator/ColorComparator.cpp:34->ColorComparator/ColorComparator.cpp:47]
ST_6 : Operation 84 [1/1] (4.35ns)   --->   "%result_2 = mul i18 %number_assign_i_cast, %number_assign_i_cast" [ColorComparator/powerFunction.cpp:7->ColorComparator/ColorComparator.cpp:19->ColorComparator/ColorComparator.cpp:34->ColorComparator/ColorComparator.cpp:47]   --->   Core 16 'Mul' <Latency = 0> <II = 1> <Delay = 3.49> <FuncUnit> <Opcode : 'mul'> <InPorts = 2> <OutPorts = 1>
ST_6 : Operation 85 [1/1] (0.00ns)   --->   "%tmp_10 = call i27 @_ssdm_op_BitConcatenate.i27.i18.i9(i18 %result_2, i9 0)" [ColorComparator/powerFunction.cpp:7->ColorComparator/ColorComparator.cpp:19->ColorComparator/ColorComparator.cpp:34->ColorComparator/ColorComparator.cpp:47]
ST_6 : Operation 86 [1/1] (0.00ns)   --->   "%p_Val2_3_cast = sext i27 %tmp_10 to i30" [ColorComparator/ColorComparator.cpp:20->ColorComparator/ColorComparator.cpp:34->ColorComparator/ColorComparator.cpp:47]
ST_6 : Operation 87 [1/1] (0.00ns)   --->   "%tmp_13 = call i28 @_ssdm_op_BitConcatenate.i28.i18.i10(i18 %result_3, i10 0)" [ColorComparator/powerFunction.cpp:7->ColorComparator/ColorComparator.cpp:20->ColorComparator/ColorComparator.cpp:34->ColorComparator/ColorComparator.cpp:47]
ST_6 : Operation 88 [1/1] (0.00ns)   --->   "%p_Val2_4_cast = sext i28 %tmp_13 to i29" [ColorComparator/ColorComparator.cpp:21->ColorComparator/ColorComparator.cpp:34->ColorComparator/ColorComparator.cpp:47]
ST_6 : Operation 89 [1/1] (0.00ns)   --->   "%p_shl_i_i = call i27 @_ssdm_op_BitConcatenate.i27.i17.i10(i17 %tmp_19, i10 0)" [ColorComparator/ColorComparator.cpp:21->ColorComparator/ColorComparator.cpp:34->ColorComparator/ColorComparator.cpp:47]
ST_6 : Operation 90 [1/1] (0.00ns)   --->   "%p_shl_i_i_cast = sext i27 %p_shl_i_i to i28" [ColorComparator/ColorComparator.cpp:21->ColorComparator/ColorComparator.cpp:34->ColorComparator/ColorComparator.cpp:47]
ST_6 : Operation 91 [1/1] (0.00ns)   --->   "%p_shl9_i_i = call i25 @_ssdm_op_BitConcatenate.i25.i17.i8(i17 %tmp_19, i8 0)" [ColorComparator/ColorComparator.cpp:21->ColorComparator/ColorComparator.cpp:34->ColorComparator/ColorComparator.cpp:47]
ST_6 : Operation 92 [1/1] (0.00ns)   --->   "%p_shl9_i_i_cast = sext i25 %p_shl9_i_i to i28" [ColorComparator/ColorComparator.cpp:21->ColorComparator/ColorComparator.cpp:34->ColorComparator/ColorComparator.cpp:47]
ST_6 : Operation 93 [1/1] (2.40ns)   --->   "%p_Val2_s = sub i28 %p_shl_i_i_cast, %p_shl9_i_i_cast" [ColorComparator/ColorComparator.cpp:21->ColorComparator/ColorComparator.cpp:34->ColorComparator/ColorComparator.cpp:47]   --->   Core 14 'AddSub' <Latency = 0> <II = 1> <Delay = 1.87> <FuncUnit> <Opcode : 'add' 'sub'> <InPorts = 2> <OutPorts = 1>
ST_6 : Operation 94 [1/1] (0.00ns)   --->   "%p_Val2_5_i6_cast_c = sext i28 %p_Val2_s to i29" [ColorComparator/ColorComparator.cpp:22->ColorComparator/ColorComparator.cpp:34->ColorComparator/ColorComparator.cpp:47]
ST_6 : Operation 95 [1/1] (2.43ns)   --->   "%tmp8 = add i29 %p_Val2_5_i6_cast_c, %p_Val2_4_cast" [ColorComparator/ColorComparator.cpp:22->ColorComparator/ColorComparator.cpp:34->ColorComparator/ColorComparator.cpp:47]   --->   Core 14 'AddSub' <Latency = 0> <II = 1> <Delay = 1.87> <FuncUnit> <Opcode : 'add' 'sub'> <InPorts = 2> <OutPorts = 1>
ST_6 : Operation 96 [1/1] (0.00ns)   --->   "%tmp8_cast = sext i29 %tmp8 to i30" [ColorComparator/ColorComparator.cpp:22->ColorComparator/ColorComparator.cpp:34->ColorComparator/ColorComparator.cpp:47]
ST_6 : Operation 97 [1/1] (2.46ns)   --->   "%powerSummation_V_1 = add i30 %p_Val2_3_cast, %tmp8_cast" [ColorComparator/ColorComparator.cpp:22->ColorComparator/ColorComparator.cpp:34->ColorComparator/ColorComparator.cpp:47]   --->   Core 14 'AddSub' <Latency = 0> <II = 1> <Delay = 1.87> <FuncUnit> <Opcode : 'add' 'sub'> <InPorts = 2> <OutPorts = 1>

 <State 7> : 5.00ns
ST_7 : Operation 98 [13/13] (4.99ns)   --->   "%result_V_i = call fastcc i20 @fxp_sqrt(i30 %powerSummation_V_1) nounwind" [ColorComparator/ColorComparator.cpp:24->ColorComparator/ColorComparator.cpp:34->ColorComparator/ColorComparator.cpp:47]   --->   Core 0 '' <Latency = 0> <II = 1> <Delay = 1.00> <Generic> <Opcode : >

 <State 8> : 8.75ns
ST_8 : Operation 99 [12/13] (8.75ns)   --->   "%result_V_i = call fastcc i20 @fxp_sqrt(i30 %powerSummation_V_1) nounwind" [ColorComparator/ColorComparator.cpp:24->ColorComparator/ColorComparator.cpp:34->ColorComparator/ColorComparator.cpp:47]   --->   Core 0 '' <Latency = 0> <II = 1> <Delay = 1.00> <Generic> <Opcode : >

 <State 9> : 8.75ns
ST_9 : Operation 100 [11/13] (8.75ns)   --->   "%result_V_i = call fastcc i20 @fxp_sqrt(i30 %powerSummation_V_1) nounwind" [ColorComparator/ColorComparator.cpp:24->ColorComparator/ColorComparator.cpp:34->ColorComparator/ColorComparator.cpp:47]   --->   Core 0 '' <Latency = 0> <II = 1> <Delay = 1.00> <Generic> <Opcode : >

 <State 10> : 8.75ns
ST_10 : Operation 101 [10/13] (8.75ns)   --->   "%result_V_i = call fastcc i20 @fxp_sqrt(i30 %powerSummation_V_1) nounwind" [ColorComparator/ColorComparator.cpp:24->ColorComparator/ColorComparator.cpp:34->ColorComparator/ColorComparator.cpp:47]   --->   Core 0 '' <Latency = 0> <II = 1> <Delay = 1.00> <Generic> <Opcode : >

 <State 11> : 8.75ns
ST_11 : Operation 102 [9/13] (8.75ns)   --->   "%result_V_i = call fastcc i20 @fxp_sqrt(i30 %powerSummation_V_1) nounwind" [ColorComparator/ColorComparator.cpp:24->ColorComparator/ColorComparator.cpp:34->ColorComparator/ColorComparator.cpp:47]   --->   Core 0 '' <Latency = 0> <II = 1> <Delay = 1.00> <Generic> <Opcode : >

 <State 12> : 8.75ns
ST_12 : Operation 103 [8/13] (8.75ns)   --->   "%result_V_i = call fastcc i20 @fxp_sqrt(i30 %powerSummation_V_1) nounwind" [ColorComparator/ColorComparator.cpp:24->ColorComparator/ColorComparator.cpp:34->ColorComparator/ColorComparator.cpp:47]   --->   Core 0 '' <Latency = 0> <II = 1> <Delay = 1.00> <Generic> <Opcode : >

 <State 13> : 8.75ns
ST_13 : Operation 104 [7/13] (8.75ns)   --->   "%result_V_i = call fastcc i20 @fxp_sqrt(i30 %powerSummation_V_1) nounwind" [ColorComparator/ColorComparator.cpp:24->ColorComparator/ColorComparator.cpp:34->ColorComparator/ColorComparator.cpp:47]   --->   Core 0 '' <Latency = 0> <II = 1> <Delay = 1.00> <Generic> <Opcode : >

 <State 14> : 8.75ns
ST_14 : Operation 105 [6/13] (8.75ns)   --->   "%result_V_i = call fastcc i20 @fxp_sqrt(i30 %powerSummation_V_1) nounwind" [ColorComparator/ColorComparator.cpp:24->ColorComparator/ColorComparator.cpp:34->ColorComparator/ColorComparator.cpp:47]   --->   Core 0 '' <Latency = 0> <II = 1> <Delay = 1.00> <Generic> <Opcode : >

 <State 15> : 8.75ns
ST_15 : Operation 106 [5/13] (8.75ns)   --->   "%result_V_i = call fastcc i20 @fxp_sqrt(i30 %powerSummation_V_1) nounwind" [ColorComparator/ColorComparator.cpp:24->ColorComparator/ColorComparator.cpp:34->ColorComparator/ColorComparator.cpp:47]   --->   Core 0 '' <Latency = 0> <II = 1> <Delay = 1.00> <Generic> <Opcode : >

 <State 16> : 8.75ns
ST_16 : Operation 107 [4/13] (8.75ns)   --->   "%result_V_i = call fastcc i20 @fxp_sqrt(i30 %powerSummation_V_1) nounwind" [ColorComparator/ColorComparator.cpp:24->ColorComparator/ColorComparator.cpp:34->ColorComparator/ColorComparator.cpp:47]   --->   Core 0 '' <Latency = 0> <II = 1> <Delay = 1.00> <Generic> <Opcode : >

 <State 17> : 8.75ns
ST_17 : Operation 108 [3/13] (8.75ns)   --->   "%result_V_i = call fastcc i20 @fxp_sqrt(i30 %powerSummation_V_1) nounwind" [ColorComparator/ColorComparator.cpp:24->ColorComparator/ColorComparator.cpp:34->ColorComparator/ColorComparator.cpp:47]   --->   Core 0 '' <Latency = 0> <II = 1> <Delay = 1.00> <Generic> <Opcode : >

 <State 18> : 8.75ns
ST_18 : Operation 109 [2/13] (8.75ns)   --->   "%result_V_i = call fastcc i20 @fxp_sqrt(i30 %powerSummation_V_1) nounwind" [ColorComparator/ColorComparator.cpp:24->ColorComparator/ColorComparator.cpp:34->ColorComparator/ColorComparator.cpp:47]   --->   Core 0 '' <Latency = 0> <II = 1> <Delay = 1.00> <Generic> <Opcode : >

 <State 19> : 6.10ns
ST_19 : Operation 110 [1/13] (6.10ns)   --->   "%result_V_i = call fastcc i20 @fxp_sqrt(i30 %powerSummation_V_1) nounwind" [ColorComparator/ColorComparator.cpp:24->ColorComparator/ColorComparator.cpp:34->ColorComparator/ColorComparator.cpp:47]   --->   Core 0 '' <Latency = 0> <II = 1> <Delay = 1.00> <Generic> <Opcode : >
ST_19 : Operation 111 [1/1] (0.00ns)   --->   "%tmp_15 = call i12 @_ssdm_op_PartSelect.i12.i20.i32.i32(i20 %result_V_i, i32 8, i32 19)" [ColorComparator/ColorComparator.cpp:25->ColorComparator/ColorComparator.cpp:34->ColorComparator/ColorComparator.cpp:47]

 <State 20> : 3.84ns
ST_20 : Operation 112 [1/1] (0.00ns)   --->   "%minimumDistanceIndex_1 = zext i3 %minimumDistanceIndex to i32" [ColorComparator/ColorComparator.cpp:37->ColorComparator/ColorComparator.cpp:47]
ST_20 : Operation 113 [1/1] (0.00ns)   --->   "%empty = call i32 (...)* @_ssdm_op_SpecLoopTripCount(i64 6, i64 6, i64 6) nounwind"
ST_20 : Operation 114 [1/1] (0.00ns)   --->   "call void (...)* @_ssdm_op_SpecLoopName([17 x i8]* @p_str) nounwind" [ColorComparator/ColorComparator.cpp:33->ColorComparator/ColorComparator.cpp:47]
ST_20 : Operation 115 [1/1] (0.00ns)   --->   "%tmp_19_i = call i32 (...)* @_ssdm_op_SpecRegionBegin([17 x i8]* @p_str) nounwind" [ColorComparator/ColorComparator.cpp:33->ColorComparator/ColorComparator.cpp:47]
ST_20 : Operation 116 [1/1] (0.00ns)   --->   "call void (...)* @_ssdm_op_SpecPipeline(i32 1, i32 1, i32 1, i32 0, [1 x i8]* @p_str1) nounwind" [ColorComparator/ColorComparator.cpp:34->ColorComparator/ColorComparator.cpp:47]
ST_20 : Operation 117 [1/1] (0.00ns)   --->   "%minimumDistance = zext i12 %tmp_15 to i32" [ColorComparator/ColorComparator.cpp:25->ColorComparator/ColorComparator.cpp:34->ColorComparator/ColorComparator.cpp:47]
ST_20 : Operation 118 [1/1] (2.47ns)   --->   "%tmp_i7 = icmp slt i32 %minimumDistance, %minimumDistance_i" [ColorComparator/ColorComparator.cpp:35->ColorComparator/ColorComparator.cpp:47]   --->   Core 25 'Cmp' <Latency = 0> <II = 1> <Delay = 2.47> <FuncUnit> <Opcode : 'icmp'> <InPorts = 2> <OutPorts = 1>
ST_20 : Operation 119 [1/1] (1.37ns)   --->   "%i_0_minimumDistanceI = select i1 %tmp_i7, i32 %minimumDistanceIndex_1, i32 %centerColor" [ColorComparator/ColorComparator.cpp:35->ColorComparator/ColorComparator.cpp:47]   --->   Core 26 'Sel' <Latency = 0> <II = 1> <Delay = 1.37> <FuncUnit> <Opcode : 'select'> <InPorts = 3> <OutPorts = 1>
ST_20 : Operation 120 [1/1] (1.37ns)   --->   "%distance_0_minimumDi = select i1 %tmp_i7, i32 %minimumDistance, i32 %minimumDistance_i" [ColorComparator/ColorComparator.cpp:35->ColorComparator/ColorComparator.cpp:47]   --->   Core 26 'Sel' <Latency = 0> <II = 1> <Delay = 1.37> <FuncUnit> <Opcode : 'select'> <InPorts = 3> <OutPorts = 1>
ST_20 : Operation 121 [1/1] (0.00ns)   --->   "%empty_19 = call i32 (...)* @_ssdm_op_SpecRegionEnd([17 x i8]* @p_str, i32 %tmp_19_i) nounwind" [ColorComparator/ColorComparator.cpp:39->ColorComparator/ColorComparator.cpp:47]
ST_20 : Operation 122 [1/1] (0.00ns)   --->   "br label %1" [ColorComparator/ColorComparator.cpp:33->ColorComparator/ColorComparator.cpp:47]

 <State 21> : 2.32ns
ST_21 : Operation 123 [1/1] (0.00ns)   --->   "%pixelArray_addr_1 = getelementptr [3 x i96]* %pixelArray, i64 0, i64 0" [ColorComparator/ColorComparator.cpp:50]
ST_21 : Operation 124 [2/2] (2.32ns)   --->   "%pixelArray_load_1 = load i96* %pixelArray_addr_1, align 8" [ColorComparator/ColorComparator.cpp:50]   --->   Core 37 'RAM' <Latency = 1> <II = 1> <Delay = 2.32> <Storage> <Opcode : 'load' 'store'> <Ports = 2> <Width = 32> <Depth = 6> <RAM>
ST_21 : Operation 125 [1/1] (0.00ns)   --->   "%tmp_4 = trunc i96 %pixelArray_load to i32" [ColorComparator/ColorComparator.cpp:50]
ST_21 : Operation 126 [1/1] (0.00ns)   --->   "%tempArray_addr_8 = getelementptr inbounds [8 x i32]* %tempArray, i64 0, i64 1" [ColorComparator/ColorComparator.cpp:50]
ST_21 : Operation 127 [1/1] (2.32ns)   --->   "store i32 %tmp_4, i32* %tempArray_addr_8, align 4" [ColorComparator/ColorComparator.cpp:50]   --->   Core 37 'RAM' <Latency = 1> <II = 1> <Delay = 2.32> <Storage> <Opcode : 'load' 'store'> <Ports = 2> <Width = 32> <Depth = 6> <RAM>
ST_21 : Operation 128 [1/1] (0.00ns)   --->   "%tempArray_addr_4 = getelementptr inbounds [8 x i32]* %tempArray, i64 0, i64 4" [ColorComparator/ColorComparator.cpp:50]
ST_21 : Operation 129 [1/1] (2.32ns)   --->   "store i32 %pixel_assign_1, i32* %tempArray_addr_4, align 16" [ColorComparator/ColorComparator.cpp:50]   --->   Core 37 'RAM' <Latency = 1> <II = 1> <Delay = 2.32> <Storage> <Opcode : 'load' 'store'> <Ports = 2> <Width = 32> <Depth = 6> <RAM>
ST_21 : Operation 130 [1/1] (0.00ns)   --->   "%tmp_9 = call i32 @_ssdm_op_PartSelect.i32.i96.i32.i32(i96 %pixelArray_load, i32 64, i32 95)" [ColorComparator/ColorComparator.cpp:50]

 <State 22> : 4.64ns
ST_22 : Operation 131 [1/2] (2.32ns)   --->   "%pixelArray_load_1 = load i96* %pixelArray_addr_1, align 8" [ColorComparator/ColorComparator.cpp:50]   --->   Core 37 'RAM' <Latency = 1> <II = 1> <Delay = 2.32> <Storage> <Opcode : 'load' 'store'> <Ports = 2> <Width = 32> <Depth = 6> <RAM>
ST_22 : Operation 132 [1/1] (0.00ns)   --->   "%tmp_3 = trunc i96 %pixelArray_load_1 to i32" [ColorComparator/ColorComparator.cpp:50]
ST_22 : Operation 133 [1/1] (0.00ns)   --->   "%tempArray_addr = getelementptr inbounds [8 x i32]* %tempArray, i64 0, i64 0" [ColorComparator/ColorComparator.cpp:50]
ST_22 : Operation 134 [1/1] (2.32ns)   --->   "store i32 %tmp_3, i32* %tempArray_addr, align 16" [ColorComparator/ColorComparator.cpp:50]   --->   Core 37 'RAM' <Latency = 1> <II = 1> <Delay = 2.32> <Storage> <Opcode : 'load' 'store'> <Ports = 2> <Width = 32> <Depth = 6> <RAM>
ST_22 : Operation 135 [1/1] (0.00ns)   --->   "%pixelArray_addr_2 = getelementptr [3 x i96]* %pixelArray, i64 0, i64 2" [ColorComparator/ColorComparator.cpp:50]
ST_22 : Operation 136 [2/2] (2.32ns)   --->   "%pixelArray_load_2 = load i96* %pixelArray_addr_2, align 8" [ColorComparator/ColorComparator.cpp:50]   --->   Core 37 'RAM' <Latency = 1> <II = 1> <Delay = 2.32> <Storage> <Opcode : 'load' 'store'> <Ports = 2> <Width = 32> <Depth = 6> <RAM>
ST_22 : Operation 137 [1/1] (0.00ns)   --->   "%tmp_6 = call i32 @_ssdm_op_PartSelect.i32.i96.i32.i32(i96 %pixelArray_load_1, i32 32, i32 63)" [ColorComparator/ColorComparator.cpp:50]
ST_22 : Operation 138 [1/1] (0.00ns)   --->   "%tmp_2 = call i32 @_ssdm_op_PartSelect.i32.i96.i32.i32(i96 %pixelArray_load_1, i32 64, i32 95)" [ColorComparator/ColorComparator.cpp:50]
ST_22 : Operation 139 [1/1] (0.00ns)   --->   "%tempArray_addr_7 = getelementptr inbounds [8 x i32]* %tempArray, i64 0, i64 7" [ColorComparator/ColorComparator.cpp:50]
ST_22 : Operation 140 [1/1] (2.32ns)   --->   "store i32 %tmp_9, i32* %tempArray_addr_7, align 4" [ColorComparator/ColorComparator.cpp:50]   --->   Core 37 'RAM' <Latency = 1> <II = 1> <Delay = 2.32> <Storage> <Opcode : 'load' 'store'> <Ports = 2> <Width = 32> <Depth = 6> <RAM>

 <State 23> : 4.64ns
ST_23 : Operation 141 [1/2] (2.32ns)   --->   "%pixelArray_load_2 = load i96* %pixelArray_addr_2, align 8" [ColorComparator/ColorComparator.cpp:50]   --->   Core 37 'RAM' <Latency = 1> <II = 1> <Delay = 2.32> <Storage> <Opcode : 'load' 'store'> <Ports = 2> <Width = 32> <Depth = 6> <RAM>
ST_23 : Operation 142 [1/1] (0.00ns)   --->   "%tmp_5 = trunc i96 %pixelArray_load_2 to i32" [ColorComparator/ColorComparator.cpp:50]
ST_23 : Operation 143 [1/1] (0.00ns)   --->   "%tempArray_addr_2 = getelementptr inbounds [8 x i32]* %tempArray, i64 0, i64 2" [ColorComparator/ColorComparator.cpp:50]
ST_23 : Operation 144 [1/1] (2.32ns)   --->   "store i32 %tmp_5, i32* %tempArray_addr_2, align 8" [ColorComparator/ColorComparator.cpp:50]   --->   Core 37 'RAM' <Latency = 1> <II = 1> <Delay = 2.32> <Storage> <Opcode : 'load' 'store'> <Ports = 2> <Width = 32> <Depth = 6> <RAM>
ST_23 : Operation 145 [1/1] (0.00ns)   --->   "%tempArray_addr_3 = getelementptr inbounds [8 x i32]* %tempArray, i64 0, i64 3" [ColorComparator/ColorComparator.cpp:50]
ST_23 : Operation 146 [1/1] (2.32ns)   --->   "store i32 %tmp_6, i32* %tempArray_addr_3, align 4" [ColorComparator/ColorComparator.cpp:50]   --->   Core 37 'RAM' <Latency = 1> <II = 1> <Delay = 2.32> <Storage> <Opcode : 'load' 'store'> <Ports = 2> <Width = 32> <Depth = 6> <RAM>
ST_23 : Operation 147 [1/1] (0.00ns)   --->   "%tmp_7 = call i32 @_ssdm_op_PartSelect.i32.i96.i32.i32(i96 %pixelArray_load_2, i32 32, i32 63)" [ColorComparator/ColorComparator.cpp:50]
ST_23 : Operation 148 [1/1] (0.00ns)   --->   "%tmp = sext i32 %centerColor to i64" [ColorComparator/ColorComparator.cpp:52]
ST_23 : Operation 149 [1/1] (0.00ns)   --->   "%selectedColorArray_a = getelementptr [6 x i32]* %selectedColorArray, i64 0, i64 %tmp" [ColorComparator/ColorComparator.cpp:52]
ST_23 : Operation 150 [2/2] (2.32ns)   --->   "%selectedColorArray_l = load i32* %selectedColorArray_a, align 4" [ColorComparator/ColorComparator.cpp:52]   --->   Core 37 'RAM' <Latency = 1> <II = 1> <Delay = 2.32> <Storage> <Opcode : 'load' 'store'> <Ports = 2> <Width = 32> <Depth = 6> <RAM>

 <State 24> : 4.79ns
ST_24 : Operation 151 [1/1] (0.00ns)   --->   "%tempArray_addr_5 = getelementptr inbounds [8 x i32]* %tempArray, i64 0, i64 5" [ColorComparator/ColorComparator.cpp:50]
ST_24 : Operation 152 [1/1] (2.32ns)   --->   "store i32 %tmp_7, i32* %tempArray_addr_5, align 4" [ColorComparator/ColorComparator.cpp:50]   --->   Core 37 'RAM' <Latency = 1> <II = 1> <Delay = 2.32> <Storage> <Opcode : 'load' 'store'> <Ports = 2> <Width = 32> <Depth = 6> <RAM>
ST_24 : Operation 153 [1/1] (0.00ns)   --->   "%tempArray_addr_6 = getelementptr inbounds [8 x i32]* %tempArray, i64 0, i64 6" [ColorComparator/ColorComparator.cpp:50]
ST_24 : Operation 154 [1/1] (2.32ns)   --->   "store i32 %tmp_2, i32* %tempArray_addr_6, align 8" [ColorComparator/ColorComparator.cpp:50]   --->   Core 37 'RAM' <Latency = 1> <II = 1> <Delay = 2.32> <Storage> <Opcode : 'load' 'store'> <Ports = 2> <Width = 32> <Depth = 6> <RAM>
ST_24 : Operation 155 [1/2] (2.32ns)   --->   "%selectedColorArray_l = load i32* %selectedColorArray_a, align 4" [ColorComparator/ColorComparator.cpp:52]   --->   Core 37 'RAM' <Latency = 1> <II = 1> <Delay = 2.32> <Storage> <Opcode : 'load' 'store'> <Ports = 2> <Width = 32> <Depth = 6> <RAM>
ST_24 : Operation 156 [1/1] (2.47ns)   --->   "%tmp_1 = icmp eq i32 %selectedColorArray_l, 1" [ColorComparator/ColorComparator.cpp:52]   --->   Core 25 'Cmp' <Latency = 0> <II = 1> <Delay = 2.47> <FuncUnit> <Opcode : 'icmp'> <InPorts = 2> <OutPorts = 1>
ST_24 : Operation 157 [1/1] (0.00ns)   --->   "br i1 %tmp_1, label %.preheader.preheader, label %.loopexit" [ColorComparator/ColorComparator.cpp:52]
ST_24 : Operation 158 [1/1] (0.00ns)   --->   "%p_color_array_addr = getelementptr [6 x i17]* @p_color_array, i64 0, i64 %tmp" [ColorComparator/ColorComparator.cpp:54]
ST_24 : Operation 159 [2/2] (3.25ns)   --->   "%p_color_array_load_1 = load i17* %p_color_array_addr, align 4" [ColorComparator/ColorComparator.cpp:54]   --->   Core 48 'ROM_nP' <Latency = 1> <II = 1> <Delay = 3.25> <Storage> <Opcode : 'load'> <Ports = 0> <Width = 17> <Depth = 6> <ROM>

 <State 25> : 4.62ns
ST_25 : Operation 160 [1/2] (3.25ns)   --->   "%p_color_array_load_1 = load i17* %p_color_array_addr, align 4" [ColorComparator/ColorComparator.cpp:54]   --->   Core 48 'ROM_nP' <Latency = 1> <II = 1> <Delay = 3.25> <Storage> <Opcode : 'load'> <Ports = 0> <Width = 17> <Depth = 6> <ROM>
ST_25 : Operation 161 [1/1] (0.00ns)   --->   "%colorBlue_1 = trunc i17 %p_color_array_load_1 to i8" [ColorComparator/ColorComparator.cpp:54]
ST_25 : Operation 162 [1/1] (0.00ns)   --->   "%tmp_22 = call i1 @_ssdm_op_BitSelect.i1.i17.i32(i17 %p_color_array_load_1, i32 16)" [ColorComparator/ColorComparator.cpp:15->ColorComparator/ColorComparator.cpp:54]
ST_25 : Operation 163 [1/1] (1.37ns)   --->   "%colorRed_cast_cast = select i1 %tmp_22, i9 255, i9 0" [ColorComparator/ColorComparator.cpp:15->ColorComparator/ColorComparator.cpp:54]   --->   Core 26 'Sel' <Latency = 0> <II = 1> <Delay = 1.37> <FuncUnit> <Opcode : 'select'> <InPorts = 3> <OutPorts = 1>
ST_25 : Operation 164 [1/1] (0.00ns)   --->   "%colorGreen_1 = call i8 @_ssdm_op_PartSelect.i8.i17.i32.i32(i17 %p_color_array_load_1, i32 8, i32 15)" [ColorComparator/ColorComparator.cpp:16->ColorComparator/ColorComparator.cpp:54]
ST_25 : Operation 165 [1/1] (0.00ns)   --->   "%colorGreen_cast = zext i8 %colorGreen_1 to i9" [ColorComparator/ColorComparator.cpp:16->ColorComparator/ColorComparator.cpp:54]
ST_25 : Operation 166 [1/1] (0.00ns)   --->   "%colorBlue_cast = zext i8 %colorBlue_1 to i9" [ColorComparator/ColorComparator.cpp:17->ColorComparator/ColorComparator.cpp:54]
ST_25 : Operation 167 [1/1] (1.76ns)   --->   "br label %.preheader" [ColorComparator/ColorComparator.cpp:53]

 <State 26> : 4.41ns
ST_26 : Operation 168 [1/1] (0.00ns)   --->   "%i1 = phi i4 [ %i, %3 ], [ 0, %.preheader.preheader ]"
ST_26 : Operation 169 [1/1] (0.00ns)   --->   "%phi_urem = phi i4 [ %idx_urem, %3 ], [ 0, %.preheader.preheader ]"
ST_26 : Operation 170 [1/1] (1.30ns)   --->   "%exitcond = icmp eq i4 %i1, -8" [ColorComparator/ColorComparator.cpp:53]   --->   Core 25 'Cmp' <Latency = 0> <II = 1> <Delay = 2.47> <FuncUnit> <Opcode : 'icmp'> <InPorts = 2> <OutPorts = 1>
ST_26 : Operation 171 [1/1] (1.73ns)   --->   "%i = add i4 %i1, 1" [ColorComparator/ColorComparator.cpp:53]   --->   Core 14 'AddSub' <Latency = 0> <II = 1> <Delay = 1.87> <FuncUnit> <Opcode : 'add' 'sub'> <InPorts = 2> <OutPorts = 1>
ST_26 : Operation 172 [1/1] (0.00ns)   --->   "br i1 %exitcond, label %.loopexit.loopexit, label %3" [ColorComparator/ColorComparator.cpp:53]
ST_26 : Operation 173 [1/1] (1.73ns)   --->   "%next_urem = add i4 1, %phi_urem"   --->   Core 14 'AddSub' <Latency = 0> <II = 1> <Delay = 1.87> <FuncUnit> <Opcode : 'add' 'sub'> <InPorts = 2> <OutPorts = 1>
ST_26 : Operation 174 [1/1] (1.30ns)   --->   "%tmp_25 = icmp ult i4 %next_urem, 3"   --->   Core 25 'Cmp' <Latency = 0> <II = 1> <Delay = 2.47> <FuncUnit> <Opcode : 'icmp'> <InPorts = 2> <OutPorts = 1>
ST_26 : Operation 175 [1/1] (1.37ns)   --->   "%idx_urem = select i1 %tmp_25, i4 %next_urem, i4 0"   --->   Core 26 'Sel' <Latency = 0> <II = 1> <Delay = 1.37> <FuncUnit> <Opcode : 'select'> <InPorts = 3> <OutPorts = 1>
ST_26 : Operation 176 [1/1] (0.00ns)   --->   "%tmp_8 = zext i4 %i1 to i64" [ColorComparator/ColorComparator.cpp:54]
ST_26 : Operation 177 [1/1] (0.00ns)   --->   "%tempArray_addr_1 = getelementptr inbounds [8 x i32]* %tempArray, i64 0, i64 %tmp_8" [ColorComparator/ColorComparator.cpp:54]
ST_26 : Operation 178 [2/2] (2.32ns)   --->   "%tempArray_load = load i32* %tempArray_addr_1, align 4" [ColorComparator/ColorComparator.cpp:54]   --->   Core 37 'RAM' <Latency = 1> <II = 1> <Delay = 2.32> <Storage> <Opcode : 'load' 'store'> <Ports = 2> <Width = 32> <Depth = 6> <RAM>
ST_26 : Operation 179 [1/1] (0.00ns)   --->   "%tmp_s = zext i4 %phi_urem to i64" [ColorComparator/ColorComparator.cpp:55]
ST_26 : Operation 180 [1/1] (0.00ns)   --->   "%tmp_31 = trunc i4 %i1 to i3" [ColorComparator/ColorComparator.cpp:55]
ST_26 : Operation 181 [1/1] (0.00ns)   --->   "%zext_cast = zext i3 %tmp_31 to i8" [ColorComparator/ColorComparator.cpp:55]
ST_26 : Operation 182 [1/1] (3.49ns)   --->   "%mul = mul i8 11, %zext_cast" [ColorComparator/ColorComparator.cpp:55]   --->   Core 16 'Mul' <Latency = 0> <II = 1> <Delay = 3.49> <FuncUnit> <Opcode : 'mul'> <InPorts = 2> <OutPorts = 1>
ST_26 : Operation 183 [1/1] (0.00ns)   --->   "%pixelArray_addr_3 = getelementptr [3 x i96]* %pixelArray, i64 0, i64 %tmp_s" [ColorComparator/ColorComparator.cpp:55]
ST_26 : Operation 184 [1/1] (0.00ns)   --->   "%tmp_24 = call i2 @_ssdm_op_PartSelect.i2.i8.i32.i32(i8 %mul, i32 5, i32 6)" [ColorComparator/ColorComparator.cpp:55]

 <State 27> : 8.59ns
ST_27 : Operation 185 [1/2] (2.32ns)   --->   "%tempArray_load = load i32* %tempArray_addr_1, align 4" [ColorComparator/ColorComparator.cpp:54]   --->   Core 37 'RAM' <Latency = 1> <II = 1> <Delay = 2.32> <Storage> <Opcode : 'load' 'store'> <Ports = 2> <Width = 32> <Depth = 6> <RAM>
ST_27 : Operation 186 [1/1] (0.00ns)   --->   "%pixelBlue_1 = trunc i32 %tempArray_load to i8" [ColorComparator/ColorComparator.cpp:10->ColorComparator/ColorComparator.cpp:54]
ST_27 : Operation 187 [1/1] (0.00ns)   --->   "%pixelRed_1 = call i8 @_ssdm_op_PartSelect.i8.i32.i32.i32(i32 %tempArray_load, i32 16, i32 23)" [ColorComparator/ColorComparator.cpp:12->ColorComparator/ColorComparator.cpp:54]
ST_27 : Operation 188 [1/1] (0.00ns)   --->   "%pixelGreen_1 = call i8 @_ssdm_op_PartSelect.i8.i32.i32.i32(i32 %tempArray_load, i32 8, i32 15)" [ColorComparator/ColorComparator.cpp:13->ColorComparator/ColorComparator.cpp:54]
ST_27 : Operation 189 [1/1] (0.00ns)   --->   "%pixelGreen_cast = zext i8 %pixelGreen_1 to i9" [ColorComparator/ColorComparator.cpp:13->ColorComparator/ColorComparator.cpp:54]
ST_27 : Operation 190 [1/1] (0.00ns)   --->   "%pixelBlue_cast = zext i8 %pixelBlue_1 to i9" [ColorComparator/ColorComparator.cpp:14->ColorComparator/ColorComparator.cpp:54]
ST_27 : Operation 191 [1/1] (1.91ns)   --->   "%number_assign_1 = sub i9 %pixelGreen_cast, %colorGreen_cast" [ColorComparator/ColorComparator.cpp:20->ColorComparator/ColorComparator.cpp:54]   --->   Core 14 'AddSub' <Latency = 0> <II = 1> <Delay = 1.87> <FuncUnit> <Opcode : 'add' 'sub'> <InPorts = 2> <OutPorts = 1>
ST_27 : Operation 192 [1/1] (0.00ns)   --->   "%number_assign_1_cast = sext i9 %number_assign_1 to i18" [ColorComparator/powerFunction.cpp:3->ColorComparator/ColorComparator.cpp:20->ColorComparator/ColorComparator.cpp:54]
ST_27 : Operation 193 [1/1] (4.35ns)   --->   "%result_1 = mul i18 %number_assign_1_cast, %number_assign_1_cast" [ColorComparator/powerFunction.cpp:7->ColorComparator/ColorComparator.cpp:20->ColorComparator/ColorComparator.cpp:54]   --->   Core 16 'Mul' <Latency = 0> <II = 1> <Delay = 3.49> <FuncUnit> <Opcode : 'mul'> <InPorts = 2> <OutPorts = 1>
ST_27 : Operation 194 [1/1] (1.91ns)   --->   "%number_assign_2 = sub i9 %pixelBlue_cast, %colorBlue_cast" [ColorComparator/ColorComparator.cpp:21->ColorComparator/ColorComparator.cpp:54]   --->   Core 14 'AddSub' <Latency = 0> <II = 1> <Delay = 1.87> <FuncUnit> <Opcode : 'add' 'sub'> <InPorts = 2> <OutPorts = 1>
ST_27 : Operation 195 [1/1] (0.00ns)   --->   "%tmp_28 = sext i9 %number_assign_2 to i17" [ColorComparator/powerFunction.cpp:7->ColorComparator/ColorComparator.cpp:21->ColorComparator/ColorComparator.cpp:54]
ST_27 : Operation 196 [1/1] (0.00ns)   --->   "%tmp_29 = sext i9 %number_assign_2 to i17" [ColorComparator/powerFunction.cpp:7->ColorComparator/ColorComparator.cpp:21->ColorComparator/ColorComparator.cpp:54]
ST_27 : Operation 197 [1/1] (4.35ns)   --->   "%tmp_30 = mul i17 %tmp_29, %tmp_28" [ColorComparator/powerFunction.cpp:7->ColorComparator/ColorComparator.cpp:21->ColorComparator/ColorComparator.cpp:54]   --->   Core 16 'Mul' <Latency = 0> <II = 1> <Delay = 3.49> <FuncUnit> <Opcode : 'mul'> <InPorts = 2> <OutPorts = 1>

 <State 28> : 8.75ns
ST_28 : Operation 198 [1/1] (0.00ns)   --->   "%pixelRed_cast = zext i8 %pixelRed_1 to i9" [ColorComparator/ColorComparator.cpp:12->ColorComparator/ColorComparator.cpp:54]
ST_28 : Operation 199 [1/1] (1.93ns)   --->   "%number_assign = sub i9 %pixelRed_cast, %colorRed_cast_cast" [ColorComparator/ColorComparator.cpp:19->ColorComparator/ColorComparator.cpp:54]   --->   Core 14 'AddSub' <Latency = 0> <II = 1> <Delay = 1.87> <FuncUnit> <Opcode : 'add' 'sub'> <InPorts = 2> <OutPorts = 1>
ST_28 : Operation 200 [1/1] (0.00ns)   --->   "%number_assign_cast_c = sext i9 %number_assign to i18" [ColorComparator/powerFunction.cpp:3->ColorComparator/ColorComparator.cpp:19->ColorComparator/ColorComparator.cpp:54]
ST_28 : Operation 201 [1/1] (4.35ns)   --->   "%result = mul i18 %number_assign_cast_c, %number_assign_cast_c" [ColorComparator/powerFunction.cpp:7->ColorComparator/ColorComparator.cpp:19->ColorComparator/ColorComparator.cpp:54]   --->   Core 16 'Mul' <Latency = 0> <II = 1> <Delay = 3.49> <FuncUnit> <Opcode : 'mul'> <InPorts = 2> <OutPorts = 1>
ST_28 : Operation 202 [1/1] (0.00ns)   --->   "%tmp_20 = call i27 @_ssdm_op_BitConcatenate.i27.i18.i9(i18 %result, i9 0)" [ColorComparator/powerFunction.cpp:7->ColorComparator/ColorComparator.cpp:19->ColorComparator/ColorComparator.cpp:54]
ST_28 : Operation 203 [1/1] (0.00ns)   --->   "%p_Val2_cast = sext i27 %tmp_20 to i30" [ColorComparator/ColorComparator.cpp:20->ColorComparator/ColorComparator.cpp:54]
ST_28 : Operation 204 [1/1] (0.00ns)   --->   "%tmp_23 = call i28 @_ssdm_op_BitConcatenate.i28.i18.i10(i18 %result_1, i10 0)" [ColorComparator/powerFunction.cpp:7->ColorComparator/ColorComparator.cpp:20->ColorComparator/ColorComparator.cpp:54]
ST_28 : Operation 205 [1/1] (0.00ns)   --->   "%p_Val2_1_cast = sext i28 %tmp_23 to i29" [ColorComparator/ColorComparator.cpp:21->ColorComparator/ColorComparator.cpp:54]
ST_28 : Operation 206 [1/1] (0.00ns)   --->   "%p_shl_i = call i27 @_ssdm_op_BitConcatenate.i27.i17.i10(i17 %tmp_30, i10 0)" [ColorComparator/ColorComparator.cpp:21->ColorComparator/ColorComparator.cpp:54]
ST_28 : Operation 207 [1/1] (0.00ns)   --->   "%p_shl_i_cast = sext i27 %p_shl_i to i28" [ColorComparator/ColorComparator.cpp:21->ColorComparator/ColorComparator.cpp:54]
ST_28 : Operation 208 [1/1] (0.00ns)   --->   "%p_shl9_i = call i25 @_ssdm_op_BitConcatenate.i25.i17.i8(i17 %tmp_30, i8 0)" [ColorComparator/ColorComparator.cpp:21->ColorComparator/ColorComparator.cpp:54]
ST_28 : Operation 209 [1/1] (0.00ns)   --->   "%p_shl9_i_cast = sext i25 %p_shl9_i to i28" [ColorComparator/ColorComparator.cpp:21->ColorComparator/ColorComparator.cpp:54]
ST_28 : Operation 210 [1/1] (2.40ns)   --->   "%p_Val2_1 = sub i28 %p_shl_i_cast, %p_shl9_i_cast" [ColorComparator/ColorComparator.cpp:21->ColorComparator/ColorComparator.cpp:54]   --->   Core 14 'AddSub' <Latency = 0> <II = 1> <Delay = 1.87> <FuncUnit> <Opcode : 'add' 'sub'> <InPorts = 2> <OutPorts = 1>
ST_28 : Operation 211 [1/1] (0.00ns)   --->   "%p_Val2_2_cast_cast = sext i28 %p_Val2_1 to i29" [ColorComparator/ColorComparator.cpp:22->ColorComparator/ColorComparator.cpp:54]
ST_28 : Operation 212 [1/1] (2.43ns)   --->   "%tmp9 = add i29 %p_Val2_2_cast_cast, %p_Val2_1_cast" [ColorComparator/ColorComparator.cpp:22->ColorComparator/ColorComparator.cpp:54]   --->   Core 14 'AddSub' <Latency = 0> <II = 1> <Delay = 1.87> <FuncUnit> <Opcode : 'add' 'sub'> <InPorts = 2> <OutPorts = 1>
ST_28 : Operation 213 [1/1] (0.00ns)   --->   "%tmp9_cast = sext i29 %tmp9 to i30" [ColorComparator/ColorComparator.cpp:22->ColorComparator/ColorComparator.cpp:54]
ST_28 : Operation 214 [1/1] (2.46ns)   --->   "%powerSummation_V = add i30 %p_Val2_cast, %tmp9_cast" [ColorComparator/ColorComparator.cpp:22->ColorComparator/ColorComparator.cpp:54]   --->   Core 14 'AddSub' <Latency = 0> <II = 1> <Delay = 1.87> <FuncUnit> <Opcode : 'add' 'sub'> <InPorts = 2> <OutPorts = 1>

 <State 29> : 5.00ns
ST_29 : Operation 215 [13/13] (4.99ns)   --->   "%result_V = call fastcc i20 @fxp_sqrt(i30 %powerSummation_V) nounwind" [ColorComparator/ColorComparator.cpp:24->ColorComparator/ColorComparator.cpp:54]   --->   Core 0 '' <Latency = 0> <II = 1> <Delay = 1.00> <Generic> <Opcode : >

 <State 30> : 8.75ns
ST_30 : Operation 216 [12/13] (8.75ns)   --->   "%result_V = call fastcc i20 @fxp_sqrt(i30 %powerSummation_V) nounwind" [ColorComparator/ColorComparator.cpp:24->ColorComparator/ColorComparator.cpp:54]   --->   Core 0 '' <Latency = 0> <II = 1> <Delay = 1.00> <Generic> <Opcode : >

 <State 31> : 8.75ns
ST_31 : Operation 217 [11/13] (8.75ns)   --->   "%result_V = call fastcc i20 @fxp_sqrt(i30 %powerSummation_V) nounwind" [ColorComparator/ColorComparator.cpp:24->ColorComparator/ColorComparator.cpp:54]   --->   Core 0 '' <Latency = 0> <II = 1> <Delay = 1.00> <Generic> <Opcode : >

 <State 32> : 8.75ns
ST_32 : Operation 218 [10/13] (8.75ns)   --->   "%result_V = call fastcc i20 @fxp_sqrt(i30 %powerSummation_V) nounwind" [ColorComparator/ColorComparator.cpp:24->ColorComparator/ColorComparator.cpp:54]   --->   Core 0 '' <Latency = 0> <II = 1> <Delay = 1.00> <Generic> <Opcode : >

 <State 33> : 8.75ns
ST_33 : Operation 219 [9/13] (8.75ns)   --->   "%result_V = call fastcc i20 @fxp_sqrt(i30 %powerSummation_V) nounwind" [ColorComparator/ColorComparator.cpp:24->ColorComparator/ColorComparator.cpp:54]   --->   Core 0 '' <Latency = 0> <II = 1> <Delay = 1.00> <Generic> <Opcode : >

 <State 34> : 8.75ns
ST_34 : Operation 220 [8/13] (8.75ns)   --->   "%result_V = call fastcc i20 @fxp_sqrt(i30 %powerSummation_V) nounwind" [ColorComparator/ColorComparator.cpp:24->ColorComparator/ColorComparator.cpp:54]   --->   Core 0 '' <Latency = 0> <II = 1> <Delay = 1.00> <Generic> <Opcode : >

 <State 35> : 8.75ns
ST_35 : Operation 221 [7/13] (8.75ns)   --->   "%result_V = call fastcc i20 @fxp_sqrt(i30 %powerSummation_V) nounwind" [ColorComparator/ColorComparator.cpp:24->ColorComparator/ColorComparator.cpp:54]   --->   Core 0 '' <Latency = 0> <II = 1> <Delay = 1.00> <Generic> <Opcode : >

 <State 36> : 8.75ns
ST_36 : Operation 222 [6/13] (8.75ns)   --->   "%result_V = call fastcc i20 @fxp_sqrt(i30 %powerSummation_V) nounwind" [ColorComparator/ColorComparator.cpp:24->ColorComparator/ColorComparator.cpp:54]   --->   Core 0 '' <Latency = 0> <II = 1> <Delay = 1.00> <Generic> <Opcode : >

 <State 37> : 8.75ns
ST_37 : Operation 223 [5/13] (8.75ns)   --->   "%result_V = call fastcc i20 @fxp_sqrt(i30 %powerSummation_V) nounwind" [ColorComparator/ColorComparator.cpp:24->ColorComparator/ColorComparator.cpp:54]   --->   Core 0 '' <Latency = 0> <II = 1> <Delay = 1.00> <Generic> <Opcode : >

 <State 38> : 8.75ns
ST_38 : Operation 224 [4/13] (8.75ns)   --->   "%result_V = call fastcc i20 @fxp_sqrt(i30 %powerSummation_V) nounwind" [ColorComparator/ColorComparator.cpp:24->ColorComparator/ColorComparator.cpp:54]   --->   Core 0 '' <Latency = 0> <II = 1> <Delay = 1.00> <Generic> <Opcode : >

 <State 39> : 8.75ns
ST_39 : Operation 225 [3/13] (8.75ns)   --->   "%result_V = call fastcc i20 @fxp_sqrt(i30 %powerSummation_V) nounwind" [ColorComparator/ColorComparator.cpp:24->ColorComparator/ColorComparator.cpp:54]   --->   Core 0 '' <Latency = 0> <II = 1> <Delay = 1.00> <Generic> <Opcode : >

 <State 40> : 8.75ns
ST_40 : Operation 226 [2/13] (8.75ns)   --->   "%result_V = call fastcc i20 @fxp_sqrt(i30 %powerSummation_V) nounwind" [ColorComparator/ColorComparator.cpp:24->ColorComparator/ColorComparator.cpp:54]   --->   Core 0 '' <Latency = 0> <II = 1> <Delay = 1.00> <Generic> <Opcode : >

 <State 41> : 6.10ns
ST_41 : Operation 227 [1/13] (6.10ns)   --->   "%result_V = call fastcc i20 @fxp_sqrt(i30 %powerSummation_V) nounwind" [ColorComparator/ColorComparator.cpp:24->ColorComparator/ColorComparator.cpp:54]   --->   Core 0 '' <Latency = 0> <II = 1> <Delay = 1.00> <Generic> <Opcode : >
ST_41 : Operation 228 [2/2] (2.32ns)   --->   "%pixelArray_load_3 = load i96* %pixelArray_addr_3, align 8" [ColorComparator/ColorComparator.cpp:55]   --->   Core 37 'RAM' <Latency = 1> <II = 1> <Delay = 2.32> <Storage> <Opcode : 'load' 'store'> <Ports = 2> <Width = 32> <Depth = 6> <RAM>
ST_41 : Operation 229 [1/1] (0.00ns)   --->   "%tmp_16 = call i7 @_ssdm_op_BitConcatenate.i7.i2.i5(i2 %tmp_24, i5 0)" [ColorComparator/ColorComparator.cpp:55]
ST_41 : Operation 230 [1/1] (0.00ns)   --->   "%tmp_17 = or i7 %tmp_16, 31" [ColorComparator/ColorComparator.cpp:55]
ST_41 : Operation 231 [1/1] (1.48ns)   --->   "%tmp_32 = icmp ugt i7 %tmp_16, %tmp_17" [ColorComparator/ColorComparator.cpp:55]   --->   Core 25 'Cmp' <Latency = 0> <II = 1> <Delay = 2.47> <FuncUnit> <Opcode : 'icmp'> <InPorts = 2> <OutPorts = 1>
ST_41 : Operation 232 [1/1] (1.87ns)   --->   "%tmp_34 = sub i7 -33, %tmp_16" [ColorComparator/ColorComparator.cpp:55]   --->   Core 14 'AddSub' <Latency = 0> <II = 1> <Delay = 1.87> <FuncUnit> <Opcode : 'add' 'sub'> <InPorts = 2> <OutPorts = 1>

 <State 42> : 8.61ns
ST_42 : Operation 233 [1/1] (0.00ns)   --->   "%empty_20 = call i32 (...)* @_ssdm_op_SpecLoopTripCount(i64 8, i64 8, i64 8) nounwind"
ST_42 : Operation 234 [1/1] (0.00ns)   --->   "call void (...)* @_ssdm_op_SpecLoopName([9 x i8]* @p_str4) nounwind" [ColorComparator/ColorComparator.cpp:53]
ST_42 : Operation 235 [1/1] (0.00ns)   --->   "%tmp_12 = call i32 (...)* @_ssdm_op_SpecRegionBegin([9 x i8]* @p_str4) nounwind" [ColorComparator/ColorComparator.cpp:53]
ST_42 : Operation 236 [1/1] (0.00ns)   --->   "call void (...)* @_ssdm_op_SpecPipeline(i32 1, i32 1, i32 1, i32 0, [1 x i8]* @p_str1) nounwind" [ColorComparator/ColorComparator.cpp:54]
ST_42 : Operation 237 [1/1] (0.00ns) (grouped into LUT with out node tmp_42)   --->   "%tmp_21 = call i12 @_ssdm_op_PartSelect.i12.i20.i32.i32(i20 %result_V, i32 8, i32 19)" [ColorComparator/ColorComparator.cpp:25->ColorComparator/ColorComparator.cpp:54]
ST_42 : Operation 238 [1/2] (2.32ns)   --->   "%pixelArray_load_3 = load i96* %pixelArray_addr_3, align 8" [ColorComparator/ColorComparator.cpp:55]   --->   Core 37 'RAM' <Latency = 1> <II = 1> <Delay = 2.32> <Storage> <Opcode : 'load' 'store'> <Ports = 2> <Width = 32> <Depth = 6> <RAM>
ST_42 : Operation 239 [1/1] (0.00ns) (grouped into LUT with out node tmp_42)   --->   "%tmp_33 = zext i12 %tmp_21 to i96" [ColorComparator/ColorComparator.cpp:55]
ST_42 : Operation 240 [1/1] (0.00ns) (grouped into LUT with out node tmp_38)   --->   "%tmp_35 = select i1 %tmp_32, i7 %tmp_16, i7 %tmp_17" [ColorComparator/ColorComparator.cpp:55]   --->   Core 26 'Sel' <Latency = 0> <II = 1> <Delay = 1.37> <FuncUnit> <Opcode : 'select'> <InPorts = 3> <OutPorts = 1>
ST_42 : Operation 241 [1/1] (0.00ns) (grouped into LUT with out node p_demorgan)   --->   "%tmp_36 = select i1 %tmp_32, i7 %tmp_17, i7 %tmp_16" [ColorComparator/ColorComparator.cpp:55]   --->   Core 26 'Sel' <Latency = 0> <II = 1> <Delay = 1.37> <FuncUnit> <Opcode : 'select'> <InPorts = 3> <OutPorts = 1>
ST_42 : Operation 242 [1/1] (0.00ns) (grouped into LUT with out node tmp_42)   --->   "%tmp_37 = select i1 %tmp_32, i7 %tmp_34, i7 %tmp_16" [ColorComparator/ColorComparator.cpp:55]   --->   Core 26 'Sel' <Latency = 0> <II = 1> <Delay = 1.37> <FuncUnit> <Opcode : 'select'> <InPorts = 3> <OutPorts = 1>
ST_42 : Operation 243 [1/1] (1.87ns) (out node of the LUT)   --->   "%tmp_38 = sub i7 -33, %tmp_35" [ColorComparator/ColorComparator.cpp:55]   --->   Core 14 'AddSub' <Latency = 0> <II = 1> <Delay = 1.87> <FuncUnit> <Opcode : 'add' 'sub'> <InPorts = 2> <OutPorts = 1>
ST_42 : Operation 244 [1/1] (0.00ns) (grouped into LUT with out node tmp_42)   --->   "%tmp_39 = zext i7 %tmp_37 to i96" [ColorComparator/ColorComparator.cpp:55]
ST_42 : Operation 245 [1/1] (0.00ns) (grouped into LUT with out node p_demorgan)   --->   "%tmp_40 = zext i7 %tmp_36 to i96" [ColorComparator/ColorComparator.cpp:55]
ST_42 : Operation 246 [1/1] (0.00ns) (grouped into LUT with out node p_demorgan)   --->   "%tmp_41 = zext i7 %tmp_38 to i96" [ColorComparator/ColorComparator.cpp:55]
ST_42 : Operation 247 [1/1] (3.56ns) (out node of the LUT)   --->   "%tmp_42 = shl i96 %tmp_33, %tmp_39" [ColorComparator/ColorComparator.cpp:55]   --->   Core 28 'Shift' <Latency = 0> <II = 1> <Delay = 3.04> <FuncUnit> <Opcode : 'shl' 'lshr' 'ashr'> <InPorts = 2> <OutPorts = 1>
ST_42 : Operation 248 [1/1] (0.00ns) (grouped into LUT with out node tmp_50)   --->   "%tmp_43 = call i96 @llvm.part.select.i96(i96 %tmp_42, i32 95, i32 0)" [ColorComparator/ColorComparator.cpp:55]
ST_42 : Operation 249 [1/1] (0.00ns) (grouped into LUT with out node tmp_50)   --->   "%tmp_44 = select i1 %tmp_32, i96 %tmp_43, i96 %tmp_42" [ColorComparator/ColorComparator.cpp:55]   --->   Core 26 'Sel' <Latency = 0> <II = 1> <Delay = 1.37> <FuncUnit> <Opcode : 'select'> <InPorts = 3> <OutPorts = 1>
ST_42 : Operation 250 [1/1] (0.00ns) (grouped into LUT with out node p_demorgan)   --->   "%tmp_45 = shl i96 -1, %tmp_40" [ColorComparator/ColorComparator.cpp:55]   --->   Core 28 'Shift' <Latency = 0> <II = 1> <Delay = 3.04> <FuncUnit> <Opcode : 'shl' 'lshr' 'ashr'> <InPorts = 2> <OutPorts = 1>
ST_42 : Operation 251 [1/1] (0.00ns) (grouped into LUT with out node p_demorgan)   --->   "%tmp_46 = lshr i96 -1, %tmp_41" [ColorComparator/ColorComparator.cpp:55]   --->   Core 28 'Shift' <Latency = 0> <II = 1> <Delay = 3.04> <FuncUnit> <Opcode : 'shl' 'lshr' 'ashr'> <InPorts = 2> <OutPorts = 1>
ST_42 : Operation 252 [1/1] (3.04ns) (out node of the LUT)   --->   "%p_demorgan = and i96 %tmp_45, %tmp_46" [ColorComparator/ColorComparator.cpp:55]   --->   Core 27 'LogicGate' <Latency = 0> <II = 1> <Delay = 0.96> <FuncUnit> <Opcode : 'and' 'or' 'xor'> <InPorts = 2> <OutPorts = 1>
ST_42 : Operation 253 [1/1] (0.00ns) (grouped into LUT with out node tmp_50)   --->   "%tmp_47 = xor i96 %p_demorgan, -1" [ColorComparator/ColorComparator.cpp:55]   --->   Core 27 'LogicGate' <Latency = 0> <II = 1> <Delay = 0.96> <FuncUnit> <Opcode : 'and' 'or' 'xor'> <InPorts = 2> <OutPorts = 1>
ST_42 : Operation 254 [1/1] (0.00ns) (grouped into LUT with out node tmp_50)   --->   "%tmp_48 = and i96 %pixelArray_load_3, %tmp_47" [ColorComparator/ColorComparator.cpp:55]   --->   Core 27 'LogicGate' <Latency = 0> <II = 1> <Delay = 0.96> <FuncUnit> <Opcode : 'and' 'or' 'xor'> <InPorts = 2> <OutPorts = 1>
ST_42 : Operation 255 [1/1] (0.00ns) (grouped into LUT with out node tmp_50)   --->   "%tmp_49 = and i96 %tmp_44, %p_demorgan" [ColorComparator/ColorComparator.cpp:55]   --->   Core 27 'LogicGate' <Latency = 0> <II = 1> <Delay = 0.96> <FuncUnit> <Opcode : 'and' 'or' 'xor'> <InPorts = 2> <OutPorts = 1>
ST_42 : Operation 256 [1/1] (1.37ns) (out node of the LUT)   --->   "%tmp_50 = or i96 %tmp_48, %tmp_49" [ColorComparator/ColorComparator.cpp:55]   --->   Core 27 'LogicGate' <Latency = 0> <II = 1> <Delay = 0.96> <FuncUnit> <Opcode : 'and' 'or' 'xor'> <InPorts = 2> <OutPorts = 1>
ST_42 : Operation 257 [1/1] (2.32ns)   --->   "store i96 %tmp_50, i96* %pixelArray_addr_3, align 8" [ColorComparator/ColorComparator.cpp:55]   --->   Core 37 'RAM' <Latency = 1> <II = 1> <Delay = 2.32> <Storage> <Opcode : 'load' 'store'> <Ports = 2> <Width = 32> <Depth = 6> <RAM>
ST_42 : Operation 258 [1/1] (0.00ns)   --->   "%empty_21 = call i32 (...)* @_ssdm_op_SpecRegionEnd([9 x i8]* @p_str4, i32 %tmp_12) nounwind" [ColorComparator/ColorComparator.cpp:56]
ST_42 : Operation 259 [1/1] (0.00ns)   --->   "br label %.preheader" [ColorComparator/ColorComparator.cpp:53]

 <State 43> : 0.00ns
ST_43 : Operation 260 [1/1] (0.00ns)   --->   "br label %.loopexit"
ST_43 : Operation 261 [1/1] (0.00ns)   --->   "ret void" [ColorComparator/ColorComparator.cpp:59]


============================================================
+ Verbose Summary: Timing violations
============================================================
Target clock period: 10ns, clock uncertainty: 1.25ns.

 <State 1>: 2.32ns
The critical path consists of the following:
	'getelementptr' operation ('pixelArray_addr', ColorComparator/ColorComparator.cpp:47) [8]  (0 ns)
	'load' operation ('pixelArray_load', ColorComparator/ColorComparator.cpp:47) on array 'pixelArray' [9]  (2.32 ns)

 <State 2>: 2.32ns
The critical path consists of the following:
	'load' operation ('pixelArray_load', ColorComparator/ColorComparator.cpp:47) on array 'pixelArray' [9]  (2.32 ns)

 <State 3>: 3.25ns
The critical path consists of the following:
	'phi' operation ('i') with incoming values : ('i', ColorComparator/ColorComparator.cpp:33->ColorComparator/ColorComparator.cpp:47) [20]  (0 ns)
	'getelementptr' operation ('p_color_array_addr_1', ColorComparator/ColorComparator.cpp:34->ColorComparator/ColorComparator.cpp:47) [32]  (0 ns)
	'load' operation ('color', ColorComparator/ColorComparator.cpp:34->ColorComparator/ColorComparator.cpp:47) on array 'p_color_array' [33]  (3.25 ns)

 <State 4>: 5.19ns
The critical path consists of the following:
	'load' operation ('color', ColorComparator/ColorComparator.cpp:34->ColorComparator/ColorComparator.cpp:47) on array 'p_color_array' [33]  (3.25 ns)
	'select' operation ('colorRed_i_cast_cast', ColorComparator/ColorComparator.cpp:15->ColorComparator/ColorComparator.cpp:34->ColorComparator/ColorComparator.cpp:47) [36]  (0 ns)
	'sub' operation ('number', ColorComparator/ColorComparator.cpp:19->ColorComparator/ColorComparator.cpp:34->ColorComparator/ColorComparator.cpp:47) [40]  (1.94 ns)

 <State 5>: 6.26ns
The critical path consists of the following:
	'sub' operation ('number', ColorComparator/ColorComparator.cpp:20->ColorComparator/ColorComparator.cpp:34->ColorComparator/ColorComparator.cpp:47) [45]  (1.92 ns)
	'mul' operation ('result', ColorComparator/powerFunction.cpp:7->ColorComparator/ColorComparator.cpp:20->ColorComparator/ColorComparator.cpp:34->ColorComparator/ColorComparator.cpp:47) [47]  (4.35 ns)

 <State 6>: 7.3ns
The critical path consists of the following:
	'sub' operation ('__Val2__', ColorComparator/ColorComparator.cpp:21->ColorComparator/ColorComparator.cpp:34->ColorComparator/ColorComparator.cpp:47) [58]  (2.4 ns)
	'add' operation ('tmp8', ColorComparator/ColorComparator.cpp:22->ColorComparator/ColorComparator.cpp:34->ColorComparator/ColorComparator.cpp:47) [60]  (2.43 ns)
	'add' operation ('powerSummation.V', ColorComparator/ColorComparator.cpp:22->ColorComparator/ColorComparator.cpp:34->ColorComparator/ColorComparator.cpp:47) [62]  (2.46 ns)

 <State 7>: 5ns
The critical path consists of the following:
	'call' operation ('result_V_i', ColorComparator/ColorComparator.cpp:24->ColorComparator/ColorComparator.cpp:34->ColorComparator/ColorComparator.cpp:47) to 'fxp_sqrt' [63]  (5 ns)

 <State 8>: 8.75ns
The critical path consists of the following:
	'call' operation ('result_V_i', ColorComparator/ColorComparator.cpp:24->ColorComparator/ColorComparator.cpp:34->ColorComparator/ColorComparator.cpp:47) to 'fxp_sqrt' [63]  (8.75 ns)

 <State 9>: 8.75ns
The critical path consists of the following:
	'call' operation ('result_V_i', ColorComparator/ColorComparator.cpp:24->ColorComparator/ColorComparator.cpp:34->ColorComparator/ColorComparator.cpp:47) to 'fxp_sqrt' [63]  (8.75 ns)

 <State 10>: 8.75ns
The critical path consists of the following:
	'call' operation ('result_V_i', ColorComparator/ColorComparator.cpp:24->ColorComparator/ColorComparator.cpp:34->ColorComparator/ColorComparator.cpp:47) to 'fxp_sqrt' [63]  (8.75 ns)

 <State 11>: 8.75ns
The critical path consists of the following:
	'call' operation ('result_V_i', ColorComparator/ColorComparator.cpp:24->ColorComparator/ColorComparator.cpp:34->ColorComparator/ColorComparator.cpp:47) to 'fxp_sqrt' [63]  (8.75 ns)

 <State 12>: 8.75ns
The critical path consists of the following:
	'call' operation ('result_V_i', ColorComparator/ColorComparator.cpp:24->ColorComparator/ColorComparator.cpp:34->ColorComparator/ColorComparator.cpp:47) to 'fxp_sqrt' [63]  (8.75 ns)

 <State 13>: 8.75ns
The critical path consists of the following:
	'call' operation ('result_V_i', ColorComparator/ColorComparator.cpp:24->ColorComparator/ColorComparator.cpp:34->ColorComparator/ColorComparator.cpp:47) to 'fxp_sqrt' [63]  (8.75 ns)

 <State 14>: 8.75ns
The critical path consists of the following:
	'call' operation ('result_V_i', ColorComparator/ColorComparator.cpp:24->ColorComparator/ColorComparator.cpp:34->ColorComparator/ColorComparator.cpp:47) to 'fxp_sqrt' [63]  (8.75 ns)

 <State 15>: 8.75ns
The critical path consists of the following:
	'call' operation ('result_V_i', ColorComparator/ColorComparator.cpp:24->ColorComparator/ColorComparator.cpp:34->ColorComparator/ColorComparator.cpp:47) to 'fxp_sqrt' [63]  (8.75 ns)

 <State 16>: 8.75ns
The critical path consists of the following:
	'call' operation ('result_V_i', ColorComparator/ColorComparator.cpp:24->ColorComparator/ColorComparator.cpp:34->ColorComparator/ColorComparator.cpp:47) to 'fxp_sqrt' [63]  (8.75 ns)

 <State 17>: 8.75ns
The critical path consists of the following:
	'call' operation ('result_V_i', ColorComparator/ColorComparator.cpp:24->ColorComparator/ColorComparator.cpp:34->ColorComparator/ColorComparator.cpp:47) to 'fxp_sqrt' [63]  (8.75 ns)

 <State 18>: 8.75ns
The critical path consists of the following:
	'call' operation ('result_V_i', ColorComparator/ColorComparator.cpp:24->ColorComparator/ColorComparator.cpp:34->ColorComparator/ColorComparator.cpp:47) to 'fxp_sqrt' [63]  (8.75 ns)

 <State 19>: 6.1ns
The critical path consists of the following:
	'call' operation ('result_V_i', ColorComparator/ColorComparator.cpp:24->ColorComparator/ColorComparator.cpp:34->ColorComparator/ColorComparator.cpp:47) to 'fxp_sqrt' [63]  (6.1 ns)

 <State 20>: 3.84ns
The critical path consists of the following:
	'icmp' operation ('tmp_i7', ColorComparator/ColorComparator.cpp:35->ColorComparator/ColorComparator.cpp:47) [66]  (2.47 ns)
	'select' operation ('i_0_minimumDistanceI', ColorComparator/ColorComparator.cpp:35->ColorComparator/ColorComparator.cpp:47) [67]  (1.37 ns)

 <State 21>: 2.32ns
The critical path consists of the following:
	'getelementptr' operation ('pixelArray_addr_1', ColorComparator/ColorComparator.cpp:50) [72]  (0 ns)
	'load' operation ('pixelArray_load_1', ColorComparator/ColorComparator.cpp:50) on array 'pixelArray' [73]  (2.32 ns)

 <State 22>: 4.64ns
The critical path consists of the following:
	'load' operation ('pixelArray_load_1', ColorComparator/ColorComparator.cpp:50) on array 'pixelArray' [73]  (2.32 ns)
	'store' operation (ColorComparator/ColorComparator.cpp:50) of variable 'tmp_3', ColorComparator/ColorComparator.cpp:50 on array 'tempArray', ColorComparator/ColorComparator.cpp:48 [76]  (2.32 ns)

 <State 23>: 4.64ns
The critical path consists of the following:
	'load' operation ('pixelArray_load_2', ColorComparator/ColorComparator.cpp:50) on array 'pixelArray' [81]  (2.32 ns)
	'store' operation (ColorComparator/ColorComparator.cpp:50) of variable 'tmp_5', ColorComparator/ColorComparator.cpp:50 on array 'tempArray', ColorComparator/ColorComparator.cpp:48 [84]  (2.32 ns)

 <State 24>: 4.79ns
The critical path consists of the following:
	'load' operation ('selectedColorArray_l', ColorComparator/ColorComparator.cpp:52) on array 'selectedColorArray' [101]  (2.32 ns)
	'icmp' operation ('tmp_1', ColorComparator/ColorComparator.cpp:52) [102]  (2.47 ns)

 <State 25>: 4.62ns
The critical path consists of the following:
	'load' operation ('color', ColorComparator/ColorComparator.cpp:54) on array 'p_color_array' [106]  (3.25 ns)
	'select' operation ('colorRed_cast_cast', ColorComparator/ColorComparator.cpp:15->ColorComparator/ColorComparator.cpp:54) [109]  (1.37 ns)

 <State 26>: 4.41ns
The critical path consists of the following:
	'phi' operation ('phi_urem') with incoming values : ('idx_urem') [116]  (0 ns)
	'add' operation ('next_urem') [121]  (1.74 ns)
	'icmp' operation ('tmp_25') [122]  (1.3 ns)
	'select' operation ('idx_urem') [123]  (1.37 ns)

 <State 27>: 8.59ns
The critical path consists of the following:
	'load' operation ('pixel', ColorComparator/ColorComparator.cpp:54) on array 'tempArray', ColorComparator/ColorComparator.cpp:48 [130]  (2.32 ns)
	'sub' operation ('number', ColorComparator/ColorComparator.cpp:20->ColorComparator/ColorComparator.cpp:54) [142]  (1.92 ns)
	'mul' operation ('result', ColorComparator/powerFunction.cpp:7->ColorComparator/ColorComparator.cpp:20->ColorComparator/ColorComparator.cpp:54) [144]  (4.35 ns)

 <State 28>: 8.75ns
The critical path consists of the following:
	'sub' operation ('number', ColorComparator/ColorComparator.cpp:19->ColorComparator/ColorComparator.cpp:54) [137]  (1.94 ns)
	'mul' operation ('result', ColorComparator/powerFunction.cpp:7->ColorComparator/ColorComparator.cpp:19->ColorComparator/ColorComparator.cpp:54) [139]  (4.35 ns)
	'add' operation ('powerSummation.V', ColorComparator/ColorComparator.cpp:22->ColorComparator/ColorComparator.cpp:54) [159]  (2.46 ns)

 <State 29>: 5ns
The critical path consists of the following:
	'call' operation ('result_V', ColorComparator/ColorComparator.cpp:24->ColorComparator/ColorComparator.cpp:54) to 'fxp_sqrt' [160]  (5 ns)

 <State 30>: 8.75ns
The critical path consists of the following:
	'call' operation ('result_V', ColorComparator/ColorComparator.cpp:24->ColorComparator/ColorComparator.cpp:54) to 'fxp_sqrt' [160]  (8.75 ns)

 <State 31>: 8.75ns
The critical path consists of the following:
	'call' operation ('result_V', ColorComparator/ColorComparator.cpp:24->ColorComparator/ColorComparator.cpp:54) to 'fxp_sqrt' [160]  (8.75 ns)

 <State 32>: 8.75ns
The critical path consists of the following:
	'call' operation ('result_V', ColorComparator/ColorComparator.cpp:24->ColorComparator/ColorComparator.cpp:54) to 'fxp_sqrt' [160]  (8.75 ns)

 <State 33>: 8.75ns
The critical path consists of the following:
	'call' operation ('result_V', ColorComparator/ColorComparator.cpp:24->ColorComparator/ColorComparator.cpp:54) to 'fxp_sqrt' [160]  (8.75 ns)

 <State 34>: 8.75ns
The critical path consists of the following:
	'call' operation ('result_V', ColorComparator/ColorComparator.cpp:24->ColorComparator/ColorComparator.cpp:54) to 'fxp_sqrt' [160]  (8.75 ns)

 <State 35>: 8.75ns
The critical path consists of the following:
	'call' operation ('result_V', ColorComparator/ColorComparator.cpp:24->ColorComparator/ColorComparator.cpp:54) to 'fxp_sqrt' [160]  (8.75 ns)

 <State 36>: 8.75ns
The critical path consists of the following:
	'call' operation ('result_V', ColorComparator/ColorComparator.cpp:24->ColorComparator/ColorComparator.cpp:54) to 'fxp_sqrt' [160]  (8.75 ns)

 <State 37>: 8.75ns
The critical path consists of the following:
	'call' operation ('result_V', ColorComparator/ColorComparator.cpp:24->ColorComparator/ColorComparator.cpp:54) to 'fxp_sqrt' [160]  (8.75 ns)

 <State 38>: 8.75ns
The critical path consists of the following:
	'call' operation ('result_V', ColorComparator/ColorComparator.cpp:24->ColorComparator/ColorComparator.cpp:54) to 'fxp_sqrt' [160]  (8.75 ns)

 <State 39>: 8.75ns
The critical path consists of the following:
	'call' operation ('result_V', ColorComparator/ColorComparator.cpp:24->ColorComparator/ColorComparator.cpp:54) to 'fxp_sqrt' [160]  (8.75 ns)

 <State 40>: 8.75ns
The critical path consists of the following:
	'call' operation ('result_V', ColorComparator/ColorComparator.cpp:24->ColorComparator/ColorComparator.cpp:54) to 'fxp_sqrt' [160]  (8.75 ns)

 <State 41>: 6.1ns
The critical path consists of the following:
	'call' operation ('result_V', ColorComparator/ColorComparator.cpp:24->ColorComparator/ColorComparator.cpp:54) to 'fxp_sqrt' [160]  (6.1 ns)

 <State 42>: 8.61ns
The critical path consists of the following:
	'select' operation ('tmp_35', ColorComparator/ColorComparator.cpp:55) [174]  (0 ns)
	'sub' operation ('tmp_38', ColorComparator/ColorComparator.cpp:55) [177]  (1.87 ns)
	'lshr' operation ('tmp_46', ColorComparator/ColorComparator.cpp:55) [185]  (0 ns)
	'and' operation ('p_demorgan', ColorComparator/ColorComparator.cpp:55) [186]  (3.04 ns)
	'and' operation ('tmp_49', ColorComparator/ColorComparator.cpp:55) [189]  (0 ns)
	'or' operation ('tmp_50', ColorComparator/ColorComparator.cpp:55) [190]  (1.37 ns)
	'store' operation (ColorComparator/ColorComparator.cpp:55) of variable 'tmp_50', ColorComparator/ColorComparator.cpp:55 on array 'pixelArray' [191]  (2.32 ns)

 <State 43>: 0ns
The critical path consists of the following:


============================================================
+ Verbose Summary: Binding
============================================================
N/A
* FSMD analyzer results:
  - Output states:
 - Input state : 
  - Chain level:
	State 1
	State 2
	State 3
	State 4
	State 5
	State 6
	State 7
	State 8
	State 9
	State 10
	State 11
	State 12
	State 13
	State 14
	State 15
	State 16
	State 17
	State 18
	State 19
	State 20
	State 21
	State 22
	State 23
	State 24
	State 25
	State 26
	State 27
	State 28
	State 29
	State 30
	State 31
	State 32
	State 33
	State 34
	State 35
	State 36
	State 37
	State 38
	State 39
	State 40
	State 41
	State 42
	State 43


============================================================
+ Verbose Summary: Datapath Resource usage 
============================================================
N/A
