

================================================================
== Vivado HLS Report for 'fxp_sqrt'
================================================================
* Date:           Sun Apr 15 18:07:48 2018

* Version:        2017.4.1 (Build 2117188 on Tue Jan 30 15:53:01 MST 2018)
* Project:        ColorComparator
* Solution:       solution1
* Product family: zynq
* Target device:  xc7z020clg400-1


================================================================
== Performance Estimates
================================================================
+ Timing (ns): 
    * Summary: 
    +--------+-------+----------+------------+
    |  Clock | Target| Estimated| Uncertainty|
    +--------+-------+----------+------------+
    |ap_clk  |  10.00|      8.68|        1.25|
    +--------+-------+----------+------------+

+ Latency (clock cycles): 
    * Summary: 
    +-----+-----+-----+-----+----------+
    |  Latency  |  Interval | Pipeline |
    | min | max | min | max |   Type   |
    +-----+-----+-----+-----+----------+
    |   11|   11|    1|    1| function |
    +-----+-----+-----+-----+----------+

    + Detail: 
        * Instance: 
        N/A

        * Loop: 
        N/A



================================================================
== Utilization Estimates
================================================================
* Summary: 
+-----------------+---------+-------+--------+-------+
|       Name      | BRAM_18K| DSP48E|   FF   |  LUT  |
+-----------------+---------+-------+--------+-------+
|DSP              |        -|      -|       -|      -|
|Expression       |        -|      -|       0|   3613|
|FIFO             |        -|      -|       -|      -|
|Instance         |        -|      -|       -|      -|
|Memory           |        -|      -|       -|      -|
|Multiplexer      |        -|      -|       -|      9|
|Register         |        -|      -|     355|      -|
+-----------------+---------+-------+--------+-------+
|Total            |        0|      0|     355|   3622|
+-----------------+---------+-------+--------+-------+
|Available        |      280|    220|  106400|  53200|
+-----------------+---------+-------+--------+-------+
|Utilization (%)  |        0|      0|   ~0   |      6|
+-----------------+---------+-------+--------+-------+

+ Detail: 
    * Instance: 
    N/A

    * DSP48: 
    N/A

    * Memory: 
    N/A

    * FIFO: 
    N/A

    * Expression: 
    +----------------------------+----------+-------+---+----+------------+------------+
    |        Variable Name       | Operation| DSP48E| FF| LUT| Bitwidth P0| Bitwidth P1|
    +----------------------------+----------+-------+---+----+------------+------------+
    |p_0353_1_1_fu_357_p2        |     +    |      0|  0|  30|          23|          22|
    |q_V_fu_2006_p2              |     +    |      0|  0|  28|          21|           1|
    |s_V_2_10_fu_1224_p2         |     +    |      0|  0|  30|          23|          23|
    |s_V_2_11_fu_1305_p2         |     +    |      0|  0|  30|          23|          23|
    |s_V_2_12_fu_1387_p2         |     +    |      0|  0|  30|          23|          23|
    |s_V_2_13_fu_1468_p2         |     +    |      0|  0|  30|          23|          23|
    |s_V_2_14_fu_1550_p2         |     +    |      0|  0|  30|          23|          23|
    |s_V_2_15_fu_1631_p2         |     +    |      0|  0|  30|          23|          23|
    |s_V_2_16_fu_1713_p2         |     +    |      0|  0|  30|          23|          23|
    |s_V_2_17_fu_1794_p2         |     +    |      0|  0|  30|          23|          23|
    |s_V_2_18_fu_1876_p2         |     +    |      0|  0|  30|          23|          23|
    |s_V_2_19_fu_1957_p2         |     +    |      0|  0|  30|          23|          23|
    |s_V_2_1_fu_1142_p2          |     +    |      0|  0|  30|          23|          23|
    |s_V_2_2_fu_402_p2           |     +    |      0|  0|  23|          23|          23|
    |s_V_2_3_fu_490_p2           |     +    |      0|  0|  30|          23|          23|
    |s_V_2_4_fu_572_p2           |     +    |      0|  0|  30|          23|          23|
    |s_V_2_5_fu_653_p2           |     +    |      0|  0|  30|          23|          23|
    |s_V_2_6_fu_735_p2           |     +    |      0|  0|  30|          23|          23|
    |s_V_2_7_fu_816_p2           |     +    |      0|  0|  30|          23|          23|
    |s_V_2_8_fu_898_p2           |     +    |      0|  0|  30|          23|          23|
    |s_V_2_9_fu_979_p2           |     +    |      0|  0|  30|          23|          23|
    |s_V_2_s_fu_1061_p2          |     +    |      0|  0|  30|          23|          23|
    |tmp1_fu_396_p2              |     +    |      0|  0|  23|          23|          23|
    |tmp_20_fu_304_p2            |     +    |      0|  0|  29|          22|           1|
    |tmp_22_fu_384_p2            |     +    |      0|  0|  23|          23|          22|
    |s_V_1_10_fu_1204_p2         |     -    |      0|  0|  30|          23|          23|
    |s_V_1_11_fu_1286_p2         |     -    |      0|  0|  30|          23|          23|
    |s_V_1_12_fu_1367_p2         |     -    |      0|  0|  30|          23|          23|
    |s_V_1_13_fu_1449_p2         |     -    |      0|  0|  30|          23|          23|
    |s_V_1_14_fu_1530_p2         |     -    |      0|  0|  30|          23|          23|
    |s_V_1_15_fu_1612_p2         |     -    |      0|  0|  30|          23|          23|
    |s_V_1_16_fu_1693_p2         |     -    |      0|  0|  30|          23|          23|
    |s_V_1_17_fu_1775_p2         |     -    |      0|  0|  30|          23|          23|
    |s_V_1_18_fu_1856_p2         |     -    |      0|  0|  30|          23|          23|
    |s_V_1_19_fu_1938_p2         |     -    |      0|  0|  30|          23|          23|
    |s_V_1_1_fu_1123_p2          |     -    |      0|  0|  30|          23|          23|
    |s_V_1_2_fu_390_p2           |     -    |      0|  0|  23|          23|          23|
    |s_V_1_3_fu_470_p2           |     -    |      0|  0|  30|          23|          23|
    |s_V_1_4_fu_552_p2           |     -    |      0|  0|  30|          23|          23|
    |s_V_1_5_fu_634_p2           |     -    |      0|  0|  30|          23|          23|
    |s_V_1_6_fu_715_p2           |     -    |      0|  0|  30|          23|          23|
    |s_V_1_7_fu_797_p2           |     -    |      0|  0|  30|          23|          23|
    |s_V_1_8_fu_878_p2           |     -    |      0|  0|  30|          23|          23|
    |s_V_1_9_fu_960_p2           |     -    |      0|  0|  30|          23|          23|
    |s_V_1_s_fu_1041_p2          |     -    |      0|  0|  30|          23|          23|
    |tmp_10_fu_2000_p2           |   icmp   |      0|  0|  18|          23|           1|
    |q_V_1_10_fu_1170_p2         |    or    |      0|  0|  19|          12|           1|
    |q_V_1_11_fu_1261_p2         |    or    |      0|  0|  20|          13|           1|
    |q_V_1_12_fu_1333_p2         |    or    |      0|  0|  21|          14|           1|
    |q_V_1_13_fu_1424_p2         |    or    |      0|  0|  22|          15|           1|
    |q_V_1_14_fu_1496_p2         |    or    |      0|  0|  23|          16|           1|
    |q_V_1_15_fu_1587_p2         |    or    |      0|  0|  24|          17|           1|
    |q_V_1_16_fu_1659_p2         |    or    |      0|  0|  25|          18|           1|
    |q_V_1_17_fu_1750_p2         |    or    |      0|  0|  26|          19|           1|
    |q_V_1_18_fu_1822_p2         |    or    |      0|  0|  27|          20|           1|
    |q_V_1_19_fu_1913_p2         |    or    |      0|  0|  28|          21|           1|
    |q_V_1_20_fu_1994_p2         |    or    |      0|  0|  28|          21|           1|
    |q_V_1_2_fu_445_p2           |    or    |      0|  0|  10|           3|           1|
    |q_V_1_3_fu_518_p2           |    or    |      0|  0|  11|           4|           1|
    |q_V_1_4_fu_609_p2           |    or    |      0|  0|  12|           5|           1|
    |q_V_1_5_fu_681_p2           |    or    |      0|  0|  13|           6|           1|
    |q_V_1_6_fu_772_p2           |    or    |      0|  0|  14|           7|           1|
    |q_V_1_7_fu_844_p2           |    or    |      0|  0|  15|           8|           1|
    |q_V_1_8_fu_935_p2           |    or    |      0|  0|  16|           9|           1|
    |q_V_1_9_fu_1007_p2          |    or    |      0|  0|  17|          10|           1|
    |q_V_1_s_fu_1098_p2          |    or    |      0|  0|  18|          11|           1|
    |r_V_2_10_fu_1932_p2         |    or    |      0|  0|  30|          23|           1|
    |r_V_4_10_fu_1951_p2         |    or    |      0|  0|  30|          23|           2|
    |tmp_34_10_fu_1280_p2        |    or    |      0|  0|  30|          23|           9|
    |tmp_34_11_fu_1361_p2        |    or    |      0|  0|  30|          23|           8|
    |tmp_34_12_fu_1443_p2        |    or    |      0|  0|  30|          23|           7|
    |tmp_34_13_fu_1524_p2        |    or    |      0|  0|  30|          23|           6|
    |tmp_34_14_fu_1606_p2        |    or    |      0|  0|  30|          23|           5|
    |tmp_34_15_fu_1687_p2        |    or    |      0|  0|  30|          23|           4|
    |tmp_34_16_fu_1769_p2        |    or    |      0|  0|  30|          23|           3|
    |tmp_34_17_fu_1850_p2        |    or    |      0|  0|  30|          23|           2|
    |tmp_34_1_fu_1117_p2         |    or    |      0|  0|  30|          23|          11|
    |tmp_34_2_fu_1198_p2         |    or    |      0|  0|  30|          23|          10|
    |tmp_34_3_fu_464_p2          |    or    |      0|  0|  30|          23|          19|
    |tmp_34_4_fu_546_p2          |    or    |      0|  0|  30|          23|          18|
    |tmp_34_5_fu_628_p2          |    or    |      0|  0|  30|          23|          17|
    |tmp_34_6_fu_709_p2          |    or    |      0|  0|  30|          23|          16|
    |tmp_34_7_fu_791_p2          |    or    |      0|  0|  30|          23|          15|
    |tmp_34_8_fu_872_p2          |    or    |      0|  0|  30|          23|          14|
    |tmp_34_9_fu_954_p2          |    or    |      0|  0|  30|          23|          13|
    |tmp_34_s_fu_1035_p2         |    or    |      0|  0|  30|          23|          12|
    |tmp_37_10_fu_1299_p2        |    or    |      0|  0|  30|          23|          10|
    |tmp_37_11_fu_1381_p2        |    or    |      0|  0|  30|          23|           9|
    |tmp_37_12_fu_1462_p2        |    or    |      0|  0|  30|          23|           8|
    |tmp_37_13_fu_1544_p2        |    or    |      0|  0|  30|          23|           7|
    |tmp_37_14_fu_1625_p2        |    or    |      0|  0|  30|          23|           6|
    |tmp_37_15_fu_1707_p2        |    or    |      0|  0|  30|          23|           5|
    |tmp_37_16_fu_1788_p2        |    or    |      0|  0|  30|          23|           4|
    |tmp_37_17_fu_1870_p2        |    or    |      0|  0|  30|          23|           3|
    |tmp_37_1_fu_1136_p2         |    or    |      0|  0|  30|          23|          12|
    |tmp_37_2_fu_1218_p2         |    or    |      0|  0|  30|          23|          11|
    |tmp_37_3_fu_484_p2          |    or    |      0|  0|  30|          23|          20|
    |tmp_37_4_fu_566_p2          |    or    |      0|  0|  30|          23|          19|
    |tmp_37_5_fu_647_p2          |    or    |      0|  0|  30|          23|          18|
    |tmp_37_6_fu_729_p2          |    or    |      0|  0|  30|          23|          17|
    |tmp_37_7_fu_810_p2          |    or    |      0|  0|  30|          23|          16|
    |tmp_37_8_fu_892_p2          |    or    |      0|  0|  30|          23|          15|
    |tmp_37_9_fu_973_p2          |    or    |      0|  0|  30|          23|          14|
    |tmp_37_s_fu_1055_p2         |    or    |      0|  0|  30|          23|          13|
    |p_0305_1_in_in_2_fu_438_p3  |  select  |      0|  0|   3|           1|           3|
    |p_0353_1_10_fu_1148_p3      |  select  |      0|  0|  23|           1|          23|
    |p_0353_1_11_fu_1230_p3      |  select  |      0|  0|  23|           1|          23|
    |p_0353_1_12_fu_1311_p3      |  select  |      0|  0|  23|           1|          23|
    |p_0353_1_13_fu_1393_p3      |  select  |      0|  0|  23|           1|          23|
    |p_0353_1_14_fu_1474_p3      |  select  |      0|  0|  23|           1|          23|
    |p_0353_1_15_fu_1556_p3      |  select  |      0|  0|  23|           1|          23|
    |p_0353_1_16_fu_1637_p3      |  select  |      0|  0|  23|           1|          23|
    |p_0353_1_17_fu_1719_p3      |  select  |      0|  0|  23|           1|          23|
    |p_0353_1_18_fu_1800_p3      |  select  |      0|  0|  23|           1|          23|
    |p_0353_1_19_fu_1882_p3      |  select  |      0|  0|  23|           1|          23|
    |p_0353_1_20_fu_1963_p3      |  select  |      0|  0|  23|           1|          23|
    |p_0353_1_2_fu_408_p3        |  select  |      0|  0|  23|           1|          23|
    |p_0353_1_3_fu_496_p3        |  select  |      0|  0|  23|           1|          23|
    |p_0353_1_4_fu_578_p3        |  select  |      0|  0|  23|           1|          23|
    |p_0353_1_5_fu_659_p3        |  select  |      0|  0|  23|           1|          23|
    |p_0353_1_6_fu_741_p3        |  select  |      0|  0|  23|           1|          23|
    |p_0353_1_7_fu_822_p3        |  select  |      0|  0|  23|           1|          23|
    |p_0353_1_8_fu_904_p3        |  select  |      0|  0|  23|           1|          23|
    |p_0353_1_9_fu_985_p3        |  select  |      0|  0|  23|           1|          23|
    |p_0353_1_s_fu_1067_p3       |  select  |      0|  0|  23|           1|          23|
    |p_s_fu_424_p3               |  select  |      0|  0|   4|           1|           4|
    |q_V_1_1_fu_431_p3           |  select  |      0|  0|   3|           1|           3|
    |tmp_26_fu_503_p3            |  select  |      0|  0|   3|           1|           3|
    |tmp_27_fu_586_p3            |  select  |      0|  0|   4|           1|           4|
    |tmp_28_fu_666_p3            |  select  |      0|  0|   5|           1|           5|
    |tmp_29_fu_749_p3            |  select  |      0|  0|   6|           1|           6|
    |tmp_30_fu_829_p3            |  select  |      0|  0|   7|           1|           7|
    |tmp_31_fu_912_p3            |  select  |      0|  0|   8|           1|           8|
    |tmp_32_fu_992_p3            |  select  |      0|  0|   9|           1|           9|
    |tmp_33_fu_1075_p3           |  select  |      0|  0|  10|           1|          10|
    |tmp_34_fu_1155_p3           |  select  |      0|  0|  11|           1|          11|
    |tmp_35_fu_1238_p3           |  select  |      0|  0|  12|           1|          12|
    |tmp_36_fu_1318_p3           |  select  |      0|  0|  13|           1|          13|
    |tmp_37_fu_1401_p3           |  select  |      0|  0|  14|           1|          14|
    |tmp_38_fu_1481_p3           |  select  |      0|  0|  15|           1|          15|
    |tmp_39_fu_1564_p3           |  select  |      0|  0|  16|           1|          16|
    |tmp_40_fu_1644_p3           |  select  |      0|  0|  17|           1|          17|
    |tmp_41_fu_1727_p3           |  select  |      0|  0|  18|           1|          18|
    |tmp_42_fu_1807_p3           |  select  |      0|  0|  19|           1|          19|
    |tmp_43_fu_1890_p3           |  select  |      0|  0|  20|           1|          20|
    |tmp_44_fu_1979_p3           |  select  |      0|  0|  20|           1|          20|
    |tmp_46_fu_2022_p3           |  select  |      0|  0|  20|           1|          20|
    |p_0353_1_fu_328_p2          |    xor   |      0|  0|  30|          22|          23|
    +----------------------------+----------+-------+---+----+------------+------------+
    |Total                       |          |      0|  0|3613|        2243|        2149|
    +----------------------------+----------+-------+---+----+------------+------------+

    * Multiplexer: 
    +-----------+----+-----------+-----+-----------+
    |    Name   | LUT| Input Size| Bits| Total Bits|
    +-----------+----+-----------+-----+-----------+
    |ap_return  |   9|          2|   20|         40|
    +-----------+----+-----------+-----+-----------+
    |Total      |   9|          2|   20|         40|
    +-----------+----+-----------+-----+-----------+

    * Register: 
    +----------------------------------+----+----+-----+-----------+
    |               Name               | FF | LUT| Bits| Const Bits|
    +----------------------------------+----+----+-----+-----------+
    |ap_ce_reg                         |   1|   0|    1|          0|
    |ap_reg_pp0_iter1_tmp_53_reg_2035  |   1|   0|    1|          0|
    |ap_return_int_reg                 |  20|   0|   20|          0|
    |in_val_V_read_int_reg             |  30|   0|   30|          0|
    |p_0353_1_11_reg_2130              |  11|   0|   23|         12|
    |p_0353_1_13_reg_2147              |  13|   0|   23|         10|
    |p_0353_1_15_reg_2164              |  15|   0|   23|          8|
    |p_0353_1_17_reg_2181              |  17|   0|   23|          6|
    |p_0353_1_19_reg_2198              |  19|   0|   23|          4|
    |p_0353_1_2_reg_2051               |  21|   0|   23|          2|
    |p_0353_1_4_reg_2062               |  19|   0|   23|          4|
    |p_0353_1_6_reg_2079               |  17|   0|   23|          6|
    |p_0353_1_8_reg_2096               |  15|   0|   23|          8|
    |p_0353_1_reg_2030                 |  22|   0|   22|          0|
    |p_0353_1_s_reg_2113               |  13|   0|   23|         10|
    |tmp_103_reg_2210                  |   1|   0|    1|          0|
    |tmp_27_reg_2067                   |   4|   0|    4|          0|
    |tmp_29_reg_2084                   |   6|   0|    6|          0|
    |tmp_31_reg_2101                   |   8|   0|    8|          0|
    |tmp_33_reg_2118                   |  10|   0|   10|          0|
    |tmp_35_reg_2135                   |  12|   0|   12|          0|
    |tmp_37_reg_2152                   |  14|   0|   14|          0|
    |tmp_39_reg_2169                   |  16|   0|   16|          0|
    |tmp_41_reg_2186                   |  18|   0|   18|          0|
    |tmp_43_reg_2203                   |  20|   0|   20|          0|
    |tmp_53_reg_2035                   |   1|   0|    1|          0|
    |tmp_55_reg_2046                   |   1|   0|    1|          0|
    |tmp_59_reg_2041                   |   1|   0|    1|          0|
    |tmp_61_reg_2056                   |   1|   0|    1|          0|
    |tmp_68_reg_2073                   |   1|   0|    1|          0|
    |tmp_75_reg_2090                   |   1|   0|    1|          0|
    |tmp_79_reg_2107                   |   1|   0|    1|          0|
    |tmp_83_reg_2124                   |   1|   0|    1|          0|
    |tmp_87_reg_2141                   |   1|   0|    1|          0|
    |tmp_91_reg_2158                   |   1|   0|    1|          0|
    |tmp_95_reg_2175                   |   1|   0|    1|          0|
    |tmp_99_reg_2192                   |   1|   0|    1|          0|
    +----------------------------------+----+----+-----+-----------+
    |Total                             | 355|   0|  425|         70|
    +----------------------------------+----+----+-----+-----------+



================================================================
== Interface
================================================================
* Summary: 
+---------------+-----+-----+------------+---------------+--------------+
|   RTL Ports   | Dir | Bits|  Protocol  | Source Object |    C Type    |
+---------------+-----+-----+------------+---------------+--------------+
|ap_clk         |  in |    1| ap_ctrl_hs |    fxp_sqrt   | return value |
|ap_rst         |  in |    1| ap_ctrl_hs |    fxp_sqrt   | return value |
|ap_return      | out |   20| ap_ctrl_hs |    fxp_sqrt   | return value |
|ap_ce          |  in |    1| ap_ctrl_hs |    fxp_sqrt   | return value |
|in_val_V_read  |  in |   30|   ap_none  | in_val_V_read |    scalar    |
+---------------+-----+-----+------------+---------------+--------------+

