

================================================================
== Vivado HLS Report for 'getColorDistance_Str'
================================================================
* Date:           Tue Apr 24 14:40:38 2018

* Version:        2017.4 (Build 2086221 on Fri Dec 15 21:13:33 MST 2017)
* Project:        ColorComparator
* Solution:       solution1
* Product family: zynq
* Target device:  xc7z020clg400-1


================================================================
== Performance Estimates
================================================================
+ Timing (ns): 
    * Summary: 
    +--------+-------+----------+------------+
    |  Clock | Target| Estimated| Uncertainty|
    +--------+-------+----------+------------+
    |ap_clk  |  10.00|      8.68|        1.25|
    +--------+-------+----------+------------+

+ Latency (clock cycles): 
    * Summary: 
    +-----+-----+-----+-----+----------+
    |  Latency  |  Interval | Pipeline |
    | min | max | min | max |   Type   |
    +-----+-----+-----+-----+----------+
    |   15|   15|    1|    1| function |
    +-----+-----+-----+-----+----------+

    + Detail: 
        * Instance: 
        +--------------------+----------+-----+-----+-----+-----+----------+
        |                    |          |  Latency  |  Interval | Pipeline |
        |      Instance      |  Module  | min | max | min | max |   Type   |
        +--------------------+----------+-----+-----+-----+-----+----------+
        |grp_fxp_sqrt_fu_88  |fxp_sqrt  |   11|   11|    1|    1| function |
        +--------------------+----------+-----+-----+-----+-----+----------+

        * Loop: 
        N/A



================================================================
== Utilization Estimates
================================================================
* Summary: 
+-----------------+---------+-------+--------+-------+
|       Name      | BRAM_18K| DSP48E|   FF   |  LUT  |
+-----------------+---------+-------+--------+-------+
|DSP              |        -|      1|       -|      -|
|Expression       |        -|      0|       0|    577|
|FIFO             |        -|      -|       -|      -|
|Instance         |        -|      -|     357|   3646|
|Memory           |        -|      -|       -|      -|
|Multiplexer      |        -|      -|       -|      9|
|Register         |        -|      -|     231|      -|
+-----------------+---------+-------+--------+-------+
|Total            |        0|      1|     588|   4232|
+-----------------+---------+-------+--------+-------+
|Available        |      280|    220|  106400|  53200|
+-----------------+---------+-------+--------+-------+
|Utilization (%)  |        0|   ~0  |   ~0   |      7|
+-----------------+---------+-------+--------+-------+

+ Detail: 
    * Instance: 
    +--------------------+----------+---------+-------+-----+------+
    |      Instance      |  Module  | BRAM_18K| DSP48E|  FF |  LUT |
    +--------------------+----------+---------+-------+-----+------+
    |grp_fxp_sqrt_fu_88  |fxp_sqrt  |        0|      0|  357|  3646|
    +--------------------+----------+---------+-------+-----+------+
    |Total               |          |        0|      0|  357|  3646|
    +--------------------+----------+---------+-------+-----+------+

    * DSP48: 
    +-------------------------+----------------------+-----------+
    |         Instance        |        Module        | Expression|
    +-------------------------+----------------------+-----------+
    |getPixelClassificbkb_U2  |getPixelClassificbkb  |  i0 * i1  |
    +-------------------------+----------------------+-----------+

    * Memory: 
    N/A

    * FIFO: 
    N/A

    * Expression: 
    +----------------------------------+----------+-------+---+----+------------+------------+
    |           Variable Name          | Operation| DSP48E| FF| LUT| Bitwidth P0| Bitwidth P1|
    +----------------------------------+----------+-------+---+----+------------+------------+
    |result_1_fu_236_p2                |     *    |      0|  0|  51|           9|           9|
    |result_fu_198_p2                  |     *    |      0|  0|  51|           9|           9|
    |tmp1_fu_175_p2                    |     *    |      0|  0|  51|           4|           9|
    |grp_fxp_sqrt_fu_88_in_val_V_read  |     +    |      0|  0|  29|          32|          32|
    |tmp2_fu_466_p2                    |     +    |      0|  0|  29|          32|          32|
    |tmp_2_fu_260_p2                   |     +    |      0|  0|  27|          20|          20|
    |p_neg1_fu_274_p2                  |     -    |      0|  0|  27|           1|          20|
    |p_neg9_fu_322_p2                  |     -    |      0|  0|  28|           1|          21|
    |p_neg_fu_385_p2                   |     -    |      0|  0|  27|           1|          20|
    |r_V_1_fu_165_p2                   |     -    |      0|  0|  16|           9|           9|
    |r_V_2_fu_189_p2                   |     -    |      0|  0|  16|           9|           9|
    |r_V_fu_151_p2                     |     -    |      0|  0|  16|           9|           9|
    |tmp_11_fu_405_p2                  |     -    |      0|  0|  27|           1|          20|
    |tmp_1_fu_294_p2                   |     -    |      0|  0|  27|           1|          20|
    |tmp_4_fu_341_p2                   |     -    |      0|  0|  27|           1|          20|
    |tmp_9_fu_371_p2                   |     -    |      0|  0|  27|          20|          20|
    |ap_block_pp0_stage0_11001         |    and   |      0|  0|   8|           1|           1|
    |ap_block_pp0_stage0_subdone       |    or    |      0|  0|   8|           1|           1|
    |ap_block_state1_pp0_stage0_iter0  |    or    |      0|  0|   8|           1|           1|
    |rhs_V_cast_fu_143_p3              |  select  |      0|  0|   8|           1|           8|
    |tmp_16_fu_425_p3                  |  select  |      0|  0|  20|           1|          20|
    |tmp_6_fu_351_p3                   |  select  |      0|  0|  21|           1|          21|
    |tmp_s_fu_314_p3                   |  select  |      0|  0|  20|           1|          20|
    |ap_enable_pp0                     |    xor   |      0|  0|   8|           1|           2|
    +----------------------------------+----------+-------+---+----+------------+------------+
    |Total                             |          |      0|  0| 577|         167|         353|
    +----------------------------------+----------+-------+---+----+------------+------------+

    * Multiplexer: 
    +---------------------+----+-----------+-----+-----------+
    |         Name        | LUT| Input Size| Bits| Total Bits|
    +---------------------+----+-----------+-----+-----------+
    |pixel_V_TDATA_blk_n  |   9|          2|    1|          2|
    +---------------------+----+-----------+-----+-----------+
    |Total                |   9|          2|    1|          2|
    +---------------------+----+-----------+-----+-----------+

    * Register: 
    +--------------------------+----+----+-----+-----------+
    |           Name           | FF | LUT| Bits| Const Bits|
    +--------------------------+----+----+-----+-----------+
    |ap_CS_fsm                 |   1|   0|    1|          0|
    |ap_enable_reg_pp0_iter1   |   1|   0|    1|          0|
    |ap_enable_reg_pp0_iter10  |   1|   0|    1|          0|
    |ap_enable_reg_pp0_iter11  |   1|   0|    1|          0|
    |ap_enable_reg_pp0_iter12  |   1|   0|    1|          0|
    |ap_enable_reg_pp0_iter13  |   1|   0|    1|          0|
    |ap_enable_reg_pp0_iter14  |   1|   0|    1|          0|
    |ap_enable_reg_pp0_iter15  |   1|   0|    1|          0|
    |ap_enable_reg_pp0_iter2   |   1|   0|    1|          0|
    |ap_enable_reg_pp0_iter3   |   1|   0|    1|          0|
    |ap_enable_reg_pp0_iter4   |   1|   0|    1|          0|
    |ap_enable_reg_pp0_iter5   |   1|   0|    1|          0|
    |ap_enable_reg_pp0_iter6   |   1|   0|    1|          0|
    |ap_enable_reg_pp0_iter7   |   1|   0|    1|          0|
    |ap_enable_reg_pp0_iter8   |   1|   0|    1|          0|
    |ap_enable_reg_pp0_iter9   |   1|   0|    1|          0|
    |r_V_1_reg_503             |   9|   0|    9|          0|
    |r_V_2_reg_513             |   9|   0|    9|          0|
    |r_V_reg_498               |   9|   0|    9|          0|
    |result_1_reg_543          |  18|   0|   18|          0|
    |result_reg_518            |  18|   0|   18|          0|
    |tmp1_reg_508              |  14|   0|   14|          0|
    |tmp_13_reg_528            |  21|   0|   21|          0|
    |tmp_14_reg_533            |   1|   0|    1|          0|
    |tmp_16_reg_563            |  20|   0|   20|          0|
    |tmp_18_reg_548            |  17|   0|   17|          0|
    |tmp_3_reg_538             |  21|   0|   21|          0|
    |tmp_6_reg_558             |  21|   0|   21|          0|
    |tmp_reg_523               |  17|   0|   17|          0|
    |tmp_s_reg_553             |  20|   0|   20|          0|
    +--------------------------+----+----+-----+-----------+
    |Total                     | 231|   0|  231|          0|
    +--------------------------+----+----+-----+-----------+



================================================================
== Interface
================================================================
* Summary: 
+---------------------+-----+-----+------------+----------------------+--------------+
|      RTL Ports      | Dir | Bits|  Protocol  |     Source Object    |    C Type    |
+---------------------+-----+-----+------------+----------------------+--------------+
|ap_clk               |  in |    1| ap_ctrl_hs | getColorDistance_Str | return value |
|ap_rst               |  in |    1| ap_ctrl_hs | getColorDistance_Str | return value |
|ap_start             |  in |    1| ap_ctrl_hs | getColorDistance_Str | return value |
|ap_done              | out |    1| ap_ctrl_hs | getColorDistance_Str | return value |
|ap_idle              | out |    1| ap_ctrl_hs | getColorDistance_Str | return value |
|ap_ready             | out |    1| ap_ctrl_hs | getColorDistance_Str | return value |
|ap_ce                |  in |    1| ap_ctrl_hs | getColorDistance_Str | return value |
|ap_return            | out |   12| ap_ctrl_hs | getColorDistance_Str | return value |
|pixel_V_TDATA_blk_n  | out |    1| ap_ctrl_hs | getColorDistance_Str | return value |
|pixel_V_TVALID       |  in |    1|    axis    |        pixel_V       |    scalar    |
|pixel_V_TDATA        |  in |   24|    axis    |        pixel_V       |    scalar    |
|pixel_V_TREADY       | out |    1|    axis    |        pixel_V       |    scalar    |
|color_V              |  in |   17|   ap_none  |        color_V       |    scalar    |
+---------------------+-----+-----+------------+----------------------+--------------+

