

================================================================
== Vivado HLS Report for 'getPixelClassification_Stream'
================================================================
* Date:           Sat Apr 21 14:23:10 2018

* Version:        2017.4 (Build 2086221 on Fri Dec 15 21:13:33 MST 2017)
* Project:        ColorComparator
* Solution:       solution1
* Product family: zynq
* Target device:  xc7z020clg400-1


================================================================
== Performance Estimates
================================================================
+ Timing (ns): 
    * Summary: 
    +--------+-------+----------+------------+
    |  Clock | Target| Estimated| Uncertainty|
    +--------+-------+----------+------------+
    |ap_clk  |  10.00|      8.68|        1.25|
    +--------+-------+----------+------------+

+ Latency (clock cycles): 
    * Summary: 
    +-----+-----+-----+-----+-------------+
    |  Latency  |  Interval |   Pipeline  |
    | min | max | min | max |     Type    |
    +-----+-----+-----+-----+-------------+
    |   20|   21|    2|    2| loop rewind |
    +-----+-----+-----+-----+-------------+

    + Detail: 
        * Instance: 
        +---------------------+----------+-----+-----+-----+-----+----------+
        |                     |          |  Latency  |  Interval | Pipeline |
        |       Instance      |  Module  | min | max | min | max |   Type   |
        +---------------------+----------+-----+-----+-----+-----+----------+
        |grp_fxp_sqrt_fu_262  |fxp_sqrt  |   11|   11|    1|    1| function |
        |grp_fxp_sqrt_fu_267  |fxp_sqrt  |   11|   11|    1|    1| function |
        |grp_fxp_sqrt_fu_272  |fxp_sqrt  |   11|   11|    1|    1| function |
        +---------------------+----------+-----+-----+-----+-----+----------+

        * Loop: 
        +--------------------+-----+-----+----------+-----------+-----------+------+----------+
        |                    |  Latency  | Iteration|  Initiation Interval  | Trip |          |
        |      Loop Name     | min | max |  Latency |  achieved |   target  | Count| Pipelined|
        +--------------------+-----+-----+----------+-----------+-----------+------+----------+
        |- PIXEL_COLOR_LOOP  |   20|   20|        20|          1|          1|     2|    yes   |
        +--------------------+-----+-----+----------+-----------+-----------+------+----------+



================================================================
== Utilization Estimates
================================================================
* Summary: 
+-----------------+---------+-------+--------+-------+
|       Name      | BRAM_18K| DSP48E|   FF   |  LUT  |
+-----------------+---------+-------+--------+-------+
|DSP              |        -|      -|       -|      -|
|Expression       |        -|      0|       0|   1445|
|FIFO             |        -|      -|       -|      -|
|Instance         |        -|      -|    1065|  10866|
|Memory           |        0|      -|      51|      2|
|Multiplexer      |        -|      -|       -|    242|
|Register         |        0|      -|     962|    160|
+-----------------+---------+-------+--------+-------+
|Total            |        0|      0|    2078|  12715|
+-----------------+---------+-------+--------+-------+
|Available        |      280|    220|  106400|  53200|
+-----------------+---------+-------+--------+-------+
|Utilization (%)  |        0|      0|       1|     23|
+-----------------+---------+-------+--------+-------+

+ Detail: 
    * Instance: 
    +---------------------+----------+---------+-------+-----+------+
    |       Instance      |  Module  | BRAM_18K| DSP48E|  FF |  LUT |
    +---------------------+----------+---------+-------+-----+------+
    |grp_fxp_sqrt_fu_262  |fxp_sqrt  |        0|      0|  355|  3622|
    |grp_fxp_sqrt_fu_267  |fxp_sqrt  |        0|      0|  355|  3622|
    |grp_fxp_sqrt_fu_272  |fxp_sqrt  |        0|      0|  355|  3622|
    +---------------------+----------+---------+-------+-----+------+
    |Total                |          |        0|      0| 1065| 10866|
    +---------------------+----------+---------+-------+-----+------+

    * DSP48: 
    N/A

    * Memory: 
    +--------------------------+----------------------+---------+----+----+------+-----+------+-------------+
    |          Memory          |        Module        | BRAM_18K| FF | LUT| Words| Bits| Banks| W*Bits*Banks|
    +--------------------------+----------------------+---------+----+----+------+-----+------+-------------+
    |p_color_array_stream_s_U  |getPixelClassificbkb  |        0|  51|   2|     6|   17|     1|          102|
    +--------------------------+----------------------+---------+----+----+------+-----+------+-------------+
    |Total                     |                      |        0|  51|   2|     6|   17|     1|          102|
    +--------------------------+----------------------+---------+----+----+------+-----+------+-------------+

    * FIFO: 
    N/A

    * Expression: 
    +-----------------------------------+----------+-------+---+----+------------+------------+
    |           Variable Name           | Operation| DSP48E| FF| LUT| Bitwidth P0| Bitwidth P1|
    +-----------------------------------+----------+-------+---+----+------------+------------+
    |result_3_fu_591_p2                 |     *    |      0|  0|  51|           9|           9|
    |result_4_fu_651_p2                 |     *    |      0|  0|  51|           9|           9|
    |result_6_fu_600_p2                 |     *    |      0|  0|  51|           9|           9|
    |result_9_fu_756_p2                 |     *    |      0|  0|  51|           9|           9|
    |result_fu_531_p2                   |     *    |      0|  0|  51|           9|           9|
    |result_s_fu_540_p2                 |     *    |      0|  0|  51|           9|           9|
    |tmp_15_fu_552_p2                   |     *    |      0|  0|  51|           9|           9|
    |tmp_22_fu_612_p2                   |     *    |      0|  0|  51|           9|           9|
    |tmp_27_fu_663_p2                   |     *    |      0|  0|  51|           9|           9|
    |grp_fxp_sqrt_fu_262_in_val_V_read  |     +    |      0|  0|  37|          30|          30|
    |grp_fxp_sqrt_fu_267_in_val_V_read  |     +    |      0|  0|  37|          30|          30|
    |i_1_fu_297_p2                      |     +    |      0|  0|  12|           2|           3|
    |i_2_fu_308_p2                      |     +    |      0|  0|  12|           2|           3|
    |i_fu_286_p2                        |     +    |      0|  0|  12|           1|           3|
    |powerSummation_V_2_fu_827_p2       |     +    |      0|  0|  37|          30|          30|
    |tmp13_fu_817_p2                    |     +    |      0|  0|  36|          29|          29|
    |tmp5_fu_694_p2                     |     +    |      0|  0|  36|          29|          29|
    |tmp9_fu_736_p2                     |     +    |      0|  0|  36|          29|          29|
    |p_Val2_1_fu_642_p2                 |     -    |      0|  0|  35|          28|          28|
    |p_Val2_2_fu_807_p2                 |     -    |      0|  0|  35|          28|          28|
    |p_Val2_s_fu_582_p2                 |     -    |      0|  0|  35|          28|          28|
    |r_V_1_fu_396_p2                    |     -    |      0|  0|  16|           9|           9|
    |r_V_2_fu_410_p2                    |     -    |      0|  0|  16|           9|           9|
    |r_V_3_fu_446_p2                    |     -    |      0|  0|  16|           9|           9|
    |r_V_4_fu_456_p2                    |     -    |      0|  0|  16|           9|           9|
    |r_V_5_fu_466_p2                    |     -    |      0|  0|  16|           9|           9|
    |r_V_6_fu_502_p2                    |     -    |      0|  0|  16|           9|           9|
    |r_V_7_fu_512_p2                    |     -    |      0|  0|  16|           9|           9|
    |r_V_8_fu_522_p2                    |     -    |      0|  0|  16|           9|           9|
    |r_V_fu_382_p2                      |     -    |      0|  0|  16|           9|           9|
    |ap_block_state3_pp0_stage0_iter1   |    and   |      0|  0|   8|           1|           1|
    |ap_condition_165                   |    and   |      0|  0|   8|           1|           1|
    |ap_condition_618                   |    and   |      0|  0|   8|           1|           1|
    |ap_predicate_op207_write_state20   |    and   |      0|  0|   8|           1|           1|
    |ap_predicate_op208_write_state20   |    and   |      0|  0|   8|           1|           1|
    |ap_predicate_op209_write_state20   |    and   |      0|  0|   8|           1|           1|
    |ap_predicate_op210_write_state20   |    and   |      0|  0|   8|           1|           1|
    |ap_predicate_op211_write_state20   |    and   |      0|  0|   8|           1|           1|
    |ap_predicate_op212_write_state20   |    and   |      0|  0|   8|           1|           1|
    |ap_predicate_op213_write_state20   |    and   |      0|  0|   8|           1|           1|
    |ap_predicate_op222_write_state21   |    and   |      0|  0|   8|           1|           1|
    |ap_predicate_op224_write_state21   |    and   |      0|  0|   8|           1|           1|
    |ap_predicate_op226_write_state21   |    and   |      0|  0|   8|           1|           1|
    |ap_predicate_op228_write_state21   |    and   |      0|  0|   8|           1|           1|
    |ap_predicate_op230_write_state21   |    and   |      0|  0|   8|           1|           1|
    |ap_predicate_op232_write_state21   |    and   |      0|  0|   8|           1|           1|
    |ap_predicate_op234_write_state21   |    and   |      0|  0|   8|           1|           1|
    |in_pixel_V_0_load_A                |    and   |      0|  0|   8|           1|           1|
    |in_pixel_V_0_load_B                |    and   |      0|  0|   8|           1|           1|
    |out_pixel_V_1_load_A               |    and   |      0|  0|   8|           1|           1|
    |out_pixel_V_1_load_B               |    and   |      0|  0|   8|           1|           1|
    |exitcond_fu_318_p2                 |   icmp   |      0|  0|   9|           3|           3|
    |in_pixel_V_0_state_cmp_full        |   icmp   |      0|  0|   8|           2|           1|
    |out_pixel_V_1_state_cmp_full       |   icmp   |      0|  0|   8|           2|           1|
    |tmp_1_1_fu_873_p2                  |   icmp   |      0|  0|  18|          32|          32|
    |tmp_1_2_fu_904_p2                  |   icmp   |      0|  0|  18|          32|          32|
    |tmp_1_fu_856_p2                    |   icmp   |      0|  0|  18|          32|          32|
    |ap_block_pp0_stage0_01001          |    or    |      0|  0|   8|           1|           1|
    |ap_block_pp0_stage0_11001          |    or    |      0|  0|   8|           1|           1|
    |ap_block_state20_io                |    or    |      0|  0|   8|           1|           1|
    |ap_block_state21_io                |    or    |      0|  0|   8|           1|           1|
    |or_cond_fu_919_p2                  |    or    |      0|  0|   8|           1|           1|
    |distance_0_minimumDi_1_fu_879_p3   |  select  |      0|  0|  32|           1|          32|
    |distance_0_minimumDi_2_fu_939_p3   |  select  |      0|  0|  32|           1|          32|
    |distance_0_minimumDi_fu_862_p3     |  select  |      0|  0|  32|           1|          32|
    |newSel1_fu_924_p3                  |  select  |      0|  0|  32|           1|          32|
    |newSel2_fu_931_p3                  |  select  |      0|  0|  32|           1|          32|
    |newSel_fu_909_p3                   |  select  |      0|  0|   3|           1|           3|
    |rhs_V_3_cast_fu_438_p3             |  select  |      0|  0|   8|           1|           8|
    |rhs_V_6_cast_fu_494_p3             |  select  |      0|  0|   8|           1|           8|
    |rhs_V_cast_fu_374_p3               |  select  |      0|  0|   8|           1|           8|
    |ap_enable_pp0                      |    xor   |      0|  0|   8|           1|           2|
    +-----------------------------------+----------+-------+---+----+------------+------------+
    |Total                              |          |      0|  0|1445|         567|         748|
    +-----------------------------------+----------+-------+---+----+------------+------------+

    * Multiplexer: 
    +-------------------------------------------------+----+-----------+-----+-----------+
    |                       Name                      | LUT| Input Size| Bits| Total Bits|
    +-------------------------------------------------+----+-----------+-----+-----------+
    |ap_NS_fsm                                        |  15|          3|    1|          3|
    |ap_enable_reg_pp0_iter19                         |   9|          2|    1|          2|
    |ap_phi_mux_in_pixel_V9_phi_phi_fu_225_p4         |  15|          3|   24|         72|
    |ap_phi_mux_in_pixel_V9_rewind_phi_fu_210_p6      |   9|          2|   24|         48|
    |ap_phi_mux_minimumDistance4_phi_fu_238_p6        |  15|          3|   32|         96|
    |ap_phi_mux_minimumDistanceIndex_1_phi_fu_252_p6  |  15|          3|   32|         96|
    |ap_phi_mux_minimumDistanceIndex_3_phi_fu_195_p6  |  15|          3|    2|          6|
    |in_pixel_V9_phi_reg_220                          |  15|          3|   24|         72|
    |in_pixel_V_0_data_out                            |   9|          2|   24|         48|
    |in_pixel_V_0_state                               |  15|          3|    2|          6|
    |in_pixel_V_TDATA_blk_n                           |   9|          2|    1|          2|
    |minimumDistance4_reg_234                         |   9|          2|   32|         64|
    |minimumDistanceIndex_1_reg_248                   |   9|          2|   32|         64|
    |minimumDistanceIndex_3_reg_191                   |   9|          2|    2|          4|
    |out_pixel_V_1_data_in                            |  41|          8|   24|        192|
    |out_pixel_V_1_data_out                           |   9|          2|   24|         48|
    |out_pixel_V_1_state                              |  15|          3|    2|          6|
    |out_pixel_V_TDATA_blk_n                          |   9|          2|    1|          2|
    +-------------------------------------------------+----+-----------+-----+-----------+
    |Total                                            | 242|         50|  284|        831|
    +-------------------------------------------------+----+-----------+-----+-----------+

    * Register: 
    +------------------------------------+----+----+-----+-----------+
    |                Name                | FF | LUT| Bits| Const Bits|
    +------------------------------------+----+----+-----+-----------+
    |ap_CS_fsm                           |   2|   0|    2|          0|
    |ap_enable_reg_pp0_iter1             |   1|   0|    1|          0|
    |ap_enable_reg_pp0_iter10            |   1|   0|    1|          0|
    |ap_enable_reg_pp0_iter11            |   1|   0|    1|          0|
    |ap_enable_reg_pp0_iter12            |   1|   0|    1|          0|
    |ap_enable_reg_pp0_iter13            |   1|   0|    1|          0|
    |ap_enable_reg_pp0_iter14            |   1|   0|    1|          0|
    |ap_enable_reg_pp0_iter15            |   1|   0|    1|          0|
    |ap_enable_reg_pp0_iter16            |   1|   0|    1|          0|
    |ap_enable_reg_pp0_iter17            |   1|   0|    1|          0|
    |ap_enable_reg_pp0_iter18            |   1|   0|    1|          0|
    |ap_enable_reg_pp0_iter19            |   1|   0|    1|          0|
    |ap_enable_reg_pp0_iter2             |   1|   0|    1|          0|
    |ap_enable_reg_pp0_iter3             |   1|   0|    1|          0|
    |ap_enable_reg_pp0_iter4             |   1|   0|    1|          0|
    |ap_enable_reg_pp0_iter5             |   1|   0|    1|          0|
    |ap_enable_reg_pp0_iter6             |   1|   0|    1|          0|
    |ap_enable_reg_pp0_iter7             |   1|   0|    1|          0|
    |ap_enable_reg_pp0_iter8             |   1|   0|    1|          0|
    |ap_enable_reg_pp0_iter9             |   1|   0|    1|          0|
    |ap_reg_pp0_iter18_newSel2_reg_1117  |  32|   0|   32|          0|
    |ap_reg_pp0_iter2_r_V_6_reg_1014     |   9|   0|    9|          0|
    |distance_0_minimumDi_1_reg_1106     |  32|   0|   32|          0|
    |do_init_reg_175                     |   1|   0|    1|          0|
    |exitcond_reg_978                    |   1|   0|    1|          0|
    |i_1_reg_963                         |   3|   0|    3|          0|
    |i_reg_953                           |   3|   0|    3|          0|
    |in_pixel_V9_phi_reg_220             |  24|   0|   24|          0|
    |in_pixel_V9_rewind_reg_206          |  24|   0|   24|          0|
    |in_pixel_V_0_payload_A              |  24|   0|   24|          0|
    |in_pixel_V_0_payload_B              |  24|   0|   24|          0|
    |in_pixel_V_0_sel_rd                 |   1|   0|    1|          0|
    |in_pixel_V_0_sel_wr                 |   1|   0|    1|          0|
    |in_pixel_V_0_state                  |   2|   0|    2|          0|
    |minimumDistance4_reg_234            |  32|   0|   32|          0|
    |minimumDistanceIndex_1_reg_248      |  32|   0|   32|          0|
    |minimumDistanceIndex_3_reg_191      |   2|   0|    2|          0|
    |newSel2_reg_1117                    |  32|   0|   32|          0|
    |out_pixel_V_1_payload_A             |  24|   0|   24|          0|
    |out_pixel_V_1_payload_B             |  24|   0|   24|          0|
    |out_pixel_V_1_sel_rd                |   1|   0|    1|          0|
    |out_pixel_V_1_sel_wr                |   1|   0|    1|          0|
    |out_pixel_V_1_state                 |   2|   0|    2|          0|
    |p_Val2_1_reg_1055                   |  20|   0|   28|          8|
    |p_Val2_s_reg_1040                   |  20|   0|   28|          8|
    |powerSummation_V_2_reg_1081         |  22|   0|   30|          8|
    |r_V_1_reg_987                       |   9|   0|    9|          0|
    |r_V_2_reg_992                       |   9|   0|    9|          0|
    |r_V_3_reg_998                       |   9|   0|    9|          0|
    |r_V_4_reg_1003                      |   9|   0|    9|          0|
    |r_V_5_reg_1008                      |   9|   0|    9|          0|
    |r_V_6_reg_1014                      |   9|   0|    9|          0|
    |r_V_7_reg_1019                      |   9|   0|    9|          0|
    |r_V_8_reg_1024                      |   9|   0|    9|          0|
    |r_V_reg_982                         |   9|   0|    9|          0|
    |result_3_reg_1045                   |  18|   0|   18|          0|
    |result_4_reg_1060                   |  18|   0|   18|          0|
    |result_6_reg_1050                   |  18|   0|   18|          0|
    |result_reg_1030                     |  18|   0|   18|          0|
    |result_s_reg_1035                   |  18|   0|   18|          0|
    |tmp_13_reg_1112                     |  12|   0|   12|          0|
    |tmp_1_1_reg_1101                    |   1|   0|    1|          0|
    |tmp_1_reg_1096                      |   1|   0|    1|          0|
    |tmp_27_reg_1065                     |  17|   0|   17|          0|
    |tmp_28_reg_973                      |   2|   0|    2|          0|
    |tmp_6_reg_1086                      |  12|   0|   12|          0|
    |tmp_8_reg_1091                      |  12|   0|   12|          0|
    |exitcond_reg_978                    |  64|  32|    1|          0|
    |i_1_reg_963                         |  64|  32|    3|          0|
    |i_reg_953                           |  64|  32|    3|          0|
    |in_pixel_V9_phi_reg_220             |  64|  32|   24|          0|
    |minimumDistanceIndex_3_reg_191      |  64|  32|    2|          0|
    +------------------------------------+----+----+-----+-----------+
    |Total                               | 962| 160|  699|         24|
    +------------------------------------+----+----+-----+-----------+



================================================================
== Interface
================================================================
* Summary: 
+--------------------+-----+-----+--------------+-------------------------------+--------------+
|      RTL Ports     | Dir | Bits|   Protocol   |         Source Object         |    C Type    |
+--------------------+-----+-----+--------------+-------------------------------+--------------+
|ap_clk              |  in |    1| ap_ctrl_none | getPixelClassification_Stream | return value |
|ap_rst_n            |  in |    1| ap_ctrl_none | getPixelClassification_Stream | return value |
|in_pixel_V_TDATA    |  in |   24|     axis     |           in_pixel_V          |    scalar    |
|in_pixel_V_TVALID   |  in |    1|     axis     |           in_pixel_V          |    scalar    |
|in_pixel_V_TREADY   | out |    1|     axis     |           in_pixel_V          |    scalar    |
|out_pixel_V_TDATA   | out |   24|     axis     |          out_pixel_V          |    pointer   |
|out_pixel_V_TVALID  | out |    1|     axis     |          out_pixel_V          |    pointer   |
|out_pixel_V_TREADY  |  in |    1|     axis     |          out_pixel_V          |    pointer   |
+--------------------+-----+-----+--------------+-------------------------------+--------------+

