

================================================================
== Vivado HLS Report for 'getPixelClassification'
================================================================
* Date:           Sun Apr 15 02:24:06 2018

* Version:        2017.4.1 (Build 2117188 on Tue Jan 30 15:53:01 MST 2018)
* Project:        ColorComparator
* Solution:       solution1
* Product family: zynq
* Target device:  xc7z020clg400-1


================================================================
== Performance Estimates
================================================================
+ Timing (ns): 
    * Summary: 
    +--------+-------+----------+------------+
    |  Clock | Target| Estimated| Uncertainty|
    +--------+-------+----------+------------+
    |ap_clk  |  10.00|      8.68|        1.25|
    +--------+-------+----------+------------+

+ Latency (clock cycles): 
    * Summary: 
    +-----+-----+-----+-----+----------+
    |  Latency  |  Interval | Pipeline |
    | min | max | min | max |   Type   |
    +-----+-----+-----+-----+----------+
    |   23|   23|   24|   24| dataflow |
    +-----+-----+-----+-----+----------+

    + Detail: 
        * Instance: 
        +-------------------------+----------------------+-----+-----+-----+-----+---------+
        |                         |                      |  Latency  |  Interval | Pipeline|
        |         Instance        |        Module        | min | max | min | max |   Type  |
        +-------------------------+----------------------+-----+-----+-----+-----+---------+
        |Loop_PIXEL_COLOR_LOO_U0  |Loop_PIXEL_COLOR_LOO  |   23|   23|   23|   23|   none  |
        |p_ColorComparator_Co_U0  |p_ColorComparator_Co  |    0|    0|    0|    0|   none  |
        +-------------------------+----------------------+-----+-----+-----+-----+---------+

        * Loop: 
        N/A



================================================================
== Utilization Estimates
================================================================
* Summary: 
+-----------------+---------+-------+--------+-------+
|       Name      | BRAM_18K| DSP48E|   FF   |  LUT  |
+-----------------+---------+-------+--------+-------+
|DSP              |        -|      -|       -|      -|
|Expression       |        -|      -|       0|      8|
|FIFO             |        -|      -|       -|      -|
|Instance         |        0|      0|     701|   4231|
|Memory           |        -|      -|       -|      -|
|Multiplexer      |        -|      -|       -|      -|
|Register         |        -|      -|       -|      -|
+-----------------+---------+-------+--------+-------+
|Total            |        0|      0|     701|   4239|
+-----------------+---------+-------+--------+-------+
|Available        |      280|    220|  106400|  53200|
+-----------------+---------+-------+--------+-------+
|Utilization (%)  |        0|      0|   ~0   |      7|
+-----------------+---------+-------+--------+-------+

+ Detail: 
    * Instance: 
    +-------------------------+----------------------+---------+-------+-----+------+
    |         Instance        |        Module        | BRAM_18K| DSP48E|  FF |  LUT |
    +-------------------------+----------------------+---------+-------+-----+------+
    |Loop_PIXEL_COLOR_LOO_U0  |Loop_PIXEL_COLOR_LOO  |        0|      0|  667|  4205|
    |p_ColorComparator_Co_U0  |p_ColorComparator_Co  |        0|      0|   34|    26|
    +-------------------------+----------------------+---------+-------+-----+------+
    |Total                    |                      |        0|      0|  701|  4231|
    +-------------------------+----------------------+---------+-------+-----+------+

    * DSP48: 
    N/A

    * Memory: 
    N/A

    * FIFO: 
    +------------------------+---------+---+----+------+-----+---------+
    |          Name          | BRAM_18K| FF| LUT| Depth| Bits| Size:D*B|
    +------------------------+---------+---+----+------+-----+---------+
    |minimumDistanceIndex_U  |        0|  0|   0|     2|   32|       64|
    +------------------------+---------+---+----+------+-----+---------+
    |Total                   |        0|  0|   0|     2|   32|       64|
    +------------------------+---------+---+----+------+-----+---------+

    * Expression: 
    +--------------+----------+-------+---+----+------------+------------+
    | Variable Name| Operation| DSP48E| FF| LUT| Bitwidth P0| Bitwidth P1|
    +--------------+----------+-------+---+----+------------+------------+
    |ap_idle       |    and   |      0|  0|   8|           1|           1|
    +--------------+----------+-------+---+----+------------+------------+
    |Total         |          |      0|  0|   8|           1|           1|
    +--------------+----------+-------+---+----+------------+------------+

    * Multiplexer: 
    N/A

    * Register: 
    N/A



================================================================
== Interface
================================================================
* Summary: 
+-----------+-----+-----+------------+------------------------+--------------+
| RTL Ports | Dir | Bits|  Protocol  |      Source Object     |    C Type    |
+-----------+-----+-----+------------+------------------------+--------------+
|pixel      |  in |   32|   ap_none  |          pixel         |    scalar    |
|ap_clk     |  in |    1| ap_ctrl_hs | getPixelClassification | return value |
|ap_rst     |  in |    1| ap_ctrl_hs | getPixelClassification | return value |
|ap_return  | out |   32| ap_ctrl_hs | getPixelClassification | return value |
|ap_done    | out |    1| ap_ctrl_hs | getPixelClassification | return value |
|ap_start   |  in |    1| ap_ctrl_hs | getPixelClassification | return value |
|ap_ready   | out |    1| ap_ctrl_hs | getPixelClassification | return value |
|ap_idle    | out |    1| ap_ctrl_hs | getPixelClassification | return value |
+-----------+-----+-----+------------+------------------------+--------------+

