

================================================================
== Vivado HLS Report for 'p_ColorComparator_Co'
================================================================
* Date:           Sun Apr 15 02:24:06 2018

* Version:        2017.4.1 (Build 2117188 on Tue Jan 30 15:53:01 MST 2018)
* Project:        ColorComparator
* Solution:       solution1
* Product family: zynq
* Target device:  xc7z020clg400-1


================================================================
== Performance Estimates
================================================================
+ Timing (ns): 
    * Summary: 
    +--------+-------+----------+------------+
    |  Clock | Target| Estimated| Uncertainty|
    +--------+-------+----------+------------+
    |ap_clk  |  10.00|      0.00|        1.25|
    +--------+-------+----------+------------+

+ Latency (clock cycles): 
    * Summary: 
    +-----+-----+-----+-----+---------+
    |  Latency  |  Interval | Pipeline|
    | min | max | min | max |   Type  |
    +-----+-----+-----+-----+---------+
    |    0|    0|    0|    0|   none  |
    +-----+-----+-----+-----+---------+

    + Detail: 
        * Instance: 
        N/A

        * Loop: 
        N/A



================================================================
== Utilization Estimates
================================================================
* Summary: 
+-----------------+---------+-------+--------+-------+
|       Name      | BRAM_18K| DSP48E|   FF   |  LUT  |
+-----------------+---------+-------+--------+-------+
|DSP              |        -|      -|       -|      -|
|Expression       |        -|      -|       0|      8|
|FIFO             |        -|      -|       -|      -|
|Instance         |        -|      -|       -|      -|
|Memory           |        -|      -|       -|      -|
|Multiplexer      |        -|      -|       -|     18|
|Register         |        -|      -|      34|      -|
+-----------------+---------+-------+--------+-------+
|Total            |        0|      0|      34|     26|
+-----------------+---------+-------+--------+-------+
|Available        |      280|    220|  106400|  53200|
+-----------------+---------+-------+--------+-------+
|Utilization (%)  |        0|      0|   ~0   |   ~0  |
+-----------------+---------+-------+--------+-------+

+ Detail: 
    * Instance: 
    N/A

    * DSP48: 
    N/A

    * Memory: 
    N/A

    * FIFO: 
    N/A

    * Expression: 
    +-----------------+----------+-------+---+----+------------+------------+
    |  Variable Name  | Operation| DSP48E| FF| LUT| Bitwidth P0| Bitwidth P1|
    +-----------------+----------+-------+---+----+------------+------------+
    |ap_block_state1  |    or    |      0|  0|   8|           1|           1|
    +-----------------+----------+-------+---+----+------------+------------+
    |Total            |          |      0|  0|   8|           1|           1|
    +-----------------+----------+-------+---+----+------------+------------+

    * Multiplexer: 
    +-----------+----+-----------+-----+-----------+
    |    Name   | LUT| Input Size| Bits| Total Bits|
    +-----------+----+-----------+-----+-----------+
    |ap_done    |   9|          2|    1|          2|
    |ap_return  |   9|          2|   32|         64|
    +-----------+----+-----------+-----+-----------+
    |Total      |  18|          4|   33|         66|
    +-----------+----+-----------+-----+-----------+

    * Register: 
    +----------------+----+----+-----+-----------+
    |      Name      | FF | LUT| Bits| Const Bits|
    +----------------+----+----+-----+-----------+
    |ap_CS_fsm       |   1|   0|    1|          0|
    |ap_done_reg     |   1|   0|    1|          0|
    |ap_return_preg  |  32|   0|   32|          0|
    +----------------+----+----+-----+-----------+
    |Total           |  34|   0|   34|          0|
    +----------------+----+----+-----+-----------+



================================================================
== Interface
================================================================
* Summary: 
+-------------+-----+-----+------------+----------------------+--------------+
|  RTL Ports  | Dir | Bits|  Protocol  |     Source Object    |    C Type    |
+-------------+-----+-----+------------+----------------------+--------------+
|ap_clk       |  in |    1| ap_ctrl_hs | __ColorComparator/Co | return value |
|ap_rst       |  in |    1| ap_ctrl_hs | __ColorComparator/Co | return value |
|ap_start     |  in |    1| ap_ctrl_hs | __ColorComparator/Co | return value |
|ap_done      | out |    1| ap_ctrl_hs | __ColorComparator/Co | return value |
|ap_continue  |  in |    1| ap_ctrl_hs | __ColorComparator/Co | return value |
|ap_idle      | out |    1| ap_ctrl_hs | __ColorComparator/Co | return value |
|ap_ready     | out |    1| ap_ctrl_hs | __ColorComparator/Co | return value |
|ap_return    | out |   32| ap_ctrl_hs | __ColorComparator/Co | return value |
|p_read       |  in |   32|   ap_none  |        p_read        |    scalar    |
+-------------+-----+-----+------------+----------------------+--------------+

