

================================================================
== Vivado HLS Report for 'parseColorsToCenterPixel'
================================================================
* Date:           Sun Apr 15 18:07:49 2018

* Version:        2017.4.1 (Build 2117188 on Tue Jan 30 15:53:01 MST 2018)
* Project:        ColorComparator
* Solution:       solution1
* Product family: zynq
* Target device:  xc7z020clg400-1


================================================================
== Performance Estimates
================================================================
+ Timing (ns): 
    * Summary: 
    +--------+-------+----------+------------+
    |  Clock | Target| Estimated| Uncertainty|
    +--------+-------+----------+------------+
    |ap_clk  |  10.00|      8.75|        1.25|
    +--------+-------+----------+------------+

+ Latency (clock cycles): 
    * Summary: 
    +-----+-----+-----+-----+---------+
    |  Latency  |  Interval | Pipeline|
    | min | max | min | max |   Type  |
    +-----+-----+-----+-----+---------+
    |   29|   54|   29|   54|   none  |
    +-----+-----+-----+-----+---------+

    + Detail: 
        * Instance: 
        +---------------------+----------+-----+-----+-----+-----+----------+
        |                     |          |  Latency  |  Interval | Pipeline |
        |       Instance      |  Module  | min | max | min | max |   Type   |
        +---------------------+----------+-----+-----+-----+-----+----------+
        |grp_fxp_sqrt_fu_357  |fxp_sqrt  |   11|   11|    1|    1| function |
        +---------------------+----------+-----+-----+-----+-----+----------+

        * Loop: 
        +--------------------+-----+-----+----------+-----------+-----------+------+----------+
        |                    |  Latency  | Iteration|  Initiation Interval  | Trip |          |
        |      Loop Name     | min | max |  Latency |  achieved |   target  | Count| Pipelined|
        +--------------------+-----+-----+----------+-----------+-----------+------+----------+
        |- PIXEL_COLOR_LOOP  |   22|   22|        18|          1|          1|     6|    yes   |
        |- ROW_LOOP          |   23|   23|        17|          1|          1|     8|    yes   |
        +--------------------+-----+-----+----------+-----------+-----------+------+----------+



================================================================
== Utilization Estimates
================================================================
* Summary: 
+-----------------+---------+-------+--------+-------+
|       Name      | BRAM_18K| DSP48E|   FF   |  LUT  |
+-----------------+---------+-------+--------+-------+
|DSP              |        -|      -|       -|      -|
|Expression       |        -|      0|       0|   2470|
|FIFO             |        -|      -|       -|      -|
|Instance         |        -|      -|     355|   3622|
|Memory           |        2|      -|      17|      2|
|Multiplexer      |        -|      -|       -|    305|
|Register         |        0|      -|     948|    160|
+-----------------+---------+-------+--------+-------+
|Total            |        2|      0|    1320|   6559|
+-----------------+---------+-------+--------+-------+
|Available        |      280|    220|  106400|  53200|
+-----------------+---------+-------+--------+-------+
|Utilization (%)  |    ~0   |      0|       1|     12|
+-----------------+---------+-------+--------+-------+

+ Detail: 
    * Instance: 
    +---------------------+----------+---------+-------+-----+------+
    |       Instance      |  Module  | BRAM_18K| DSP48E|  FF |  LUT |
    +---------------------+----------+---------+-------+-----+------+
    |grp_fxp_sqrt_fu_357  |fxp_sqrt  |        0|      0|  355|  3622|
    +---------------------+----------+---------+-------+-----+------+
    |Total                |          |        0|      0|  355|  3622|
    +---------------------+----------+---------+-------+-----+------+

    * DSP48: 
    N/A

    * Memory: 
    +-----------------+----------------------+---------+----+----+------+-----+------+-------------+
    |      Memory     |        Module        | BRAM_18K| FF | LUT| Words| Bits| Banks| W*Bits*Banks|
    +-----------------+----------------------+---------+----+----+------+-----+------+-------------+
    |p_color_array_U  |parseColorsToCentbkb  |        0|  17|   2|     6|   17|     1|          102|
    |tempArray_U      |parseColorsToCentcud  |        2|   0|   0|     8|   32|     1|          256|
    +-----------------+----------------------+---------+----+----+------+-----+------+-------------+
    |Total            |                      |        2|  17|   2|    14|   49|     2|          358|
    +-----------------+----------------------+---------+----+----+------+-----+------+-------------+

    * FIFO: 
    N/A

    * Expression: 
    +--------------------------------+----------+-------+---+-----+------------+------------+
    |          Variable Name         | Operation| DSP48E| FF| LUT | Bitwidth P0| Bitwidth P1|
    +--------------------------------+----------+-------+---+-----+------------+------------+
    |mul_fu_753_p2                   |     *    |      0|  0|   13|           4|           3|
    |result_1_fu_810_p2              |     *    |      0|  0|   51|           9|           9|
    |result_2_fu_515_p2              |     *    |      0|  0|   51|           9|           9|
    |result_3_fu_487_p2              |     *    |      0|  0|   51|           9|           9|
    |result_fu_847_p2                |     *    |      0|  0|   51|           9|           9|
    |tmp_19_fu_506_p2                |     *    |      0|  0|   51|           9|           9|
    |tmp_30_fu_829_p2                |     *    |      0|  0|   51|           9|           9|
    |i_1_fu_436_p2                   |     +    |      0|  0|   12|           3|           1|
    |i_fu_709_p2                     |     +    |      0|  0|   13|           4|           1|
    |next_urem_fu_715_p2             |     +    |      0|  0|   13|           1|           4|
    |powerSummation_V_1_fu_586_p2    |     +    |      0|  0|   37|          30|          30|
    |powerSummation_V_fu_918_p2      |     +    |      0|  0|   37|          30|          30|
    |tmp8_fu_576_p2                  |     +    |      0|  0|   36|          29|          29|
    |tmp9_fu_908_p2                  |     +    |      0|  0|   36|          29|          29|
    |number_assign_1_fu_801_p2       |     -    |      0|  0|   16|           9|           9|
    |number_assign_2_fu_816_p2       |     -    |      0|  0|   16|           9|           9|
    |number_assign_3_fu_467_p2       |     -    |      0|  0|   16|           9|           9|
    |number_assign_4_fu_478_p2       |     -    |      0|  0|   16|           9|           9|
    |number_assign_5_fu_493_p2       |     -    |      0|  0|   16|           9|           9|
    |number_assign_fu_838_p2         |     -    |      0|  0|   16|           9|           9|
    |p_Val2_1_fu_898_p2              |     -    |      0|  0|   35|          28|          28|
    |p_Val2_s_fu_566_p2              |     -    |      0|  0|   35|          28|          28|
    |tmp_34_fu_943_p2                |     -    |      0|  0|   15|           7|           7|
    |tmp_38_fu_977_p2                |     -    |      0|  0|   15|           7|           7|
    |p_demorgan_fu_1030_p2           |    and   |      0|  0|  103|          96|          96|
    |tmp_48_fu_1042_p2               |    and   |      0|  0|  103|          96|          96|
    |tmp_49_fu_1048_p2               |    and   |      0|  0|  103|          96|          96|
    |exitcond_fu_703_p2              |   icmp   |      0|  0|   11|           4|           5|
    |exitcond_i_fu_430_p2            |   icmp   |      0|  0|    9|           3|           3|
    |tmp_1_fu_669_p2                 |   icmp   |      0|  0|   18|          32|           1|
    |tmp_25_fu_721_p2                |   icmp   |      0|  0|    9|           4|           2|
    |tmp_32_fu_937_p2                |   icmp   |      0|  0|   11|           7|           7|
    |tmp_i7_fu_609_p2                |   icmp   |      0|  0|   18|          32|          32|
    |tmp_46_fu_1024_p2               |   lshr   |      0|  0|  311|           2|          96|
    |pixelArray_d1                   |    or    |      0|  0|  103|          96|          96|
    |tmp_17_fu_931_p2                |    or    |      0|  0|   14|           7|           5|
    |colorRed_cast_cast_fu_687_p3    |  select  |      0|  0|    8|           1|           8|
    |colorRed_i_cast_cast_fu_459_p3  |  select  |      0|  0|    8|           1|           8|
    |distance_0_minimumDi_fu_623_p3  |  select  |      0|  0|   32|           1|          32|
    |i_0_minimumDistanceI_fu_615_p3  |  select  |      0|  0|   32|           1|          32|
    |idx_urem_fu_727_p3              |  select  |      0|  0|    4|           1|           4|
    |tmp_35_fu_962_p3                |  select  |      0|  0|    7|           1|           7|
    |tmp_36_fu_967_p3                |  select  |      0|  0|    7|           1|           7|
    |tmp_37_fu_972_p3                |  select  |      0|  0|    7|           1|           7|
    |tmp_44_fu_1011_p3               |  select  |      0|  0|   96|           1|          96|
    |tmp_42_fu_995_p2                |    shl   |      0|  0|  311|          96|          96|
    |tmp_45_fu_1018_p2               |    shl   |      0|  0|  311|           2|          96|
    |ap_enable_pp0                   |    xor   |      0|  0|    8|           1|           2|
    |ap_enable_pp1                   |    xor   |      0|  0|    8|           1|           2|
    |ap_enable_reg_pp0_iter1         |    xor   |      0|  0|    8|           2|           1|
    |ap_enable_reg_pp1_iter1         |    xor   |      0|  0|    8|           2|           1|
    |tmp_47_fu_1036_p2               |    xor   |      0|  0|  103|          96|           2|
    +--------------------------------+----------+-------+---+-----+------------+------------+
    |Total                           |          |      0|  0| 2470|         992|        1241|
    +--------------------------------+----------+-------+---+-----+------------+------------+

    * Multiplexer: 
    +-----------------------------------------------+----+-----------+-----+-----------+
    |                      Name                     | LUT| Input Size| Bits| Total Bits|
    +-----------------------------------------------+----+-----------+-----+-----------+
    |ap_NS_fsm                                      |  50|         11|    1|         11|
    |ap_enable_reg_pp0_iter1                        |   9|          2|    1|          2|
    |ap_enable_reg_pp0_iter17                       |   9|          2|    1|          2|
    |ap_enable_reg_pp1_iter1                        |   9|          2|    1|          2|
    |ap_enable_reg_pp1_iter16                       |   9|          2|    1|          2|
    |ap_phi_mux_minimumDistanceIndex_phi_fu_315_p4  |   9|          2|    3|          6|
    |centerColor_reg_299                            |   9|          2|   32|         64|
    |grp_fxp_sqrt_fu_357_in_val_V_read              |  15|          3|   30|         90|
    |i1_reg_335                                     |   9|          2|    4|          8|
    |minimumDistanceIndex_reg_311                   |   9|          2|    3|          6|
    |minimumDistance_i_reg_323                      |   9|          2|   32|         64|
    |p_color_array_address0                         |  15|          3|    3|          9|
    |phi_urem_reg_346                               |   9|          2|    4|          8|
    |pixelArray_address0                            |  27|          5|    2|         10|
    |tempArray_address0                             |  33|          6|    3|         18|
    |tempArray_address1                             |  27|          5|    3|         15|
    |tempArray_d0                                   |  27|          5|   32|        160|
    |tempArray_d1                                   |  21|          4|   32|        128|
    +-----------------------------------------------+----+-----------+-----+-----------+
    |Total                                          | 305|         62|  188|        605|
    +-----------------------------------------------+----+-----------+-----+-----------+

    * Register: 
    +-------------------------------------------+----+----+-----+-----------+
    |                    Name                   | FF | LUT| Bits| Const Bits|
    +-------------------------------------------+----+----+-----+-----------+
    |ap_CS_fsm                                  |  10|   0|   10|          0|
    |ap_enable_reg_pp0_iter0                    |   1|   0|    1|          0|
    |ap_enable_reg_pp0_iter1                    |   1|   0|    1|          0|
    |ap_enable_reg_pp0_iter10                   |   1|   0|    1|          0|
    |ap_enable_reg_pp0_iter11                   |   1|   0|    1|          0|
    |ap_enable_reg_pp0_iter12                   |   1|   0|    1|          0|
    |ap_enable_reg_pp0_iter13                   |   1|   0|    1|          0|
    |ap_enable_reg_pp0_iter14                   |   1|   0|    1|          0|
    |ap_enable_reg_pp0_iter15                   |   1|   0|    1|          0|
    |ap_enable_reg_pp0_iter16                   |   1|   0|    1|          0|
    |ap_enable_reg_pp0_iter17                   |   1|   0|    1|          0|
    |ap_enable_reg_pp0_iter2                    |   1|   0|    1|          0|
    |ap_enable_reg_pp0_iter3                    |   1|   0|    1|          0|
    |ap_enable_reg_pp0_iter4                    |   1|   0|    1|          0|
    |ap_enable_reg_pp0_iter5                    |   1|   0|    1|          0|
    |ap_enable_reg_pp0_iter6                    |   1|   0|    1|          0|
    |ap_enable_reg_pp0_iter7                    |   1|   0|    1|          0|
    |ap_enable_reg_pp0_iter8                    |   1|   0|    1|          0|
    |ap_enable_reg_pp0_iter9                    |   1|   0|    1|          0|
    |ap_enable_reg_pp1_iter0                    |   1|   0|    1|          0|
    |ap_enable_reg_pp1_iter1                    |   1|   0|    1|          0|
    |ap_enable_reg_pp1_iter10                   |   1|   0|    1|          0|
    |ap_enable_reg_pp1_iter11                   |   1|   0|    1|          0|
    |ap_enable_reg_pp1_iter12                   |   1|   0|    1|          0|
    |ap_enable_reg_pp1_iter13                   |   1|   0|    1|          0|
    |ap_enable_reg_pp1_iter14                   |   1|   0|    1|          0|
    |ap_enable_reg_pp1_iter15                   |   1|   0|    1|          0|
    |ap_enable_reg_pp1_iter16                   |   1|   0|    1|          0|
    |ap_enable_reg_pp1_iter2                    |   1|   0|    1|          0|
    |ap_enable_reg_pp1_iter3                    |   1|   0|    1|          0|
    |ap_enable_reg_pp1_iter4                    |   1|   0|    1|          0|
    |ap_enable_reg_pp1_iter5                    |   1|   0|    1|          0|
    |ap_enable_reg_pp1_iter6                    |   1|   0|    1|          0|
    |ap_enable_reg_pp1_iter7                    |   1|   0|    1|          0|
    |ap_enable_reg_pp1_iter8                    |   1|   0|    1|          0|
    |ap_enable_reg_pp1_iter9                    |   1|   0|    1|          0|
    |ap_reg_pp0_iter2_number_assign_3_reg_1111  |   9|   0|    9|          0|
    |centerColor_reg_299                        |  32|   0|   32|          0|
    |colorBlue_cast_reg_1196                    |   8|   0|    9|          1|
    |colorBlue_reg_1101                         |   8|   0|    8|          0|
    |colorGreen_cast_reg_1191                   |   8|   0|    9|          1|
    |colorGreen_reg_1106                        |   8|   0|    8|          0|
    |colorRed_cast_cast_reg_1186                |   8|   0|    9|          1|
    |exitcond_i_reg_1087                        |   1|   0|    1|          0|
    |exitcond_reg_1201                          |   1|   0|    1|          0|
    |i1_reg_335                                 |   4|   0|    4|          0|
    |i_1_reg_1091                               |   3|   0|    3|          0|
    |minimumDistanceIndex_reg_311               |   3|   0|    3|          0|
    |minimumDistance_i_reg_323                  |  32|   0|   32|          0|
    |number_assign_3_reg_1111                   |   9|   0|    9|          0|
    |phi_urem_reg_346                           |   4|   0|    4|          0|
    |pixelArray_addr_3_reg_1220                 |   2|   0|    2|          0|
    |pixelArray_load_reg_1066                   |  96|   0|   96|          0|
    |pixelBlue_i_cast_reg_1082                  |   8|   0|    9|          1|
    |pixelGreen_i_cast_reg_1077                 |   8|   0|    9|          1|
    |pixelRed_1_reg_1231                        |   8|   0|    8|          0|
    |pixelRed_i_cast_reg_1072                   |   8|   0|    9|          1|
    |powerSummation_V_1_reg_1127                |  22|   0|   30|          8|
    |powerSummation_V_reg_1247                  |  22|   0|   30|          8|
    |reg_382                                    |  32|   0|   32|          0|
    |result_1_reg_1236                          |  18|   0|   18|          0|
    |result_3_reg_1116                          |  18|   0|   18|          0|
    |result_V_reg_1252                          |  20|   0|   20|          0|
    |tmp_15_reg_1132                            |  12|   0|   12|          0|
    |tmp_16_reg_1257                            |   2|   0|    7|          5|
    |tmp_17_reg_1264                            |   2|   0|    7|          5|
    |tmp_19_reg_1121                            |  17|   0|   17|          0|
    |tmp_24_reg_1226                            |   2|   0|    2|          0|
    |tmp_2_reg_1162                             |  32|   0|   32|          0|
    |tmp_30_reg_1241                            |  17|   0|   17|          0|
    |tmp_32_reg_1270                            |   1|   0|    1|          0|
    |tmp_34_reg_1278                            |   2|   0|    7|          5|
    |tmp_9_reg_1152                             |  32|   0|   32|          0|
    |tmp_reg_1167                               |  64|   0|   64|          0|
    |exitcond_i_reg_1087                        |  64|  32|    1|          0|
    |exitcond_reg_1201                          |  64|  32|    1|          0|
    |minimumDistanceIndex_reg_311               |  64|  32|    3|          0|
    |pixelArray_addr_3_reg_1220                 |  64|  32|    2|          0|
    |tmp_24_reg_1226                            |  64|  32|    2|          0|
    +-------------------------------------------+----+----+-----+-----------+
    |Total                                      | 948| 160|  674|         37|
    +-------------------------------------------+----+----+-----+-----------+



================================================================
== Interface
================================================================
* Summary: 
+-----------------------------+-----+-----+------------+--------------------------+--------------+
|          RTL Ports          | Dir | Bits|  Protocol  |       Source Object      |    C Type    |
+-----------------------------+-----+-----+------------+--------------------------+--------------+
|ap_clk                       |  in |    1| ap_ctrl_hs | parseColorsToCenterPixel | return value |
|ap_rst                       |  in |    1| ap_ctrl_hs | parseColorsToCenterPixel | return value |
|ap_start                     |  in |    1| ap_ctrl_hs | parseColorsToCenterPixel | return value |
|ap_done                      | out |    1| ap_ctrl_hs | parseColorsToCenterPixel | return value |
|ap_idle                      | out |    1| ap_ctrl_hs | parseColorsToCenterPixel | return value |
|ap_ready                     | out |    1| ap_ctrl_hs | parseColorsToCenterPixel | return value |
|pixelArray_address0          | out |    2|  ap_memory |        pixelArray        |     array    |
|pixelArray_ce0               | out |    1|  ap_memory |        pixelArray        |     array    |
|pixelArray_q0                |  in |   96|  ap_memory |        pixelArray        |     array    |
|pixelArray_address1          | out |    2|  ap_memory |        pixelArray        |     array    |
|pixelArray_ce1               | out |    1|  ap_memory |        pixelArray        |     array    |
|pixelArray_we1               | out |    1|  ap_memory |        pixelArray        |     array    |
|pixelArray_d1                | out |   96|  ap_memory |        pixelArray        |     array    |
|selectedColorArray_address0  | out |    3|  ap_memory |    selectedColorArray    |     array    |
|selectedColorArray_ce0       | out |    1|  ap_memory |    selectedColorArray    |     array    |
|selectedColorArray_q0        |  in |   32|  ap_memory |    selectedColorArray    |     array    |
+-----------------------------+-----+-----+------------+--------------------------+--------------+

