

================================================================
== Vivado HLS Report for 'getConvolutionResult'
================================================================
* Date:           Sat Apr 14 13:27:46 2018

* Version:        2017.4.1 (Build 2117188 on Tue Jan 30 15:53:01 MST 2018)
* Project:        SobelMatrixMultiplier
* Solution:       solution1
* Product family: zynq
* Target device:  xc7z020clg400-1


================================================================
== Performance Estimates
================================================================
+ Timing (ns): 
    * Summary: 
    +--------+-------+----------+------------+
    |  Clock | Target| Estimated| Uncertainty|
    +--------+-------+----------+------------+
    |ap_clk  |  10.00|      8.51|        1.25|
    +--------+-------+----------+------------+

+ Latency (clock cycles): 
    * Summary: 
    +-----+-----+-----+-----+---------+
    |  Latency  |  Interval | Pipeline|
    | min | max | min | max |   Type  |
    +-----+-----+-----+-----+---------+
    |   34|   34|   34|   34|   none  |
    +-----+-----+-----+-----+---------+

    + Detail: 
        * Instance: 
        N/A

        * Loop: 
        +------------+-----+-----+----------+-----------+-----------+------+----------+
        |            |  Latency  | Iteration|  Initiation Interval  | Trip |          |
        |  Loop Name | min | max |  Latency |  achieved |   target  | Count| Pipelined|
        +------------+-----+-----+----------+-----------+-----------+------+----------+
        |- Row_Conv  |    8|    8|         5|          2|          1|     3|    yes   |
        |- Loop 2    |   22|   22|         1|          -|          -|    22|    no    |
        +------------+-----+-----+----------+-----------+-----------+------+----------+

============================================================
+ Verbose Summary: Synthesis Manager
============================================================
InlineROM: 1
ExposeGlobal: 0
============================================================
+ Verbose Summary: CDFG Model
============================================================
IsTopModel: 1
ResetActiveHigh: 1
IsCombinational: 0
IsDatapathOnly: 0
HasWiredReturn: 1
HasMFsm: 0
HasVarLatency: 1
IsPipeline: 0
IsRtlPipelined: 0
IsInstanceOverlapped: 0
IsDontTouch: 0
HasImplIP: 0
IsGatedGlobalClock: 0

+ Individual pipeline summary: 
  * Pipeline-0: initiation interval (II) = 2, depth = 5


============================================================
+ Verbose Summary: Schedule
============================================================
* Number of FSM states : 9
* Pipeline : 1
  Pipeline-0 : II = 2, D = 5, States = { 2 3 4 5 6 }
* Dataflow Pipeline: 0

* FSM state transitions: 
1 --> 
	2  / true
2 --> 
	7  / (exitcond1)
	3  / (!exitcond1)
3 --> 
	4  / true
4 --> 
	5  / true
5 --> 
	6  / true
6 --> 
	2  / true
7 --> 
	8  / true
8 --> 
	9  / true
9 --> 
	9  / (!exitcond_i_i)

* FSM state operations: 

 <State 1> : 1.77ns
ST_1 : Operation 10 [1/1] (0.00ns)   --->   "call void (...)* @_ssdm_op_SpecBitsMap([3 x i32]* %array_2), !map !119"
ST_1 : Operation 11 [1/1] (0.00ns)   --->   "call void (...)* @_ssdm_op_SpecBitsMap([3 x i32]* %array_1), !map !126"
ST_1 : Operation 12 [1/1] (0.00ns)   --->   "call void (...)* @_ssdm_op_SpecBitsMap([3 x i32]* %array_0), !map !132"
ST_1 : Operation 13 [1/1] (0.00ns)   --->   "call void (...)* @_ssdm_op_SpecBitsMap(i32 0) nounwind, !map !138"
ST_1 : Operation 14 [1/1] (0.00ns)   --->   "call void (...)* @_ssdm_op_SpecTopModule([21 x i8]* @getConvolutionResult_1) nounwind"
ST_1 : Operation 15 [1/1] (0.00ns)   --->   "%array_0_addr = getelementptr [3 x i32]* %array_0, i64 0, i64 0"
ST_1 : Operation 16 [1/1] (0.00ns)   --->   "%array_1_addr = getelementptr [3 x i32]* %array_1, i64 0, i64 0"
ST_1 : Operation 17 [1/1] (0.00ns)   --->   "%array_2_addr = getelementptr [3 x i32]* %array_2, i64 0, i64 0"
ST_1 : Operation 18 [1/1] (0.00ns)   --->   "%array_0_addr_1 = getelementptr [3 x i32]* %array_0, i64 0, i64 1"
ST_1 : Operation 19 [1/1] (0.00ns)   --->   "%array_1_addr_1 = getelementptr [3 x i32]* %array_1, i64 0, i64 1"
ST_1 : Operation 20 [1/1] (0.00ns)   --->   "%array_2_addr_1 = getelementptr [3 x i32]* %array_2, i64 0, i64 1"
ST_1 : Operation 21 [1/1] (0.00ns)   --->   "%array_0_addr_2 = getelementptr [3 x i32]* %array_0, i64 0, i64 2"
ST_1 : Operation 22 [1/1] (0.00ns)   --->   "%array_1_addr_2 = getelementptr [3 x i32]* %array_1, i64 0, i64 2"
ST_1 : Operation 23 [1/1] (0.00ns)   --->   "%array_2_addr_2 = getelementptr [3 x i32]* %array_2, i64 0, i64 2"
ST_1 : Operation 24 [1/1] (1.76ns)   --->   "br label %1" [SobelMatrixMultiplier/SobelMatrixMultiplier.cpp:80]

 <State 2> : 2.32ns
ST_2 : Operation 25 [1/1] (0.00ns)   --->   "%i = phi i2 [ 0, %0 ], [ %i_1, %2 ]"
ST_2 : Operation 26 [1/1] (0.00ns)   --->   "%horizontalResult_ass = phi i32 [ 0, %0 ], [ %horizontalResult_2_2, %2 ]" [SobelMatrixMultiplier/SobelMatrixMultiplier.cpp:86]
ST_2 : Operation 27 [1/1] (0.00ns)   --->   "%verticalResult_assig = phi i32 [ 0, %0 ], [ %verticalResult_2_2, %2 ]" [SobelMatrixMultiplier/SobelMatrixMultiplier.cpp:85]
ST_2 : Operation 28 [1/1] (0.95ns)   --->   "%exitcond1 = icmp eq i2 %i, -1" [SobelMatrixMultiplier/SobelMatrixMultiplier.cpp:80]   --->   Core 25 'Cmp' <Latency = 0> <II = 1> <Delay = 2.44> <FuncUnit> <Opcode : 'icmp'> <InPorts = 2> <OutPorts = 1>
ST_2 : Operation 29 [1/1] (1.56ns)   --->   "%i_1 = add i2 %i, 1" [SobelMatrixMultiplier/SobelMatrixMultiplier.cpp:80]   --->   Core 14 'AddSub' <Latency = 0> <II = 1> <Delay = 2.22> <FuncUnit> <Opcode : 'add' 'sub'> <InPorts = 2> <OutPorts = 1>
ST_2 : Operation 30 [1/1] (0.00ns)   --->   "br i1 %exitcond1, label %3, label %2" [SobelMatrixMultiplier/SobelMatrixMultiplier.cpp:80]
ST_2 : Operation 31 [2/2] (2.32ns)   --->   "%array_0_load = load i32* %array_0_addr, align 4"   --->   Core 37 'RAM' <Latency = 1> <II = 1> <Delay = 2.32> <Storage> <Opcode : 'load' 'store'> <Ports = 2> <Width = 32> <Depth = 3> <RAM>
ST_2 : Operation 32 [2/2] (2.32ns)   --->   "%array_1_load = load i32* %array_1_addr, align 4"   --->   Core 37 'RAM' <Latency = 1> <II = 1> <Delay = 2.32> <Storage> <Opcode : 'load' 'store'> <Ports = 2> <Width = 32> <Depth = 3> <RAM>
ST_2 : Operation 33 [2/2] (2.32ns)   --->   "%array_2_load = load i32* %array_2_addr, align 4"   --->   Core 37 'RAM' <Latency = 1> <II = 1> <Delay = 2.32> <Storage> <Opcode : 'load' 'store'> <Ports = 2> <Width = 32> <Depth = 3> <RAM>
ST_2 : Operation 34 [2/2] (2.32ns)   --->   "%array_0_load_1 = load i32* %array_0_addr_1, align 4"   --->   Core 37 'RAM' <Latency = 1> <II = 1> <Delay = 2.32> <Storage> <Opcode : 'load' 'store'> <Ports = 2> <Width = 32> <Depth = 3> <RAM>
ST_2 : Operation 35 [2/2] (2.32ns)   --->   "%array_1_load_1 = load i32* %array_1_addr_1, align 4"   --->   Core 37 'RAM' <Latency = 1> <II = 1> <Delay = 2.32> <Storage> <Opcode : 'load' 'store'> <Ports = 2> <Width = 32> <Depth = 3> <RAM>
ST_2 : Operation 36 [2/2] (2.32ns)   --->   "%array_2_load_1 = load i32* %array_2_addr_1, align 4"   --->   Core 37 'RAM' <Latency = 1> <II = 1> <Delay = 2.32> <Storage> <Opcode : 'load' 'store'> <Ports = 2> <Width = 32> <Depth = 3> <RAM>

 <State 3> : 4.10ns
ST_3 : Operation 37 [1/2] (2.32ns)   --->   "%array_0_load = load i32* %array_0_addr, align 4"   --->   Core 37 'RAM' <Latency = 1> <II = 1> <Delay = 2.32> <Storage> <Opcode : 'load' 'store'> <Ports = 2> <Width = 32> <Depth = 3> <RAM>
ST_3 : Operation 38 [1/2] (2.32ns)   --->   "%array_1_load = load i32* %array_1_addr, align 4"   --->   Core 37 'RAM' <Latency = 1> <II = 1> <Delay = 2.32> <Storage> <Opcode : 'load' 'store'> <Ports = 2> <Width = 32> <Depth = 3> <RAM>
ST_3 : Operation 39 [1/2] (2.32ns)   --->   "%array_2_load = load i32* %array_2_addr, align 4"   --->   Core 37 'RAM' <Latency = 1> <II = 1> <Delay = 2.32> <Storage> <Opcode : 'load' 'store'> <Ports = 2> <Width = 32> <Depth = 3> <RAM>
ST_3 : Operation 40 [1/1] (1.77ns)   --->   "%tmp_2 = call i32 @_ssdm_op_Mux.ap_auto.3i32.i2(i32 %array_0_load, i32 %array_1_load, i32 %array_2_load, i2 %i)" [SobelMatrixMultiplier/SobelMatrixMultiplier.cpp:80]   --->   Core 31 'MuxnS' <Latency = 0> <II = 1> <Delay = 1.77> <FuncUnit> <Opcode : 'mux'> <InPorts = 2> <OutPorts = 1>
ST_3 : Operation 41 [1/1] (1.77ns)   --->   "%tmp_3 = call i32 @_ssdm_op_Mux.ap_auto.3i32.i2(i32 1, i32 2, i32 1, i2 %i)" [SobelMatrixMultiplier/SobelMatrixMultiplier.cpp:80]   --->   Core 31 'MuxnS' <Latency = 0> <II = 1> <Delay = 1.77> <FuncUnit> <Opcode : 'mux'> <InPorts = 2> <OutPorts = 1>
ST_3 : Operation 42 [1/1] (1.77ns)   --->   "%tmp_5 = call i32 @_ssdm_op_Mux.ap_auto.3i32.i2(i32 1, i32 0, i32 -1, i2 %i)" [SobelMatrixMultiplier/SobelMatrixMultiplier.cpp:80]   --->   Core 31 'MuxnS' <Latency = 0> <II = 1> <Delay = 1.77> <FuncUnit> <Opcode : 'mux'> <InPorts = 2> <OutPorts = 1>
ST_3 : Operation 43 [1/2] (2.32ns)   --->   "%array_0_load_1 = load i32* %array_0_addr_1, align 4"   --->   Core 37 'RAM' <Latency = 1> <II = 1> <Delay = 2.32> <Storage> <Opcode : 'load' 'store'> <Ports = 2> <Width = 32> <Depth = 3> <RAM>
ST_3 : Operation 44 [1/2] (2.32ns)   --->   "%array_1_load_1 = load i32* %array_1_addr_1, align 4"   --->   Core 37 'RAM' <Latency = 1> <II = 1> <Delay = 2.32> <Storage> <Opcode : 'load' 'store'> <Ports = 2> <Width = 32> <Depth = 3> <RAM>
ST_3 : Operation 45 [1/2] (2.32ns)   --->   "%array_2_load_1 = load i32* %array_2_addr_1, align 4"   --->   Core 37 'RAM' <Latency = 1> <II = 1> <Delay = 2.32> <Storage> <Opcode : 'load' 'store'> <Ports = 2> <Width = 32> <Depth = 3> <RAM>
ST_3 : Operation 46 [1/1] (1.77ns)   --->   "%tmp_7 = call i32 @_ssdm_op_Mux.ap_auto.3i32.i2(i32 %array_0_load_1, i32 %array_1_load_1, i32 %array_2_load_1, i2 %i)" [SobelMatrixMultiplier/SobelMatrixMultiplier.cpp:80]   --->   Core 31 'MuxnS' <Latency = 0> <II = 1> <Delay = 1.77> <FuncUnit> <Opcode : 'mux'> <InPorts = 2> <OutPorts = 1>
ST_3 : Operation 47 [1/1] (1.77ns)   --->   "%tmp_8 = call i32 @_ssdm_op_Mux.ap_auto.3i32.i2(i32 2, i32 0, i32 -2, i2 %i)" [SobelMatrixMultiplier/SobelMatrixMultiplier.cpp:80]   --->   Core 31 'MuxnS' <Latency = 0> <II = 1> <Delay = 1.77> <FuncUnit> <Opcode : 'mux'> <InPorts = 2> <OutPorts = 1>
ST_3 : Operation 48 [2/2] (2.32ns)   --->   "%array_0_load_2 = load i32* %array_0_addr_2, align 4"   --->   Core 37 'RAM' <Latency = 1> <II = 1> <Delay = 2.32> <Storage> <Opcode : 'load' 'store'> <Ports = 2> <Width = 32> <Depth = 3> <RAM>
ST_3 : Operation 49 [2/2] (2.32ns)   --->   "%array_1_load_2 = load i32* %array_1_addr_2, align 4"   --->   Core 37 'RAM' <Latency = 1> <II = 1> <Delay = 2.32> <Storage> <Opcode : 'load' 'store'> <Ports = 2> <Width = 32> <Depth = 3> <RAM>
ST_3 : Operation 50 [2/2] (2.32ns)   --->   "%array_2_load_2 = load i32* %array_2_addr_2, align 4"   --->   Core 37 'RAM' <Latency = 1> <II = 1> <Delay = 2.32> <Storage> <Opcode : 'load' 'store'> <Ports = 2> <Width = 32> <Depth = 3> <RAM>

 <State 4> : 8.51ns
ST_4 : Operation 51 [1/1] (8.51ns)   --->   "%tmp_4 = mul nsw i32 %tmp_3, %tmp_2" [SobelMatrixMultiplier/SobelMatrixMultiplier.cpp:85]   --->   Core 16 'Mul' <Latency = 0> <II = 1> <Delay = 8.51> <FuncUnit> <Opcode : 'mul'> <InPorts = 2> <OutPorts = 1>
ST_4 : Operation 52 [1/1] (8.51ns)   --->   "%tmp_6 = mul nsw i32 %tmp_5, %tmp_2" [SobelMatrixMultiplier/SobelMatrixMultiplier.cpp:86]   --->   Core 16 'Mul' <Latency = 0> <II = 1> <Delay = 8.51> <FuncUnit> <Opcode : 'mul'> <InPorts = 2> <OutPorts = 1>
ST_4 : Operation 53 [1/1] (8.51ns)   --->   "%tmp_6_1 = mul nsw i32 %tmp_8, %tmp_7" [SobelMatrixMultiplier/SobelMatrixMultiplier.cpp:86]   --->   Core 16 'Mul' <Latency = 0> <II = 1> <Delay = 8.51> <FuncUnit> <Opcode : 'mul'> <InPorts = 2> <OutPorts = 1>
ST_4 : Operation 54 [1/2] (2.32ns)   --->   "%array_0_load_2 = load i32* %array_0_addr_2, align 4"   --->   Core 37 'RAM' <Latency = 1> <II = 1> <Delay = 2.32> <Storage> <Opcode : 'load' 'store'> <Ports = 2> <Width = 32> <Depth = 3> <RAM>
ST_4 : Operation 55 [1/2] (2.32ns)   --->   "%array_1_load_2 = load i32* %array_1_addr_2, align 4"   --->   Core 37 'RAM' <Latency = 1> <II = 1> <Delay = 2.32> <Storage> <Opcode : 'load' 'store'> <Ports = 2> <Width = 32> <Depth = 3> <RAM>
ST_4 : Operation 56 [1/2] (2.32ns)   --->   "%array_2_load_2 = load i32* %array_2_addr_2, align 4"   --->   Core 37 'RAM' <Latency = 1> <II = 1> <Delay = 2.32> <Storage> <Opcode : 'load' 'store'> <Ports = 2> <Width = 32> <Depth = 3> <RAM>
ST_4 : Operation 57 [1/1] (1.77ns)   --->   "%tmp_9 = call i32 @_ssdm_op_Mux.ap_auto.3i32.i2(i32 %array_0_load_2, i32 %array_1_load_2, i32 %array_2_load_2, i2 %i)" [SobelMatrixMultiplier/SobelMatrixMultiplier.cpp:80]   --->   Core 31 'MuxnS' <Latency = 0> <II = 1> <Delay = 1.77> <FuncUnit> <Opcode : 'mux'> <InPorts = 2> <OutPorts = 1>
ST_4 : Operation 58 [1/1] (1.77ns)   --->   "%tmp_s = call i32 @_ssdm_op_Mux.ap_auto.3i32.i2(i32 -1, i32 -2, i32 -1, i2 %i)" [SobelMatrixMultiplier/SobelMatrixMultiplier.cpp:80]   --->   Core 31 'MuxnS' <Latency = 0> <II = 1> <Delay = 1.77> <FuncUnit> <Opcode : 'mux'> <InPorts = 2> <OutPorts = 1>

 <State 5> : 8.51ns
ST_5 : Operation 59 [1/1] (8.51ns)   --->   "%tmp_4_2 = mul nsw i32 %tmp_s, %tmp_9" [SobelMatrixMultiplier/SobelMatrixMultiplier.cpp:85]   --->   Core 16 'Mul' <Latency = 0> <II = 1> <Delay = 8.51> <FuncUnit> <Opcode : 'mul'> <InPorts = 2> <OutPorts = 1>
ST_5 : Operation 60 [1/1] (8.51ns)   --->   "%tmp_6_2 = mul nsw i32 %tmp_5, %tmp_9" [SobelMatrixMultiplier/SobelMatrixMultiplier.cpp:86]   --->   Core 16 'Mul' <Latency = 0> <II = 1> <Delay = 8.51> <FuncUnit> <Opcode : 'mul'> <InPorts = 2> <OutPorts = 1>

 <State 6> : 6.92ns
ST_6 : Operation 61 [1/1] (0.00ns)   --->   "%empty = call i32 (...)* @_ssdm_op_SpecLoopTripCount(i64 3, i64 3, i64 3) nounwind"
ST_6 : Operation 62 [1/1] (0.00ns)   --->   "call void (...)* @_ssdm_op_SpecLoopName([9 x i8]* @p_str7) nounwind" [SobelMatrixMultiplier/SobelMatrixMultiplier.cpp:80]
ST_6 : Operation 63 [1/1] (0.00ns)   --->   "%tmp_1 = call i32 (...)* @_ssdm_op_SpecRegionBegin([9 x i8]* @p_str7) nounwind" [SobelMatrixMultiplier/SobelMatrixMultiplier.cpp:80]
ST_6 : Operation 64 [1/1] (0.00ns)   --->   "call void (...)* @_ssdm_op_SpecPipeline(i32 1, i32 1, i32 1, i32 0, [1 x i8]* @p_str5) nounwind" [SobelMatrixMultiplier/SobelMatrixMultiplier.cpp:81]
ST_6 : Operation 65 [1/1] (0.00ns) (grouped into TernaryAdder)   --->   "%tmp_10 = add nsw i32 %tmp_4_2, %tmp_4" [SobelMatrixMultiplier/SobelMatrixMultiplier.cpp:85]   --->   Core 80 'TAddSub' <Latency = 0> <II = 1> <Delay = 2.18> <IPBlock> <Opcode : 'add' 'sub'> <InPorts = 3> <OutPorts = 1> <Sync> <CReg>
ST_6 : Operation 66 [1/1] (4.37ns) (root node of TernaryAdder)   --->   "%verticalResult_2_2 = add nsw i32 %verticalResult_assig, %tmp_10" [SobelMatrixMultiplier/SobelMatrixMultiplier.cpp:85]   --->   Core 80 'TAddSub' <Latency = 0> <II = 1> <Delay = 2.18> <IPBlock> <Opcode : 'add' 'sub'> <InPorts = 3> <OutPorts = 1> <Sync> <CReg>
ST_6 : Operation 67 [1/1] (2.55ns)   --->   "%tmp = add i32 %tmp_6_1, %tmp_6_2" [SobelMatrixMultiplier/SobelMatrixMultiplier.cpp:86]   --->   Core 14 'AddSub' <Latency = 0> <II = 1> <Delay = 2.22> <FuncUnit> <Opcode : 'add' 'sub'> <InPorts = 2> <OutPorts = 1>
ST_6 : Operation 68 [1/1] (0.00ns) (grouped into TernaryAdder)   --->   "%tmp_11 = add nsw i32 %tmp, %tmp_6" [SobelMatrixMultiplier/SobelMatrixMultiplier.cpp:86]   --->   Core 80 'TAddSub' <Latency = 0> <II = 1> <Delay = 2.18> <IPBlock> <Opcode : 'add' 'sub'> <InPorts = 3> <OutPorts = 1> <Sync> <CReg>
ST_6 : Operation 69 [1/1] (4.37ns) (root node of TernaryAdder)   --->   "%horizontalResult_2_2 = add nsw i32 %horizontalResult_ass, %tmp_11" [SobelMatrixMultiplier/SobelMatrixMultiplier.cpp:86]   --->   Core 80 'TAddSub' <Latency = 0> <II = 1> <Delay = 2.18> <IPBlock> <Opcode : 'add' 'sub'> <InPorts = 3> <OutPorts = 1> <Sync> <CReg>
ST_6 : Operation 70 [1/1] (0.00ns)   --->   "%empty_8 = call i32 (...)* @_ssdm_op_SpecRegionEnd([9 x i8]* @p_str7, i32 %tmp_1) nounwind" [SobelMatrixMultiplier/SobelMatrixMultiplier.cpp:88]
ST_6 : Operation 71 [1/1] (0.00ns)   --->   "br label %1" [SobelMatrixMultiplier/SobelMatrixMultiplier.cpp:80]

 <State 7> : 8.51ns
ST_7 : Operation 72 [1/1] (8.51ns)   --->   "%result = mul i32 %verticalResult_assig, %verticalResult_assig" [SobelMatrixMultiplier/SobelMatrixMultiplier.cpp:47->SobelMatrixMultiplier/SobelMatrixMultiplier.cpp:56->SobelMatrixMultiplier/SobelMatrixMultiplier.cpp:89]   --->   Core 16 'Mul' <Latency = 0> <II = 1> <Delay = 8.51> <FuncUnit> <Opcode : 'mul'> <InPorts = 2> <OutPorts = 1>
ST_7 : Operation 73 [1/1] (8.51ns)   --->   "%result_1 = mul i32 %horizontalResult_ass, %horizontalResult_ass" [SobelMatrixMultiplier/SobelMatrixMultiplier.cpp:47->SobelMatrixMultiplier/SobelMatrixMultiplier.cpp:57->SobelMatrixMultiplier/SobelMatrixMultiplier.cpp:89]   --->   Core 16 'Mul' <Latency = 0> <II = 1> <Delay = 8.51> <FuncUnit> <Opcode : 'mul'> <InPorts = 2> <OutPorts = 1>

 <State 8> : 6.55ns
ST_8 : Operation 74 [1/1] (0.00ns) (grouped into LUT with out node input_V)   --->   "%p_Val2_2 = shl i32 %result, 8" [SobelMatrixMultiplier/SobelMatrixMultiplier.cpp:56->SobelMatrixMultiplier/SobelMatrixMultiplier.cpp:89]
ST_8 : Operation 75 [1/1] (0.00ns) (grouped into LUT with out node input_V)   --->   "%p_Val2_3 = shl i32 %result_1, 8" [SobelMatrixMultiplier/SobelMatrixMultiplier.cpp:57->SobelMatrixMultiplier/SobelMatrixMultiplier.cpp:89]
ST_8 : Operation 76 [1/1] (2.55ns) (out node of the LUT)   --->   "%input_V = add i32 %p_Val2_3, %p_Val2_2" [SobelMatrixMultiplier/SobelMatrixMultiplier.cpp:58->SobelMatrixMultiplier/SobelMatrixMultiplier.cpp:89]   --->   Core 14 'AddSub' <Latency = 0> <II = 1> <Delay = 2.22> <FuncUnit> <Opcode : 'add' 'sub'> <InPorts = 2> <OutPorts = 1>
ST_8 : Operation 77 [1/1] (0.00ns)   --->   "%tmp_14 = call i21 @_ssdm_op_PartSelect.i21.i32.i32.i32(i32 %input_V, i32 11, i32 31)" [SobelMatrixMultiplier/fxp_sqrt.h:158->SobelMatrixMultiplier/SobelMatrixMultiplier.cpp:60->SobelMatrixMultiplier/SobelMatrixMultiplier.cpp:89]
ST_8 : Operation 78 [1/1] (0.00ns)   --->   "%tmp_9_i_i_cast = zext i21 %tmp_14 to i22" [SobelMatrixMultiplier/fxp_sqrt.h:158->SobelMatrixMultiplier/SobelMatrixMultiplier.cpp:60->SobelMatrixMultiplier/SobelMatrixMultiplier.cpp:89]
ST_8 : Operation 79 [1/1] (2.22ns)   --->   "%tmp_i_i = add i22 1, %tmp_9_i_i_cast" [SobelMatrixMultiplier/fxp_sqrt.h:158->SobelMatrixMultiplier/SobelMatrixMultiplier.cpp:60->SobelMatrixMultiplier/SobelMatrixMultiplier.cpp:89]   --->   Core 14 'AddSub' <Latency = 0> <II = 1> <Delay = 2.22> <FuncUnit> <Opcode : 'add' 'sub'> <InPorts = 2> <OutPorts = 1>
ST_8 : Operation 80 [1/1] (0.00ns)   --->   "%val_assign = call i21 @_ssdm_op_PartSelect.i21.i22.i32.i32(i22 %tmp_i_i, i32 1, i32 21)" [SobelMatrixMultiplier/fxp_sqrt.h:158->SobelMatrixMultiplier/SobelMatrixMultiplier.cpp:60->SobelMatrixMultiplier/SobelMatrixMultiplier.cpp:89]
ST_8 : Operation 81 [1/1] (0.00ns)   --->   "%s_V = zext i21 %val_assign to i23" [SobelMatrixMultiplier/fxp_sqrt.h:158->SobelMatrixMultiplier/SobelMatrixMultiplier.cpp:60->SobelMatrixMultiplier/SobelMatrixMultiplier.cpp:89]
ST_8 : Operation 82 [1/1] (1.76ns)   --->   "br label %4" [SobelMatrixMultiplier/fxp_sqrt.h:161->SobelMatrixMultiplier/SobelMatrixMultiplier.cpp:60->SobelMatrixMultiplier/SobelMatrixMultiplier.cpp:89]

 <State 9> : 7.57ns
ST_9 : Operation 83 [1/1] (0.00ns)   --->   "%p_i_i = phi i21 [ 0, %3 ], [ %q_V_1, %_ifconv.i ]"
ST_9 : Operation 84 [1/1] (0.00ns)   --->   "%p_1_i_i = phi i21 [ 0, %3 ], [ %q_star_V, %_ifconv.i ]"
ST_9 : Operation 85 [1/1] (0.00ns)   --->   "%p_2_i_i = phi i23 [ %s_V, %3 ], [ %p_0353_1_i_i, %_ifconv.i ]"
ST_9 : Operation 86 [1/1] (0.00ns)   --->   "%i_i_i = phi i5 [ 0, %3 ], [ %i_2, %_ifconv.i ]"
ST_9 : Operation 87 [1/1] (1.36ns)   --->   "%exitcond_i_i = icmp eq i5 %i_i_i, -10" [SobelMatrixMultiplier/fxp_sqrt.h:161->SobelMatrixMultiplier/SobelMatrixMultiplier.cpp:60->SobelMatrixMultiplier/SobelMatrixMultiplier.cpp:89]   --->   Core 25 'Cmp' <Latency = 0> <II = 1> <Delay = 2.44> <FuncUnit> <Opcode : 'icmp'> <InPorts = 2> <OutPorts = 1>
ST_9 : Operation 88 [1/1] (0.00ns)   --->   "%empty_9 = call i32 (...)* @_ssdm_op_SpecLoopTripCount(i64 22, i64 22, i64 22) nounwind"
ST_9 : Operation 89 [1/1] (1.78ns)   --->   "%i_2 = add i5 %i_i_i, 1" [SobelMatrixMultiplier/fxp_sqrt.h:161->SobelMatrixMultiplier/SobelMatrixMultiplier.cpp:60->SobelMatrixMultiplier/SobelMatrixMultiplier.cpp:89]   --->   Core 14 'AddSub' <Latency = 0> <II = 1> <Delay = 2.22> <FuncUnit> <Opcode : 'add' 'sub'> <InPorts = 2> <OutPorts = 1>
ST_9 : Operation 90 [1/1] (0.00ns)   --->   "br i1 %exitcond_i_i, label %combineOperatorResults.exit, label %_ifconv.i" [SobelMatrixMultiplier/fxp_sqrt.h:161->SobelMatrixMultiplier/SobelMatrixMultiplier.cpp:60->SobelMatrixMultiplier/SobelMatrixMultiplier.cpp:89]
ST_9 : Operation 91 [1/1] (0.00ns)   --->   "%tmp_16 = call i1 @_ssdm_op_BitSelect.i1.i23.i32(i23 %p_2_i_i, i32 22)" [SobelMatrixMultiplier/fxp_sqrt.h:162->SobelMatrixMultiplier/SobelMatrixMultiplier.cpp:60->SobelMatrixMultiplier/SobelMatrixMultiplier.cpp:89]
ST_9 : Operation 92 [1/1] (0.00ns)   --->   "%tmp_17 = shl i23 %p_2_i_i, 1" [SobelMatrixMultiplier/fxp_sqrt.h:163->SobelMatrixMultiplier/SobelMatrixMultiplier.cpp:60->SobelMatrixMultiplier/SobelMatrixMultiplier.cpp:89]
ST_9 : Operation 93 [1/1] (0.00ns) (grouped into LUT with out node s_V_1)   --->   "%r_V = call i23 @_ssdm_op_BitConcatenate.i23.i21.i2(i21 %p_i_i, i2 0)" [SobelMatrixMultiplier/fxp_sqrt.h:163->SobelMatrixMultiplier/SobelMatrixMultiplier.cpp:60->SobelMatrixMultiplier/SobelMatrixMultiplier.cpp:89]
ST_9 : Operation 94 [1/1] (0.00ns) (grouped into LUT with out node s_V_1)   --->   "%lhs_V = sext i23 %r_V to i32" [SobelMatrixMultiplier/fxp_sqrt.h:163->SobelMatrixMultiplier/SobelMatrixMultiplier.cpp:60->SobelMatrixMultiplier/SobelMatrixMultiplier.cpp:89]
ST_9 : Operation 95 [1/1] (0.00ns) (grouped into LUT with out node s_V_1)   --->   "%r_V_1 = or i32 %lhs_V, 1" [SobelMatrixMultiplier/fxp_sqrt.h:163->SobelMatrixMultiplier/SobelMatrixMultiplier.cpp:60->SobelMatrixMultiplier/SobelMatrixMultiplier.cpp:89]
ST_9 : Operation 96 [1/1] (1.78ns)   --->   "%op2_assign = sub i5 -11, %i_i_i" [SobelMatrixMultiplier/fxp_sqrt.h:163->SobelMatrixMultiplier/SobelMatrixMultiplier.cpp:60->SobelMatrixMultiplier/SobelMatrixMultiplier.cpp:89]   --->   Core 14 'AddSub' <Latency = 0> <II = 1> <Delay = 2.22> <FuncUnit> <Opcode : 'add' 'sub'> <InPorts = 2> <OutPorts = 1>
ST_9 : Operation 97 [1/1] (0.00ns)   --->   "%op2_assign_i_cast = zext i5 %op2_assign to i32" [SobelMatrixMultiplier/fxp_sqrt.h:163->SobelMatrixMultiplier/SobelMatrixMultiplier.cpp:60->SobelMatrixMultiplier/SobelMatrixMultiplier.cpp:89]
ST_9 : Operation 98 [1/1] (0.00ns) (grouped into LUT with out node s_V_1)   --->   "%tmp_5_i_i = shl i32 %r_V_1, %op2_assign_i_cast" [SobelMatrixMultiplier/fxp_sqrt.h:163->SobelMatrixMultiplier/SobelMatrixMultiplier.cpp:60->SobelMatrixMultiplier/SobelMatrixMultiplier.cpp:89]   --->   Core 28 'Shift' <Latency = 0> <II = 1> <Delay = 4.17> <FuncUnit> <Opcode : 'shl' 'lshr' 'ashr'> <InPorts = 2> <OutPorts = 1>
ST_9 : Operation 99 [1/1] (0.00ns) (grouped into LUT with out node s_V_1)   --->   "%tmp_18 = trunc i32 %tmp_5_i_i to i23" [SobelMatrixMultiplier/fxp_sqrt.h:163->SobelMatrixMultiplier/SobelMatrixMultiplier.cpp:60->SobelMatrixMultiplier/SobelMatrixMultiplier.cpp:89]
ST_9 : Operation 100 [1/1] (4.42ns) (out node of the LUT)   --->   "%s_V_1 = sub i23 %tmp_17, %tmp_18" [SobelMatrixMultiplier/fxp_sqrt.h:163->SobelMatrixMultiplier/SobelMatrixMultiplier.cpp:60->SobelMatrixMultiplier/SobelMatrixMultiplier.cpp:89]   --->   Core 14 'AddSub' <Latency = 0> <II = 1> <Delay = 2.22> <FuncUnit> <Opcode : 'add' 'sub'> <InPorts = 2> <OutPorts = 1>
ST_9 : Operation 101 [1/1] (0.00ns) (grouped into LUT with out node s_V_2)   --->   "%r_V_2 = call i23 @_ssdm_op_BitConcatenate.i23.i21.i2(i21 %p_1_i_i, i2 0)" [SobelMatrixMultiplier/fxp_sqrt.h:167->SobelMatrixMultiplier/SobelMatrixMultiplier.cpp:60->SobelMatrixMultiplier/SobelMatrixMultiplier.cpp:89]
ST_9 : Operation 102 [1/1] (0.00ns) (grouped into LUT with out node s_V_2)   --->   "%r_V_3 = or i23 %r_V_2, 3" [SobelMatrixMultiplier/fxp_sqrt.h:167->SobelMatrixMultiplier/SobelMatrixMultiplier.cpp:60->SobelMatrixMultiplier/SobelMatrixMultiplier.cpp:89]
ST_9 : Operation 103 [1/1] (0.00ns) (grouped into LUT with out node s_V_2)   --->   "%r_V_4_i_cast = sext i23 %r_V_3 to i32" [SobelMatrixMultiplier/fxp_sqrt.h:167->SobelMatrixMultiplier/SobelMatrixMultiplier.cpp:60->SobelMatrixMultiplier/SobelMatrixMultiplier.cpp:89]
ST_9 : Operation 104 [1/1] (0.00ns) (grouped into LUT with out node s_V_2)   --->   "%tmp_6_i_i = shl i32 %r_V_4_i_cast, %op2_assign_i_cast" [SobelMatrixMultiplier/fxp_sqrt.h:167->SobelMatrixMultiplier/SobelMatrixMultiplier.cpp:60->SobelMatrixMultiplier/SobelMatrixMultiplier.cpp:89]   --->   Core 28 'Shift' <Latency = 0> <II = 1> <Delay = 4.17> <FuncUnit> <Opcode : 'shl' 'lshr' 'ashr'> <InPorts = 2> <OutPorts = 1>
ST_9 : Operation 105 [1/1] (0.00ns) (grouped into LUT with out node s_V_2)   --->   "%tmp_19 = trunc i32 %tmp_6_i_i to i23" [SobelMatrixMultiplier/fxp_sqrt.h:167->SobelMatrixMultiplier/SobelMatrixMultiplier.cpp:60->SobelMatrixMultiplier/SobelMatrixMultiplier.cpp:89]
ST_9 : Operation 106 [1/1] (4.17ns) (out node of the LUT)   --->   "%s_V_2 = add i23 %tmp_19, %tmp_17" [SobelMatrixMultiplier/fxp_sqrt.h:167->SobelMatrixMultiplier/SobelMatrixMultiplier.cpp:60->SobelMatrixMultiplier/SobelMatrixMultiplier.cpp:89]   --->   Core 14 'AddSub' <Latency = 0> <II = 1> <Delay = 2.22> <FuncUnit> <Opcode : 'add' 'sub'> <InPorts = 2> <OutPorts = 1>
ST_9 : Operation 107 [1/1] (1.37ns)   --->   "%p_0353_1_i_i = select i1 %tmp_16, i23 %s_V_2, i23 %s_V_1" [SobelMatrixMultiplier/fxp_sqrt.h:162->SobelMatrixMultiplier/SobelMatrixMultiplier.cpp:60->SobelMatrixMultiplier/SobelMatrixMultiplier.cpp:89]   --->   Core 26 'Sel' <Latency = 0> <II = 1> <Delay = 1.37> <FuncUnit> <Opcode : 'select'> <InPorts = 3> <OutPorts = 1>
ST_9 : Operation 108 [1/1] (0.00ns)   --->   "%tmp_20 = trunc i21 %p_1_i_i to i20" [SobelMatrixMultiplier/fxp_sqrt.h:164->SobelMatrixMultiplier/SobelMatrixMultiplier.cpp:60->SobelMatrixMultiplier/SobelMatrixMultiplier.cpp:89]
ST_9 : Operation 109 [1/1] (0.00ns)   --->   "%tmp_21 = trunc i21 %p_i_i to i20" [SobelMatrixMultiplier/fxp_sqrt.h:165->SobelMatrixMultiplier/SobelMatrixMultiplier.cpp:60->SobelMatrixMultiplier/SobelMatrixMultiplier.cpp:89]
ST_9 : Operation 110 [1/1] (1.37ns)   --->   "%tmp_22 = select i1 %tmp_16, i20 %tmp_20, i20 %tmp_21" [SobelMatrixMultiplier/fxp_sqrt.h:162->SobelMatrixMultiplier/SobelMatrixMultiplier.cpp:60->SobelMatrixMultiplier/SobelMatrixMultiplier.cpp:89]   --->   Core 26 'Sel' <Latency = 0> <II = 1> <Delay = 1.37> <FuncUnit> <Opcode : 'select'> <InPorts = 3> <OutPorts = 1>
ST_9 : Operation 111 [1/1] (0.00ns)   --->   "%q_star_V = call i21 @_ssdm_op_BitConcatenate.i21.i20.i1(i20 %tmp_22, i1 false)" [SobelMatrixMultiplier/fxp_sqrt.h:164->SobelMatrixMultiplier/SobelMatrixMultiplier.cpp:60->SobelMatrixMultiplier/SobelMatrixMultiplier.cpp:89]
ST_9 : Operation 112 [1/1] (0.00ns)   --->   "%q_V_1 = or i21 %q_star_V, 1" [SobelMatrixMultiplier/fxp_sqrt.h:165->SobelMatrixMultiplier/SobelMatrixMultiplier.cpp:60->SobelMatrixMultiplier/SobelMatrixMultiplier.cpp:89]
ST_9 : Operation 113 [1/1] (0.00ns)   --->   "br label %4" [SobelMatrixMultiplier/fxp_sqrt.h:161->SobelMatrixMultiplier/SobelMatrixMultiplier.cpp:60->SobelMatrixMultiplier/SobelMatrixMultiplier.cpp:89]
ST_9 : Operation 114 [1/1] (2.44ns)   --->   "%tmp_1_i_i = icmp sgt i23 %p_2_i_i, 0" [SobelMatrixMultiplier/fxp_sqrt.h:173->SobelMatrixMultiplier/SobelMatrixMultiplier.cpp:60->SobelMatrixMultiplier/SobelMatrixMultiplier.cpp:89]   --->   Core 25 'Cmp' <Latency = 0> <II = 1> <Delay = 2.44> <FuncUnit> <Opcode : 'icmp'> <InPorts = 2> <OutPorts = 1>
ST_9 : Operation 115 [1/1] (2.22ns)   --->   "%q_V = add i21 %p_i_i, 1" [SobelMatrixMultiplier/fxp_sqrt.h:174->SobelMatrixMultiplier/SobelMatrixMultiplier.cpp:60->SobelMatrixMultiplier/SobelMatrixMultiplier.cpp:89]   --->   Core 14 'AddSub' <Latency = 0> <II = 1> <Delay = 2.22> <FuncUnit> <Opcode : 'add' 'sub'> <InPorts = 2> <OutPorts = 1>
ST_9 : Operation 116 [1/1] (0.00ns)   --->   "%tmp_12 = call i12 @_ssdm_op_PartSelect.i12.i21.i32.i32(i21 %q_V, i32 9, i32 20) nounwind" [SobelMatrixMultiplier/SobelMatrixMultiplier.cpp:61->SobelMatrixMultiplier/SobelMatrixMultiplier.cpp:89]
ST_9 : Operation 117 [1/1] (0.00ns)   --->   "%tmp_13 = call i12 @_ssdm_op_PartSelect.i12.i21.i32.i32(i21 %p_i_i, i32 9, i32 20) nounwind" [SobelMatrixMultiplier/SobelMatrixMultiplier.cpp:61->SobelMatrixMultiplier/SobelMatrixMultiplier.cpp:89]
ST_9 : Operation 118 [1/1] (1.37ns)   --->   "%p_v_i = select i1 %tmp_1_i_i, i12 %tmp_12, i12 %tmp_13" [SobelMatrixMultiplier/fxp_sqrt.h:173->SobelMatrixMultiplier/SobelMatrixMultiplier.cpp:60->SobelMatrixMultiplier/SobelMatrixMultiplier.cpp:89]   --->   Core 26 'Sel' <Latency = 0> <II = 1> <Delay = 1.37> <FuncUnit> <Opcode : 'select'> <InPorts = 3> <OutPorts = 1>
ST_9 : Operation 119 [1/1] (0.00ns)   --->   "%tmp_i = zext i12 %p_v_i to i32" [SobelMatrixMultiplier/SobelMatrixMultiplier.cpp:61->SobelMatrixMultiplier/SobelMatrixMultiplier.cpp:89]
ST_9 : Operation 120 [1/1] (0.00ns)   --->   "ret i32 %tmp_i" [SobelMatrixMultiplier/SobelMatrixMultiplier.cpp:89]


============================================================
+ Verbose Summary: Timing violations
============================================================
Target clock period: 10ns, clock uncertainty: 1.25ns.

 <State 1>: 1.77ns
The critical path consists of the following:
	multiplexor before 'phi' operation ('i') with incoming values : ('i', SobelMatrixMultiplier/SobelMatrixMultiplier.cpp:80) [20]  (1.77 ns)

 <State 2>: 2.32ns
The critical path consists of the following:
	'load' operation ('array_0_load') on array 'array_0' [31]  (2.32 ns)

 <State 3>: 4.1ns
The critical path consists of the following:
	'load' operation ('array_0_load') on array 'array_0' [31]  (2.32 ns)
	'mux' operation ('tmp_2', SobelMatrixMultiplier/SobelMatrixMultiplier.cpp:80) [34]  (1.77 ns)

 <State 4>: 8.51ns
The critical path consists of the following:
	'mul' operation ('tmp_4', SobelMatrixMultiplier/SobelMatrixMultiplier.cpp:85) [36]  (8.51 ns)

 <State 5>: 8.51ns
The critical path consists of the following:
	'mul' operation ('tmp_4_2', SobelMatrixMultiplier/SobelMatrixMultiplier.cpp:85) [50]  (8.51 ns)

 <State 6>: 6.92ns
The critical path consists of the following:
	'add' operation ('tmp', SobelMatrixMultiplier/SobelMatrixMultiplier.cpp:86) [54]  (2.55 ns)
	'add' operation ('tmp_11', SobelMatrixMultiplier/SobelMatrixMultiplier.cpp:86) [55]  (0 ns)
	'add' operation ('horizontalResult_2_2', SobelMatrixMultiplier/SobelMatrixMultiplier.cpp:86) [56]  (4.37 ns)

 <State 7>: 8.51ns
The critical path consists of the following:
	'mul' operation ('result', SobelMatrixMultiplier/SobelMatrixMultiplier.cpp:47->SobelMatrixMultiplier/SobelMatrixMultiplier.cpp:56->SobelMatrixMultiplier/SobelMatrixMultiplier.cpp:89) [60]  (8.51 ns)

 <State 8>: 6.55ns
The critical path consists of the following:
	'shl' operation ('__Val2__', SobelMatrixMultiplier/SobelMatrixMultiplier.cpp:56->SobelMatrixMultiplier/SobelMatrixMultiplier.cpp:89) [61]  (0 ns)
	'add' operation ('input.V', SobelMatrixMultiplier/SobelMatrixMultiplier.cpp:58->SobelMatrixMultiplier/SobelMatrixMultiplier.cpp:89) [64]  (2.55 ns)
	'add' operation ('tmp_i_i', SobelMatrixMultiplier/fxp_sqrt.h:158->SobelMatrixMultiplier/SobelMatrixMultiplier.cpp:60->SobelMatrixMultiplier/SobelMatrixMultiplier.cpp:89) [67]  (2.23 ns)
	multiplexor before 'phi' operation ('q.V') with incoming values : ('q.V', SobelMatrixMultiplier/fxp_sqrt.h:165->SobelMatrixMultiplier/SobelMatrixMultiplier.cpp:60->SobelMatrixMultiplier/SobelMatrixMultiplier.cpp:89) [72]  (1.77 ns)

 <State 9>: 7.57ns
The critical path consists of the following:
	'phi' operation ('i') with incoming values : ('i', SobelMatrixMultiplier/fxp_sqrt.h:161->SobelMatrixMultiplier/SobelMatrixMultiplier.cpp:60->SobelMatrixMultiplier/SobelMatrixMultiplier.cpp:89) [75]  (0 ns)
	'sub' operation ('op2', SobelMatrixMultiplier/fxp_sqrt.h:163->SobelMatrixMultiplier/SobelMatrixMultiplier.cpp:60->SobelMatrixMultiplier/SobelMatrixMultiplier.cpp:89) [86]  (1.78 ns)
	'shl' operation ('tmp_5_i_i', SobelMatrixMultiplier/fxp_sqrt.h:163->SobelMatrixMultiplier/SobelMatrixMultiplier.cpp:60->SobelMatrixMultiplier/SobelMatrixMultiplier.cpp:89) [88]  (0 ns)
	'sub' operation ('s.V', SobelMatrixMultiplier/fxp_sqrt.h:163->SobelMatrixMultiplier/SobelMatrixMultiplier.cpp:60->SobelMatrixMultiplier/SobelMatrixMultiplier.cpp:89) [90]  (4.42 ns)
	'select' operation ('p_0353_1_i_i', SobelMatrixMultiplier/fxp_sqrt.h:162->SobelMatrixMultiplier/SobelMatrixMultiplier.cpp:60->SobelMatrixMultiplier/SobelMatrixMultiplier.cpp:89) [97]  (1.37 ns)


============================================================
+ Verbose Summary: Binding
============================================================
N/A
* FSMD analyzer results:
  - Output states:
 - Input state : 
  - Chain level:
	State 1
	State 2
	State 3
	State 4
	State 5
	State 6
	State 7
	State 8
	State 9


============================================================
+ Verbose Summary: Datapath Resource usage 
============================================================
N/A
